        -:    0:Source:/Users/maxbazarov/Documents/Software_testing/ctest/tests/googletest/googletest/src/gtest.cc
        -:    0:Graph:/Users/maxbazarov/Documents/Software_testing/ctest/cmake-build-default/tests/googletest/googletest/CMakeFiles/gtest.dir/src/gtest-all.cc.gcno
        -:    0:Data:/Users/maxbazarov/Documents/Software_testing/ctest/cmake-build-default/tests/googletest/googletest/CMakeFiles/gtest.dir/src/gtest-all.cc.gcda
        -:    0:Runs:1
        -:    0:Programs:1
        -:    1:// Copyright 2005, Google Inc.
        -:    2:// All rights reserved.
        -:    3://
        -:    4:// Redistribution and use in source and binary forms, with or without
        -:    5:// modification, are permitted provided that the following conditions are
        -:    6:// met:
        -:    7://
        -:    8://     * Redistributions of source code must retain the above copyright
        -:    9:// notice, this list of conditions and the following disclaimer.
        -:   10://     * Redistributions in binary form must reproduce the above
        -:   11:// copyright notice, this list of conditions and the following disclaimer
        -:   12:// in the documentation and/or other materials provided with the
        -:   13:// distribution.
        -:   14://     * Neither the name of Google Inc. nor the names of its
        -:   15:// contributors may be used to endorse or promote products derived from
        -:   16:// this software without specific prior written permission.
        -:   17://
        -:   18:// THIS SOFTWARE IS PROVIDED BY THE COPYRIGHT HOLDERS AND CONTRIBUTORS
        -:   19:// "AS IS" AND ANY EXPRESS OR IMPLIED WARRANTIES, INCLUDING, BUT NOT
        -:   20:// LIMITED TO, THE IMPLIED WARRANTIES OF MERCHANTABILITY AND FITNESS FOR
        -:   21:// A PARTICULAR PURPOSE ARE DISCLAIMED. IN NO EVENT SHALL THE COPYRIGHT
        -:   22:// OWNER OR CONTRIBUTORS BE LIABLE FOR ANY DIRECT, INDIRECT, INCIDENTAL,
        -:   23:// SPECIAL, EXEMPLARY, OR CONSEQUENTIAL DAMAGES (INCLUDING, BUT NOT
        -:   24:// LIMITED TO, PROCUREMENT OF SUBSTITUTE GOODS OR SERVICES; LOSS OF USE,
        -:   25:// DATA, OR PROFITS; OR BUSINESS INTERRUPTION) HOWEVER CAUSED AND ON ANY
        -:   26:// THEORY OF LIABILITY, WHETHER IN CONTRACT, STRICT LIABILITY, OR TORT
        -:   27:// (INCLUDING NEGLIGENCE OR OTHERWISE) ARISING IN ANY WAY OUT OF THE USE
        -:   28:// OF THIS SOFTWARE, EVEN IF ADVISED OF THE POSSIBILITY OF SUCH DAMAGE.
        -:   29:
        -:   30://
        -:   31:// The Google C++ Testing and Mocking Framework (Google Test)
        -:   32:
        -:   33:#include "gtest/gtest.h"
        -:   34:
        -:   35:#include <ctype.h>
        -:   36:#include <stdarg.h>
        -:   37:#include <stdio.h>
        -:   38:#include <stdlib.h>
        -:   39:#include <time.h>
        -:   40:#include <wchar.h>
        -:   41:#include <wctype.h>
        -:   42:
        -:   43:#include <algorithm>
        -:   44:#include <chrono>  // NOLINT
        -:   45:#include <cmath>
        -:   46:#include <cstdint>
        -:   47:#include <iomanip>
        -:   48:#include <iterator>
        -:   49:#include <limits>
        -:   50:#include <list>
        -:   51:#include <map>
        -:   52:#include <ostream>  // NOLINT
        -:   53:#include <sstream>
        -:   54:#include <unordered_set>
        -:   55:#include <vector>
        -:   56:
        -:   57:#include "gtest/gtest-assertion-result.h"
        -:   58:#include "gtest/gtest-spi.h"
        -:   59:#include "gtest/internal/custom/gtest.h"
        -:   60:
        -:   61:#if GTEST_OS_LINUX
        -:   62:
        -:   63:# include <fcntl.h>  // NOLINT
        -:   64:# include <limits.h>  // NOLINT
        -:   65:# include <sched.h>  // NOLINT
        -:   66:// Declares vsnprintf().  This header is not available on Windows.
        -:   67:# include <strings.h>  // NOLINT
        -:   68:# include <sys/mman.h>  // NOLINT
        -:   69:# include <sys/time.h>  // NOLINT
        -:   70:# include <unistd.h>  // NOLINT
        -:   71:# include <string>
        -:   72:
        -:   73:#elif GTEST_OS_ZOS
        -:   74:# include <sys/time.h>  // NOLINT
        -:   75:
        -:   76:// On z/OS we additionally need strings.h for strcasecmp.
        -:   77:# include <strings.h>  // NOLINT
        -:   78:
        -:   79:#elif GTEST_OS_WINDOWS_MOBILE  // We are on Windows CE.
        -:   80:
        -:   81:# include <windows.h>  // NOLINT
        -:   82:# undef min
        -:   83:
        -:   84:#elif GTEST_OS_WINDOWS  // We are on Windows proper.
        -:   85:
        -:   86:# include <windows.h>  // NOLINT
        -:   87:# undef min
        -:   88:
        -:   89:#ifdef _MSC_VER
        -:   90:# include <crtdbg.h>  // NOLINT
        -:   91:#endif
        -:   92:
        -:   93:# include <io.h>  // NOLINT
        -:   94:# include <sys/timeb.h>  // NOLINT
        -:   95:# include <sys/types.h>  // NOLINT
        -:   96:# include <sys/stat.h>  // NOLINT
        -:   97:
        -:   98:# if GTEST_OS_WINDOWS_MINGW
        -:   99:#  include <sys/time.h>  // NOLINT
        -:  100:# endif  // GTEST_OS_WINDOWS_MINGW
        -:  101:
        -:  102:#else
        -:  103:
        -:  104:// cpplint thinks that the header is already included, so we want to
        -:  105:// silence it.
        -:  106:# include <sys/time.h>  // NOLINT
        -:  107:# include <unistd.h>  // NOLINT
        -:  108:
        -:  109:#endif  // GTEST_OS_LINUX
        -:  110:
        -:  111:#if GTEST_HAS_EXCEPTIONS
        -:  112:# include <stdexcept>
        -:  113:#endif
        -:  114:
        -:  115:#if GTEST_CAN_STREAM_RESULTS_
        -:  116:# include <arpa/inet.h>  // NOLINT
        -:  117:# include <netdb.h>  // NOLINT
        -:  118:# include <sys/socket.h>  // NOLINT
        -:  119:# include <sys/types.h>  // NOLINT
        -:  120:#endif
        -:  121:
        -:  122:#include "src/gtest-internal-inl.h"
        -:  123:
        -:  124:#if GTEST_OS_WINDOWS
        -:  125:# define vsnprintf _vsnprintf
        -:  126:#endif  // GTEST_OS_WINDOWS
        -:  127:
        -:  128:#if GTEST_OS_MAC
        -:  129:#ifndef GTEST_OS_IOS
        -:  130:#include <crt_externs.h>
        -:  131:#endif
        -:  132:#endif
        -:  133:
        -:  134:#if GTEST_HAS_ABSL
        -:  135:#include "absl/debugging/failure_signal_handler.h"
        -:  136:#include "absl/debugging/stacktrace.h"
        -:  137:#include "absl/debugging/symbolize.h"
        -:  138:#include "absl/strings/str_cat.h"
        -:  139:#endif  // GTEST_HAS_ABSL
        -:  140:
        -:  141:namespace testing {
        -:  142:
        -:  143:using internal::CountIf;
        -:  144:using internal::ForEach;
        -:  145:using internal::GetElementOr;
        -:  146:using internal::Shuffle;
        -:  147:
        -:  148:// Constants.
        -:  149:
        -:  150:// A test whose test suite name or test name matches this filter is
        -:  151:// disabled and not run.
        -:  152:static const char kDisableTestFilter[] = "DISABLED_*:*/DISABLED_*";
        -:  153:
        -:  154:// A test suite whose name matches this filter is considered a death
        -:  155:// test suite and will be run before test suites whose name doesn't
        -:  156:// match this filter.
        -:  157:static const char kDeathTestSuiteFilter[] = "*DeathTest:*DeathTest/*";
        -:  158:
        -:  159:// A test filter that matches everything.
        -:  160:static const char kUniversalFilter[] = "*";
        -:  161:
        -:  162:// The default output format.
        -:  163:static const char kDefaultOutputFormat[] = "xml";
        -:  164:// The default output file.
        -:  165:static const char kDefaultOutputFile[] = "test_detail";
        -:  166:
        -:  167:// The environment variable name for the test shard index.
        -:  168:static const char kTestShardIndex[] = "GTEST_SHARD_INDEX";
        -:  169:// The environment variable name for the total number of test shards.
        -:  170:static const char kTestTotalShards[] = "GTEST_TOTAL_SHARDS";
        -:  171:// The environment variable name for the test shard status file.
        -:  172:static const char kTestShardStatusFile[] = "GTEST_SHARD_STATUS_FILE";
        -:  173:
        -:  174:namespace internal {
        -:  175:
        -:  176:// The text used in failure messages to indicate the start of the
        -:  177:// stack trace.
        -:  178:const char kStackTraceMarker[] = "\nStack trace:\n";
        -:  179:
        -:  180:// g_help_flag is true if and only if the --help flag or an equivalent form
        -:  181:// is specified on the command line.
        -:  182:bool g_help_flag = false;
        -:  183:
        -:  184:// Utility function to Open File for Writing
function _ZN7testing8internalL18OpenFileForWritingERKNSt3__112basic_stringIcNS1_11char_traitsIcEENS1_9allocatorIcEEEE called 0 returned 0% blocks executed 0%
    #####:  185:static FILE* OpenFileForWriting(const std::string& output_file) {
    #####:  186:  FILE* fileout = nullptr;
    #####:  187:  FilePath output_file_path(output_file);
    #####:  188:  FilePath output_dir(output_file_path.RemoveFileName());
    $$$$$:  188-block  0
branch  0 never executed
branch  1 never executed
        -:  189:
    #####:  190:  if (output_dir.CreateDirectoriesRecursively()) {
    $$$$$:  190-block  0
    $$$$$:  190-block  1
    $$$$$:  190-block  2
    #####:  191:    fileout = posix::FOpen(output_file.c_str(), "w");
    $$$$$:  191-block  0
    #####:  192:  }
    $$$$$:  192-block  0
    #####:  193:  if (fileout == nullptr) {
    $$$$$:  193-block  0
    $$$$$:  193-block  1
    #####:  194:    GTEST_LOG_(FATAL) << "Unable to open file \"" << output_file << "\"";
    $$$$$:  194-block  0
    $$$$$:  194-block  1
    $$$$$:  194-block  2
    $$$$$:  194-block  3
    $$$$$:  194-block  4
    #####:  195:  }
    $$$$$:  195-block  0
    #####:  196:  return fileout;
    #####:  197:}
    $$$$$:  197-block  0
    $$$$$:  197-block  1
    $$$$$:  197-block  2
    $$$$$:  197-block  3
    $$$$$:  197-block  4
    $$$$$:  197-block  5
        -:  198:
        -:  199:}  // namespace internal
        -:  200:
        -:  201:// Bazel passes in the argument to '--test_filter' via the TESTBRIDGE_TEST_ONLY
        -:  202:// environment variable.
function _ZN7testingL16GetDefaultFilterEv called 1 returned 100% blocks executed 75%
        1:  203:static const char* GetDefaultFilter() {
        1:  204:  const char* const testbridge_test_only =
        1:  205:      internal::posix::GetEnv("TESTBRIDGE_TEST_ONLY");
        1:  206:  if (testbridge_test_only != nullptr) {
        1:  206-block  0
branch  0 taken 0
branch  1 taken 1
    #####:  207:    return testbridge_test_only;
    $$$$$:  207-block  0
        -:  208:  }
        1:  209:  return kUniversalFilter;
        1:  209-block  0
        1:  210:}
        1:  210-block  0
        -:  211:
        -:  212:// Bazel passes in the argument to '--test_runner_fail_fast' via the
        -:  213:// TESTBRIDGE_TEST_RUNNER_FAIL_FAST environment variable.
function _ZN7testingL18GetDefaultFailFastEv called 1 returned 100% blocks executed 75%
        1:  214:static bool GetDefaultFailFast() {
        1:  215:  const char* const testbridge_test_runner_fail_fast =
        1:  216:      internal::posix::GetEnv("TESTBRIDGE_TEST_RUNNER_FAIL_FAST");
        1:  217:  if (testbridge_test_runner_fail_fast != nullptr) {
        1:  217-block  0
branch  0 taken 0
branch  1 taken 1
    #####:  218:    return strcmp(testbridge_test_runner_fail_fast, "1") == 0;
    $$$$$:  218-block  0
        -:  219:  }
        1:  220:  return false;
        1:  220-block  0
        1:  221:}
        1:  221-block  0
        -:  222:
        -:  223:}  // namespace testing
        -:  224:
        -:  225:GTEST_DEFINE_bool_(
        -:  226:    fail_fast,
        -:  227:    testing::internal::BoolFromGTestEnv("fail_fast",
        -:  228:                                        testing::GetDefaultFailFast()),
        -:  229:    "True if and only if a test failure should stop further test execution.");
        -:  230:
        -:  231:GTEST_DEFINE_bool_(
        -:  232:    also_run_disabled_tests,
        -:  233:    testing::internal::BoolFromGTestEnv("also_run_disabled_tests", false),
        -:  234:    "Run disabled tests too, in addition to the tests normally being run.");
        -:  235:
        -:  236:GTEST_DEFINE_bool_(
        -:  237:    break_on_failure,
        -:  238:    testing::internal::BoolFromGTestEnv("break_on_failure", false),
        -:  239:    "True if and only if a failed assertion should be a debugger "
        -:  240:    "break-point.");
        -:  241:
        -:  242:GTEST_DEFINE_bool_(catch_exceptions,
        -:  243:                   testing::internal::BoolFromGTestEnv("catch_exceptions",
        -:  244:                                                       true),
        -:  245:                   "True if and only if " GTEST_NAME_
        -:  246:                   " should catch exceptions and treat them as test failures.");
        -:  247:
        -:  248:GTEST_DEFINE_string_(
        -:  249:    color, testing::internal::StringFromGTestEnv("color", "auto"),
        -:  250:    "Whether to use colors in the output.  Valid values: yes, no, "
        -:  251:    "and auto.  'auto' means to use colors if the output is "
        -:  252:    "being sent to a terminal and the TERM environment variable "
        -:  253:    "is set to a terminal type that supports colors.");
        -:  254:
        -:  255:GTEST_DEFINE_string_(
        -:  256:    filter,
        -:  257:    testing::internal::StringFromGTestEnv("filter",
        -:  258:                                          testing::GetDefaultFilter()),
        -:  259:    "A colon-separated list of glob (not regex) patterns "
        -:  260:    "for filtering the tests to run, optionally followed by a "
        -:  261:    "'-' and a : separated list of negative patterns (tests to "
        -:  262:    "exclude).  A test is run if it matches one of the positive "
        -:  263:    "patterns and does not match any of the negative patterns.");
        -:  264:
        -:  265:GTEST_DEFINE_bool_(
        -:  266:    install_failure_signal_handler,
        -:  267:    testing::internal::BoolFromGTestEnv("install_failure_signal_handler",
        -:  268:                                        false),
        -:  269:    "If true and supported on the current platform, " GTEST_NAME_
        -:  270:    " should "
        -:  271:    "install a signal handler that dumps debugging information when fatal "
        -:  272:    "signals are raised.");
        -:  273:
        -:  274:GTEST_DEFINE_bool_(list_tests, false,
        -:  275:                   "List all tests without running them.");
        -:  276:
        -:  277:// The net priority order after flag processing is thus:
        -:  278://   --gtest_output command line flag
        -:  279://   GTEST_OUTPUT environment variable
        -:  280://   XML_OUTPUT_FILE environment variable
        -:  281://   ''
        -:  282:GTEST_DEFINE_string_(
        -:  283:    output,
        -:  284:    testing::internal::StringFromGTestEnv(
        -:  285:        "output", testing::internal::OutputFlagAlsoCheckEnvVar().c_str()),
        -:  286:    "A format (defaults to \"xml\" but can be specified to be \"json\"), "
        -:  287:    "optionally followed by a colon and an output file name or directory. "
        -:  288:    "A directory is indicated by a trailing pathname separator. "
        -:  289:    "Examples: \"xml:filename.xml\", \"xml::directoryname/\". "
        -:  290:    "If a directory is specified, output files will be created "
        -:  291:    "within that directory, with file-names based on the test "
        -:  292:    "executable's name and, if necessary, made unique by adding "
        -:  293:    "digits.");
        -:  294:
        -:  295:GTEST_DEFINE_bool_(
        -:  296:    brief, testing::internal::BoolFromGTestEnv("brief", false),
        -:  297:    "True if only test failures should be displayed in text output.");
        -:  298:
        -:  299:GTEST_DEFINE_bool_(print_time,
        -:  300:                   testing::internal::BoolFromGTestEnv("print_time", true),
        -:  301:                   "True if and only if " GTEST_NAME_
        -:  302:                   " should display elapsed time in text output.");
        -:  303:
        -:  304:GTEST_DEFINE_bool_(print_utf8,
        -:  305:                   testing::internal::BoolFromGTestEnv("print_utf8", true),
        -:  306:                   "True if and only if " GTEST_NAME_
        -:  307:                   " prints UTF8 characters as text.");
        -:  308:
        -:  309:GTEST_DEFINE_int32_(
        -:  310:    random_seed, testing::internal::Int32FromGTestEnv("random_seed", 0),
        -:  311:    "Random number seed to use when shuffling test orders.  Must be in range "
        -:  312:    "[1, 99999], or 0 to use a seed based on the current time.");
        -:  313:
        -:  314:GTEST_DEFINE_int32_(
        -:  315:    repeat, testing::internal::Int32FromGTestEnv("repeat", 1),
        -:  316:    "How many times to repeat each test.  Specify a negative number "
        -:  317:    "for repeating forever.  Useful for shaking out flaky tests.");
        -:  318:
        -:  319:GTEST_DEFINE_bool_(
        -:  320:    recreate_environments_when_repeating,
        -:  321:    testing::internal::BoolFromGTestEnv("recreate_environments_when_repeating",
        -:  322:                                        false),
        -:  323:    "Controls whether global test environments are recreated for each repeat "
        -:  324:    "of the tests. If set to false the global test environments are only set "
        -:  325:    "up once, for the first iteration, and only torn down once, for the last. "
        -:  326:    "Useful for shaking out flaky tests with stable, expensive test "
        -:  327:    "environments. If --gtest_repeat is set to a negative number, meaning "
        -:  328:    "there is no last run, the environments will always be recreated to avoid "
        -:  329:    "leaks.");
        -:  330:
        -:  331:GTEST_DEFINE_bool_(show_internal_stack_frames, false,
        -:  332:                   "True if and only if " GTEST_NAME_
        -:  333:                   " should include internal stack frames when "
        -:  334:                   "printing test failure stack traces.");
        -:  335:
        -:  336:GTEST_DEFINE_bool_(shuffle,
        -:  337:                   testing::internal::BoolFromGTestEnv("shuffle", false),
        -:  338:                   "True if and only if " GTEST_NAME_
        -:  339:                   " should randomize tests' order on every run.");
        -:  340:
        -:  341:GTEST_DEFINE_int32_(
        -:  342:    stack_trace_depth,
        -:  343:    testing::internal::Int32FromGTestEnv("stack_trace_depth",
        -:  344:                                         testing::kMaxStackTraceDepth),
        -:  345:    "The maximum number of stack frames to print when an "
        -:  346:    "assertion fails.  The valid range is 0 through 100, inclusive.");
        -:  347:
        -:  348:GTEST_DEFINE_string_(
        -:  349:    stream_result_to,
        -:  350:    testing::internal::StringFromGTestEnv("stream_result_to", ""),
        -:  351:    "This flag specifies the host name and the port number on which to stream "
        -:  352:    "test results. Example: \"localhost:555\". The flag is effective only on "
        -:  353:    "Linux.");
        -:  354:
        -:  355:GTEST_DEFINE_bool_(
        -:  356:    throw_on_failure,
        -:  357:    testing::internal::BoolFromGTestEnv("throw_on_failure", false),
        -:  358:    "When this flag is specified, a failed assertion will throw an exception "
        -:  359:    "if exceptions are enabled or exit the program with a non-zero code "
        -:  360:    "otherwise. For use with an external test framework.");
        -:  361:
        -:  362:#if GTEST_USE_OWN_FLAGFILE_FLAG_
        -:  363:GTEST_DEFINE_string_(
        -:  364:    flagfile, testing::internal::StringFromGTestEnv("flagfile", ""),
        -:  365:    "This flag specifies the flagfile to read command-line flags from.");
        -:  366:#endif  // GTEST_USE_OWN_FLAGFILE_FLAG_
        -:  367:
        -:  368:namespace testing {
        -:  369:namespace internal {
        -:  370:
        -:  371:// Generates a random number from [0, range), using a Linear
        -:  372:// Congruential Generator (LCG).  Crashes if 'range' is 0 or greater
        -:  373:// than kMaxRange.
function _ZN7testing8internal6Random8GenerateEj called 0 returned 0% blocks executed 0%
    #####:  374:uint32_t Random::Generate(uint32_t range) {
        -:  375:  // These constants are the same as are used in glibc's rand(3).
        -:  376:  // Use wider types than necessary to prevent unsigned overflow diagnostics.
    #####:  377:  state_ = static_cast<uint32_t>(1103515245ULL*state_ + 12345U) % kMaxRange;
        -:  378:
    #####:  379:  GTEST_CHECK_(range > 0)
    $$$$$:  379-block  0
branch  0 never executed
branch  1 never executed
    $$$$$:  379-block  1
    $$$$$:  379-block  2
    $$$$$:  379-block  3
    $$$$$:  379-block  4
    $$$$$:  379-block  5
    $$$$$:  379-block  6
    #####:  380:      << "Cannot generate a number in the range [0, 0).";
    $$$$$:  380-block  0
    #####:  381:  GTEST_CHECK_(range <= kMaxRange)
    $$$$$:  381-block  0
branch  0 never executed
branch  1 never executed
    $$$$$:  381-block  1
    $$$$$:  381-block  2
    $$$$$:  381-block  3
    $$$$$:  381-block  4
    $$$$$:  381-block  5
    #####:  382:      << "Generation of a number in [0, " << range << ") was requested, "
    $$$$$:  382-block  0
    $$$$$:  382-block  1
    $$$$$:  382-block  2
    #####:  383:      << "but this can only generate numbers in [0, " << kMaxRange << ").";
    $$$$$:  383-block  0
    $$$$$:  383-block  1
    $$$$$:  383-block  2
        -:  384:
        -:  385:  // Converting via modulus introduces a bit of downward bias, but
        -:  386:  // it's simple, and a linear congruential generator isn't too good
        -:  387:  // to begin with.
    #####:  388:  return state_ % range;
    $$$$$:  388-block  0
    #####:  389:}
        -:  390:
        -:  391:// GTestIsInitialized() returns true if and only if the user has initialized
        -:  392:// Google Test.  Useful for catching the user mistake of not initializing
        -:  393:// Google Test before calling RUN_ALL_TESTS().
function _ZN7testing8internalL18GTestIsInitializedEv called 2 returned 100% blocks executed 100%
        2:  394:static bool GTestIsInitialized() { return GetArgvs().size() > 0; }
        2:  394-block  0
        -:  395:
        -:  396:// Iterates over a vector of TestSuites, keeping a running sum of the
        -:  397:// results of calling a given int-returning method on each.
        -:  398:// Returns the sum.
function _ZN7testing8internalL20SumOverTestSuiteListERKNSt3__16vectorIPNS_9TestSuiteENS1_9allocatorIS4_EEEEMS3_KFivE called 5 returned 100% blocks executed 87%
        5:  399:static int SumOverTestSuiteList(const std::vector<TestSuite*>& case_list,
        -:  400:                                int (TestSuite::*method)() const) {
        5:  401:  int sum = 0;
       25:  402:  for (size_t i = 0; i < case_list.size(); i++) {
        5:  402-block  0
       25:  402-block  1
branch  0 taken 20
branch  1 taken 5
       20:  402-block  2
       20:  403:    sum += (case_list[i]->*method)();
       20:  403-block  0
branch  0 taken 0
branch  1 taken 20
    $$$$$:  403-block  1
       20:  403-block  2
       20:  404:  }
       20:  404-block  0
        5:  405:  return sum;
        5:  405-block  0
        -:  406:}
        -:  407:
        -:  408:// Returns true if and only if the test suite passed.
function _ZN7testing8internalL15TestSuitePassedEPKNS_9TestSuiteE called 0 returned 0% blocks executed 0%
    #####:  409:static bool TestSuitePassed(const TestSuite* test_suite) {
    #####:  410:  return test_suite->should_run() && test_suite->Passed();
    $$$$$:  410-block  0
    $$$$$:  410-block  1
    $$$$$:  410-block  2
    $$$$$:  410-block  3
        -:  411:}
        -:  412:
        -:  413:// Returns true if and only if the test suite failed.
function _ZN7testing8internalL15TestSuiteFailedEPKNS_9TestSuiteE called 8 returned 100% blocks executed 75%
        8:  414:static bool TestSuiteFailed(const TestSuite* test_suite) {
        8:  415:  return test_suite->should_run() && test_suite->Failed();
        8:  415-block  0
    $$$$$:  415-block  1
        8:  415-block  2
        8:  415-block  3
        -:  416:}
        -:  417:
        -:  418:// Returns true if and only if test_suite contains at least one test that
        -:  419:// should run.
function _ZN7testing8internalL18ShouldRunTestSuiteEPKNS_9TestSuiteE called 8 returned 100% blocks executed 100%
        8:  420:static bool ShouldRunTestSuite(const TestSuite* test_suite) {
        8:  421:  return test_suite->should_run();
        8:  421-block  0
        -:  422:}
        -:  423:
        -:  424:// AssertHelper constructor.
function _ZN7testing8internal12AssertHelperC2ENS_14TestPartResult4TypeEPKciS5_ called 0 returned 0% blocks executed 0%
function _ZN7testing8internal12AssertHelperC1ENS_14TestPartResult4TypeEPKciS5_ called 0 returned 0% blocks executed 0%
    #####:  425:AssertHelper::AssertHelper(TestPartResult::Type type,
        -:  426:                           const char* file,
        -:  427:                           int line,
        -:  428:                           const char* message)
    #####:  429:    : data_(new AssertHelperData(type, file, line, message)) {
    $$$$$:  429-block  0
branch  0 never executed
branch  1 never executed
    $$$$$:  429-block  1
    $$$$$:  429-block  2
    #####:  430:}
    $$$$$:  430-block  0
    $$$$$:  430-block  1
        -:  431:
function _ZN7testing8internal12AssertHelperD2Ev called 0 returned 0% blocks executed 0%
function _ZN7testing8internal12AssertHelperD1Ev called 0 returned 0% blocks executed 0%
    #####:  432:AssertHelper::~AssertHelper() {
    #####:  433:  delete data_;
    $$$$$:  433-block  0
    $$$$$:  433-block  1
    $$$$$:  433-block  2
    #####:  434:}
    $$$$$:  434-block  0
    $$$$$:  434-block  1
        -:  435:
        -:  436:// Message assignment, for assertion streaming support.
function _ZNK7testing8internal12AssertHelperaSERKNS_7MessageE called 0 returned 0% blocks executed 0%
    #####:  437:void AssertHelper::operator=(const Message& message) const {
    #####:  438:  UnitTest::GetInstance()->
    $$$$$:  438-block  0
    $$$$$:  438-block  1
    $$$$$:  438-block  2
    #####:  439:    AddTestPartResult(data_->type, data_->file, data_->line,
    $$$$$:  439-block  0
branch  0 never executed
branch  1 never executed
    #####:  440:                      AppendUserMessage(data_->message, message),
    #####:  441:                      UnitTest::GetInstance()->impl()
    $$$$$:  441-block  0
    $$$$$:  441-block  1
    #####:  442:                      ->CurrentOsStackTraceExceptTop(1)
    $$$$$:  442-block  0
        -:  443:                      // Skips the stack frame for this function itself.
        -:  444:                      );  // NOLINT
    #####:  445:}
    $$$$$:  445-block  0
    $$$$$:  445-block  1
        -:  446:
        -:  447:namespace {
        -:  448:
        -:  449:// When TEST_P is found without a matching INSTANTIATE_TEST_SUITE_P
        -:  450:// to creates test cases for it, a synthetic test case is
        -:  451:// inserted to report ether an error or a log message.
        -:  452://
        -:  453:// This configuration bit will likely be removed at some point.
        -:  454:constexpr bool kErrorOnUninstantiatedParameterizedTest = true;
        -:  455:constexpr bool kErrorOnUninstantiatedTypeParameterizedTest = true;
        -:  456:
        -:  457:// A test that fails at a given file/line location with a given message.
function _ZN7testing8internal12_GLOBAL__N_111FailureTestD1Ev called 0 returned 0% blocks executed 0%
function _ZN7testing8internal12_GLOBAL__N_111FailureTestD0Ev called 0 returned 0% blocks executed 0%
function _ZN7testing8internal12_GLOBAL__N_111FailureTestD2Ev called 0 returned 0% blocks executed 0%
        -:  458:class FailureTest : public Test {
        -:  459: public:
function _ZN7testing8internal12_GLOBAL__N_111FailureTestC1ERKNS0_12CodeLocationENSt3__112basic_stringIcNS6_11char_traitsIcEENS6_9allocatorIcEEEEb called 0 returned 0% blocks executed 0%
function _ZN7testing8internal12_GLOBAL__N_111FailureTestC2ERKNS0_12CodeLocationENSt3__112basic_stringIcNS6_11char_traitsIcEENS6_9allocatorIcEEEEb called 0 returned 0% blocks executed 0%
    #####:  460:  explicit FailureTest(const CodeLocation& loc, std::string error_message,
        -:  461:                       bool as_error)
    #####:  462:      : loc_(loc),
    $$$$$:  462-block  0
branch  0 never executed
branch  1 never executed
    #####:  463:        error_message_(std::move(error_message)),
    #####:  464:        as_error_(as_error) {}
    $$$$$:  464-block  0
    $$$$$:  464-block  1
    $$$$$:  464-block  2
    $$$$$:  464-block  3
        -:  465:
function _ZN7testing8internal12_GLOBAL__N_111FailureTest8TestBodyEv called 0 returned 0% blocks executed 0%
    #####:  466:  void TestBody() override {
    #####:  467:    if (as_error_) {
    $$$$$:  467-block  0
branch  0 never executed
branch  1 never executed
    #####:  468:      AssertHelper(TestPartResult::kNonFatalFailure, loc_.file.c_str(),
    $$$$$:  468-block  0
    $$$$$:  468-block  1
    $$$$$:  468-block  2
    $$$$$:  468-block  3
    $$$$$:  468-block  4
    #####:  469:                   loc_.line, "") = Message() << error_message_;
    $$$$$:  469-block  0
    $$$$$:  469-block  1
branch  0 never executed
branch  1 never executed
    #####:  470:    } else {
    $$$$$:  470-block  0
    #####:  471:      std::cout << error_message_ << std::endl;
    $$$$$:  471-block  0
        -:  472:    }
    #####:  473:  }
    $$$$$:  473-block  0
    $$$$$:  473-block  1
        -:  474:
        -:  475: private:
        -:  476:  const CodeLocation loc_;
        -:  477:  const std::string error_message_;
        -:  478:  const bool as_error_;
        -:  479:};
        -:  480:
        -:  481:
        -:  482:}  // namespace
        -:  483:
function _ZN7testing8internal33GetIgnoredParameterizedTestSuitesEv called 1 returned 100% blocks executed 100%
        1:  484:std::set<std::string>* GetIgnoredParameterizedTestSuites() {
        1:  485:  return UnitTest::GetInstance()->impl()->ignored_parameterized_test_suites();
        1:  485-block  0
        -:  486:}
        -:  487:
        -:  488:// Add a given test_suit to the list of them allow to go un-instantiated.
function _ZN7testing8internal13MarkAsIgnoredC2EPKc called 0 returned 0% blocks executed 0%
function _ZN7testing8internal13MarkAsIgnoredC1EPKc called 0 returned 0% blocks executed 0%
    #####:  489:MarkAsIgnored::MarkAsIgnored(const char* test_suite) {
    #####:  490:  GetIgnoredParameterizedTestSuites()->insert(test_suite);
    $$$$$:  490-block  0
branch  0 never executed
branch  1 never executed
    $$$$$:  490-block  1
    $$$$$:  490-block  2
    #####:  491:}
    $$$$$:  491-block  0
    $$$$$:  491-block  1
        -:  492:
        -:  493:// If this parameterized test suite has no instantiations (and that
        -:  494:// has not been marked as okay), emit a test case reporting that.
function _ZN7testing8internal23InsertSyntheticTestCaseERKNSt3__112basic_stringIcNS1_11char_traitsIcEENS1_9allocatorIcEEEENS0_12CodeLocationEb called 0 returned 0% blocks executed 0%
    #####:  495:void InsertSyntheticTestCase(const std::string& name, CodeLocation location,
        -:  496:                             bool has_test_p) {
    #####:  497:  const auto& ignored = *GetIgnoredParameterizedTestSuites();
    #####:  498:  if (ignored.find(name) != ignored.end()) return;
    $$$$$:  498-block  0
branch  0 never executed
branch  1 never executed
    $$$$$:  498-block  1
        -:  499:
    #####:  500:  const char kMissingInstantiation[] =  //
        -:  501:      " is defined via TEST_P, but never instantiated. None of the test cases "
        -:  502:      "will run. Either no INSTANTIATE_TEST_SUITE_P is provided or the only "
        -:  503:      "ones provided expand to nothing."
        -:  504:      "\n\n"
        -:  505:      "Ideally, TEST_P definitions should only ever be included as part of "
        -:  506:      "binaries that intend to use them. (As opposed to, for example, being "
        -:  507:      "placed in a library that may be linked in to get other utilities.)";
        -:  508:
    #####:  509:  const char kMissingTestCase[] =  //
        -:  510:      " is instantiated via INSTANTIATE_TEST_SUITE_P, but no tests are "
        -:  511:      "defined via TEST_P . No test cases will run."
        -:  512:      "\n\n"
        -:  513:      "Ideally, INSTANTIATE_TEST_SUITE_P should only ever be invoked from "
        -:  514:      "code that always depend on code that provides TEST_P. Failing to do "
        -:  515:      "so is often an indication of dead code, e.g. the last TEST_P was "
        -:  516:      "removed but the rest got left behind.";
        -:  517:
        -:  518:  std::string message =
    #####:  519:      "Parameterized test suite " + name +
    $$$$$:  519-block  0
branch  0 never executed
branch  1 never executed
    $$$$$:  519-block  1
    $$$$$:  519-block  2
    $$$$$:  519-block  3
    $$$$$:  519-block  4
    $$$$$:  519-block  5
    #####:  520:      (has_test_p ? kMissingInstantiation : kMissingTestCase) +
    $$$$$:  520-block  0
branch  0 never executed
branch  1 never executed
    $$$$$:  520-block  1
    $$$$$:  520-block  2
    $$$$$:  520-block  3
branch  2 never executed
branch  3 never executed
        -:  521:      "\n\n"
        -:  522:      "To suppress this error for this test suite, insert the following line "
        -:  523:      "(in a non-header) in the namespace it is defined in:"
        -:  524:      "\n\n"
    #####:  525:      "GTEST_ALLOW_UNINSTANTIATED_PARAMETERIZED_TEST(" + name + ");";
    $$$$$:  525-block  0
branch  0 never executed
branch  1 never executed
    $$$$$:  525-block  1
branch  2 never executed
branch  3 never executed
        -:  526:
    #####:  527:  std::string full_name = "UninstantiatedParameterizedTestSuite<" + name + ">";
    $$$$$:  527-block  0
branch  0 never executed
branch  1 never executed
    $$$$$:  527-block  1
branch  2 never executed
branch  3 never executed
    $$$$$:  527-block  2
    #####:  528:  RegisterTest(  //
    $$$$$:  528-block  0
branch  0 never executed
branch  1 never executed
    $$$$$:  528-block  1
    #####:  529:      "GoogleTestVerification", full_name.c_str(),
        -:  530:      nullptr,  // No type parameter.
        -:  531:      nullptr,  // No value parameter.
function _ZZN7testing8internal23InsertSyntheticTestCaseERKNSt3__112basic_stringIcNS1_11char_traitsIcEENS1_9allocatorIcEEEENS0_12CodeLocationEbEN3$_0D1Ev called 0 returned 0% blocks executed 0%
function _ZZN7testing8internal23InsertSyntheticTestCaseERKNSt3__112basic_stringIcNS1_11char_traitsIcEENS1_9allocatorIcEEEENS0_12CodeLocationEbEN3$_0D2Ev called 0 returned 0% blocks executed 0%
function _ZZN7testing8internal23InsertSyntheticTestCaseERKNSt3__112basic_stringIcNS1_11char_traitsIcEENS1_9allocatorIcEEEENS0_12CodeLocationEbEN3$_0C1EOSB_ called 0 returned 0% blocks executed 0%
function _ZZN7testing8internal23InsertSyntheticTestCaseERKNSt3__112basic_stringIcNS1_11char_traitsIcEENS1_9allocatorIcEEEENS0_12CodeLocationEbEN3$_0C2EOSB_ called 0 returned 0% blocks executed 0%
function _ZZN7testing8internal23InsertSyntheticTestCaseERKNSt3__112basic_stringIcNS1_11char_traitsIcEENS1_9allocatorIcEEEENS0_12CodeLocationEbENK3$_0clEv called 0 returned 0% blocks executed 0%
    #####:  532:      location.file.c_str(), location.line, [message, location] {
    $$$$$:  532-block  0
branch  0 never executed
branch  1 never executed
    $$$$$:  532-block  1
branch  2 never executed
branch  3 never executed
    $$$$$:  532-block  2
    #####:  533:        return new FailureTest(location, message,
    $$$$$:  533-block  0
branch  0 never executed
branch  1 never executed
    $$$$$:  533-block  1
branch  2 never executed
branch  3 never executed
    $$$$$:  533-block  2
    $$$$$:  533-block  3
    $$$$$:  533-block  4
    $$$$$:  533-block  5
    $$$$$:  533-block  6
    $$$$$:  533-block  7
    $$$$$:  533-block  8
        -:  534:                               kErrorOnUninstantiatedParameterizedTest);
    #####:  535:      });
    $$$$$:  535-block  0
    #####:  536:}
    $$$$$:  536-block  0
    $$$$$:  536-block  1
    $$$$$:  536-block  2
    $$$$$:  536-block  3
    $$$$$:  536-block  4
    $$$$$:  536-block  5
    $$$$$:  536-block  6
    $$$$$:  536-block  7
    $$$$$:  536-block  8
        -:  537:
function _ZN7testing8internal34RegisterTypeParameterizedTestSuiteEPKcNS0_12CodeLocationE called 0 returned 0% blocks executed 0%
    #####:  538:void RegisterTypeParameterizedTestSuite(const char* test_suite_name,
        -:  539:                                        CodeLocation code_location) {
    #####:  540:  GetUnitTestImpl()->type_parameterized_test_registry().RegisterTestSuite(
    $$$$$:  540-block  0
branch  0 never executed
branch  1 never executed
    $$$$$:  540-block  1
branch  2 never executed
branch  3 never executed
    $$$$$:  540-block  2
    $$$$$:  540-block  3
    #####:  541:      test_suite_name, code_location);
    #####:  542:}
    $$$$$:  542-block  0
        -:  543:
function _ZN7testing8internal47RegisterTypeParameterizedTestSuiteInstantiationEPKc called 0 returned 0% blocks executed 0%
    #####:  544:void RegisterTypeParameterizedTestSuiteInstantiation(const char* case_name) {
    #####:  545:  GetUnitTestImpl()
    #####:  546:      ->type_parameterized_test_registry()
    #####:  547:      .RegisterInstantiation(case_name);
    #####:  548:}
    $$$$$:  548-block  0
        -:  549:
function _ZN7testing8internal34TypeParameterizedTestSuiteRegistry17RegisterTestSuiteEPKcNS0_12CodeLocationE called 0 returned 0% blocks executed 0%
    #####:  550:void TypeParameterizedTestSuiteRegistry::RegisterTestSuite(
        -:  551:    const char* test_suite_name, CodeLocation code_location) {
    #####:  552:  suites_.emplace(std::string(test_suite_name),
    $$$$$:  552-block  0
branch  0 never executed
branch  1 never executed
    $$$$$:  552-block  1
    $$$$$:  552-block  2
    $$$$$:  552-block  3
    $$$$$:  552-block  4
    #####:  553:                 TypeParameterizedTestSuiteInfo(code_location));
    $$$$$:  553-block  0
branch  0 never executed
branch  1 never executed
    $$$$$:  553-block  1
branch  2 never executed
branch  3 never executed
    #####:  554:}
    $$$$$:  554-block  0
    $$$$$:  554-block  1
    $$$$$:  554-block  2
        -:  555:
function _ZN7testing8internal34TypeParameterizedTestSuiteRegistry21RegisterInstantiationEPKc called 0 returned 0% blocks executed 0%
    #####:  556:void TypeParameterizedTestSuiteRegistry::RegisterInstantiation(
        -:  557:        const char* test_suite_name) {
    #####:  558:  auto it = suites_.find(std::string(test_suite_name));
    $$$$$:  558-block  0
branch  0 never executed
branch  1 never executed
    $$$$$:  558-block  1
    $$$$$:  558-block  2
    #####:  559:  if (it != suites_.end()) {
    $$$$$:  559-block  0
branch  0 never executed
branch  1 never executed
    #####:  560:    it->second.instantiated = true;
    #####:  561:  } else {
    $$$$$:  561-block  0
    #####:  562:    GTEST_LOG_(ERROR) << "Unknown type parameterized test suit '"
    $$$$$:  562-block  0
    $$$$$:  562-block  1
    $$$$$:  562-block  2
    $$$$$:  562-block  3
    #####:  563:                      << test_suite_name << "'";
    $$$$$:  563-block  0
    $$$$$:  563-block  1
        -:  564:  }
    #####:  565:}
    $$$$$:  565-block  0
        -:  566:
function _ZN7testing8internal34TypeParameterizedTestSuiteRegistry22CheckForInstantiationsEv called 1 returned 100% blocks executed 10%
        1:  567:void TypeParameterizedTestSuiteRegistry::CheckForInstantiations() {
        1:  568:  const auto& ignored = *GetIgnoredParameterizedTestSuites();
        1:  569:  for (const auto& testcase : suites_) {
        1:  569-block  0
        1:  569-block  1
branch  0 taken 0
branch  1 taken 1
    $$$$$:  569-block  2
    $$$$$:  569-block  3
    #####:  570:    if (testcase.second.instantiated) continue;
    $$$$$:  570-block  0
branch  0 never executed
branch  1 never executed
    $$$$$:  570-block  1
    #####:  571:    if (ignored.find(testcase.first) != ignored.end()) continue;
    $$$$$:  571-block  0
branch  0 never executed
branch  1 never executed
    $$$$$:  571-block  1
        -:  572:
        -:  573:    std::string message =
    #####:  574:        "Type parameterized test suite " + testcase.first +
    $$$$$:  574-block  0
branch  0 never executed
branch  1 never executed
    $$$$$:  574-block  1
    $$$$$:  574-block  2
    $$$$$:  574-block  3
    $$$$$:  574-block  4
        -:  575:        " is defined via REGISTER_TYPED_TEST_SUITE_P, but never instantiated "
        -:  576:        "via INSTANTIATE_TYPED_TEST_SUITE_P. None of the test cases will run."
        -:  577:        "\n\n"
        -:  578:        "Ideally, TYPED_TEST_P definitions should only ever be included as "
        -:  579:        "part of binaries that intend to use them. (As opposed to, for "
        -:  580:        "example, being placed in a library that may be linked in to get other "
        -:  581:        "utilities.)"
        -:  582:        "\n\n"
        -:  583:        "To suppress this error for this test suite, insert the following line "
        -:  584:        "(in a non-header) in the namespace it is defined in:"
        -:  585:        "\n\n"
    #####:  586:        "GTEST_ALLOW_UNINSTANTIATED_PARAMETERIZED_TEST(" +
    $$$$$:  586-block  0
branch  0 never executed
branch  1 never executed
    #####:  587:        testcase.first + ");";
    $$$$$:  587-block  0
branch  0 never executed
branch  1 never executed
        -:  588:
        -:  589:    std::string full_name =
    #####:  590:        "UninstantiatedTypeParameterizedTestSuite<" + testcase.first + ">";
    $$$$$:  590-block  0
branch  0 never executed
branch  1 never executed
    $$$$$:  590-block  1
branch  2 never executed
branch  3 never executed
    $$$$$:  590-block  2
    #####:  591:    RegisterTest(  //
    $$$$$:  591-block  0
branch  0 never executed
branch  1 never executed
    $$$$$:  591-block  1
    #####:  592:        "GoogleTestVerification", full_name.c_str(),
        -:  593:        nullptr,  // No type parameter.
        -:  594:        nullptr,  // No value parameter.
    #####:  595:        testcase.second.code_location.file.c_str(),
function _ZZN7testing8internal34TypeParameterizedTestSuiteRegistry22CheckForInstantiationsEvEN3$_1D1Ev called 0 returned 0% blocks executed 0%
function _ZZN7testing8internal34TypeParameterizedTestSuiteRegistry22CheckForInstantiationsEvEN3$_1D2Ev called 0 returned 0% blocks executed 0%
function _ZZN7testing8internal34TypeParameterizedTestSuiteRegistry22CheckForInstantiationsEvEN3$_1C1EOS2_ called 0 returned 0% blocks executed 0%
function _ZZN7testing8internal34TypeParameterizedTestSuiteRegistry22CheckForInstantiationsEvEN3$_1C2EOS2_ called 0 returned 0% blocks executed 0%
function _ZZN7testing8internal34TypeParameterizedTestSuiteRegistry22CheckForInstantiationsEvENK3$_1clEv called 0 returned 0% blocks executed 0%
    #####:  596:        testcase.second.code_location.line, [message, testcase] {
    $$$$$:  596-block  0
branch  0 never executed
branch  1 never executed
    $$$$$:  596-block  1
branch  2 never executed
branch  3 never executed
    $$$$$:  596-block  2
    $$$$$:  596-block  3
    $$$$$:  596-block  4
    $$$$$:  596-block  5
    #####:  597:          return new FailureTest(testcase.second.code_location, message,
    $$$$$:  597-block  0
branch  0 never executed
branch  1 never executed
    $$$$$:  597-block  1
branch  2 never executed
branch  3 never executed
    $$$$$:  597-block  2
    $$$$$:  597-block  3
    $$$$$:  597-block  4
    $$$$$:  597-block  5
    $$$$$:  597-block  6
    $$$$$:  597-block  7
    $$$$$:  597-block  8
        -:  598:                                 kErrorOnUninstantiatedTypeParameterizedTest);
    #####:  599:        });
    $$$$$:  599-block  0
    #####:  600:  }
    $$$$$:  600-block  0
    $$$$$:  600-block  1
        1:  601:}
    $$$$$:  601-block  0
    $$$$$:  601-block  1
    $$$$$:  601-block  2
    $$$$$:  601-block  3
        1:  601-block  4
        -:  602:
        -:  603:// A copy of all command line arguments.  Set by InitGoogleTest().
        -:  604:static ::std::vector<std::string> g_argvs;
        -:  605:
function _ZN7testing8internal8GetArgvsEv called 2 returned 100% blocks executed 100%
        2:  606:::std::vector<std::string> GetArgvs() {
        -:  607:#if defined(GTEST_CUSTOM_GET_ARGVS_)
        -:  608:  // GTEST_CUSTOM_GET_ARGVS_() may return a container of std::string or
        -:  609:  // ::string. This code converts it to the appropriate type.
        -:  610:  const auto& custom = GTEST_CUSTOM_GET_ARGVS_();
        -:  611:  return ::std::vector<std::string>(custom.begin(), custom.end());
        -:  612:#else   // defined(GTEST_CUSTOM_GET_ARGVS_)
        2:  613:  return g_argvs;
        2:  613-block  0
        -:  614:#endif  // defined(GTEST_CUSTOM_GET_ARGVS_)
        -:  615:}
        -:  616:
        -:  617:// Returns the current application's name, removing directory path if that
        -:  618:// is present.
function _ZN7testing8internal24GetCurrentExecutableNameEv called 0 returned 0% blocks executed 0%
    #####:  619:FilePath GetCurrentExecutableName() {
    #####:  620:  FilePath result;
        -:  621:
        -:  622:#if GTEST_OS_WINDOWS || GTEST_OS_OS2
        -:  623:  result.Set(FilePath(GetArgvs()[0]).RemoveExtension("exe"));
        -:  624:#else
    #####:  625:  result.Set(FilePath(GetArgvs()[0]));
    $$$$$:  625-block  0
    $$$$$:  625-block  1
branch  0 never executed
branch  1 never executed
    $$$$$:  625-block  2
branch  2 never executed
branch  3 never executed
    $$$$$:  625-block  3
    $$$$$:  625-block  4
        -:  626:#endif  // GTEST_OS_WINDOWS
        -:  627:
    #####:  628:  return result.RemoveDirectoryName();
    $$$$$:  628-block  0
    #####:  629:}
    $$$$$:  629-block  0
    $$$$$:  629-block  1
    $$$$$:  629-block  2
    $$$$$:  629-block  3
    $$$$$:  629-block  4
        -:  630:
        -:  631:// Functions for processing the gtest_output flag.
        -:  632:
        -:  633:// Returns the output format, or "" for normal printed output.
function _ZN7testing8internal15UnitTestOptions15GetOutputFormatEv called 1 returned 100% blocks executed 55%
        1:  634:std::string UnitTestOptions::GetOutputFormat() {
        1:  635:  std::string s = GTEST_FLAG_GET(output);
        1:  636:  const char* const gtest_output_flag = s.c_str();
        1:  637:  const char* const colon = strchr(gtest_output_flag, ':');
        1:  637-block  0
        2:  638:  return (colon == nullptr)
        1:  638-block  0
branch  0 taken 1
branch  1 taken 0
        1:  638-block  1
    $$$$$:  638-block  2
        1:  639:             ? std::string(gtest_output_flag)
        1:  639-block  0
    #####:  640:             : std::string(gtest_output_flag,
    $$$$$:  640-block  0
    $$$$$:  640-block  1
    #####:  641:                           static_cast<size_t>(colon - gtest_output_flag));
        1:  642:}
        1:  642-block  0
    $$$$$:  642-block  1
    $$$$$:  642-block  2
        -:  643:
        -:  644:// Returns the name of the requested output file, or the default if none
        -:  645:// was explicitly specified.
function _ZN7testing8internal15UnitTestOptions27GetAbsolutePathToOutputFileEv called 0 returned 0% blocks executed 0%
    #####:  646:std::string UnitTestOptions::GetAbsolutePathToOutputFile() {
    #####:  647:  std::string s = GTEST_FLAG_GET(output);
    #####:  648:  const char* const gtest_output_flag = s.c_str();
        -:  649:
    #####:  650:  std::string format = GetOutputFormat();
    $$$$$:  650-block  0
branch  0 never executed
branch  1 never executed
    #####:  651:  if (format.empty())
    $$$$$:  651-block  0
    $$$$$:  651-block  1
    #####:  652:    format = std::string(kDefaultOutputFormat);
    $$$$$:  652-block  0
    $$$$$:  652-block  1
        -:  653:
    #####:  654:  const char* const colon = strchr(gtest_output_flag, ':');
    $$$$$:  654-block  0
    #####:  655:  if (colon == nullptr)
    $$$$$:  655-block  0
branch  0 never executed
branch  1 never executed
    #####:  656:    return internal::FilePath::MakeFileName(
    $$$$$:  656-block  0
branch  0 never executed
branch  1 never executed
    $$$$$:  656-block  1
    $$$$$:  656-block  2
    $$$$$:  656-block  3
    $$$$$:  656-block  4
    $$$$$:  656-block  5
    $$$$$:  656-block  6
    $$$$$:  656-block  7
    #####:  657:        internal::FilePath(
    $$$$$:  657-block  0
branch  0 never executed
branch  1 never executed
    #####:  658:            UnitTest::GetInstance()->original_working_dir()),
    $$$$$:  658-block  0
    $$$$$:  658-block  1
    $$$$$:  658-block  2
    #####:  659:        internal::FilePath(kDefaultOutputFile), 0,
    $$$$$:  659-block  0
branch  0 never executed
branch  1 never executed
    $$$$$:  659-block  1
branch  2 never executed
branch  3 never executed
    #####:  660:        format.c_str()).string();
    $$$$$:  660-block  0
        -:  661:
    #####:  662:  internal::FilePath output_name(colon + 1);
    $$$$$:  662-block  0
    $$$$$:  662-block  1
branch  0 never executed
branch  1 never executed
    $$$$$:  662-block  2
    #####:  663:  if (!output_name.IsAbsolutePath())
    $$$$$:  663-block  0
    $$$$$:  663-block  1
    $$$$$:  663-block  2
    #####:  664:    output_name = internal::FilePath::ConcatPaths(
    $$$$$:  664-block  0
branch  0 never executed
branch  1 never executed
    $$$$$:  664-block  1
branch  2 never executed
branch  3 never executed
    $$$$$:  664-block  2
    $$$$$:  664-block  3
    $$$$$:  664-block  4
    $$$$$:  664-block  5
    $$$$$:  664-block  6
    $$$$$:  664-block  7
    #####:  665:        internal::FilePath(UnitTest::GetInstance()->original_working_dir()),
    $$$$$:  665-block  0
    $$$$$:  665-block  1
    $$$$$:  665-block  2
    $$$$$:  665-block  3
branch  0 never executed
branch  1 never executed
    #####:  666:        internal::FilePath(colon + 1));
    $$$$$:  666-block  0
branch  0 never executed
branch  1 never executed
    $$$$$:  666-block  1
branch  2 never executed
branch  3 never executed
        -:  667:
    #####:  668:  if (!output_name.IsDirectory())
    $$$$$:  668-block  0
    $$$$$:  668-block  1
branch  0 never executed
branch  1 never executed
    #####:  669:    return output_name.string();
    $$$$$:  669-block  0
    $$$$$:  669-block  1
    $$$$$:  669-block  2
        -:  670:
    #####:  671:  internal::FilePath result(internal::FilePath::GenerateUniqueFileName(
    $$$$$:  671-block  0
branch  0 never executed
branch  1 never executed
    $$$$$:  671-block  1
    $$$$$:  671-block  2
    #####:  672:      output_name, internal::GetCurrentExecutableName(),
    $$$$$:  672-block  0
    #####:  673:      GetOutputFormat().c_str()));
    $$$$$:  673-block  0
branch  0 never executed
branch  1 never executed
    #####:  674:  return result.string();
    $$$$$:  674-block  0
    $$$$$:  674-block  1
    #####:  675:}
    $$$$$:  675-block  0
    $$$$$:  675-block  1
    $$$$$:  675-block  2
    $$$$$:  675-block  3
    $$$$$:  675-block  4
    $$$$$:  675-block  5
    $$$$$:  675-block  6
    $$$$$:  675-block  7
    $$$$$:  675-block  8
    $$$$$:  675-block  9
    $$$$$:  675-block 10
    $$$$$:  675-block 11
    $$$$$:  675-block 12
    $$$$$:  675-block 13
    $$$$$:  675-block 14
    $$$$$:  675-block 15
    $$$$$:  675-block 16
    $$$$$:  675-block 17
    $$$$$:  675-block 18
    $$$$$:  675-block 19
        -:  676:
        -:  677:// Returns true if and only if the wildcard pattern matches the string. Each
        -:  678:// pattern consists of regular characters, single-character wildcards (?), and
        -:  679:// multi-character wildcards (*).
        -:  680://
        -:  681:// This function implements a linear-time string globbing algorithm based on
        -:  682:// https://research.swtch.com/glob.
function _ZN7testing8internalL20PatternMatchesStringERKNSt3__112basic_stringIcNS1_11char_traitsIcEENS1_9allocatorIcEEEEPKcSB_ called 53 returned 100% blocks executed 74%
       53:  683:static bool PatternMatchesString(const std::string& name_str,
        -:  684:                                 const char* pattern, const char* pattern_end) {
       53:  685:  const char* name = name_str.c_str();
       53:  686:  const char* const name_begin = name;
       53:  687:  const char* const name_end = name + name_str.size();
        -:  688:
       53:  689:  const char* pattern_next = pattern;
       53:  690:  const char* name_next = name;
        -:  691:
      866:  692:  while (pattern < pattern_end || name < name_end) {
       53:  692-block  0
      175:  692-block  1
      691:  692-block  2
      175:  692-block  3
      866:  692-block  4
branch  0 taken 857
branch  1 taken 9
      857:  693:    if (pattern < pattern_end) {
      691:  693-block  0
      148:  693-block  1
      691:  694:      switch (*pattern) {
      691:  694-block  0
branch  0 taken 267
branch  1 taken 0
branch  2 taken 424
        -:  695:        default:  // Match an ordinary character.
      267:  696:          if (name < name_end && *name == *pattern) {
      241:  696-block  0
      267:  696-block  1
    $$$$$:  696-block  2
    $$$$$:  696-block  3
    #####:  697:            ++pattern;
    #####:  698:            ++name;
    #####:  699:            continue;
    $$$$$:  699-block  0
        -:  700:          }
      267:  701:          break;
      267:  701-block  0
        -:  702:        case '?':  // Match any single character.
    #####:  703:          if (name < name_end) {
    $$$$$:  703-block  0
branch  0 never executed
branch  1 never executed
    #####:  704:            ++pattern;
    #####:  705:            ++name;
    #####:  706:            continue;
    $$$$$:  706-block  0
        -:  707:          }
    #####:  708:          break;
    $$$$$:  708-block  0
        -:  709:        case '*':
        -:  710:          // Match zero or more characters. Start by skipping over the wildcard
        -:  711:          // and matching zero characters from name. If that fails, restart and
        -:  712:          // match one more character than the last attempt.
      424:  713:          pattern_next = pattern;
      424:  714:          name_next = name + 1;
      424:  715:          ++pattern;
      424:  716:          continue;
      424:  716-block  0
        -:  717:      }
      267:  718:    }
      267:  718-block  0
        -:  719:    // Failed to match a character. Restart if possible.
      415:  720:    if (name_begin < name_next && name_next <= name_end) {
      415:  720-block  0
       44:  720-block  1
      389:  720-block  2
    $$$$$:  720-block  3
      389:  721:      pattern = pattern_next;
      389:  722:      name = name_next;
      389:  723:      continue;
      389:  723-block  0
        -:  724:    }
       44:  725:    return false;
       44:  725-block  0
        -:  726:  }
        9:  727:  return true;
        9:  727-block  0
       53:  728:}
       53:  728-block  0
        -:  729:
        -:  730:namespace {
        -:  731:
function _ZN7testing8internal12_GLOBAL__N_113IsGlobPatternERKNSt3__112basic_stringIcNS2_11char_traitsIcEENS2_9allocatorIcEEEE called 11 returned 100% blocks executed 100%
       11:  732:bool IsGlobPattern(const std::string& pattern) {
       11:  733:  return std::any_of(pattern.begin(), pattern.end(),
       11:  733-block  0
function _ZZN7testing8internal12_GLOBAL__N_113IsGlobPatternERKNSt3__112basic_stringIcNS2_11char_traitsIcEENS2_9allocatorIcEEEEENK3$_2clEc called 20 returned 100% blocks executed 75%
       20:  734:                     [](const char c) { return c == '?' || c == '*'; });
       20:  734-block  0
    $$$$$:  734-block  1
       20:  734-block  2
       20:  734-block  3
        -:  735:}
        -:  736:
function _ZN7testing8internal12_GLOBAL__N_114UnitTestFilterD1Ev called 8 returned 100% blocks executed 100%
function _ZN7testing8internal12_GLOBAL__N_114UnitTestFilterD2Ev called 8 returned 100% blocks executed 100%
function _ZN7testing8internal12_GLOBAL__N_114UnitTestFilteraSEOS2_ called 1 returned 100% blocks executed 100%
        -:  737:class UnitTestFilter {
        -:  738: public:
function _ZN7testing8internal12_GLOBAL__N_114UnitTestFilterC1Ev called 2 returned 100% blocks executed 100%
function _ZN7testing8internal12_GLOBAL__N_114UnitTestFilterC2Ev called 2 returned 100% blocks executed 100%
        4:  739:  UnitTestFilter() = default;
        2:  739-block  0
        2:  739-block  1
        -:  740:
        -:  741:  // Constructs a filter from a string of patterns separated by `:`.
function _ZN7testing8internal12_GLOBAL__N_114UnitTestFilterC1ERKNSt3__112basic_stringIcNS3_11char_traitsIcEENS3_9allocatorIcEEEE called 6 returned 100% blocks executed 100%
function _ZN7testing8internal12_GLOBAL__N_114UnitTestFilterC2ERKNSt3__112basic_stringIcNS3_11char_traitsIcEENS3_9allocatorIcEEEE called 6 returned 100% blocks executed 81%
       12:  742:  explicit UnitTestFilter(const std::string& filter) {
        -:  743:    // By design "" filter matches "" string.
        6:  744:    std::vector<std::string> all_patterns;
        6:  745:    SplitString(filter, ':', &all_patterns);
        6:  745-block  0
        6:  746:    const auto exact_match_patterns_begin = std::partition(
        6:  746-block  0
        6:  747:        all_patterns.begin(), all_patterns.end(), &IsGlobPattern);
        -:  748:
        6:  749:    glob_patterns_.reserve(static_cast<size_t>(
        6:  749-block  0
        6:  750:        std::distance(all_patterns.begin(), exact_match_patterns_begin)));
        6:  750-block  0
        6:  751:    std::move(all_patterns.begin(), exact_match_patterns_begin,
        6:  751-block  0
        6:  752:              std::inserter(glob_patterns_, glob_patterns_.begin()));
        6:  752-block  0
        6:  753:    std::move(
        6:  753-block  0
        6:  754:        exact_match_patterns_begin, all_patterns.end(),
        6:  755:        std::inserter(exact_match_patterns_, exact_match_patterns_.begin()));
        6:  755-block  0
       12:  756:  }
        6:  756-block  0
        6:  756-block  1
    $$$$$:  756-block  2
    $$$$$:  756-block  3
        -:  757:
        -:  758:  // Returns true if and only if name matches at least one of the patterns in
        -:  759:  // the filter.
function _ZNK7testing8internal12_GLOBAL__N_114UnitTestFilter11MatchesNameERKNSt3__112basic_stringIcNS3_11char_traitsIcEENS3_9allocatorIcEEEE called 40 returned 100% blocks executed 75%
       40:  760:  bool MatchesName(const std::string& name) const {
       40:  761:    return exact_match_patterns_.count(name) > 0 ||
       40:  761-block  0
    $$$$$:  761-block  1
       40:  761-block  2
       40:  761-block  3
       80:  762:           std::any_of(glob_patterns_.begin(), glob_patterns_.end(),
function _ZZNK7testing8internal12_GLOBAL__N_114UnitTestFilter11MatchesNameERKNSt3__112basic_stringIcNS3_11char_traitsIcEENS3_9allocatorIcEEEEENKUlSB_E_clESB_ called 53 returned 100% blocks executed 100%
       93:  763:                       [&name](const std::string& pattern) {
       53:  764:                         return PatternMatchesString(
       53:  764-block  0
       53:  765:                             name, pattern.c_str(),
       53:  766:                             pattern.c_str() + pattern.size());
        -:  767:                       });
        -:  768:  }
        -:  769:
        -:  770: private:
        -:  771:  std::vector<std::string> glob_patterns_;
        -:  772:  std::unordered_set<std::string> exact_match_patterns_;
        -:  773:};
        -:  774:
function _ZN7testing8internal12_GLOBAL__N_133PositiveAndNegativeUnitTestFilterD1Ev called 1 returned 100% blocks executed 100%
function _ZN7testing8internal12_GLOBAL__N_133PositiveAndNegativeUnitTestFilterD2Ev called 1 returned 100% blocks executed 100%
        -:  775:class PositiveAndNegativeUnitTestFilter {
        -:  776: public:
        -:  777:  // Constructs a positive and a negative filter from a string. The string
        -:  778:  // contains a positive filter optionally followed by a '-' character and a
        -:  779:  // negative filter. In case only a negative filter is provided the positive
        -:  780:  // filter will be assumed "*".
        -:  781:  // A filter is a list of patterns separated by ':'.
function _ZN7testing8internal12_GLOBAL__N_133PositiveAndNegativeUnitTestFilterC1ERKNSt3__112basic_stringIcNS3_11char_traitsIcEENS3_9allocatorIcEEEE called 1 returned 100% blocks executed 100%
function _ZN7testing8internal12_GLOBAL__N_133PositiveAndNegativeUnitTestFilterC2ERKNSt3__112basic_stringIcNS3_11char_traitsIcEENS3_9allocatorIcEEEE called 1 returned 100% blocks executed 18%
        2:  782:  explicit PositiveAndNegativeUnitTestFilter(const std::string& filter) {
        1:  783:    std::vector<std::string> positive_and_negative_filters;
        -:  784:
        -:  785:    // NOTE: `SplitString` always returns a non-empty container.
        1:  786:    SplitString(filter, '-', &positive_and_negative_filters);
        1:  786-block  0
        1:  787:    const auto& positive_filter = positive_and_negative_filters.front();
        -:  788:
        1:  789:    if (positive_and_negative_filters.size() > 1) {
        1:  789-block  0
branch  0 taken 0
branch  1 taken 1
    #####:  790:      positive_filter_ = UnitTestFilter(
    $$$$$:  790-block  0
branch  0 never executed
branch  1 never executed
    $$$$$:  790-block  1
    #####:  791:          positive_filter.empty() ? kUniversalFilter : positive_filter);
    $$$$$:  791-block  0
branch  0 never executed
branch  1 never executed
    $$$$$:  791-block  1
    $$$$$:  791-block  2
    $$$$$:  791-block  3
    $$$$$:  791-block  4
        -:  792:
        -:  793:      // TODO(b/214626361): Fail on multiple '-' characters
        -:  794:      // For the moment to preserve old behavior we concatenate the rest of the
        -:  795:      // string parts with `-` as separator to generate the negative filter.
    #####:  796:      auto negative_filter_string = positive_and_negative_filters[1];
    $$$$$:  796-block  0
    #####:  797:      for (std::size_t i = 2; i < positive_and_negative_filters.size(); i++)
    $$$$$:  797-block  0
    $$$$$:  797-block  1
branch  0 never executed
branch  1 never executed
    $$$$$:  797-block  2
    #####:  798:        negative_filter_string =
    $$$$$:  798-block  0
    $$$$$:  798-block  1
    #####:  799:            negative_filter_string + '-' + positive_and_negative_filters[i];
    $$$$$:  799-block  0
    $$$$$:  799-block  1
branch  0 never executed
branch  1 never executed
    #####:  800:      negative_filter_ = UnitTestFilter(negative_filter_string);
    $$$$$:  800-block  0
    #####:  801:    } else {
    $$$$$:  801-block  0
    $$$$$:  801-block  1
        -:  802:      // In case we don't have a negative filter and positive filter is ""
        -:  803:      // we do not use kUniversalFilter by design as opposed to when we have a
        -:  804:      // negative filter.
        1:  805:      positive_filter_ = UnitTestFilter(positive_filter);
        1:  805-block  0
        1:  805-block  1
        -:  806:    }
        2:  807:  }
        1:  807-block  0
    $$$$$:  807-block  1
    $$$$$:  807-block  2
        1:  807-block  3
    $$$$$:  807-block  4
    $$$$$:  807-block  5
        -:  808:
        -:  809:  // Returns true if and only if test name (this is generated by appending test
        -:  810:  // suit name and test name via a '.' character) matches the positive filter
        -:  811:  // and does not match the negative filter.
function _ZNK7testing8internal12_GLOBAL__N_133PositiveAndNegativeUnitTestFilter11MatchesTestERKNSt3__112basic_stringIcNS3_11char_traitsIcEENS3_9allocatorIcEEEESB_ called 9 returned 100% blocks executed 42%
        9:  812:  bool MatchesTest(const std::string& test_suite_name,
        -:  813:                   const std::string& test_name) const {
        9:  814:    return MatchesName(test_suite_name + "." + test_name);
        9:  814-block  0
branch  0 taken 9
branch  1 taken 0
        9:  814-block  1
branch  2 taken 9
branch  3 taken 0
        9:  814-block  2
    $$$$$:  814-block  3
    $$$$$:  814-block  4
    $$$$$:  814-block  5
    #####:  815:  }
    $$$$$:  815-block  0
        -:  816:
        -:  817:  // Returns true if and only if name matches the positive filter and does not
        -:  818:  // match the negative filter.
function _ZNK7testing8internal12_GLOBAL__N_133PositiveAndNegativeUnitTestFilter11MatchesNameERKNSt3__112basic_stringIcNS3_11char_traitsIcEENS3_9allocatorIcEEEE called 9 returned 100% blocks executed 75%
        9:  819:  bool MatchesName(const std::string& name) const {
       18:  820:    return positive_filter_.MatchesName(name) &&
        9:  820-block  0
    $$$$$:  820-block  1
        9:  820-block  2
        9:  821:           !negative_filter_.MatchesName(name);
        9:  821-block  0
        -:  822:  }
        -:  823:
        -:  824: private:
        -:  825:  UnitTestFilter positive_filter_;
        -:  826:  UnitTestFilter negative_filter_;
        -:  827:};
        -:  828:}  // namespace
        -:  829:
function _ZN7testing8internal15UnitTestOptions13MatchesFilterERKNSt3__112basic_stringIcNS2_11char_traitsIcEENS2_9allocatorIcEEEEPKc called 0 returned 0% blocks executed 0%
    #####:  830:bool UnitTestOptions::MatchesFilter(const std::string& name_str,
        -:  831:                                    const char* filter) {
    #####:  832:  return UnitTestFilter(filter).MatchesName(name_str);
    $$$$$:  832-block  0
branch  0 never executed
branch  1 never executed
    $$$$$:  832-block  1
branch  2 never executed
branch  3 never executed
    $$$$$:  832-block  2
    $$$$$:  832-block  3
    $$$$$:  832-block  4
    $$$$$:  832-block  5
    #####:  833:}
    $$$$$:  833-block  0
        -:  834:
        -:  835:// Returns true if and only if the user-specified filter matches the test
        -:  836:// suite name and the test name.
function _ZN7testing8internal15UnitTestOptions17FilterMatchesTestERKNSt3__112basic_stringIcNS2_11char_traitsIcEENS2_9allocatorIcEEEESA_ called 0 returned 0% blocks executed 0%
    #####:  837:bool UnitTestOptions::FilterMatchesTest(const std::string& test_suite_name,
        -:  838:                                        const std::string& test_name) {
        -:  839:  // Split --gtest_filter at '-', if there is one, to separate into
        -:  840:  // positive filter and negative filter portions
    #####:  841:  return PositiveAndNegativeUnitTestFilter(GTEST_FLAG_GET(filter))
    $$$$$:  841-block  0
    $$$$$:  841-block  1
    $$$$$:  841-block  2
    #####:  842:      .MatchesTest(test_suite_name, test_name);
    $$$$$:  842-block  0
branch  0 never executed
branch  1 never executed
    #####:  843:}
        -:  844:
        -:  845:#if GTEST_HAS_SEH
        -:  846:// Returns EXCEPTION_EXECUTE_HANDLER if Google Test should handle the
        -:  847:// given SEH exception, or EXCEPTION_CONTINUE_SEARCH otherwise.
        -:  848:// This function is useful as an __except condition.
        -:  849:int UnitTestOptions::GTestShouldProcessSEH(DWORD exception_code) {
        -:  850:  // Google Test should handle a SEH exception if:
        -:  851:  //   1. the user wants it to, AND
        -:  852:  //   2. this is not a breakpoint exception, AND
        -:  853:  //   3. this is not a C++ exception (VC++ implements them via SEH,
        -:  854:  //      apparently).
        -:  855:  //
        -:  856:  // SEH exception code for C++ exceptions.
        -:  857:  // (see http://support.microsoft.com/kb/185294 for more information).
        -:  858:  const DWORD kCxxExceptionCode = 0xe06d7363;
        -:  859:
        -:  860:  bool should_handle = true;
        -:  861:
        -:  862:  if (!GTEST_FLAG_GET(catch_exceptions))
        -:  863:    should_handle = false;
        -:  864:  else if (exception_code == EXCEPTION_BREAKPOINT)
        -:  865:    should_handle = false;
        -:  866:  else if (exception_code == kCxxExceptionCode)
        -:  867:    should_handle = false;
        -:  868:
        -:  869:  return should_handle ? EXCEPTION_EXECUTE_HANDLER : EXCEPTION_CONTINUE_SEARCH;
        -:  870:}
        -:  871:#endif  // GTEST_HAS_SEH
        -:  872:
        -:  873:}  // namespace internal
        -:  874:
        -:  875:// The c'tor sets this object as the test part result reporter used by
        -:  876:// Google Test.  The 'result' parameter specifies where to report the
        -:  877:// results. Intercepts only failures from the current thread.
function _ZN7testing32ScopedFakeTestPartResultReporterC2EPNS_19TestPartResultArrayE called 0 returned 0% blocks executed 0%
function _ZN7testing32ScopedFakeTestPartResultReporterC1EPNS_19TestPartResultArrayE called 0 returned 0% blocks executed 0%
    #####:  878:ScopedFakeTestPartResultReporter::ScopedFakeTestPartResultReporter(
        -:  879:    TestPartResultArray* result)
    #####:  880:    : intercept_mode_(INTERCEPT_ONLY_CURRENT_THREAD),
    #####:  881:      result_(result) {
    #####:  882:  Init();
    $$$$$:  882-block  0
branch  0 never executed
branch  1 never executed
    #####:  883:}
    $$$$$:  883-block  0
    $$$$$:  883-block  1
    $$$$$:  883-block  2
    $$$$$:  883-block  3
        -:  884:
        -:  885:// The c'tor sets this object as the test part result reporter used by
        -:  886:// Google Test.  The 'result' parameter specifies where to report the
        -:  887:// results.
function _ZN7testing32ScopedFakeTestPartResultReporterC2ENS0_13InterceptModeEPNS_19TestPartResultArrayE called 0 returned 0% blocks executed 0%
function _ZN7testing32ScopedFakeTestPartResultReporterC1ENS0_13InterceptModeEPNS_19TestPartResultArrayE called 0 returned 0% blocks executed 0%
    #####:  888:ScopedFakeTestPartResultReporter::ScopedFakeTestPartResultReporter(
        -:  889:    InterceptMode intercept_mode, TestPartResultArray* result)
    #####:  890:    : intercept_mode_(intercept_mode),
    #####:  891:      result_(result) {
    #####:  892:  Init();
    $$$$$:  892-block  0
branch  0 never executed
branch  1 never executed
    #####:  893:}
    $$$$$:  893-block  0
    $$$$$:  893-block  1
    $$$$$:  893-block  2
    $$$$$:  893-block  3
        -:  894:
function _ZN7testing32ScopedFakeTestPartResultReporter4InitEv called 0 returned 0% blocks executed 0%
    #####:  895:void ScopedFakeTestPartResultReporter::Init() {
    #####:  896:  internal::UnitTestImpl* const impl = internal::GetUnitTestImpl();
    #####:  897:  if (intercept_mode_ == INTERCEPT_ALL_THREADS) {
    $$$$$:  897-block  0
branch  0 never executed
branch  1 never executed
    #####:  898:    old_reporter_ = impl->GetGlobalTestPartResultReporter();
    #####:  899:    impl->SetGlobalTestPartResultReporter(this);
    #####:  900:  } else {
    $$$$$:  900-block  0
    #####:  901:    old_reporter_ = impl->GetTestPartResultReporterForCurrentThread();
    #####:  902:    impl->SetTestPartResultReporterForCurrentThread(this);
    $$$$$:  902-block  0
        -:  903:  }
    #####:  904:}
    $$$$$:  904-block  0
        -:  905:
        -:  906:// The d'tor restores the test part result reporter used by Google Test
        -:  907:// before.
function _ZN7testing32ScopedFakeTestPartResultReporterD2Ev called 0 returned 0% blocks executed 0%
function _ZN7testing32ScopedFakeTestPartResultReporterD1Ev called 0 returned 0% blocks executed 0%
function _ZN7testing32ScopedFakeTestPartResultReporterD0Ev called 0 returned 0% blocks executed 0%
    #####:  908:ScopedFakeTestPartResultReporter::~ScopedFakeTestPartResultReporter() {
    #####:  909:  internal::UnitTestImpl* const impl = internal::GetUnitTestImpl();
    $$$$$:  909-block  0
    #####:  910:  if (intercept_mode_ == INTERCEPT_ALL_THREADS) {
    $$$$$:  910-block  0
branch  0 never executed
branch  1 never executed
    #####:  911:    impl->SetGlobalTestPartResultReporter(old_reporter_);
    $$$$$:  911-block  0
    #####:  912:  } else {
    $$$$$:  912-block  0
    #####:  913:    impl->SetTestPartResultReporterForCurrentThread(old_reporter_);
    $$$$$:  913-block  0
        -:  914:  }
    #####:  915:}
    $$$$$:  915-block  0
    $$$$$:  915-block  1
    $$$$$:  915-block  2
    $$$$$:  915-block  3
    $$$$$:  915-block  4
        -:  916:
        -:  917:// Increments the test part result count and remembers the result.
        -:  918:// This method is from the TestPartResultReporterInterface interface.
function _ZN7testing32ScopedFakeTestPartResultReporter20ReportTestPartResultERKNS_14TestPartResultE called 0 returned 0% blocks executed 0%
    #####:  919:void ScopedFakeTestPartResultReporter::ReportTestPartResult(
        -:  920:    const TestPartResult& result) {
    #####:  921:  result_->Append(result);
    #####:  922:}
    $$$$$:  922-block  0
        -:  923:
        -:  924:namespace internal {
        -:  925:
        -:  926:// Returns the type ID of ::testing::Test.  We should always call this
        -:  927:// instead of GetTypeId< ::testing::Test>() to get the type ID of
        -:  928:// testing::Test.  This is to work around a suspected linker bug when
        -:  929:// using Google Test as a framework on Mac OS X.  The bug causes
        -:  930:// GetTypeId< ::testing::Test>() to return different values depending
        -:  931:// on whether the call is from the Google Test framework itself or
        -:  932:// from user test code.  GetTestTypeId() is guaranteed to always
        -:  933:// return the same value, as it always calls GetTypeId<>() from the
        -:  934:// gtest.cc, which is within the Google Test framework.
function _ZN7testing8internal13GetTestTypeIdEv called 10 returned 100% blocks executed 100%
       10:  935:TypeId GetTestTypeId() {
       10:  936:  return GetTypeId<Test>();
       10:  936-block  0
        -:  937:}
        -:  938:
        -:  939:// The value of GetTestTypeId() as seen from within the Google Test
        -:  940:// library.  This is solely for testing GetTestTypeId().
        -:  941:extern const TypeId kTestTypeIdInGoogleTest = GetTestTypeId();
        -:  942:
        -:  943:// This predicate-formatter checks that 'results' contains a test part
        -:  944:// failure of the given type and that the failure message contains the
        -:  945:// given substring.
function _ZN7testing8internalL13HasOneFailureEPKcS2_S2_RKNS_19TestPartResultArrayENS_14TestPartResult4TypeERKNSt3__112basic_stringIcNS8_11char_traitsIcEENS8_9allocatorIcEEEE called 0 returned 0% blocks executed 0%
    #####:  946:static AssertionResult HasOneFailure(const char* /* results_expr */,
        -:  947:                                     const char* /* type_expr */,
        -:  948:                                     const char* /* substr_expr */,
        -:  949:                                     const TestPartResultArray& results,
        -:  950:                                     TestPartResult::Type type,
        -:  951:                                     const std::string& substr) {
    #####:  952:  const std::string expected(type == TestPartResult::kFatalFailure ?
        -:  953:                        "1 fatal failure" :
        -:  954:                        "1 non-fatal failure");
    #####:  955:  Message msg;
    $$$$$:  955-block  0
branch  0 never executed
branch  1 never executed
    #####:  956:  if (results.size() != 1) {
    $$$$$:  956-block  0
branch  0 never executed
branch  1 never executed
    #####:  957:    msg << "Expected: " << expected << "\n"
    $$$$$:  957-block  0
    $$$$$:  957-block  1
    $$$$$:  957-block  2
    #####:  958:        << "  Actual: " << results.size() << " failures";
    $$$$$:  958-block  0
    $$$$$:  958-block  1
    $$$$$:  958-block  2
    #####:  959:    for (int i = 0; i < results.size(); i++) {
    $$$$$:  959-block  0
    $$$$$:  959-block  1
branch  0 never executed
branch  1 never executed
    $$$$$:  959-block  2
    #####:  960:      msg << "\n" << results.GetTestPartResult(i);
    $$$$$:  960-block  0
    $$$$$:  960-block  1
    $$$$$:  960-block  2
    #####:  961:    }
    $$$$$:  961-block  0
    #####:  962:    return AssertionFailure() << msg;
    $$$$$:  962-block  0
    $$$$$:  962-block  1
    $$$$$:  962-block  2
    $$$$$:  962-block  3
    $$$$$:  962-block  4
        -:  963:  }
        -:  964:
    #####:  965:  const TestPartResult& r = results.GetTestPartResult(0);
    $$$$$:  965-block  0
    #####:  966:  if (r.type() != type) {
    $$$$$:  966-block  0
    $$$$$:  966-block  1
branch  0 never executed
branch  1 never executed
    #####:  967:    return AssertionFailure() << "Expected: " << expected << "\n"
    $$$$$:  967-block  0
    $$$$$:  967-block  1
    $$$$$:  967-block  2
    $$$$$:  967-block  3
    $$$$$:  967-block  4
    $$$$$:  967-block  5
    $$$$$:  967-block  6
    #####:  968:                              << "  Actual:\n"
    $$$$$:  968-block  0
    #####:  969:                              << r;
    $$$$$:  969-block  0
        -:  970:  }
        -:  971:
    #####:  972:  if (strstr(r.message(), substr.c_str()) == nullptr) {
    $$$$$:  972-block  0
    $$$$$:  972-block  1
    $$$$$:  972-block  2
branch  0 never executed
branch  1 never executed
    #####:  973:    return AssertionFailure() << "Expected: " << expected << " containing \""
    $$$$$:  973-block  0
    $$$$$:  973-block  1
    $$$$$:  973-block  2
    $$$$$:  973-block  3
    $$$$$:  973-block  4
    $$$$$:  973-block  5
    $$$$$:  973-block  6
    #####:  974:                              << substr << "\"\n"
    $$$$$:  974-block  0
    $$$$$:  974-block  1
    #####:  975:                              << "  Actual:\n"
    $$$$$:  975-block  0
    #####:  976:                              << r;
    $$$$$:  976-block  0
        -:  977:  }
        -:  978:
    #####:  979:  return AssertionSuccess();
    $$$$$:  979-block  0
    $$$$$:  979-block  1
    #####:  980:}
    $$$$$:  980-block  0
    $$$$$:  980-block  1
    $$$$$:  980-block  2
    $$$$$:  980-block  3
    $$$$$:  980-block  4
    $$$$$:  980-block  5
        -:  981:
        -:  982:// The constructor of SingleFailureChecker remembers where to look up
        -:  983:// test part results, what type of failure we expect, and what
        -:  984:// substring the failure message should contain.
[...]
        1: 6611-block  2
branch  0 taken 1
branch  1 taken 0
        1: 6611-block  3
        1: 6611-block  4
    $$$$$: 6611-block  5
    $$$$$: 6611-block  6
    $$$$$: 6611-block  7
    $$$$$: 6611-block  8
    #####: 6612:  GTEST_INTERNAL_PARSE_FLAG(internal_run_death_test);
    $$$$$: 6612-block  0
    $$$$$: 6612-block  1
    $$$$$: 6612-block  2
branch  0 never executed
branch  1 never executed
    $$$$$: 6612-block  3
    $$$$$: 6612-block  4
    $$$$$: 6612-block  5
    $$$$$: 6612-block  6
    $$$$$: 6612-block  7
    $$$$$: 6612-block  8
    #####: 6613:  GTEST_INTERNAL_PARSE_FLAG(list_tests);
    $$$$$: 6613-block  0
    $$$$$: 6613-block  1
branch  0 never executed
branch  1 never executed
    $$$$$: 6613-block  2
    $$$$$: 6613-block  3
    #####: 6614:  GTEST_INTERNAL_PARSE_FLAG(output);
    $$$$$: 6614-block  0
    $$$$$: 6614-block  1
    $$$$$: 6614-block  2
branch  0 never executed
branch  1 never executed
    $$$$$: 6614-block  3
    $$$$$: 6614-block  4
    $$$$$: 6614-block  5
    $$$$$: 6614-block  6
    $$$$$: 6614-block  7
    $$$$$: 6614-block  8
    #####: 6615:  GTEST_INTERNAL_PARSE_FLAG(brief);
    $$$$$: 6615-block  0
    $$$$$: 6615-block  1
branch  0 never executed
branch  1 never executed
    $$$$$: 6615-block  2
    $$$$$: 6615-block  3
    #####: 6616:  GTEST_INTERNAL_PARSE_FLAG(print_time);
    $$$$$: 6616-block  0
    $$$$$: 6616-block  1
branch  0 never executed
branch  1 never executed
    $$$$$: 6616-block  2
    $$$$$: 6616-block  3
    #####: 6617:  GTEST_INTERNAL_PARSE_FLAG(print_utf8);
    $$$$$: 6617-block  0
    $$$$$: 6617-block  1
branch  0 never executed
branch  1 never executed
    $$$$$: 6617-block  2
    $$$$$: 6617-block  3
    #####: 6618:  GTEST_INTERNAL_PARSE_FLAG(random_seed);
    $$$$$: 6618-block  0
    $$$$$: 6618-block  1
branch  0 never executed
branch  1 never executed
    $$$$$: 6618-block  2
    $$$$$: 6618-block  3
    #####: 6619:  GTEST_INTERNAL_PARSE_FLAG(repeat);
    $$$$$: 6619-block  0
    $$$$$: 6619-block  1
branch  0 never executed
branch  1 never executed
    $$$$$: 6619-block  2
    $$$$$: 6619-block  3
    #####: 6620:  GTEST_INTERNAL_PARSE_FLAG(recreate_environments_when_repeating);
    $$$$$: 6620-block  0
    $$$$$: 6620-block  1
branch  0 never executed
branch  1 never executed
    $$$$$: 6620-block  2
    $$$$$: 6620-block  3
    #####: 6621:  GTEST_INTERNAL_PARSE_FLAG(shuffle);
    $$$$$: 6621-block  0
    $$$$$: 6621-block  1
branch  0 never executed
branch  1 never executed
    $$$$$: 6621-block  2
    $$$$$: 6621-block  3
    #####: 6622:  GTEST_INTERNAL_PARSE_FLAG(stack_trace_depth);
    $$$$$: 6622-block  0
    $$$$$: 6622-block  1
branch  0 never executed
branch  1 never executed
    $$$$$: 6622-block  2
    $$$$$: 6622-block  3
    #####: 6623:  GTEST_INTERNAL_PARSE_FLAG(stream_result_to);
    $$$$$: 6623-block  0
    $$$$$: 6623-block  1
    $$$$$: 6623-block  2
branch  0 never executed
branch  1 never executed
    $$$$$: 6623-block  3
    $$$$$: 6623-block  4
    $$$$$: 6623-block  5
    $$$$$: 6623-block  6
    $$$$$: 6623-block  7
    $$$$$: 6623-block  8
    #####: 6624:  GTEST_INTERNAL_PARSE_FLAG(throw_on_failure);
    $$$$$: 6624-block  0
    $$$$$: 6624-block  1
branch  0 never executed
branch  1 never executed
    $$$$$: 6624-block  2
    $$$$$: 6624-block  3
    #####: 6625:  return false;
    $$$$$: 6625-block  0
        2: 6626:}
        2: 6626-block  0
        -: 6627:
        -: 6628:#if GTEST_USE_OWN_FLAGFILE_FLAG_
function _ZN7testing8internalL17LoadFlagsFromFileERKNSt3__112basic_stringIcNS1_11char_traitsIcEENS1_9allocatorIcEEEE called 0 returned 0% blocks executed 0%
    #####: 6629:static void LoadFlagsFromFile(const std::string& path) {
    #####: 6630:  FILE* flagfile = posix::FOpen(path.c_str(), "r");
    #####: 6631:  if (!flagfile) {
    $$$$$: 6631-block  0
    $$$$$: 6631-block  1
    #####: 6632:    GTEST_LOG_(FATAL) << "Unable to open file \"" << GTEST_FLAG_GET(flagfile)
    $$$$$: 6632-block  0
    $$$$$: 6632-block  1
    $$$$$: 6632-block  2
    $$$$$: 6632-block  3
    #####: 6633:                      << "\"";
    $$$$$: 6633-block  0
    #####: 6634:  }
    $$$$$: 6634-block  0
    #####: 6635:  std::string contents(ReadEntireFile(flagfile));
    #####: 6636:  posix::FClose(flagfile);
    $$$$$: 6636-block  0
branch  0 never executed
branch  1 never executed
    #####: 6637:  std::vector<std::string> lines;
    #####: 6638:  SplitString(contents, '\n', &lines);
    $$$$$: 6638-block  0
    #####: 6639:  for (size_t i = 0; i < lines.size(); ++i) {
    $$$$$: 6639-block  0
    $$$$$: 6639-block  1
branch  0 never executed
branch  1 never executed
    $$$$$: 6639-block  2
    #####: 6640:    if (lines[i].empty())
    $$$$$: 6640-block  0
branch  0 never executed
branch  1 never executed
    #####: 6641:      continue;
    $$$$$: 6641-block  0
    #####: 6642:    if (!ParseGoogleTestFlag(lines[i].c_str()))
    $$$$$: 6642-block  0
    $$$$$: 6642-block  1
    $$$$$: 6642-block  2
    #####: 6643:      g_help_flag = true;
    $$$$$: 6643-block  0
    #####: 6644:  }
    $$$$$: 6644-block  0
    #####: 6645:}
    $$$$$: 6645-block  0
    $$$$$: 6645-block  1
    $$$$$: 6645-block  2
    $$$$$: 6645-block  3
        -: 6646:#endif  // GTEST_USE_OWN_FLAGFILE_FLAG_
        -: 6647:
        -: 6648:// Parses the command line for Google Test flags, without initializing
        -: 6649:// other parts of Google Test.  The type parameter CharType can be
        -: 6650:// instantiated to either char or wchar_t.
        -: 6651:template <typename CharType>
function _ZN7testing8internal28ParseGoogleTestFlagsOnlyImplIcEEvPiPPT_ called 1 returned 100% blocks executed 36%
function _ZN7testing8internal28ParseGoogleTestFlagsOnlyImplIwEEvPiPPT_ called 0 returned 0% blocks executed 0%
        1: 6652:void ParseGoogleTestFlagsOnlyImpl(int* argc, CharType** argv) {
        1: 6653:  std::string flagfile_value;
        3: 6654:  for (int i = 1; i < *argc; i++) {
        1: 6654-block  0
        3: 6654-block  1
branch  0 taken 2
branch  1 taken 1
        2: 6654-block  2
    $$$$$: 6654-block  3
    $$$$$: 6654-block  4
branch  2 never executed
branch  3 never executed
    $$$$$: 6654-block  5
        2: 6655:    const std::string arg_string = StreamableToString(argv[i]);
        2: 6655-block  0
    $$$$$: 6655-block  1
        2: 6656:    const char* const arg = arg_string.c_str();
        -: 6657:
        -: 6658:    using internal::ParseFlag;
        -: 6659:
        2: 6660:    bool remove_flag = false;
        2: 6661:    if (ParseGoogleTestFlag(arg)) {
        2: 6661-block  0
        2: 6661-block  1
branch  0 taken 2
branch  1 taken 0
    $$$$$: 6661-block  2
    $$$$$: 6661-block  3
branch  2 never executed
branch  3 never executed
        2: 6662:      remove_flag = true;
        -: 6663:#if GTEST_USE_OWN_FLAGFILE_FLAG_
        2: 6664:    } else if (ParseFlag(arg, "flagfile", &flagfile_value)) {
        2: 6664-block  0
    $$$$$: 6664-block  1
    $$$$$: 6664-block  2
branch  0 never executed
branch  1 never executed
    $$$$$: 6664-block  3
    $$$$$: 6664-block  4
    $$$$$: 6664-block  5
branch  2 never executed
branch  3 never executed
    #####: 6665:      GTEST_FLAG_SET(flagfile, flagfile_value);
    $$$$$: 6665-block  0
    $$$$$: 6665-block  1
    #####: 6666:      LoadFlagsFromFile(flagfile_value);
    $$$$$: 6666-block  0
    $$$$$: 6666-block  1
    #####: 6667:      remove_flag = true;
        -: 6668:#endif  // GTEST_USE_OWN_FLAGFILE_FLAG_
    #####: 6669:    } else if (arg_string == "--help" || arg_string == "-h" ||
    $$$$$: 6669-block  0
    $$$$$: 6669-block  1
    $$$$$: 6669-block  2
    $$$$$: 6669-block  3
    $$$$$: 6669-block  4
    $$$$$: 6669-block  5
    $$$$$: 6669-block  6
    $$$$$: 6669-block  7
    $$$$$: 6669-block  8
    $$$$$: 6669-block  9
    $$$$$: 6669-block 10
    $$$$$: 6669-block 11
    $$$$$: 6669-block 12
    $$$$$: 6669-block 13
    $$$$$: 6669-block 14
    $$$$$: 6669-block 15
    #####: 6670:               arg_string == "-?" || arg_string == "/?" ||
    $$$$$: 6670-block  0
    $$$$$: 6670-block  1
    $$$$$: 6670-block  2
    $$$$$: 6670-block  3
    $$$$$: 6670-block  4
    $$$$$: 6670-block  5
    $$$$$: 6670-block  6
    $$$$$: 6670-block  7
    #####: 6671:               HasGoogleTestFlagPrefix(arg)) {
    $$$$$: 6671-block  0
    $$$$$: 6671-block  1
        -: 6672:      // Both help flag and unrecognized Google Test flags (excluding
        -: 6673:      // internal ones) trigger help display.
    #####: 6674:      g_help_flag = true;
    #####: 6675:    }
    $$$$$: 6675-block  0
    $$$$$: 6675-block  1
        -: 6676:
        2: 6677:    if (remove_flag) {
        2: 6677-block  0
    $$$$$: 6677-block  1
    $$$$$: 6677-block  2
    $$$$$: 6677-block  3
        -: 6678:      // Shift the remainder of the argv list left by one.  Note
        -: 6679:      // that argv has (*argc + 1) elements, the last one always being
        -: 6680:      // NULL.  The following loop moves the trailing NULL element as
        -: 6681:      // well.
        5: 6682:      for (int j = i; j != *argc; j++) {
        2: 6682-block  0
        5: 6682-block  1
branch  0 taken 3
branch  1 taken 2
        3: 6682-block  2
    $$$$$: 6682-block  3
    $$$$$: 6682-block  4
branch  2 never executed
branch  3 never executed
    $$$$$: 6682-block  5
        3: 6683:        argv[j] = argv[j + 1];
        3: 6684:      }
        3: 6684-block  0
    $$$$$: 6684-block  1
        -: 6685:
        -: 6686:      // Decrements the argument count.
        2: 6687:      (*argc)--;
        -: 6688:
        -: 6689:      // We also need to decrement the iterator as we just removed
        -: 6690:      // an element.
        2: 6691:      i--;
        2: 6692:    }
        2: 6692-block  0
    $$$$$: 6692-block  1
        2: 6693:  }
    $$$$$: 6693-block  0
        2: 6693-block  1
    $$$$$: 6693-block  2
    $$$$$: 6693-block  3
        -: 6694:
        1: 6695:  if (g_help_flag) {
    $$$$$: 6695-block  0
        1: 6695-block  1
    $$$$$: 6695-block  2
    $$$$$: 6695-block  3
        -: 6696:    // We print the help here instead of in RUN_ALL_TESTS(), as the
        -: 6697:    // latter may not be called at all if the user is using Google
        -: 6698:    // Test with another testing framework.
    #####: 6699:    PrintColorEncoded(kColorEncodedHelpMessage);
    $$$$$: 6699-block  0
    $$$$$: 6699-block  1
    #####: 6700:  }
    $$$$$: 6700-block  0
    $$$$$: 6700-block  1
        1: 6701:}
    $$$$$: 6701-block  0
        1: 6701-block  1
    $$$$$: 6701-block  2
    $$$$$: 6701-block  3
    $$$$$: 6701-block  4
    $$$$$: 6701-block  5
    $$$$$: 6701-block  6
    $$$$$: 6701-block  7
        -: 6702:
        -: 6703:// Parses the command line for Google Test flags, without initializing
        -: 6704:// other parts of Google Test.
function _ZN7testing8internal24ParseGoogleTestFlagsOnlyEPiPPc called 1 returned 100% blocks executed 75%
        1: 6705:void ParseGoogleTestFlagsOnly(int* argc, char** argv) {
        1: 6706:  ParseGoogleTestFlagsOnlyImpl(argc, argv);
        -: 6707:
        -: 6708:  // Fix the value of *_NSGetArgc() on macOS, but if and only if
        -: 6709:  // *_NSGetArgv() == argv
        -: 6710:  // Only applicable to char** version of argv
        -: 6711:#if GTEST_OS_MAC
        -: 6712:#ifndef GTEST_OS_IOS
        1: 6713:  if (*_NSGetArgv() == argv) {
        1: 6713-block  0
    $$$$$: 6713-block  1
        1: 6714:    *_NSGetArgc() = *argc;
        1: 6715:  }
        1: 6715-block  0
        -: 6716:#endif
        -: 6717:#endif
        1: 6718:}
        1: 6718-block  0
function _ZN7testing8internal24ParseGoogleTestFlagsOnlyEPiPPw called 0 returned 0% blocks executed 0%
    #####: 6719:void ParseGoogleTestFlagsOnly(int* argc, wchar_t** argv) {
    #####: 6720:  ParseGoogleTestFlagsOnlyImpl(argc, argv);
    #####: 6721:}
    $$$$$: 6721-block  0
        -: 6722:
        -: 6723:// The internal implementation of InitGoogleTest().
        -: 6724://
        -: 6725:// The type parameter CharType can be instantiated to either char or
        -: 6726:// wchar_t.
        -: 6727:template <typename CharType>
function _ZN7testing8internal18InitGoogleTestImplIcEEvPiPPT_ called 1 returned 100% blocks executed 69%
function _ZN7testing8internal18InitGoogleTestImplIwEEvPiPPT_ called 0 returned 0% blocks executed 0%
        1: 6728:void InitGoogleTestImpl(int* argc, CharType** argv) {
        -: 6729:  // We don't want to run the initialization code twice.
        1: 6730:  if (GTestIsInitialized()) return;
        1: 6730-block  0
branch  0 taken 0
branch  1 taken 1
    $$$$$: 6730-block  1
    $$$$$: 6730-block  2
branch  2 never executed
branch  3 never executed
    $$$$$: 6730-block  3
        -: 6731:
        1: 6732:  if (*argc <= 0) return;
        1: 6732-block  0
branch  0 taken 0
branch  1 taken 1
    $$$$$: 6732-block  1
    $$$$$: 6732-block  2
branch  2 never executed
branch  3 never executed
    $$$$$: 6732-block  3
        -: 6733:
        1: 6734:  g_argvs.clear();
        4: 6735:  for (int i = 0; i != *argc; i++) {
        1: 6735-block  0
        4: 6735-block  1
branch  0 taken 3
branch  1 taken 1
        3: 6735-block  2
    $$$$$: 6735-block  3
    $$$$$: 6735-block  4
branch  2 never executed
branch  3 never executed
    $$$$$: 6735-block  5
        3: 6736:    g_argvs.push_back(StreamableToString(argv[i]));
        3: 6736-block  0
branch  0 taken 3
branch  1 taken 0
    $$$$$: 6736-block  1
    $$$$$: 6736-block  2
    $$$$$: 6736-block  3
branch  2 never executed
branch  3 never executed
    $$$$$: 6736-block  4
    $$$$$: 6736-block  5
        3: 6737:  }
        3: 6737-block  0
    $$$$$: 6737-block  1
        -: 6738:
        -: 6739:#if GTEST_HAS_ABSL
        -: 6740:  absl::InitializeSymbolizer(g_argvs[0].c_str());
        -: 6741:#endif  // GTEST_HAS_ABSL
        -: 6742:
        1: 6743:  ParseGoogleTestFlagsOnly(argc, argv);
        1: 6744:  GetUnitTestImpl()->PostFlagParsingInit();
        1: 6745:}
        1: 6745-block  0
        1: 6745-block  1
    $$$$$: 6745-block  2
    $$$$$: 6745-block  3
        -: 6746:
        -: 6747:}  // namespace internal
        -: 6748:
        -: 6749:// Initializes Google Test.  This must be called before calling
        -: 6750:// RUN_ALL_TESTS().  In particular, it parses a command line for the
        -: 6751:// flags that Google Test recognizes.  Whenever a Google Test flag is
        -: 6752:// seen, it is removed from argv, and *argc is decremented.
        -: 6753://
        -: 6754:// No value is returned.  Instead, the Google Test flag variables are
        -: 6755:// updated.
        -: 6756://
        -: 6757:// Calling the function for the second time has no user-visible effect.
function _ZN7testing14InitGoogleTestEPiPPc called 1 returned 100% blocks executed 100%
        1: 6758:void InitGoogleTest(int* argc, char** argv) {
        -: 6759:#if defined(GTEST_CUSTOM_INIT_GOOGLE_TEST_FUNCTION_)
        -: 6760:  GTEST_CUSTOM_INIT_GOOGLE_TEST_FUNCTION_(argc, argv);
        -: 6761:#else  // defined(GTEST_CUSTOM_INIT_GOOGLE_TEST_FUNCTION_)
        1: 6762:  internal::InitGoogleTestImpl(argc, argv);
        -: 6763:#endif  // defined(GTEST_CUSTOM_INIT_GOOGLE_TEST_FUNCTION_)
        1: 6764:}
        1: 6764-block  0
        -: 6765:
        -: 6766:// This overloaded version can be used in Windows programs compiled in
        -: 6767:// UNICODE mode.
function _ZN7testing14InitGoogleTestEPiPPw called 0 returned 0% blocks executed 0%
    #####: 6768:void InitGoogleTest(int* argc, wchar_t** argv) {
        -: 6769:#if defined(GTEST_CUSTOM_INIT_GOOGLE_TEST_FUNCTION_)
        -: 6770:  GTEST_CUSTOM_INIT_GOOGLE_TEST_FUNCTION_(argc, argv);
        -: 6771:#else  // defined(GTEST_CUSTOM_INIT_GOOGLE_TEST_FUNCTION_)
    #####: 6772:  internal::InitGoogleTestImpl(argc, argv);
        -: 6773:#endif  // defined(GTEST_CUSTOM_INIT_GOOGLE_TEST_FUNCTION_)
    #####: 6774:}
    $$$$$: 6774-block  0
        -: 6775:
        -: 6776:// This overloaded version can be used on Arduino/embedded platforms where
        -: 6777:// there is no argc/argv.
function _ZN7testing14InitGoogleTestEv called 0 returned 0% blocks executed 0%
    #####: 6778:void InitGoogleTest() {
        -: 6779:  // Since Arduino doesn't have a command line, fake out the argc/argv arguments
    #####: 6780:  int argc = 1;
    #####: 6781:  const auto arg0 = "dummy";
    #####: 6782:  char* argv0 = const_cast<char*>(arg0);
    #####: 6783:  char** argv = &argv0;
        -: 6784:
        -: 6785:#if defined(GTEST_CUSTOM_INIT_GOOGLE_TEST_FUNCTION_)
        -: 6786:  GTEST_CUSTOM_INIT_GOOGLE_TEST_FUNCTION_(&argc, argv);
        -: 6787:#else  // defined(GTEST_CUSTOM_INIT_GOOGLE_TEST_FUNCTION_)
    #####: 6788:  internal::InitGoogleTestImpl(&argc, argv);
        -: 6789:#endif  // defined(GTEST_CUSTOM_INIT_GOOGLE_TEST_FUNCTION_)
    #####: 6790:}
    $$$$$: 6790-block  0
        -: 6791:
function _ZN7testing7TempDirEv called 0 returned 0% blocks executed 0%
    #####: 6792:std::string TempDir() {
        -: 6793:#if defined(GTEST_CUSTOM_TEMPDIR_FUNCTION_)
        -: 6794:  return GTEST_CUSTOM_TEMPDIR_FUNCTION_();
        -: 6795:#elif GTEST_OS_WINDOWS_MOBILE
        -: 6796:  return "\\temp\\";
        -: 6797:#elif GTEST_OS_WINDOWS
        -: 6798:  const char* temp_dir = internal::posix::GetEnv("TEMP");
        -: 6799:  if (temp_dir == nullptr || temp_dir[0] == '\0') {
        -: 6800:    return "\\temp\\";
        -: 6801:  } else if (temp_dir[strlen(temp_dir) - 1] == '\\') {
        -: 6802:    return temp_dir;
        -: 6803:  } else {
        -: 6804:    return std::string(temp_dir) + "\\";
        -: 6805:  }
        -: 6806:#elif GTEST_OS_LINUX_ANDROID
        -: 6807:  const char* temp_dir = internal::posix::GetEnv("TEST_TMPDIR");
        -: 6808:  if (temp_dir == nullptr || temp_dir[0] == '\0') {
        -: 6809:    return "/data/local/tmp/";
        -: 6810:  } else {
        -: 6811:    return temp_dir;
        -: 6812:  }
        -: 6813:#elif GTEST_OS_LINUX
        -: 6814:  const char* temp_dir = internal::posix::GetEnv("TEST_TMPDIR");
        -: 6815:  if (temp_dir == nullptr || temp_dir[0] == '\0') {
        -: 6816:    return "/tmp/";
        -: 6817:  } else {
        -: 6818:    return temp_dir;
        -: 6819:  }
        -: 6820:#else
    #####: 6821:  return "/tmp/";
    $$$$$: 6821-block  0
        -: 6822:#endif  // GTEST_OS_WINDOWS_MOBILE
        -: 6823:}
        -: 6824:
        -: 6825:// Class ScopedTrace
        -: 6826:
        -: 6827:// Pushes the given source file location and message onto a per-thread
        -: 6828:// trace stack maintained by Google Test.
function _ZN7testing11ScopedTrace9PushTraceEPKciNSt3__112basic_stringIcNS3_11char_traitsIcEENS3_9allocatorIcEEEE called 0 returned 0% blocks executed 0%
    #####: 6829:void ScopedTrace::PushTrace(const char* file, int line, std::string message) {
    #####: 6830:  internal::TraceInfo trace;
    #####: 6831:  trace.file = file;
    #####: 6832:  trace.line = line;
    #####: 6833:  trace.message.swap(message);
        -: 6834:
    #####: 6835:  UnitTest::GetInstance()->PushGTestTrace(trace);
    $$$$$: 6835-block  0
    $$$$$: 6835-block  1
    #####: 6836:}
    $$$$$: 6836-block  0
    $$$$$: 6836-block  1
    $$$$$: 6836-block  2
        -: 6837:
        -: 6838:// Pops the info pushed by the c'tor.
function _ZN7testing11ScopedTraceD2Ev called 0 returned 0% blocks executed 0%
function _ZN7testing11ScopedTraceD1Ev called 0 returned 0% blocks executed 0%
    #####: 6839:ScopedTrace::~ScopedTrace()
    #####: 6840:    GTEST_LOCK_EXCLUDED_(&UnitTest::mutex_) {
    #####: 6841:  UnitTest::GetInstance()->PopGTestTrace();
    $$$$$: 6841-block  0
    $$$$$: 6841-block  1
    $$$$$: 6841-block  2
    #####: 6842:}
    $$$$$: 6842-block  0
    $$$$$: 6842-block  1
        -: 6843:
        -: 6844:}  // namespace testing
