        -:    0:Source:/Library/Developer/CommandLineTools/SDKs/MacOSX12.1.sdk/usr/include/c++/v1/vector
        -:    0:Graph:/Users/maxbazarov/Documents/Software_testing/ctest/cmake-build-default/tests/googletest/googletest/CMakeFiles/gtest.dir/src/gtest-all.cc.gcno
        -:    0:Data:/Users/maxbazarov/Documents/Software_testing/ctest/cmake-build-default/tests/googletest/googletest/CMakeFiles/gtest.dir/src/gtest-all.cc.gcda
        -:    0:Runs:1
        -:    0:Programs:1
        -:    1:// -*- C++ -*-
        -:    2://===------------------------------ vector --------------------------------===//
        -:    3://
        -:    4:// Part of the LLVM Project, under the Apache License v2.0 with LLVM Exceptions.
        -:    5:// See https://llvm.org/LICENSE.txt for license information.
        -:    6:// SPDX-License-Identifier: Apache-2.0 WITH LLVM-exception
        -:    7://
        -:    8://===----------------------------------------------------------------------===//
        -:    9:
        -:   10:#ifndef _LIBCPP_VECTOR
        -:   11:#define _LIBCPP_VECTOR
        -:   12:
        -:   13:/*
        -:   14:    vector synopsis
        -:   15:
        -:   16:namespace std
        -:   17:{
        -:   18:
        -:   19:template <class T, class Allocator = allocator<T> >
        -:   20:class vector
        -:   21:{
        -:   22:public:
        -:   23:    typedef T                                        value_type;
        -:   24:    typedef Allocator                                allocator_type;
        -:   25:    typedef typename allocator_type::reference       reference;
        -:   26:    typedef typename allocator_type::const_reference const_reference;
        -:   27:    typedef implementation-defined                   iterator;
        -:   28:    typedef implementation-defined                   const_iterator;
        -:   29:    typedef typename allocator_type::size_type       size_type;
        -:   30:    typedef typename allocator_type::difference_type difference_type;
        -:   31:    typedef typename allocator_type::pointer         pointer;
        -:   32:    typedef typename allocator_type::const_pointer   const_pointer;
        -:   33:    typedef std::reverse_iterator<iterator>          reverse_iterator;
        -:   34:    typedef std::reverse_iterator<const_iterator>    const_reverse_iterator;
        -:   35:
        -:   36:    vector()
        -:   37:        noexcept(is_nothrow_default_constructible<allocator_type>::value);
        -:   38:    explicit vector(const allocator_type&);
        -:   39:    explicit vector(size_type n);
        -:   40:    explicit vector(size_type n, const allocator_type&); // C++14
        -:   41:    vector(size_type n, const value_type& value, const allocator_type& = allocator_type());
        -:   42:    template <class InputIterator>
        -:   43:        vector(InputIterator first, InputIterator last, const allocator_type& = allocator_type());
        -:   44:    vector(const vector& x);
        -:   45:    vector(vector&& x)
        -:   46:        noexcept(is_nothrow_move_constructible<allocator_type>::value);
        -:   47:    vector(initializer_list<value_type> il);
        -:   48:    vector(initializer_list<value_type> il, const allocator_type& a);
        -:   49:    ~vector();
        -:   50:    vector& operator=(const vector& x);
        -:   51:    vector& operator=(vector&& x)
        -:   52:        noexcept(
        -:   53:             allocator_type::propagate_on_container_move_assignment::value ||
        -:   54:             allocator_type::is_always_equal::value); // C++17
        -:   55:    vector& operator=(initializer_list<value_type> il);
        -:   56:    template <class InputIterator>
        -:   57:        void assign(InputIterator first, InputIterator last);
        -:   58:    void assign(size_type n, const value_type& u);
        -:   59:    void assign(initializer_list<value_type> il);
        -:   60:
        -:   61:    allocator_type get_allocator() const noexcept;
        -:   62:
        -:   63:    iterator               begin() noexcept;
        -:   64:    const_iterator         begin()   const noexcept;
        -:   65:    iterator               end() noexcept;
        -:   66:    const_iterator         end()     const noexcept;
        -:   67:
        -:   68:    reverse_iterator       rbegin() noexcept;
        -:   69:    const_reverse_iterator rbegin()  const noexcept;
        -:   70:    reverse_iterator       rend() noexcept;
        -:   71:    const_reverse_iterator rend()    const noexcept;
        -:   72:
        -:   73:    const_iterator         cbegin()  const noexcept;
        -:   74:    const_iterator         cend()    const noexcept;
        -:   75:    const_reverse_iterator crbegin() const noexcept;
        -:   76:    const_reverse_iterator crend()   const noexcept;
        -:   77:
        -:   78:    size_type size() const noexcept;
        -:   79:    size_type max_size() const noexcept;
        -:   80:    size_type capacity() const noexcept;
        -:   81:    bool empty() const noexcept;
        -:   82:    void reserve(size_type n);
        -:   83:    void shrink_to_fit() noexcept;
        -:   84:
        -:   85:    reference       operator[](size_type n);
        -:   86:    const_reference operator[](size_type n) const;
        -:   87:    reference       at(size_type n);
        -:   88:    const_reference at(size_type n) const;
        -:   89:
        -:   90:    reference       front();
        -:   91:    const_reference front() const;
        -:   92:    reference       back();
        -:   93:    const_reference back() const;
        -:   94:
        -:   95:    value_type*       data() noexcept;
        -:   96:    const value_type* data() const noexcept;
        -:   97:
        -:   98:    void push_back(const value_type& x);
        -:   99:    void push_back(value_type&& x);
        -:  100:    template <class... Args>
        -:  101:        reference emplace_back(Args&&... args); // reference in C++17
        -:  102:    void pop_back();
        -:  103:
        -:  104:    template <class... Args> iterator emplace(const_iterator position, Args&&... args);
        -:  105:    iterator insert(const_iterator position, const value_type& x);
        -:  106:    iterator insert(const_iterator position, value_type&& x);
        -:  107:    iterator insert(const_iterator position, size_type n, const value_type& x);
        -:  108:    template <class InputIterator>
        -:  109:        iterator insert(const_iterator position, InputIterator first, InputIterator last);
        -:  110:    iterator insert(const_iterator position, initializer_list<value_type> il);
        -:  111:
        -:  112:    iterator erase(const_iterator position);
        -:  113:    iterator erase(const_iterator first, const_iterator last);
        -:  114:
        -:  115:    void clear() noexcept;
        -:  116:
        -:  117:    void resize(size_type sz);
        -:  118:    void resize(size_type sz, const value_type& c);
        -:  119:
        -:  120:    void swap(vector&)
        -:  121:        noexcept(allocator_traits<allocator_type>::propagate_on_container_swap::value ||
        -:  122:                 allocator_traits<allocator_type>::is_always_equal::value);  // C++17
        -:  123:
        -:  124:    bool __invariants() const;
        -:  125:};
        -:  126:
        -:  127:template <class Allocator = allocator<T> >
        -:  128:class vector<bool, Allocator>
        -:  129:{
        -:  130:public:
        -:  131:    typedef bool                                     value_type;
        -:  132:    typedef Allocator                                allocator_type;
        -:  133:    typedef implementation-defined                   iterator;
        -:  134:    typedef implementation-defined                   const_iterator;
        -:  135:    typedef typename allocator_type::size_type       size_type;
        -:  136:    typedef typename allocator_type::difference_type difference_type;
        -:  137:    typedef iterator                                 pointer;
        -:  138:    typedef const_iterator                           const_pointer;
        -:  139:    typedef std::reverse_iterator<iterator>          reverse_iterator;
        -:  140:    typedef std::reverse_iterator<const_iterator>    const_reverse_iterator;
        -:  141:
        -:  142:    class reference
        -:  143:    {
        -:  144:    public:
        -:  145:        reference(const reference&) noexcept;
        -:  146:        operator bool() const noexcept;
        -:  147:        reference& operator=(const bool x) noexcept;
        -:  148:        reference& operator=(const reference& x) noexcept;
        -:  149:        iterator operator&() const noexcept;
        -:  150:        void flip() noexcept;
        -:  151:    };
        -:  152:
        -:  153:    class const_reference
        -:  154:    {
        -:  155:    public:
        -:  156:        const_reference(const reference&) noexcept;
        -:  157:        operator bool() const noexcept;
        -:  158:        const_iterator operator&() const noexcept;
        -:  159:    };
        -:  160:
        -:  161:    vector()
        -:  162:        noexcept(is_nothrow_default_constructible<allocator_type>::value);
        -:  163:    explicit vector(const allocator_type&);
        -:  164:    explicit vector(size_type n, const allocator_type& a = allocator_type()); // C++14
        -:  165:    vector(size_type n, const value_type& value, const allocator_type& = allocator_type());
        -:  166:    template <class InputIterator>
        -:  167:        vector(InputIterator first, InputIterator last, const allocator_type& = allocator_type());
        -:  168:    vector(const vector& x);
        -:  169:    vector(vector&& x)
        -:  170:        noexcept(is_nothrow_move_constructible<allocator_type>::value);
        -:  171:    vector(initializer_list<value_type> il);
        -:  172:    vector(initializer_list<value_type> il, const allocator_type& a);
        -:  173:    ~vector();
        -:  174:    vector& operator=(const vector& x);
        -:  175:    vector& operator=(vector&& x)
        -:  176:        noexcept(
        -:  177:             allocator_type::propagate_on_container_move_assignment::value ||
        -:  178:             allocator_type::is_always_equal::value); // C++17
        -:  179:    vector& operator=(initializer_list<value_type> il);
        -:  180:    template <class InputIterator>
        -:  181:        void assign(InputIterator first, InputIterator last);
        -:  182:    void assign(size_type n, const value_type& u);
        -:  183:    void assign(initializer_list<value_type> il);
        -:  184:
        -:  185:    allocator_type get_allocator() const noexcept;
        -:  186:
        -:  187:    iterator               begin() noexcept;
        -:  188:    const_iterator         begin()   const noexcept;
        -:  189:    iterator               end() noexcept;
        -:  190:    const_iterator         end()     const noexcept;
        -:  191:
        -:  192:    reverse_iterator       rbegin() noexcept;
        -:  193:    const_reverse_iterator rbegin()  const noexcept;
        -:  194:    reverse_iterator       rend() noexcept;
        -:  195:    const_reverse_iterator rend()    const noexcept;
        -:  196:
        -:  197:    const_iterator         cbegin()  const noexcept;
        -:  198:    const_iterator         cend()    const noexcept;
        -:  199:    const_reverse_iterator crbegin() const noexcept;
        -:  200:    const_reverse_iterator crend()   const noexcept;
        -:  201:
        -:  202:    size_type size() const noexcept;
        -:  203:    size_type max_size() const noexcept;
        -:  204:    size_type capacity() const noexcept;
        -:  205:    bool empty() const noexcept;
        -:  206:    void reserve(size_type n);
        -:  207:    void shrink_to_fit() noexcept;
        -:  208:
        -:  209:    reference       operator[](size_type n);
        -:  210:    const_reference operator[](size_type n) const;
        -:  211:    reference       at(size_type n);
        -:  212:    const_reference at(size_type n) const;
        -:  213:
        -:  214:    reference       front();
        -:  215:    const_reference front() const;
        -:  216:    reference       back();
        -:  217:    const_reference back() const;
        -:  218:
        -:  219:    void push_back(const value_type& x);
        -:  220:    template <class... Args> reference emplace_back(Args&&... args);  // C++14; reference in C++17
        -:  221:    void pop_back();
        -:  222:
        -:  223:    template <class... Args> iterator emplace(const_iterator position, Args&&... args);  // C++14
        -:  224:    iterator insert(const_iterator position, const value_type& x);
        -:  225:    iterator insert(const_iterator position, size_type n, const value_type& x);
        -:  226:    template <class InputIterator>
        -:  227:        iterator insert(const_iterator position, InputIterator first, InputIterator last);
        -:  228:    iterator insert(const_iterator position, initializer_list<value_type> il);
        -:  229:
        -:  230:    iterator erase(const_iterator position);
        -:  231:    iterator erase(const_iterator first, const_iterator last);
        -:  232:
        -:  233:    void clear() noexcept;
        -:  234:
        -:  235:    void resize(size_type sz);
        -:  236:    void resize(size_type sz, value_type x);
        -:  237:
        -:  238:    void swap(vector&)
        -:  239:        noexcept(allocator_traits<allocator_type>::propagate_on_container_swap::value ||
        -:  240:                 allocator_traits<allocator_type>::is_always_equal::value);  // C++17
        -:  241:    void flip() noexcept;
        -:  242:
        -:  243:    bool __invariants() const;
        -:  244:};
        -:  245:
        -:  246:template <class InputIterator, class Allocator = allocator<typename iterator_traits<InputIterator>::value_type>>
        -:  247:   vector(InputIterator, InputIterator, Allocator = Allocator())
        -:  248:   -> vector<typename iterator_traits<InputIterator>::value_type, Allocator>;
        -:  249:
        -:  250:template <class Allocator> struct hash<std::vector<bool, Allocator>>;
        -:  251:
        -:  252:template <class T, class Allocator> bool operator==(const vector<T,Allocator>& x, const vector<T,Allocator>& y);
        -:  253:template <class T, class Allocator> bool operator< (const vector<T,Allocator>& x, const vector<T,Allocator>& y);
        -:  254:template <class T, class Allocator> bool operator!=(const vector<T,Allocator>& x, const vector<T,Allocator>& y);
        -:  255:template <class T, class Allocator> bool operator> (const vector<T,Allocator>& x, const vector<T,Allocator>& y);
        -:  256:template <class T, class Allocator> bool operator>=(const vector<T,Allocator>& x, const vector<T,Allocator>& y);
        -:  257:template <class T, class Allocator> bool operator<=(const vector<T,Allocator>& x, const vector<T,Allocator>& y);
        -:  258:
        -:  259:template <class T, class Allocator>
        -:  260:void swap(vector<T,Allocator>& x, vector<T,Allocator>& y)
        -:  261:    noexcept(noexcept(x.swap(y)));
        -:  262:
        -:  263:template <class T, class Allocator, class U>
        -:  264:typename vector<T, Allocator>::size_type
        -:  265:erase(vector<T, Allocator>& c, const U& value);       // C++20
        -:  266:template <class T, class Allocator, class Predicate>
        -:  267:typename vector<T, Allocator>::size_type
        -:  268:erase_if(vector<T, Allocator>& c, Predicate pred);    // C++20
        -:  269:
        -:  270:}  // std
        -:  271:
        -:  272:*/
        -:  273:
        -:  274:#include <__config>
        -:  275:#include <iosfwd> // for forward declaration of vector
        -:  276:#include <__bit_reference>
        -:  277:#include <type_traits>
        -:  278:#include <climits>
        -:  279:#include <limits>
        -:  280:#include <initializer_list>
        -:  281:#include <memory>
        -:  282:#include <stdexcept>
        -:  283:#include <algorithm>
        -:  284:#include <cstring>
        -:  285:#include <version>
        -:  286:#include <__split_buffer>
        -:  287:#include <__functional_base>
        -:  288:
        -:  289:#include <__debug>
        -:  290:
        -:  291:#if !defined(_LIBCPP_HAS_NO_PRAGMA_SYSTEM_HEADER)
        -:  292:#pragma GCC system_header
        -:  293:#endif
        -:  294:
        -:  295:_LIBCPP_PUSH_MACROS
        -:  296:#include <__undef_macros>
        -:  297:
        -:  298:
        -:  299:_LIBCPP_BEGIN_NAMESPACE_STD
        -:  300:
        -:  301:template <bool>
        -:  302:class _LIBCPP_TEMPLATE_VIS __vector_base_common
        -:  303:{
        -:  304:protected:
function _ZNSt3__120__vector_base_commonILb1EEC2Ev called 66 returned 100% blocks executed 100%
       66:  305:    _LIBCPP_INLINE_VISIBILITY __vector_base_common() {}
       66:  305-block  0
        -:  306:    _LIBCPP_NORETURN void __throw_length_error() const;
        -:  307:    _LIBCPP_NORETURN void __throw_out_of_range() const;
        -:  308:};
        -:  309:
        -:  310:template <bool __b>
        -:  311:void
        -:  312:__vector_base_common<__b>::__throw_length_error() const
        -:  313:{
        -:  314:    _VSTD::__throw_length_error("vector");
        -:  315:}
        -:  316:
        -:  317:template <bool __b>
        -:  318:void
        -:  319:__vector_base_common<__b>::__throw_out_of_range() const
        -:  320:{
        -:  321:    _VSTD::__throw_out_of_range("vector");
        -:  322:}
        -:  323:
        -:  324:_LIBCPP_EXTERN_TEMPLATE(class _LIBCPP_EXTERN_TEMPLATE_TYPE_VIS __vector_base_common<true>)
        -:  325:
        -:  326:template <class _Tp, class _Allocator>
        -:  327:class __vector_base
        -:  328:    : protected __vector_base_common<true>
        -:  329:{
        -:  330:public:
        -:  331:    typedef _Allocator                               allocator_type;
        -:  332:    typedef allocator_traits<allocator_type>         __alloc_traits;
        -:  333:    typedef typename __alloc_traits::size_type       size_type;
        -:  334:protected:
        -:  335:    typedef _Tp                                      value_type;
        -:  336:    typedef value_type&                              reference;
        -:  337:    typedef const value_type&                        const_reference;
        -:  338:    typedef typename __alloc_traits::difference_type difference_type;
        -:  339:    typedef typename __alloc_traits::pointer         pointer;
        -:  340:    typedef typename __alloc_traits::const_pointer   const_pointer;
        -:  341:    typedef pointer                                  iterator;
        -:  342:    typedef const_pointer                            const_iterator;
        -:  343:
        -:  344:    pointer                                         __begin_;
        -:  345:    pointer                                         __end_;
        -:  346:    __compressed_pair<pointer, allocator_type> __end_cap_;
        -:  347:
        -:  348:    _LIBCPP_INLINE_VISIBILITY
function _ZNSt3__113__vector_baseINS_12basic_stringIcNS_11char_traitsIcEENS_9allocatorIcEEEENS4_IS6_EEE7__allocEv called 111 returned 100% blocks executed 100%
function _ZNSt3__113__vector_baseIPN7testing8internal30ParameterizedTestSuiteInfoBaseENS_9allocatorIS4_EEE7__allocEv called 0 returned 0% blocks executed 0%
function _ZNSt3__113__vector_baseIPcNS_9allocatorIS1_EEE7__allocEv called 0 returned 0% blocks executed 0%
function _ZNSt3__113__vector_baseIN7testing14TestPartResultENS_9allocatorIS2_EEE7__allocEv called 0 returned 0% blocks executed 0%
function _ZNSt3__113__vector_baseIdNS_9allocatorIdEEE7__allocEv called 0 returned 0% blocks executed 0%
function _ZNSt3__113__vector_baseINS_6vectorIdNS_9allocatorIdEEEENS2_IS4_EEE7__allocEv called 0 returned 0% blocks executed 0%
function _ZNSt3__113__vector_baseIN7testing8internal13edit_distance8EditTypeENS_9allocatorIS4_EEE7__allocEv called 0 returned 0% blocks executed 0%
function _ZNSt3__113__vector_baseINS_6vectorIN7testing8internal13edit_distance8EditTypeENS_9allocatorIS5_EEEENS6_IS8_EEE7__allocEv called 0 returned 0% blocks executed 0%
function _ZNSt3__113__vector_baseImNS_9allocatorImEEE7__allocEv called 0 returned 0% blocks executed 0%
function _ZNSt3__113__vector_baseIN7testing12TestPropertyENS_9allocatorIS2_EEE7__allocEv called 0 returned 0% blocks executed 0%
function _ZNSt3__113__vector_baseIPN7testing8TestInfoENS_9allocatorIS3_EEE7__allocEv called 17 returned 100% blocks executed 100%
function _ZNSt3__113__vector_baseIiNS_9allocatorIiEEE7__allocEv called 24 returned 100% blocks executed 100%
function _ZNSt3__113__vector_baseIPN7testing17TestEventListenerENS_9allocatorIS3_EEE7__allocEv called 2 returned 100% blocks executed 100%
function _ZNSt3__113__vector_baseIPN7testing11EnvironmentENS_9allocatorIS3_EEE7__allocEv called 0 returned 0% blocks executed 0%
function _ZNSt3__113__vector_baseIN7testing8internal9TraceInfoENS_9allocatorIS3_EEE7__allocEv called 0 returned 0% blocks executed 0%
function _ZNSt3__113__vector_baseIPN7testing9TestSuiteENS_9allocatorIS3_EEE7__allocEv called 7 returned 100% blocks executed 100%
      161:  349:    allocator_type& __alloc() _NOEXCEPT
      161:  350:        {return __end_cap_.second();}
      111:  350-block  0
    $$$$$:  350-block  1
    $$$$$:  350-block  2
    $$$$$:  350-block  3
    $$$$$:  350-block  4
    $$$$$:  350-block  5
    $$$$$:  350-block  6
    $$$$$:  350-block  7
    $$$$$:  350-block  8
    $$$$$:  350-block  9
       17:  350-block 10
       24:  350-block 11
        2:  350-block 12
    $$$$$:  350-block 13
    $$$$$:  350-block 14
        7:  350-block 15
        -:  351:    _LIBCPP_INLINE_VISIBILITY
function _ZNKSt3__113__vector_baseINS_12basic_stringIcNS_11char_traitsIcEENS_9allocatorIcEEEENS4_IS6_EEE7__allocEv called 18 returned 100% blocks executed 100%
function _ZNKSt3__113__vector_baseIPcNS_9allocatorIS1_EEE7__allocEv called 0 returned 0% blocks executed 0%
function _ZNKSt3__113__vector_baseIdNS_9allocatorIdEEE7__allocEv called 0 returned 0% blocks executed 0%
function _ZNKSt3__113__vector_baseINS_6vectorIdNS_9allocatorIdEEEENS2_IS4_EEE7__allocEv called 0 returned 0% blocks executed 0%
function _ZNKSt3__113__vector_baseIN7testing8internal13edit_distance8EditTypeENS_9allocatorIS4_EEE7__allocEv called 0 returned 0% blocks executed 0%
function _ZNKSt3__113__vector_baseINS_6vectorIN7testing8internal13edit_distance8EditTypeENS_9allocatorIS5_EEEENS6_IS8_EEE7__allocEv called 0 returned 0% blocks executed 0%
function _ZNKSt3__113__vector_baseImNS_9allocatorImEEE7__allocEv called 0 returned 0% blocks executed 0%
function _ZNKSt3__113__vector_baseIN7testing14TestPartResultENS_9allocatorIS2_EEE7__allocEv called 0 returned 0% blocks executed 0%
function _ZNKSt3__113__vector_baseIN7testing12TestPropertyENS_9allocatorIS2_EEE7__allocEv called 0 returned 0% blocks executed 0%
function _ZNKSt3__113__vector_baseIPN7testing8TestInfoENS_9allocatorIS3_EEE7__allocEv called 8 returned 100% blocks executed 100%
function _ZNKSt3__113__vector_baseIiNS_9allocatorIiEEE7__allocEv called 11 returned 100% blocks executed 100%
function _ZNKSt3__113__vector_baseIPN7testing17TestEventListenerENS_9allocatorIS3_EEE7__allocEv called 1 returned 100% blocks executed 100%
function _ZNKSt3__113__vector_baseIPN7testing11EnvironmentENS_9allocatorIS3_EEE7__allocEv called 0 returned 0% blocks executed 0%
function _ZNKSt3__113__vector_baseIN7testing8internal9TraceInfoENS_9allocatorIS3_EEE7__allocEv called 0 returned 0% blocks executed 0%
function _ZNKSt3__113__vector_baseIPN7testing9TestSuiteENS_9allocatorIS3_EEE7__allocEv called 3 returned 100% blocks executed 100%
       41:  352:    const allocator_type& __alloc() const _NOEXCEPT
       41:  353:        {return __end_cap_.second();}
       18:  353-block  0
    $$$$$:  353-block  1
    $$$$$:  353-block  2
    $$$$$:  353-block  3
    $$$$$:  353-block  4
    $$$$$:  353-block  5
    $$$$$:  353-block  6
    $$$$$:  353-block  7
    $$$$$:  353-block  8
        8:  353-block  9
       11:  353-block 10
        1:  353-block 11
    $$$$$:  353-block 12
    $$$$$:  353-block 13
        3:  353-block 14
        -:  354:    _LIBCPP_INLINE_VISIBILITY
function _ZNSt3__113__vector_baseINS_12basic_stringIcNS_11char_traitsIcEENS_9allocatorIcEEEENS4_IS6_EEE9__end_capEv called 65 returned 100% blocks executed 100%
function _ZNSt3__113__vector_baseIPcNS_9allocatorIS1_EEE9__end_capEv called 0 returned 0% blocks executed 0%
function _ZNSt3__113__vector_baseIdNS_9allocatorIdEEE9__end_capEv called 0 returned 0% blocks executed 0%
function _ZNSt3__113__vector_baseINS_6vectorIdNS_9allocatorIdEEEENS2_IS4_EEE9__end_capEv called 0 returned 0% blocks executed 0%
function _ZNSt3__113__vector_baseIN7testing8internal13edit_distance8EditTypeENS_9allocatorIS4_EEE9__end_capEv called 0 returned 0% blocks executed 0%
function _ZNSt3__113__vector_baseINS_6vectorIN7testing8internal13edit_distance8EditTypeENS_9allocatorIS5_EEEENS6_IS8_EEE9__end_capEv called 0 returned 0% blocks executed 0%
function _ZNSt3__113__vector_baseImNS_9allocatorImEEE9__end_capEv called 0 returned 0% blocks executed 0%
function _ZNSt3__113__vector_baseIN7testing14TestPartResultENS_9allocatorIS2_EEE9__end_capEv called 0 returned 0% blocks executed 0%
function _ZNSt3__113__vector_baseIN7testing12TestPropertyENS_9allocatorIS2_EEE9__end_capEv called 0 returned 0% blocks executed 0%
function _ZNSt3__113__vector_baseIPN7testing8TestInfoENS_9allocatorIS3_EEE9__end_capEv called 17 returned 100% blocks executed 100%
function _ZNSt3__113__vector_baseIiNS_9allocatorIiEEE9__end_capEv called 24 returned 100% blocks executed 100%
function _ZNSt3__113__vector_baseIPN7testing17TestEventListenerENS_9allocatorIS3_EEE9__end_capEv called 2 returned 100% blocks executed 100%
function _ZNSt3__113__vector_baseIPN7testing11EnvironmentENS_9allocatorIS3_EEE9__end_capEv called 0 returned 0% blocks executed 0%
function _ZNSt3__113__vector_baseIN7testing8internal9TraceInfoENS_9allocatorIS3_EEE9__end_capEv called 0 returned 0% blocks executed 0%
function _ZNSt3__113__vector_baseIPN7testing9TestSuiteENS_9allocatorIS3_EEE9__end_capEv called 7 returned 100% blocks executed 100%
      115:  355:    pointer& __end_cap() _NOEXCEPT
      115:  356:        {return __end_cap_.first();}
       65:  356-block  0
    $$$$$:  356-block  1
    $$$$$:  356-block  2
    $$$$$:  356-block  3
    $$$$$:  356-block  4
    $$$$$:  356-block  5
    $$$$$:  356-block  6
    $$$$$:  356-block  7
    $$$$$:  356-block  8
       17:  356-block  9
       24:  356-block 10
        2:  356-block 11
    $$$$$:  356-block 12
    $$$$$:  356-block 13
        7:  356-block 14
        -:  357:    _LIBCPP_INLINE_VISIBILITY
function _ZNKSt3__113__vector_baseINS_12basic_stringIcNS_11char_traitsIcEENS_9allocatorIcEEEENS4_IS6_EEE9__end_capEv called 170 returned 100% blocks executed 100%
function _ZNKSt3__113__vector_baseIPN7testing8internal30ParameterizedTestSuiteInfoBaseENS_9allocatorIS4_EEE9__end_capEv called 0 returned 0% blocks executed 0%
function _ZNKSt3__113__vector_baseIPcNS_9allocatorIS1_EEE9__end_capEv called 0 returned 0% blocks executed 0%
function _ZNKSt3__113__vector_baseIN7testing14TestPartResultENS_9allocatorIS2_EEE9__end_capEv called 13 returned 100% blocks executed 100%
function _ZNKSt3__113__vector_baseIdNS_9allocatorIdEEE9__end_capEv called 0 returned 0% blocks executed 0%
function _ZNKSt3__113__vector_baseINS_6vectorIdNS_9allocatorIdEEEENS2_IS4_EEE9__end_capEv called 0 returned 0% blocks executed 0%
function _ZNKSt3__113__vector_baseIN7testing8internal13edit_distance8EditTypeENS_9allocatorIS4_EEE9__end_capEv called 0 returned 0% blocks executed 0%
function _ZNKSt3__113__vector_baseINS_6vectorIN7testing8internal13edit_distance8EditTypeENS_9allocatorIS5_EEEENS6_IS8_EEE9__end_capEv called 0 returned 0% blocks executed 0%
function _ZNKSt3__113__vector_baseImNS_9allocatorImEEE9__end_capEv called 0 returned 0% blocks executed 0%
function _ZNKSt3__113__vector_baseIN7testing12TestPropertyENS_9allocatorIS2_EEE9__end_capEv called 13 returned 100% blocks executed 100%
function _ZNKSt3__113__vector_baseIPN7testing8TestInfoENS_9allocatorIS3_EEE9__end_capEv called 40 returned 100% blocks executed 100%
function _ZNKSt3__113__vector_baseIiNS_9allocatorIiEEE9__end_capEv called 55 returned 100% blocks executed 100%
function _ZNKSt3__113__vector_baseIPN7testing17TestEventListenerENS_9allocatorIS3_EEE9__end_capEv called 5 returned 100% blocks executed 100%
function _ZNKSt3__113__vector_baseIPN7testing11EnvironmentENS_9allocatorIS3_EEE9__end_capEv called 0 returned 0% blocks executed 0%
function _ZNKSt3__113__vector_baseIN7testing8internal9TraceInfoENS_9allocatorIS3_EEE9__end_capEv called 0 returned 0% blocks executed 0%
function _ZNKSt3__113__vector_baseIPN7testing9TestSuiteENS_9allocatorIS3_EEE9__end_capEv called 15 returned 100% blocks executed 100%
      311:  358:    const pointer& __end_cap() const _NOEXCEPT
      311:  359:        {return __end_cap_.first();}
      170:  359-block  0
    $$$$$:  359-block  1
    $$$$$:  359-block  2
       13:  359-block  3
    $$$$$:  359-block  4
    $$$$$:  359-block  5
    $$$$$:  359-block  6
    $$$$$:  359-block  7
    $$$$$:  359-block  8
       13:  359-block  9
       40:  359-block 10
       55:  359-block 11
        5:  359-block 12
    $$$$$:  359-block 13
    $$$$$:  359-block 14
       15:  359-block 15
        -:  360:
        -:  361:    _LIBCPP_INLINE_VISIBILITY
       64:  362:    __vector_base()
       23:  362-block  0
    $$$$$:  362-block  1
        -:  363:        _NOEXCEPT_(is_nothrow_default_constructible<allocator_type>::value);
        -:  364:    _LIBCPP_INLINE_VISIBILITY __vector_base(const allocator_type& __a);
        -:  365:#ifndef _LIBCPP_CXX03_LANG
        2:  366:    _LIBCPP_INLINE_VISIBILITY __vector_base(allocator_type&& __a) _NOEXCEPT;
        -:  367:#endif
        -:  368:    ~__vector_base();
        -:  369:
        -:  370:    _LIBCPP_INLINE_VISIBILITY
function _ZNSt3__113__vector_baseINS_12basic_stringIcNS_11char_traitsIcEENS_9allocatorIcEEEENS4_IS6_EEE5clearEv called 15 returned 100% blocks executed 100%
function _ZNSt3__113__vector_baseIPN7testing8internal30ParameterizedTestSuiteInfoBaseENS_9allocatorIS4_EEE5clearEv called 0 returned 0% blocks executed 0%
function _ZNSt3__113__vector_baseIPcNS_9allocatorIS1_EEE5clearEv called 0 returned 0% blocks executed 0%
function _ZNSt3__113__vector_baseIN7testing14TestPartResultENS_9allocatorIS2_EEE5clearEv called 13 returned 100% blocks executed 100%
function _ZNSt3__113__vector_baseIdNS_9allocatorIdEEE5clearEv called 0 returned 0% blocks executed 0%
function _ZNSt3__113__vector_baseINS_6vectorIdNS_9allocatorIdEEEENS2_IS4_EEE5clearEv called 0 returned 0% blocks executed 0%
function _ZNSt3__113__vector_baseIN7testing8internal13edit_distance8EditTypeENS_9allocatorIS4_EEE5clearEv called 0 returned 0% blocks executed 0%
function _ZNSt3__113__vector_baseINS_6vectorIN7testing8internal13edit_distance8EditTypeENS_9allocatorIS5_EEEENS6_IS8_EEE5clearEv called 0 returned 0% blocks executed 0%
function _ZNSt3__113__vector_baseImNS_9allocatorImEEE5clearEv called 0 returned 0% blocks executed 0%
function _ZNSt3__113__vector_baseIN7testing12TestPropertyENS_9allocatorIS2_EEE5clearEv called 13 returned 100% blocks executed 100%
function _ZNSt3__113__vector_baseIPN7testing8TestInfoENS_9allocatorIS3_EEE5clearEv called 0 returned 0% blocks executed 0%
function _ZNSt3__113__vector_baseIiNS_9allocatorIiEEE5clearEv called 0 returned 0% blocks executed 0%
function _ZNSt3__113__vector_baseIPN7testing17TestEventListenerENS_9allocatorIS3_EEE5clearEv called 0 returned 0% blocks executed 0%
function _ZNSt3__113__vector_baseIN7testing8internal9TraceInfoENS_9allocatorIS3_EEE5clearEv called 0 returned 0% blocks executed 0%
function _ZNSt3__113__vector_baseIPN7testing11EnvironmentENS_9allocatorIS3_EEE5clearEv called 0 returned 0% blocks executed 0%
function _ZNSt3__113__vector_baseIPN7testing9TestSuiteENS_9allocatorIS3_EEE5clearEv called 0 returned 0% blocks executed 0%
       41:  371:    void clear() _NOEXCEPT {__destruct_at_end(__begin_);}
       15:  371-block  0
    $$$$$:  371-block  1
    $$$$$:  371-block  2
       13:  371-block  3
    $$$$$:  371-block  4
    $$$$$:  371-block  5
    $$$$$:  371-block  6
    $$$$$:  371-block  7
    $$$$$:  371-block  8
       13:  371-block  9
    $$$$$:  371-block 10
    $$$$$:  371-block 11
    $$$$$:  371-block 12
    $$$$$:  371-block 13
    $$$$$:  371-block 14
    $$$$$:  371-block 15
        -:  372:    _LIBCPP_INLINE_VISIBILITY
function _ZNKSt3__113__vector_baseINS_12basic_stringIcNS_11char_traitsIcEENS_9allocatorIcEEEENS4_IS6_EEE8capacityEv called 170 returned 100% blocks executed 100%
function _ZNKSt3__113__vector_baseIPN7testing8internal30ParameterizedTestSuiteInfoBaseENS_9allocatorIS4_EEE8capacityEv called 0 returned 0% blocks executed 0%
function _ZNKSt3__113__vector_baseIPcNS_9allocatorIS1_EEE8capacityEv called 0 returned 0% blocks executed 0%
function _ZNKSt3__113__vector_baseIN7testing14TestPartResultENS_9allocatorIS2_EEE8capacityEv called 13 returned 100% blocks executed 100%
function _ZNKSt3__113__vector_baseIdNS_9allocatorIdEEE8capacityEv called 0 returned 0% blocks executed 0%
function _ZNKSt3__113__vector_baseINS_6vectorIdNS_9allocatorIdEEEENS2_IS4_EEE8capacityEv called 0 returned 0% blocks executed 0%
function _ZNKSt3__113__vector_baseIN7testing8internal13edit_distance8EditTypeENS_9allocatorIS4_EEE8capacityEv called 0 returned 0% blocks executed 0%
function _ZNKSt3__113__vector_baseINS_6vectorIN7testing8internal13edit_distance8EditTypeENS_9allocatorIS5_EEEENS6_IS8_EEE8capacityEv called 0 returned 0% blocks executed 0%
function _ZNKSt3__113__vector_baseImNS_9allocatorImEEE8capacityEv called 0 returned 0% blocks executed 0%
function _ZNKSt3__113__vector_baseIN7testing12TestPropertyENS_9allocatorIS2_EEE8capacityEv called 13 returned 100% blocks executed 100%
function _ZNKSt3__113__vector_baseIPN7testing8TestInfoENS_9allocatorIS3_EEE8capacityEv called 40 returned 100% blocks executed 100%
function _ZNKSt3__113__vector_baseIiNS_9allocatorIiEEE8capacityEv called 55 returned 100% blocks executed 100%
function _ZNKSt3__113__vector_baseIPN7testing17TestEventListenerENS_9allocatorIS3_EEE8capacityEv called 5 returned 100% blocks executed 100%
function _ZNKSt3__113__vector_baseIPN7testing11EnvironmentENS_9allocatorIS3_EEE8capacityEv called 0 returned 0% blocks executed 0%
function _ZNKSt3__113__vector_baseIN7testing8internal9TraceInfoENS_9allocatorIS3_EEE8capacityEv called 0 returned 0% blocks executed 0%
function _ZNKSt3__113__vector_baseIPN7testing9TestSuiteENS_9allocatorIS3_EEE8capacityEv called 15 returned 100% blocks executed 100%
      311:  373:    size_type capacity() const _NOEXCEPT
      311:  374:        {return static_cast<size_type>(__end_cap() - __begin_);}
      170:  374-block  0
    $$$$$:  374-block  1
    $$$$$:  374-block  2
       13:  374-block  3
    $$$$$:  374-block  4
    $$$$$:  374-block  5
    $$$$$:  374-block  6
    $$$$$:  374-block  7
    $$$$$:  374-block  8
       13:  374-block  9
       40:  374-block 10
       55:  374-block 11
        5:  374-block 12
    $$$$$:  374-block 13
    $$$$$:  374-block 14
       15:  374-block 15
        -:  375:
        -:  376:    _LIBCPP_INLINE_VISIBILITY
        -:  377:    void __destruct_at_end(pointer __new_last) _NOEXCEPT;
        -:  378:
        -:  379:    _LIBCPP_INLINE_VISIBILITY
        -:  380:    void __copy_assign_alloc(const __vector_base& __c)
        -:  381:        {__copy_assign_alloc(__c, integral_constant<bool,
        -:  382:                      __alloc_traits::propagate_on_container_copy_assignment::value>());}
        -:  383:
        -:  384:    _LIBCPP_INLINE_VISIBILITY
function _ZNSt3__113__vector_baseINS_12basic_stringIcNS_11char_traitsIcEENS_9allocatorIcEEEENS4_IS6_EEE19__move_assign_allocERS8_ called 1 returned 100% blocks executed 100%
        1:  385:    void __move_assign_alloc(__vector_base& __c)
        -:  386:        _NOEXCEPT_(
        -:  387:            !__alloc_traits::propagate_on_container_move_assignment::value ||
        -:  388:            is_nothrow_move_assignable<allocator_type>::value)
        1:  389:        {__move_assign_alloc(__c, integral_constant<bool,
        1:  390:                      __alloc_traits::propagate_on_container_move_assignment::value>());}
        1:  390-block  0
        -:  391:private:
        -:  392:    _LIBCPP_INLINE_VISIBILITY
        -:  393:    void __copy_assign_alloc(const __vector_base& __c, true_type)
        -:  394:        {
        -:  395:            if (__alloc() != __c.__alloc())
        -:  396:            {
        -:  397:                clear();
        -:  398:                __alloc_traits::deallocate(__alloc(), __begin_, capacity());
        -:  399:                __begin_ = __end_ = __end_cap() = nullptr;
        -:  400:            }
        -:  401:            __alloc() = __c.__alloc();
        -:  402:        }
        -:  403:
        -:  404:    _LIBCPP_INLINE_VISIBILITY
        -:  405:    void __copy_assign_alloc(const __vector_base&, false_type)
        -:  406:        {}
        -:  407:
        -:  408:    _LIBCPP_INLINE_VISIBILITY
function _ZNSt3__113__vector_baseINS_12basic_stringIcNS_11char_traitsIcEENS_9allocatorIcEEEENS4_IS6_EEE19__move_assign_allocERS8_NS_17integral_constantIbLb1EEE called 1 returned 100% blocks executed 100%
        1:  409:    void __move_assign_alloc(__vector_base& __c, true_type)
        -:  410:        _NOEXCEPT_(is_nothrow_move_assignable<allocator_type>::value)
        -:  411:        {
        1:  412:            __alloc() = _VSTD::move(__c.__alloc());
        1:  413:        }
        1:  413-block  0
        -:  414:
        -:  415:    _LIBCPP_INLINE_VISIBILITY
        -:  416:    void __move_assign_alloc(__vector_base&, false_type)
        -:  417:        _NOEXCEPT
        -:  418:        {}
        -:  419:};
        -:  420:
        -:  421:template <class _Tp, class _Allocator>
        -:  422:inline _LIBCPP_INLINE_VISIBILITY
        -:  423:void
function _ZNSt3__113__vector_baseINS_12basic_stringIcNS_11char_traitsIcEENS_9allocatorIcEEEENS4_IS6_EEE17__destruct_at_endEPS6_ called 15 returned 100% blocks executed 83%
function _ZNSt3__113__vector_baseIPN7testing8internal30ParameterizedTestSuiteInfoBaseENS_9allocatorIS4_EEE17__destruct_at_endEPS4_ called 0 returned 0% blocks executed 0%
function _ZNSt3__113__vector_baseIPcNS_9allocatorIS1_EEE17__destruct_at_endEPS1_ called 0 returned 0% blocks executed 0%
function _ZNSt3__113__vector_baseIN7testing14TestPartResultENS_9allocatorIS2_EEE17__destruct_at_endEPS2_ called 13 returned 100% blocks executed 50%
function _ZNSt3__113__vector_baseIdNS_9allocatorIdEEE17__destruct_at_endEPd called 0 returned 0% blocks executed 0%
function _ZNSt3__113__vector_baseINS_6vectorIdNS_9allocatorIdEEEENS2_IS4_EEE17__destruct_at_endEPS4_ called 0 returned 0% blocks executed 0%
function _ZNSt3__113__vector_baseIN7testing8internal13edit_distance8EditTypeENS_9allocatorIS4_EEE17__destruct_at_endEPS4_ called 0 returned 0% blocks executed 0%
function _ZNSt3__113__vector_baseINS_6vectorIN7testing8internal13edit_distance8EditTypeENS_9allocatorIS5_EEEENS6_IS8_EEE17__destruct_at_endEPS8_ called 0 returned 0% blocks executed 0%
function _ZNSt3__113__vector_baseImNS_9allocatorImEEE17__destruct_at_endEPm called 0 returned 0% blocks executed 0%
function _ZNSt3__113__vector_baseIN7testing12TestPropertyENS_9allocatorIS2_EEE17__destruct_at_endEPS2_ called 13 returned 100% blocks executed 50%
function _ZNSt3__113__vector_baseIPN7testing8TestInfoENS_9allocatorIS3_EEE17__destruct_at_endEPS3_ called 0 returned 0% blocks executed 0%
function _ZNSt3__113__vector_baseIiNS_9allocatorIiEEE17__destruct_at_endEPi called 0 returned 0% blocks executed 0%
function _ZNSt3__113__vector_baseIPN7testing17TestEventListenerENS_9allocatorIS3_EEE17__destruct_at_endEPS3_ called 0 returned 0% blocks executed 0%
function _ZNSt3__113__vector_baseIN7testing8internal9TraceInfoENS_9allocatorIS3_EEE17__destruct_at_endEPS3_ called 0 returned 0% blocks executed 0%
function _ZNSt3__113__vector_baseIPN7testing11EnvironmentENS_9allocatorIS3_EEE17__destruct_at_endEPS3_ called 0 returned 0% blocks executed 0%
function _ZNSt3__113__vector_baseIPN7testing9TestSuiteENS_9allocatorIS3_EEE17__destruct_at_endEPS3_ called 0 returned 0% blocks executed 0%
       41:  424:__vector_base<_Tp, _Allocator>::__destruct_at_end(pointer __new_last) _NOEXCEPT
        -:  425:{
       41:  426:    pointer __soon_to_be_end = __end_;
       67:  427:    while (__new_last != __soon_to_be_end)
       15:  427-block  0
       41:  427-block  1
branch  0 taken 26
branch  1 taken 15
       26:  427-block  2
    $$$$$:  427-block  3
    $$$$$:  427-block  4
branch  2 never executed
branch  3 never executed
    $$$$$:  427-block  5
    $$$$$:  427-block  6
    $$$$$:  427-block  7
branch  4 never executed
branch  5 never executed
    $$$$$:  427-block  8
       13:  427-block  9
       13:  427-block 10
branch  6 taken 0
branch  7 taken 13
    $$$$$:  427-block 11
    $$$$$:  427-block 12
    $$$$$:  427-block 13
branch  8 never executed
branch  9 never executed
    $$$$$:  427-block 14
    $$$$$:  427-block 15
    $$$$$:  427-block 16
branch 10 never executed
branch 11 never executed
    $$$$$:  427-block 17
    $$$$$:  427-block 18
    $$$$$:  427-block 19
branch 12 never executed
branch 13 never executed
    $$$$$:  427-block 20
    $$$$$:  427-block 21
    $$$$$:  427-block 22
branch 14 never executed
branch 15 never executed
    $$$$$:  427-block 23
    $$$$$:  427-block 24
    $$$$$:  427-block 25
branch 16 never executed
branch 17 never executed
    $$$$$:  427-block 26
       13:  427-block 27
       13:  427-block 28
branch 18 taken 0
branch 19 taken 13
    $$$$$:  427-block 29
    $$$$$:  427-block 30
    $$$$$:  427-block 31
branch 20 never executed
branch 21 never executed
    $$$$$:  427-block 32
    $$$$$:  427-block 33
    $$$$$:  427-block 34
branch 22 never executed
branch 23 never executed
    $$$$$:  427-block 35
    $$$$$:  427-block 36
    $$$$$:  427-block 37
branch 24 never executed
branch 25 never executed
    $$$$$:  427-block 38
    $$$$$:  427-block 39
    $$$$$:  427-block 40
branch 26 never executed
branch 27 never executed
    $$$$$:  427-block 41
    $$$$$:  427-block 42
    $$$$$:  427-block 43
branch 28 never executed
branch 29 never executed
    $$$$$:  427-block 44
    $$$$$:  427-block 45
    $$$$$:  427-block 46
branch 30 never executed
branch 31 never executed
    $$$$$:  427-block 47
       26:  428:        __alloc_traits::destroy(__alloc(), _VSTD::__to_address(--__soon_to_be_end));
       26:  428-block  0
branch  0 taken 26
branch  1 taken 0
    $$$$$:  428-block  1
    $$$$$:  428-block  2
branch  2 never executed
branch  3 never executed
    $$$$$:  428-block  3
    $$$$$:  428-block  4
branch  4 never executed
branch  5 never executed
    $$$$$:  428-block  5
    $$$$$:  428-block  6
branch  6 never executed
branch  7 never executed
    $$$$$:  428-block  7
    $$$$$:  428-block  8
branch  8 never executed
branch  9 never executed
    $$$$$:  428-block  9
    $$$$$:  428-block 10
branch 10 never executed
branch 11 never executed
    $$$$$:  428-block 11
    $$$$$:  428-block 12
branch 12 never executed
branch 13 never executed
    $$$$$:  428-block 13
    $$$$$:  428-block 14
branch 14 never executed
branch 15 never executed
    $$$$$:  428-block 15
    $$$$$:  428-block 16
branch 16 never executed
branch 17 never executed
    $$$$$:  428-block 17
    $$$$$:  428-block 18
branch 18 never executed
branch 19 never executed
    $$$$$:  428-block 19
    $$$$$:  428-block 20
branch 20 never executed
branch 21 never executed
    $$$$$:  428-block 21
    $$$$$:  428-block 22
branch 22 never executed
branch 23 never executed
    $$$$$:  428-block 23
    $$$$$:  428-block 24
branch 24 never executed
branch 25 never executed
    $$$$$:  428-block 25
    $$$$$:  428-block 26
branch 26 never executed
branch 27 never executed
    $$$$$:  428-block 27
    $$$$$:  428-block 28
branch 28 never executed
branch 29 never executed
    $$$$$:  428-block 29
    $$$$$:  428-block 30
branch 30 never executed
branch 31 never executed
    $$$$$:  428-block 31
       41:  429:    __end_ = __new_last;
       41:  430:}
       15:  430-block  0
    $$$$$:  430-block  1
    $$$$$:  430-block  2
       13:  430-block  3
    $$$$$:  430-block  4
    $$$$$:  430-block  5
    $$$$$:  430-block  6
    $$$$$:  430-block  7
    $$$$$:  430-block  8
       13:  430-block  9
    $$$$$:  430-block 10
    $$$$$:  430-block 11
    $$$$$:  430-block 12
    $$$$$:  430-block 13
    $$$$$:  430-block 14
    $$$$$:  430-block 15
        -:  431:
        -:  432:template <class _Tp, class _Allocator>
        -:  433:inline _LIBCPP_INLINE_VISIBILITY
function _ZNSt3__113__vector_baseINS_12basic_stringIcNS_11char_traitsIcEENS_9allocatorIcEEEENS4_IS6_EEEC2Ev called 23 returned 100% blocks executed 75%
function _ZNSt3__113__vector_baseIPN7testing17TestEventListenerENS_9allocatorIS3_EEEC2Ev called 1 returned 100% blocks executed 66%
function _ZNSt3__113__vector_baseIPN7testing8internal30ParameterizedTestSuiteInfoBaseENS_9allocatorIS4_EEEC2Ev called 1 returned 100% blocks executed 66%
function _ZNSt3__113__vector_baseIPcNS_9allocatorIS1_EEEC2Ev called 0 returned 0% blocks executed 0%
function _ZNSt3__113__vector_baseIN7testing14TestPartResultENS_9allocatorIS2_EEEC2Ev called 14 returned 100% blocks executed 66%
function _ZNSt3__113__vector_baseIdNS_9allocatorIdEEEC2Ev called 0 returned 0% blocks executed 0%
function _ZNSt3__113__vector_baseINS_6vectorIdNS_9allocatorIdEEEENS2_IS4_EEEC2Ev called 0 returned 0% blocks executed 0%
function _ZNSt3__113__vector_baseIN7testing8internal13edit_distance8EditTypeENS_9allocatorIS4_EEEC2Ev called 0 returned 0% blocks executed 0%
function _ZNSt3__113__vector_baseINS_6vectorIN7testing8internal13edit_distance8EditTypeENS_9allocatorIS5_EEEENS6_IS8_EEEC2Ev called 0 returned 0% blocks executed 0%
function _ZNSt3__113__vector_baseImNS_9allocatorImEEEC2Ev called 0 returned 0% blocks executed 0%
function _ZNSt3__113__vector_baseIN7testing12TestPropertyENS_9allocatorIS2_EEEC2Ev called 14 returned 100% blocks executed 66%
function _ZNSt3__113__vector_baseIPN7testing8TestInfoENS_9allocatorIS3_EEEC2Ev called 4 returned 100% blocks executed 66%
function _ZNSt3__113__vector_baseIiNS_9allocatorIiEEEC2Ev called 5 returned 100% blocks executed 66%
function _ZNSt3__113__vector_baseIPN7testing11EnvironmentENS_9allocatorIS3_EEEC2Ev called 1 returned 100% blocks executed 66%
function _ZNSt3__113__vector_baseIPN7testing9TestSuiteENS_9allocatorIS3_EEEC2Ev called 1 returned 100% blocks executed 66%
function _ZNSt3__113__vector_baseIN7testing8internal9TraceInfoENS_9allocatorIS3_EEEC2Ev called 0 returned 0% blocks executed 0%
       64:  434:__vector_base<_Tp, _Allocator>::__vector_base()
        -:  435:        _NOEXCEPT_(is_nothrow_default_constructible<allocator_type>::value)
       64:  436:    : __begin_(nullptr),
       64:  437:      __end_(nullptr),
       64:  438:      __end_cap_(nullptr, __default_init_tag())
       23:  438-block  0
        1:  438-block  1
branch  0 taken 1
branch  1 taken 0
    $$$$$:  438-block  2
        1:  438-block  3
branch  2 taken 1
branch  3 taken 0
    $$$$$:  438-block  4
    $$$$$:  438-block  5
branch  4 never executed
branch  5 never executed
    $$$$$:  438-block  6
       14:  438-block  7
branch  6 taken 14
branch  7 taken 0
    $$$$$:  438-block  8
    $$$$$:  438-block  9
branch  8 never executed
branch  9 never executed
    $$$$$:  438-block 10
    $$$$$:  438-block 11
branch 10 never executed
branch 11 never executed
    $$$$$:  438-block 12
    $$$$$:  438-block 13
branch 12 never executed
branch 13 never executed
    $$$$$:  438-block 14
    $$$$$:  438-block 15
branch 14 never executed
branch 15 never executed
    $$$$$:  438-block 16
    $$$$$:  438-block 17
branch 16 never executed
branch 17 never executed
    $$$$$:  438-block 18
       14:  438-block 19
branch 18 taken 14
branch 19 taken 0
    $$$$$:  438-block 20
        4:  438-block 21
branch 20 taken 4
branch 21 taken 0
    $$$$$:  438-block 22
        5:  438-block 23
branch 22 taken 5
branch 23 taken 0
    $$$$$:  438-block 24
        1:  438-block 25
branch 24 taken 1
branch 25 taken 0
    $$$$$:  438-block 26
        1:  438-block 27
branch 26 taken 1
branch 27 taken 0
    $$$$$:  438-block 28
    $$$$$:  438-block 29
branch 28 never executed
branch 29 never executed
    $$$$$:  438-block 30
       64:  439:{
       64:  440:}
       23:  440-block  0
        1:  440-block  1
        1:  440-block  2
    $$$$$:  440-block  3
       14:  440-block  4
    $$$$$:  440-block  5
    $$$$$:  440-block  6
    $$$$$:  440-block  7
    $$$$$:  440-block  8
    $$$$$:  440-block  9
       14:  440-block 10
        4:  440-block 11
        5:  440-block 12
        1:  440-block 13
        1:  440-block 14
    $$$$$:  440-block 15
        -:  441:
        -:  442:template <class _Tp, class _Allocator>
        -:  443:inline _LIBCPP_INLINE_VISIBILITY
        -:  444:__vector_base<_Tp, _Allocator>::__vector_base(const allocator_type& __a)
        -:  445:    : __begin_(nullptr),
        -:  446:      __end_(nullptr),
        -:  447:      __end_cap_(nullptr, __a)
        -:  448:{
        -:  449:}
        -:  450:
        -:  451:#ifndef _LIBCPP_CXX03_LANG
        -:  452:template <class _Tp, class _Allocator>
        -:  453:inline _LIBCPP_INLINE_VISIBILITY
function _ZNSt3__113__vector_baseINS_12basic_stringIcNS_11char_traitsIcEENS_9allocatorIcEEEENS4_IS6_EEEC2EOS7_ called 2 returned 100% blocks executed 66%
function _ZNSt3__113__vector_baseIdNS_9allocatorIdEEEC2EOS2_ called 0 returned 0% blocks executed 0%
function _ZNSt3__113__vector_baseIN7testing8internal13edit_distance8EditTypeENS_9allocatorIS4_EEEC2EOS6_ called 0 returned 0% blocks executed 0%
        2:  454:__vector_base<_Tp, _Allocator>::__vector_base(allocator_type&& __a) _NOEXCEPT
        2:  455:    : __begin_(nullptr),
        2:  456:      __end_(nullptr),
        4:  457:      __end_cap_(nullptr, _VSTD::move(__a)) {}
        2:  457-block  0
branch  0 taken 2
branch  1 taken 0
        2:  457-block  1
branch  2 taken 2
branch  3 taken 0
        2:  457-block  2
    $$$$$:  457-block  3
    $$$$$:  457-block  4
branch  4 never executed
branch  5 never executed
    $$$$$:  457-block  5
branch  6 never executed
branch  7 never executed
    $$$$$:  457-block  6
    $$$$$:  457-block  7
    $$$$$:  457-block  8
branch  8 never executed
branch  9 never executed
    $$$$$:  457-block  9
branch 10 never executed
branch 11 never executed
    $$$$$:  457-block 10
    $$$$$:  457-block 11
        -:  458:#endif
        -:  459:
        -:  460:template <class _Tp, class _Allocator>
function _ZNSt3__113__vector_baseINS_12basic_stringIcNS_11char_traitsIcEENS_9allocatorIcEEEENS4_IS6_EEED2Ev called 24 returned 100% blocks executed 100%
function _ZNSt3__113__vector_baseIPN7testing8internal30ParameterizedTestSuiteInfoBaseENS_9allocatorIS4_EEED2Ev called 0 returned 0% blocks executed 0%
function _ZNSt3__113__vector_baseIPcNS_9allocatorIS1_EEED2Ev called 0 returned 0% blocks executed 0%
function _ZNSt3__113__vector_baseIN7testing14TestPartResultENS_9allocatorIS2_EEED2Ev called 0 returned 0% blocks executed 0%
function _ZNSt3__113__vector_baseIdNS_9allocatorIdEEED2Ev called 0 returned 0% blocks executed 0%
function _ZNSt3__113__vector_baseINS_6vectorIdNS_9allocatorIdEEEENS2_IS4_EEED2Ev called 0 returned 0% blocks executed 0%
function _ZNSt3__113__vector_baseIN7testing8internal13edit_distance8EditTypeENS_9allocatorIS4_EEED2Ev called 0 returned 0% blocks executed 0%
function _ZNSt3__113__vector_baseINS_6vectorIN7testing8internal13edit_distance8EditTypeENS_9allocatorIS5_EEEENS6_IS8_EEED2Ev called 0 returned 0% blocks executed 0%
function _ZNSt3__113__vector_baseImNS_9allocatorImEEED2Ev called 0 returned 0% blocks executed 0%
function _ZNSt3__113__vector_baseIN7testing12TestPropertyENS_9allocatorIS2_EEED2Ev called 0 returned 0% blocks executed 0%
function _ZNSt3__113__vector_baseIPN7testing8TestInfoENS_9allocatorIS3_EEED2Ev called 0 returned 0% blocks executed 0%
function _ZNSt3__113__vector_baseIiNS_9allocatorIiEEED2Ev called 0 returned 0% blocks executed 0%
function _ZNSt3__113__vector_baseIPN7testing17TestEventListenerENS_9allocatorIS3_EEED2Ev called 0 returned 0% blocks executed 0%
function _ZNSt3__113__vector_baseIN7testing8internal9TraceInfoENS_9allocatorIS3_EEED2Ev called 0 returned 0% blocks executed 0%
function _ZNSt3__113__vector_baseIPN7testing11EnvironmentENS_9allocatorIS3_EEED2Ev called 0 returned 0% blocks executed 0%
function _ZNSt3__113__vector_baseIPN7testing9TestSuiteENS_9allocatorIS3_EEED2Ev called 0 returned 0% blocks executed 0%
       24:  461:__vector_base<_Tp, _Allocator>::~__vector_base()
        -:  462:{
       24:  463:    if (__begin_ != nullptr)
       14:  463-block  0
       10:  463-block  1
    $$$$$:  463-block  2
    $$$$$:  463-block  3
    $$$$$:  463-block  4
    $$$$$:  463-block  5
    $$$$$:  463-block  6
    $$$$$:  463-block  7
    $$$$$:  463-block  8
    $$$$$:  463-block  9
    $$$$$:  463-block 10
    $$$$$:  463-block 11
    $$$$$:  463-block 12
    $$$$$:  463-block 13
    $$$$$:  463-block 14
    $$$$$:  463-block 15
    $$$$$:  463-block 16
    $$$$$:  463-block 17
    $$$$$:  463-block 18
    $$$$$:  463-block 19
    $$$$$:  463-block 20
    $$$$$:  463-block 21
    $$$$$:  463-block 22
    $$$$$:  463-block 23
    $$$$$:  463-block 24
    $$$$$:  463-block 25
    $$$$$:  463-block 26
    $$$$$:  463-block 27
    $$$$$:  463-block 28
    $$$$$:  463-block 29
    $$$$$:  463-block 30
    $$$$$:  463-block 31
        -:  464:    {
       14:  465:        clear();
       14:  466:        __alloc_traits::deallocate(__alloc(), __begin_, capacity());
       14:  467:    }
       14:  467-block  0
    $$$$$:  467-block  1
    $$$$$:  467-block  2
    $$$$$:  467-block  3
    $$$$$:  467-block  4
    $$$$$:  467-block  5
    $$$$$:  467-block  6
    $$$$$:  467-block  7
    $$$$$:  467-block  8
    $$$$$:  467-block  9
    $$$$$:  467-block 10
    $$$$$:  467-block 11
    $$$$$:  467-block 12
    $$$$$:  467-block 13
    $$$$$:  467-block 14
    $$$$$:  467-block 15
       24:  468:}
       24:  468-block  0
    $$$$$:  468-block  1
    $$$$$:  468-block  2
    $$$$$:  468-block  3
    $$$$$:  468-block  4
    $$$$$:  468-block  5
    $$$$$:  468-block  6
    $$$$$:  468-block  7
    $$$$$:  468-block  8
    $$$$$:  468-block  9
    $$$$$:  468-block 10
    $$$$$:  468-block 11
    $$$$$:  468-block 12
    $$$$$:  468-block 13
    $$$$$:  468-block 14
    $$$$$:  468-block 15
        -:  469:
        -:  470:template <class _Tp, class _Allocator /* = allocator<_Tp> */>
        -:  471:class _LIBCPP_TEMPLATE_VIS vector
        -:  472:    : private __vector_base<_Tp, _Allocator>
        -:  473:{
        -:  474:private:
        -:  475:    typedef __vector_base<_Tp, _Allocator>           __base;
        -:  476:    typedef allocator<_Tp>                           __default_allocator_type;
        -:  477:public:
        -:  478:    typedef vector                                   __self;
        -:  479:    typedef _Tp                                      value_type;
        -:  480:    typedef _Allocator                               allocator_type;
        -:  481:    typedef typename __base::__alloc_traits          __alloc_traits;
        -:  482:    typedef typename __base::reference               reference;
        -:  483:    typedef typename __base::const_reference         const_reference;
        -:  484:    typedef typename __base::size_type               size_type;
        -:  485:    typedef typename __base::difference_type         difference_type;
        -:  486:    typedef typename __base::pointer                 pointer;
        -:  487:    typedef typename __base::const_pointer           const_pointer;
        -:  488:    typedef __wrap_iter<pointer>                     iterator;
        -:  489:    typedef __wrap_iter<const_pointer>               const_iterator;
        -:  490:    typedef _VSTD::reverse_iterator<iterator>         reverse_iterator;
        -:  491:    typedef _VSTD::reverse_iterator<const_iterator>   const_reverse_iterator;
        -:  492:
        -:  493:    static_assert((is_same<typename allocator_type::value_type, value_type>::value),
        -:  494:                  "Allocator::value_type must be same type as value_type");
        -:  495:
        -:  496:    _LIBCPP_INLINE_VISIBILITY
function _ZNSt3__16vectorINS_12basic_stringIcNS_11char_traitsIcEENS_9allocatorIcEEEENS4_IS6_EEEC1Ev called 23 returned 100% blocks executed 100%
function _ZNSt3__16vectorIN7testing8internal13edit_distance8EditTypeENS_9allocatorIS4_EEEC1Ev called 0 returned 0% blocks executed 0%
function _ZNSt3__16vectorImNS_9allocatorImEEEC1Ev called 0 returned 0% blocks executed 0%
function _ZNSt3__16vectorIN7testing14TestPartResultENS_9allocatorIS2_EEEC1Ev called 14 returned 100% blocks executed 100%
function _ZNSt3__16vectorIN7testing12TestPropertyENS_9allocatorIS2_EEEC1Ev called 14 returned 100% blocks executed 100%
function _ZNSt3__16vectorIPN7testing8TestInfoENS_9allocatorIS3_EEEC1Ev called 4 returned 100% blocks executed 100%
function _ZNSt3__16vectorIiNS_9allocatorIiEEEC1Ev called 5 returned 100% blocks executed 100%
function _ZNSt3__16vectorIPN7testing11EnvironmentENS_9allocatorIS3_EEEC1Ev called 1 returned 100% blocks executed 100%
function _ZNSt3__16vectorIPN7testing9TestSuiteENS_9allocatorIS3_EEEC1Ev called 1 returned 100% blocks executed 100%
function _ZNSt3__16vectorIPN7testing17TestEventListenerENS_9allocatorIS3_EEEC1Ev called 1 returned 100% blocks executed 100%
function _ZNSt3__16vectorIPN7testing17TestEventListenerENS_9allocatorIS3_EEEC2Ev called 1 returned 100% blocks executed 100%
function _ZNSt3__16vectorIPN7testing8internal30ParameterizedTestSuiteInfoBaseENS_9allocatorIS4_EEEC1Ev called 1 returned 100% blocks executed 100%
function _ZNSt3__16vectorIPN7testing8internal30ParameterizedTestSuiteInfoBaseENS_9allocatorIS4_EEEC2Ev called 1 returned 100% blocks executed 100%
function _ZNSt3__16vectorIPcNS_9allocatorIS1_EEEC1Ev called 0 returned 0% blocks executed 0%
function _ZNSt3__16vectorIPcNS_9allocatorIS1_EEEC2Ev called 0 returned 0% blocks executed 0%
function _ZNSt3__16vectorIN7testing14TestPartResultENS_9allocatorIS2_EEEC2Ev called 14 returned 100% blocks executed 100%
function _ZNSt3__16vectorINS_12basic_stringIcNS_11char_traitsIcEENS_9allocatorIcEEEENS4_IS6_EEEC2Ev called 23 returned 100% blocks executed 100%
function _ZNSt3__16vectorIN7testing8internal13edit_distance8EditTypeENS_9allocatorIS4_EEEC2Ev called 0 returned 0% blocks executed 0%
function _ZNSt3__16vectorImNS_9allocatorImEEEC2Ev called 0 returned 0% blocks executed 0%
function _ZNSt3__16vectorIN7testing12TestPropertyENS_9allocatorIS2_EEEC2Ev called 14 returned 100% blocks executed 100%
function _ZNSt3__16vectorIPN7testing8TestInfoENS_9allocatorIS3_EEEC2Ev called 4 returned 100% blocks executed 100%
function _ZNSt3__16vectorIiNS_9allocatorIiEEEC2Ev called 5 returned 100% blocks executed 100%
function _ZNSt3__16vectorIPN7testing11EnvironmentENS_9allocatorIS3_EEEC2Ev called 1 returned 100% blocks executed 100%
function _ZNSt3__16vectorIPN7testing9TestSuiteENS_9allocatorIS3_EEEC2Ev called 1 returned 100% blocks executed 100%
function _ZNSt3__16vectorIN7testing8internal9TraceInfoENS_9allocatorIS3_EEEC1Ev called 0 returned 0% blocks executed 0%
function _ZNSt3__16vectorIN7testing8internal9TraceInfoENS_9allocatorIS3_EEEC2Ev called 0 returned 0% blocks executed 0%
      192:  497:    vector() _NOEXCEPT_(is_nothrow_default_constructible<allocator_type>::value)
      128:  498:        {
        -:  499:#if _LIBCPP_DEBUG_LEVEL == 2
        -:  500:            __get_db()->__insert_c(this);
        -:  501:#endif
      128:  502:        }
       23:  502-block  0
    $$$$$:  502-block  1
    $$$$$:  502-block  2
       14:  502-block  3
       14:  502-block  4
        4:  502-block  5
        5:  502-block  6
        1:  502-block  7
        1:  502-block  8
        1:  502-block  9
        1:  502-block 10
        1:  502-block 11
        1:  502-block 12
    $$$$$:  502-block 13
    $$$$$:  502-block 14
       14:  502-block 15
       23:  502-block 16
    $$$$$:  502-block 17
    $$$$$:  502-block 18
       14:  502-block 19
        4:  502-block 20
        5:  502-block 21
        1:  502-block 22
        1:  502-block 23
    $$$$$:  502-block 24
    $$$$$:  502-block 25
        -:  503:    _LIBCPP_INLINE_VISIBILITY explicit vector(const allocator_type& __a)
        -:  504:#if _LIBCPP_STD_VER <= 14
        -:  505:        _NOEXCEPT_(is_nothrow_copy_constructible<allocator_type>::value)
        -:  506:#else
        -:  507:        _NOEXCEPT
        -:  508:#endif
        -:  509:        : __base(__a)
        -:  510:    {
        -:  511:#if _LIBCPP_DEBUG_LEVEL == 2
        -:  512:        __get_db()->__insert_c(this);
        -:  513:#endif
        -:  514:    }
    #####:  515:    explicit vector(size_type __n);
        -:  516:#if _LIBCPP_STD_VER > 11
        -:  517:    explicit vector(size_type __n, const allocator_type& __a);
        -:  518:#endif
    #####:  519:    vector(size_type __n, const value_type& __x);
        -:  520:    vector(size_type __n, const value_type& __x, const allocator_type& __a);
        -:  521:    template <class _InputIterator>
        -:  522:        vector(_InputIterator __first,
        -:  523:               typename enable_if<__is_cpp17_input_iterator  <_InputIterator>::value &&
        -:  524:                                 !__is_cpp17_forward_iterator<_InputIterator>::value &&
        -:  525:                                 is_constructible<
        -:  526:                                    value_type,
        -:  527:                                    typename iterator_traits<_InputIterator>::reference>::value,
        -:  528:                                 _InputIterator>::type __last);
        -:  529:    template <class _InputIterator>
        -:  530:        vector(_InputIterator __first, _InputIterator __last, const allocator_type& __a,
        -:  531:               typename enable_if<__is_cpp17_input_iterator  <_InputIterator>::value &&
        -:  532:                                 !__is_cpp17_forward_iterator<_InputIterator>::value &&
        -:  533:                                 is_constructible<
        -:  534:                                    value_type,
        -:  535:                                    typename iterator_traits<_InputIterator>::reference>::value>::type* = 0);
        -:  536:    template <class _ForwardIterator>
    #####:  537:        vector(_ForwardIterator __first,
        -:  538:               typename enable_if<__is_cpp17_forward_iterator<_ForwardIterator>::value &&
        -:  539:                                 is_constructible<
        -:  540:                                    value_type,
        -:  541:                                    typename iterator_traits<_ForwardIterator>::reference>::value,
        -:  542:                                 _ForwardIterator>::type __last);
        -:  543:    template <class _ForwardIterator>
        -:  544:        vector(_ForwardIterator __first, _ForwardIterator __last, const allocator_type& __a,
        -:  545:               typename enable_if<__is_cpp17_forward_iterator<_ForwardIterator>::value &&
        -:  546:                                 is_constructible<
        -:  547:                                    value_type,
        -:  548:                                    typename iterator_traits<_ForwardIterator>::reference>::value>::type* = 0);
        -:  549:
        -:  550:    _LIBCPP_INLINE_VISIBILITY
function _ZNSt3__16vectorINS_12basic_stringIcNS_11char_traitsIcEENS_9allocatorIcEEEENS4_IS6_EEED1Ev called 24 returned 100% blocks executed 100%
function _ZNSt3__16vectorIdNS_9allocatorIdEEED1Ev called 0 returned 0% blocks executed 0%
function _ZNSt3__16vectorIN7testing8internal13edit_distance8EditTypeENS_9allocatorIS4_EEED1Ev called 0 returned 0% blocks executed 0%
function _ZNSt3__16vectorINS0_IN7testing8internal13edit_distance8EditTypeENS_9allocatorIS4_EEEENS5_IS7_EEED1Ev called 0 returned 0% blocks executed 0%
function _ZNSt3__16vectorINS0_IdNS_9allocatorIdEEEENS1_IS3_EEED1Ev called 0 returned 0% blocks executed 0%
function _ZNSt3__16vectorImNS_9allocatorImEEED1Ev called 0 returned 0% blocks executed 0%
function _ZNSt3__16vectorIN7testing12TestPropertyENS_9allocatorIS2_EEED1Ev called 0 returned 0% blocks executed 0%
function _ZNSt3__16vectorIN7testing14TestPartResultENS_9allocatorIS2_EEED1Ev called 0 returned 0% blocks executed 0%
function _ZNSt3__16vectorIiNS_9allocatorIiEEED1Ev called 0 returned 0% blocks executed 0%
function _ZNSt3__16vectorIPN7testing8TestInfoENS_9allocatorIS3_EEED1Ev called 0 returned 0% blocks executed 0%
function _ZNSt3__16vectorIPN7testing17TestEventListenerENS_9allocatorIS3_EEED1Ev called 0 returned 0% blocks executed 0%
function _ZNSt3__16vectorIPN7testing9TestSuiteENS_9allocatorIS3_EEED1Ev called 0 returned 0% blocks executed 0%
function _ZNSt3__16vectorIPN7testing11EnvironmentENS_9allocatorIS3_EEED1Ev called 0 returned 0% blocks executed 0%
function _ZNSt3__16vectorIPN7testing8internal30ParameterizedTestSuiteInfoBaseENS_9allocatorIS4_EEED1Ev called 0 returned 0% blocks executed 0%
function _ZNSt3__16vectorIPN7testing8internal30ParameterizedTestSuiteInfoBaseENS_9allocatorIS4_EEED2Ev called 0 returned 0% blocks executed 0%
function _ZNSt3__16vectorIPcNS_9allocatorIS1_EEED1Ev called 0 returned 0% blocks executed 0%
function _ZNSt3__16vectorIPcNS_9allocatorIS1_EEED2Ev called 0 returned 0% blocks executed 0%
function _ZNSt3__16vectorIN7testing14TestPartResultENS_9allocatorIS2_EEED2Ev called 0 returned 0% blocks executed 0%
function _ZNSt3__16vectorINS_12basic_stringIcNS_11char_traitsIcEENS_9allocatorIcEEEENS4_IS6_EEED2Ev called 24 returned 100% blocks executed 100%
function _ZNSt3__16vectorIdNS_9allocatorIdEEED2Ev called 0 returned 0% blocks executed 0%
function _ZNSt3__16vectorINS0_IdNS_9allocatorIdEEEENS1_IS3_EEED2Ev called 0 returned 0% blocks executed 0%
function _ZNSt3__16vectorIN7testing8internal13edit_distance8EditTypeENS_9allocatorIS4_EEED2Ev called 0 returned 0% blocks executed 0%
function _ZNSt3__16vectorINS0_IN7testing8internal13edit_distance8EditTypeENS_9allocatorIS4_EEEENS5_IS7_EEED2Ev called 0 returned 0% blocks executed 0%
function _ZNSt3__16vectorImNS_9allocatorImEEED2Ev called 0 returned 0% blocks executed 0%
function _ZNSt3__16vectorIN7testing12TestPropertyENS_9allocatorIS2_EEED2Ev called 0 returned 0% blocks executed 0%
function _ZNSt3__16vectorIPN7testing8TestInfoENS_9allocatorIS3_EEED2Ev called 0 returned 0% blocks executed 0%
function _ZNSt3__16vectorIiNS_9allocatorIiEEED2Ev called 0 returned 0% blocks executed 0%
function _ZNSt3__16vectorIPN7testing17TestEventListenerENS_9allocatorIS3_EEED2Ev called 0 returned 0% blocks executed 0%
function _ZNSt3__16vectorIN7testing8internal9TraceInfoENS_9allocatorIS3_EEED1Ev called 0 returned 0% blocks executed 0%
function _ZNSt3__16vectorIN7testing8internal9TraceInfoENS_9allocatorIS3_EEED2Ev called 0 returned 0% blocks executed 0%
function _ZNSt3__16vectorIPN7testing11EnvironmentENS_9allocatorIS3_EEED2Ev called 0 returned 0% blocks executed 0%
function _ZNSt3__16vectorIPN7testing9TestSuiteENS_9allocatorIS3_EEED2Ev called 0 returned 0% blocks executed 0%
       48:  551:    ~vector()
       24:  552:    {
       24:  553:        __annotate_delete();
        -:  554:#if _LIBCPP_DEBUG_LEVEL == 2
        -:  555:        __get_db()->__erase_c(this);
        -:  556:#endif
       48:  557:    }
       24:  557-block  0
    $$$$$:  557-block  1
    $$$$$:  557-block  2
    $$$$$:  557-block  3
    $$$$$:  557-block  4
    $$$$$:  557-block  5
    $$$$$:  557-block  6
    $$$$$:  557-block  7
    $$$$$:  557-block  8
    $$$$$:  557-block  9
    $$$$$:  557-block 10
    $$$$$:  557-block 11
    $$$$$:  557-block 12
    $$$$$:  557-block 13
    $$$$$:  557-block 14
    $$$$$:  557-block 15
    $$$$$:  557-block 16
    $$$$$:  557-block 17
       24:  557-block 18
    $$$$$:  557-block 19
    $$$$$:  557-block 20
    $$$$$:  557-block 21
    $$$$$:  557-block 22
    $$$$$:  557-block 23
    $$$$$:  557-block 24
    $$$$$:  557-block 25
    $$$$$:  557-block 26
    $$$$$:  557-block 27
    $$$$$:  557-block 28
    $$$$$:  557-block 29
    $$$$$:  557-block 30
    $$$$$:  557-block 31
        -:  558:
        -:  559:    vector(const vector& __x);
        -:  560:    vector(const vector& __x, const allocator_type& __a);
        -:  561:    _LIBCPP_INLINE_VISIBILITY
        -:  562:    vector& operator=(const vector& __x);
        -:  563:
        -:  564:#ifndef _LIBCPP_CXX03_LANG
        -:  565:    _LIBCPP_INLINE_VISIBILITY
        -:  566:    vector(initializer_list<value_type> __il);
        -:  567:
        -:  568:    _LIBCPP_INLINE_VISIBILITY
        -:  569:    vector(initializer_list<value_type> __il, const allocator_type& __a);
        -:  570:
        -:  571:    _LIBCPP_INLINE_VISIBILITY
        -:  572:    vector(vector&& __x)
        -:  573:#if _LIBCPP_STD_VER > 14
        -:  574:        _NOEXCEPT;
        -:  575:#else
        -:  576:        _NOEXCEPT_(is_nothrow_move_constructible<allocator_type>::value);
        -:  577:#endif
        -:  578:
        -:  579:    _LIBCPP_INLINE_VISIBILITY
        -:  580:    vector(vector&& __x, const allocator_type& __a);
        -:  581:    _LIBCPP_INLINE_VISIBILITY
        -:  582:    vector& operator=(vector&& __x)
        -:  583:        _NOEXCEPT_((__noexcept_move_assign_container<_Allocator, __alloc_traits>::value));
        -:  584:
        -:  585:    _LIBCPP_INLINE_VISIBILITY
        -:  586:    vector& operator=(initializer_list<value_type> __il)
        -:  587:        {assign(__il.begin(), __il.end()); return *this;}
        -:  588:
        -:  589:#endif  // !_LIBCPP_CXX03_LANG
        -:  590:
        -:  591:    template <class _InputIterator>
        -:  592:        typename enable_if
        -:  593:        <
        -:  594:             __is_cpp17_input_iterator  <_InputIterator>::value &&
        -:  595:            !__is_cpp17_forward_iterator<_InputIterator>::value &&
        -:  596:            is_constructible<
        -:  597:                 value_type,
        -:  598:                 typename iterator_traits<_InputIterator>::reference>::value,
        -:  599:            void
        -:  600:        >::type
        -:  601:        assign(_InputIterator __first, _InputIterator __last);
        -:  602:    template <class _ForwardIterator>
        -:  603:        typename enable_if
        -:  604:        <
        -:  605:            __is_cpp17_forward_iterator<_ForwardIterator>::value &&
        -:  606:            is_constructible<
        -:  607:                 value_type,
        -:  608:                 typename iterator_traits<_ForwardIterator>::reference>::value,
        -:  609:            void
        -:  610:        >::type
        -:  611:        assign(_ForwardIterator __first, _ForwardIterator __last);
        -:  612:
        -:  613:    void assign(size_type __n, const_reference __u);
        -:  614:
        -:  615:#ifndef _LIBCPP_CXX03_LANG
        -:  616:    _LIBCPP_INLINE_VISIBILITY
        -:  617:    void assign(initializer_list<value_type> __il)
        -:  618:        {assign(__il.begin(), __il.end());}
        -:  619:#endif
        -:  620:
        -:  621:    _LIBCPP_INLINE_VISIBILITY
        -:  622:    allocator_type get_allocator() const _NOEXCEPT
        -:  623:        {return this->__alloc();}
        -:  624:
        -:  625:    _LIBCPP_INLINE_VISIBILITY iterator               begin() _NOEXCEPT;
        -:  626:    _LIBCPP_INLINE_VISIBILITY const_iterator         begin()   const _NOEXCEPT;
        -:  627:    _LIBCPP_INLINE_VISIBILITY iterator               end() _NOEXCEPT;
        -:  628:    _LIBCPP_INLINE_VISIBILITY const_iterator         end()     const _NOEXCEPT;
        -:  629:
        -:  630:    _LIBCPP_INLINE_VISIBILITY
function _ZNSt3__16vectorIPN7testing9TestSuiteENS_9allocatorIS3_EEE6rbeginEv called 9 returned 100% blocks executed 66%
function _ZNSt3__16vectorIPN7testing11EnvironmentENS_9allocatorIS3_EEE6rbeginEv called 1 returned 100% blocks executed 66%
       10:  631:    reverse_iterator       rbegin() _NOEXCEPT
       10:  632:        {return       reverse_iterator(end());}
        9:  632-block  0
branch  0 taken 9
branch  1 taken 0
        9:  632-block  1
    $$$$$:  632-block  2
        1:  632-block  3
branch  2 taken 1
branch  3 taken 0
        1:  632-block  4
    $$$$$:  632-block  5
        -:  633:    _LIBCPP_INLINE_VISIBILITY
        -:  634:    const_reverse_iterator rbegin()  const _NOEXCEPT
        -:  635:        {return const_reverse_iterator(end());}
        -:  636:    _LIBCPP_INLINE_VISIBILITY
function _ZNSt3__16vectorIPN7testing9TestSuiteENS_9allocatorIS3_EEE4rendEv called 18 returned 100% blocks executed 66%
function _ZNSt3__16vectorIPN7testing11EnvironmentENS_9allocatorIS3_EEE4rendEv called 1 returned 100% blocks executed 66%
       19:  637:    reverse_iterator       rend() _NOEXCEPT
       19:  638:        {return       reverse_iterator(begin());}
       18:  638-block  0
branch  0 taken 18
branch  1 taken 0
       18:  638-block  1
    $$$$$:  638-block  2
        1:  638-block  3
branch  2 taken 1
branch  3 taken 0
        1:  638-block  4
    $$$$$:  638-block  5
        -:  639:    _LIBCPP_INLINE_VISIBILITY
        -:  640:    const_reverse_iterator rend()    const _NOEXCEPT
        -:  641:        {return const_reverse_iterator(begin());}
        -:  642:
        -:  643:    _LIBCPP_INLINE_VISIBILITY
function _ZNKSt3__16vectorIPN7testing17TestEventListenerENS_9allocatorIS3_EEE6cbeginEv called 0 returned 0% blocks executed 0%
    #####:  644:    const_iterator         cbegin()  const _NOEXCEPT
    #####:  645:        {return begin();}
    $$$$$:  645-block  0
        -:  646:    _LIBCPP_INLINE_VISIBILITY
        -:  647:    const_iterator         cend()    const _NOEXCEPT
        -:  648:        {return end();}
        -:  649:    _LIBCPP_INLINE_VISIBILITY
        -:  650:    const_reverse_iterator crbegin() const _NOEXCEPT
        -:  651:        {return rbegin();}
        -:  652:    _LIBCPP_INLINE_VISIBILITY
        -:  653:    const_reverse_iterator crend()   const _NOEXCEPT
        -:  654:        {return rend();}
        -:  655:
        -:  656:    _LIBCPP_INLINE_VISIBILITY
function _ZNKSt3__16vectorIPN7testing9TestSuiteENS_9allocatorIS3_EEE4sizeEv called 47 returned 100% blocks executed 100%
function _ZNKSt3__16vectorImNS_9allocatorImEEE4sizeEv called 0 returned 0% blocks executed 0%
function _ZNKSt3__16vectorINS0_IdNS_9allocatorIdEEEENS1_IS3_EEE4sizeEv called 0 returned 0% blocks executed 0%
function _ZNKSt3__16vectorIdNS_9allocatorIdEEE4sizeEv called 0 returned 0% blocks executed 0%
function _ZNKSt3__16vectorINS_12basic_stringIcNS_11char_traitsIcEENS_9allocatorIcEEEENS4_IS6_EEE4sizeEv called 109 returned 100% blocks executed 100%
function _ZNKSt3__16vectorIN7testing8internal13edit_distance8EditTypeENS_9allocatorIS4_EEE4sizeEv called 0 returned 0% blocks executed 0%
function _ZNKSt3__16vectorIN7testing14TestPartResultENS_9allocatorIS2_EEE4sizeEv called 131 returned 100% blocks executed 100%
function _ZNKSt3__16vectorIN7testing12TestPropertyENS_9allocatorIS2_EEE4sizeEv called 26 returned 100% blocks executed 100%
function _ZNKSt3__16vectorIPN7testing8TestInfoENS_9allocatorIS3_EEE4sizeEv called 58 returned 100% blocks executed 100%
function _ZNKSt3__16vectorIiNS_9allocatorIiEEE4sizeEv called 83 returned 100% blocks executed 100%
function _ZNKSt3__16vectorIPN7testing17TestEventListenerENS_9allocatorIS3_EEE4sizeEv called 68 returned 100% blocks executed 100%
function _ZNKSt3__16vectorIN7testing8internal9TraceInfoENS_9allocatorIS3_EEE4sizeEv called 0 returned 0% blocks executed 0%
function _ZNKSt3__16vectorIPN7testing8internal30ParameterizedTestSuiteInfoBaseENS_9allocatorIS4_EEE4sizeEv called 0 returned 0% blocks executed 0%
function _ZNKSt3__16vectorIPcNS_9allocatorIS1_EEE4sizeEv called 0 returned 0% blocks executed 0%
function _ZNKSt3__16vectorINS0_IN7testing8internal13edit_distance8EditTypeENS_9allocatorIS4_EEEENS5_IS7_EEE4sizeEv called 0 returned 0% blocks executed 0%
function _ZNKSt3__16vectorIPN7testing11EnvironmentENS_9allocatorIS3_EEE4sizeEv called 0 returned 0% blocks executed 0%
      522:  657:    size_type size() const _NOEXCEPT
      522:  658:        {return static_cast<size_type>(this->__end_ - this->__begin_);}
       47:  658-block  0
    $$$$$:  658-block  1
    $$$$$:  658-block  2
    $$$$$:  658-block  3
      109:  658-block  4
    $$$$$:  658-block  5
      131:  658-block  6
       26:  658-block  7
       58:  658-block  8
       83:  658-block  9
       68:  658-block 10
    $$$$$:  658-block 11
    $$$$$:  658-block 12
    $$$$$:  658-block 13
    $$$$$:  658-block 14
    $$$$$:  658-block 15
        -:  659:    _LIBCPP_INLINE_VISIBILITY
function _ZNKSt3__16vectorINS_12basic_stringIcNS_11char_traitsIcEENS_9allocatorIcEEEENS4_IS6_EEE8capacityEv called 156 returned 100% blocks executed 100%
function _ZNKSt3__16vectorIPN7testing8internal30ParameterizedTestSuiteInfoBaseENS_9allocatorIS4_EEE8capacityEv called 0 returned 0% blocks executed 0%
function _ZNKSt3__16vectorIPcNS_9allocatorIS1_EEE8capacityEv called 0 returned 0% blocks executed 0%
function _ZNKSt3__16vectorIN7testing14TestPartResultENS_9allocatorIS2_EEE8capacityEv called 13 returned 100% blocks executed 100%
function _ZNKSt3__16vectorIdNS_9allocatorIdEEE8capacityEv called 0 returned 0% blocks executed 0%
function _ZNKSt3__16vectorINS0_IdNS_9allocatorIdEEEENS1_IS3_EEE8capacityEv called 0 returned 0% blocks executed 0%
function _ZNKSt3__16vectorIN7testing8internal13edit_distance8EditTypeENS_9allocatorIS4_EEE8capacityEv called 0 returned 0% blocks executed 0%
function _ZNKSt3__16vectorINS0_IN7testing8internal13edit_distance8EditTypeENS_9allocatorIS4_EEEENS5_IS7_EEE8capacityEv called 0 returned 0% blocks executed 0%
function _ZNKSt3__16vectorImNS_9allocatorImEEE8capacityEv called 0 returned 0% blocks executed 0%
function _ZNKSt3__16vectorIN7testing12TestPropertyENS_9allocatorIS2_EEE8capacityEv called 13 returned 100% blocks executed 100%
function _ZNKSt3__16vectorIPN7testing8TestInfoENS_9allocatorIS3_EEE8capacityEv called 40 returned 100% blocks executed 100%
function _ZNKSt3__16vectorIiNS_9allocatorIiEEE8capacityEv called 55 returned 100% blocks executed 100%
function _ZNKSt3__16vectorIPN7testing17TestEventListenerENS_9allocatorIS3_EEE8capacityEv called 5 returned 100% blocks executed 100%
function _ZNKSt3__16vectorIPN7testing11EnvironmentENS_9allocatorIS3_EEE8capacityEv called 0 returned 0% blocks executed 0%
function _ZNKSt3__16vectorIN7testing8internal9TraceInfoENS_9allocatorIS3_EEE8capacityEv called 0 returned 0% blocks executed 0%
function _ZNKSt3__16vectorIPN7testing9TestSuiteENS_9allocatorIS3_EEE8capacityEv called 15 returned 100% blocks executed 100%
      297:  660:    size_type capacity() const _NOEXCEPT
      297:  661:        {return __base::capacity();}
      156:  661-block  0
    $$$$$:  661-block  1
[...]
        -: 2952:    if (__n > 0)
        -: 2953:    {
        -: 2954:        size_type __c = capacity();
        -: 2955:        if (__n <= __c)
        -: 2956:            __size_ = __n;
        -: 2957:        else
        -: 2958:        {
        -: 2959:            vector __v(__alloc());
        -: 2960:            __v.reserve(__recommend(__n));
        -: 2961:            __v.__size_ = __n;
        -: 2962:            swap(__v);
        -: 2963:        }
        -: 2964:        _VSTD::fill_n(begin(), __n, __x);
        -: 2965:    }
        -: 2966:  __invalidate_all_iterators();
        -: 2967:}
        -: 2968:
        -: 2969:template <class _Allocator>
        -: 2970:template <class _InputIterator>
        -: 2971:typename enable_if
        -: 2972:<
        -: 2973:    __is_cpp17_input_iterator<_InputIterator>::value &&
        -: 2974:   !__is_cpp17_forward_iterator<_InputIterator>::value,
        -: 2975:   void
        -: 2976:>::type
        -: 2977:vector<bool, _Allocator>::assign(_InputIterator __first, _InputIterator __last)
        -: 2978:{
        -: 2979:    clear();
        -: 2980:    for (; __first != __last; ++__first)
        -: 2981:        push_back(*__first);
        -: 2982:}
        -: 2983:
        -: 2984:template <class _Allocator>
        -: 2985:template <class _ForwardIterator>
        -: 2986:typename enable_if
        -: 2987:<
        -: 2988:    __is_cpp17_forward_iterator<_ForwardIterator>::value,
        -: 2989:   void
        -: 2990:>::type
        -: 2991:vector<bool, _Allocator>::assign(_ForwardIterator __first, _ForwardIterator __last)
        -: 2992:{
        -: 2993:    clear();
        -: 2994:    difference_type __ns = _VSTD::distance(__first, __last);
        -: 2995:    _LIBCPP_ASSERT(__ns >= 0, "invalid range specified");
        -: 2996:    const size_t __n = static_cast<size_type>(__ns);
        -: 2997:    if (__n)
        -: 2998:    {
        -: 2999:        if (__n > capacity())
        -: 3000:        {
        -: 3001:            __vdeallocate();
        -: 3002:            __vallocate(__n);
        -: 3003:        }
        -: 3004:        __construct_at_end(__first, __last);
        -: 3005:    }
        -: 3006:}
        -: 3007:
        -: 3008:template <class _Allocator>
        -: 3009:void
        -: 3010:vector<bool, _Allocator>::reserve(size_type __n)
        -: 3011:{
        -: 3012:    if (__n > capacity())
        -: 3013:    {
        -: 3014:        vector __v(this->__alloc());
        -: 3015:        __v.__vallocate(__n);
        -: 3016:        __v.__construct_at_end(this->begin(), this->end());
        -: 3017:        swap(__v);
        -: 3018:        __invalidate_all_iterators();
        -: 3019:    }
        -: 3020:}
        -: 3021:
        -: 3022:template <class _Allocator>
        -: 3023:void
        -: 3024:vector<bool, _Allocator>::shrink_to_fit() _NOEXCEPT
        -: 3025:{
        -: 3026:    if (__external_cap_to_internal(size()) > __cap())
        -: 3027:    {
        -: 3028:#ifndef _LIBCPP_NO_EXCEPTIONS
        -: 3029:        try
        -: 3030:        {
        -: 3031:#endif  // _LIBCPP_NO_EXCEPTIONS
        -: 3032:            vector(*this, allocator_type(__alloc())).swap(*this);
        -: 3033:#ifndef _LIBCPP_NO_EXCEPTIONS
        -: 3034:        }
        -: 3035:        catch (...)
        -: 3036:        {
        -: 3037:        }
        -: 3038:#endif  // _LIBCPP_NO_EXCEPTIONS
        -: 3039:    }
        -: 3040:}
        -: 3041:
        -: 3042:template <class _Allocator>
        -: 3043:typename vector<bool, _Allocator>::reference
        -: 3044:vector<bool, _Allocator>::at(size_type __n)
        -: 3045:{
        -: 3046:    if (__n >= size())
        -: 3047:        this->__throw_out_of_range();
        -: 3048:    return (*this)[__n];
        -: 3049:}
        -: 3050:
        -: 3051:template <class _Allocator>
        -: 3052:typename vector<bool, _Allocator>::const_reference
        -: 3053:vector<bool, _Allocator>::at(size_type __n) const
        -: 3054:{
        -: 3055:    if (__n >= size())
        -: 3056:        this->__throw_out_of_range();
        -: 3057:    return (*this)[__n];
        -: 3058:}
        -: 3059:
        -: 3060:template <class _Allocator>
        -: 3061:void
        -: 3062:vector<bool, _Allocator>::push_back(const value_type& __x)
        -: 3063:{
        -: 3064:    if (this->__size_ == this->capacity())
        -: 3065:        reserve(__recommend(this->__size_ + 1));
        -: 3066:    ++this->__size_;
        -: 3067:    back() = __x;
        -: 3068:}
        -: 3069:
        -: 3070:template <class _Allocator>
        -: 3071:typename vector<bool, _Allocator>::iterator
        -: 3072:vector<bool, _Allocator>::insert(const_iterator __position, const value_type& __x)
        -: 3073:{
        -: 3074:    iterator __r;
        -: 3075:    if (size() < capacity())
        -: 3076:    {
        -: 3077:        const_iterator __old_end = end();
        -: 3078:        ++__size_;
        -: 3079:        _VSTD::copy_backward(__position, __old_end, end());
        -: 3080:        __r = __const_iterator_cast(__position);
        -: 3081:    }
        -: 3082:    else
        -: 3083:    {
        -: 3084:        vector __v(__alloc());
        -: 3085:        __v.reserve(__recommend(__size_ + 1));
        -: 3086:        __v.__size_ = __size_ + 1;
        -: 3087:        __r = _VSTD::copy(cbegin(), __position, __v.begin());
        -: 3088:        _VSTD::copy_backward(__position, cend(), __v.end());
        -: 3089:        swap(__v);
        -: 3090:    }
        -: 3091:    *__r = __x;
        -: 3092:    return __r;
        -: 3093:}
        -: 3094:
        -: 3095:template <class _Allocator>
        -: 3096:typename vector<bool, _Allocator>::iterator
        -: 3097:vector<bool, _Allocator>::insert(const_iterator __position, size_type __n, const value_type& __x)
        -: 3098:{
        -: 3099:    iterator __r;
        -: 3100:    size_type __c = capacity();
        -: 3101:    if (__n <= __c && size() <= __c - __n)
        -: 3102:    {
        -: 3103:        const_iterator __old_end = end();
        -: 3104:        __size_ += __n;
        -: 3105:        _VSTD::copy_backward(__position, __old_end, end());
        -: 3106:        __r = __const_iterator_cast(__position);
        -: 3107:    }
        -: 3108:    else
        -: 3109:    {
        -: 3110:        vector __v(__alloc());
        -: 3111:        __v.reserve(__recommend(__size_ + __n));
        -: 3112:        __v.__size_ = __size_ + __n;
        -: 3113:        __r = _VSTD::copy(cbegin(), __position, __v.begin());
        -: 3114:        _VSTD::copy_backward(__position, cend(), __v.end());
        -: 3115:        swap(__v);
        -: 3116:    }
        -: 3117:    _VSTD::fill_n(__r, __n, __x);
        -: 3118:    return __r;
        -: 3119:}
        -: 3120:
        -: 3121:template <class _Allocator>
        -: 3122:template <class _InputIterator>
        -: 3123:typename enable_if
        -: 3124:<
        -: 3125:     __is_cpp17_input_iterator  <_InputIterator>::value &&
        -: 3126:    !__is_cpp17_forward_iterator<_InputIterator>::value,
        -: 3127:    typename vector<bool, _Allocator>::iterator
        -: 3128:>::type
        -: 3129:vector<bool, _Allocator>::insert(const_iterator __position, _InputIterator __first, _InputIterator __last)
        -: 3130:{
        -: 3131:    difference_type __off = __position - begin();
        -: 3132:    iterator __p = __const_iterator_cast(__position);
        -: 3133:    iterator __old_end = end();
        -: 3134:    for (; size() != capacity() && __first != __last; ++__first)
        -: 3135:    {
        -: 3136:        ++this->__size_;
        -: 3137:        back() = *__first;
        -: 3138:    }
        -: 3139:    vector __v(__alloc());
        -: 3140:    if (__first != __last)
        -: 3141:    {
        -: 3142:#ifndef _LIBCPP_NO_EXCEPTIONS
        -: 3143:        try
        -: 3144:        {
        -: 3145:#endif  // _LIBCPP_NO_EXCEPTIONS
        -: 3146:            __v.assign(__first, __last);
        -: 3147:            difference_type __old_size = static_cast<difference_type>(__old_end - begin());
        -: 3148:            difference_type __old_p = __p - begin();
        -: 3149:            reserve(__recommend(size() + __v.size()));
        -: 3150:            __p = begin() + __old_p;
        -: 3151:            __old_end = begin() + __old_size;
        -: 3152:#ifndef _LIBCPP_NO_EXCEPTIONS
        -: 3153:        }
        -: 3154:        catch (...)
        -: 3155:        {
        -: 3156:            erase(__old_end, end());
        -: 3157:            throw;
        -: 3158:        }
        -: 3159:#endif  // _LIBCPP_NO_EXCEPTIONS
        -: 3160:    }
        -: 3161:    __p = _VSTD::rotate(__p, __old_end, end());
        -: 3162:    insert(__p, __v.begin(), __v.end());
        -: 3163:    return begin() + __off;
        -: 3164:}
        -: 3165:
        -: 3166:template <class _Allocator>
        -: 3167:template <class _ForwardIterator>
        -: 3168:typename enable_if
        -: 3169:<
        -: 3170:    __is_cpp17_forward_iterator<_ForwardIterator>::value,
        -: 3171:    typename vector<bool, _Allocator>::iterator
        -: 3172:>::type
        -: 3173:vector<bool, _Allocator>::insert(const_iterator __position, _ForwardIterator __first, _ForwardIterator __last)
        -: 3174:{
        -: 3175:    const difference_type __n_signed = _VSTD::distance(__first, __last);
        -: 3176:    _LIBCPP_ASSERT(__n_signed >= 0, "invalid range specified");
        -: 3177:    const size_type __n = static_cast<size_type>(__n_signed);
        -: 3178:    iterator __r;
        -: 3179:    size_type __c = capacity();
        -: 3180:    if (__n <= __c && size() <= __c - __n)
        -: 3181:    {
        -: 3182:        const_iterator __old_end = end();
        -: 3183:        __size_ += __n;
        -: 3184:        _VSTD::copy_backward(__position, __old_end, end());
        -: 3185:        __r = __const_iterator_cast(__position);
        -: 3186:    }
        -: 3187:    else
        -: 3188:    {
        -: 3189:        vector __v(__alloc());
        -: 3190:        __v.reserve(__recommend(__size_ + __n));
        -: 3191:        __v.__size_ = __size_ + __n;
        -: 3192:        __r = _VSTD::copy(cbegin(), __position, __v.begin());
        -: 3193:        _VSTD::copy_backward(__position, cend(), __v.end());
        -: 3194:        swap(__v);
        -: 3195:    }
        -: 3196:    _VSTD::copy(__first, __last, __r);
        -: 3197:    return __r;
        -: 3198:}
        -: 3199:
        -: 3200:template <class _Allocator>
        -: 3201:inline _LIBCPP_INLINE_VISIBILITY
        -: 3202:typename vector<bool, _Allocator>::iterator
        -: 3203:vector<bool, _Allocator>::erase(const_iterator __position)
        -: 3204:{
        -: 3205:    iterator __r = __const_iterator_cast(__position);
        -: 3206:    _VSTD::copy(__position + 1, this->cend(), __r);
        -: 3207:    --__size_;
        -: 3208:    return __r;
        -: 3209:}
        -: 3210:
        -: 3211:template <class _Allocator>
        -: 3212:typename vector<bool, _Allocator>::iterator
        -: 3213:vector<bool, _Allocator>::erase(const_iterator __first, const_iterator __last)
        -: 3214:{
        -: 3215:    iterator __r = __const_iterator_cast(__first);
        -: 3216:    difference_type __d = __last - __first;
        -: 3217:    _VSTD::copy(__last, this->cend(), __r);
        -: 3218:    __size_ -= __d;
        -: 3219:    return __r;
        -: 3220:}
        -: 3221:
        -: 3222:template <class _Allocator>
        -: 3223:void
        -: 3224:vector<bool, _Allocator>::swap(vector& __x)
        -: 3225:#if _LIBCPP_STD_VER >= 14
        -: 3226:    _NOEXCEPT
        -: 3227:#else
        -: 3228:    _NOEXCEPT_(!__alloc_traits::propagate_on_container_swap::value ||
        -: 3229:                __is_nothrow_swappable<allocator_type>::value)
        -: 3230:#endif
        -: 3231:{
        -: 3232:    _VSTD::swap(this->__begin_, __x.__begin_);
        -: 3233:    _VSTD::swap(this->__size_, __x.__size_);
        -: 3234:    _VSTD::swap(this->__cap(), __x.__cap());
        -: 3235:    _VSTD::__swap_allocator(this->__alloc(), __x.__alloc(),
        -: 3236:        integral_constant<bool, __alloc_traits::propagate_on_container_swap::value>());
        -: 3237:}
        -: 3238:
        -: 3239:template <class _Allocator>
        -: 3240:void
        -: 3241:vector<bool, _Allocator>::resize(size_type __sz, value_type __x)
        -: 3242:{
        -: 3243:    size_type __cs = size();
        -: 3244:    if (__cs < __sz)
        -: 3245:    {
        -: 3246:        iterator __r;
        -: 3247:        size_type __c = capacity();
        -: 3248:        size_type __n = __sz - __cs;
        -: 3249:        if (__n <= __c && __cs <= __c - __n)
        -: 3250:        {
        -: 3251:            __r = end();
        -: 3252:            __size_ += __n;
        -: 3253:        }
        -: 3254:        else
        -: 3255:        {
        -: 3256:            vector __v(__alloc());
        -: 3257:            __v.reserve(__recommend(__size_ + __n));
        -: 3258:            __v.__size_ = __size_ + __n;
        -: 3259:            __r = _VSTD::copy(cbegin(), cend(), __v.begin());
        -: 3260:            swap(__v);
        -: 3261:        }
        -: 3262:        _VSTD::fill_n(__r, __n, __x);
        -: 3263:    }
        -: 3264:    else
        -: 3265:        __size_ = __sz;
        -: 3266:}
        -: 3267:
        -: 3268:template <class _Allocator>
        -: 3269:void
        -: 3270:vector<bool, _Allocator>::flip() _NOEXCEPT
        -: 3271:{
        -: 3272:    // do middle whole words
        -: 3273:    size_type __n = __size_;
        -: 3274:    __storage_pointer __p = __begin_;
        -: 3275:    for (; __n >= __bits_per_word; ++__p, __n -= __bits_per_word)
        -: 3276:        *__p = ~*__p;
        -: 3277:    // do last partial word
        -: 3278:    if (__n > 0)
        -: 3279:    {
        -: 3280:        __storage_type __m = ~__storage_type(0) >> (__bits_per_word - __n);
        -: 3281:        __storage_type __b = *__p & __m;
        -: 3282:        *__p &= ~__m;
        -: 3283:        *__p |= ~__b & __m;
        -: 3284:    }
        -: 3285:}
        -: 3286:
        -: 3287:template <class _Allocator>
        -: 3288:bool
        -: 3289:vector<bool, _Allocator>::__invariants() const
        -: 3290:{
        -: 3291:    if (this->__begin_ == nullptr)
        -: 3292:    {
        -: 3293:        if (this->__size_ != 0 || this->__cap() != 0)
        -: 3294:            return false;
        -: 3295:    }
        -: 3296:    else
        -: 3297:    {
        -: 3298:        if (this->__cap() == 0)
        -: 3299:            return false;
        -: 3300:        if (this->__size_ > this->capacity())
        -: 3301:            return false;
        -: 3302:    }
        -: 3303:    return true;
        -: 3304:}
        -: 3305:
        -: 3306:template <class _Allocator>
        -: 3307:size_t
        -: 3308:vector<bool, _Allocator>::__hash_code() const _NOEXCEPT
        -: 3309:{
        -: 3310:    size_t __h = 0;
        -: 3311:    // do middle whole words
        -: 3312:    size_type __n = __size_;
        -: 3313:    __storage_pointer __p = __begin_;
        -: 3314:    for (; __n >= __bits_per_word; ++__p, __n -= __bits_per_word)
        -: 3315:        __h ^= *__p;
        -: 3316:    // do last partial word
        -: 3317:    if (__n > 0)
        -: 3318:    {
        -: 3319:        const __storage_type __m = ~__storage_type(0) >> (__bits_per_word - __n);
        -: 3320:        __h ^= *__p & __m;
        -: 3321:    }
        -: 3322:    return __h;
        -: 3323:}
        -: 3324:
        -: 3325:template <class _Allocator>
        -: 3326:struct _LIBCPP_TEMPLATE_VIS hash<vector<bool, _Allocator> >
        -: 3327:    : public unary_function<vector<bool, _Allocator>, size_t>
        -: 3328:{
        -: 3329:    _LIBCPP_INLINE_VISIBILITY
        -: 3330:    size_t operator()(const vector<bool, _Allocator>& __vec) const _NOEXCEPT
        -: 3331:        {return __vec.__hash_code();}
        -: 3332:};
        -: 3333:
        -: 3334:template <class _Tp, class _Allocator>
        -: 3335:inline _LIBCPP_INLINE_VISIBILITY
        -: 3336:bool
        -: 3337:operator==(const vector<_Tp, _Allocator>& __x, const vector<_Tp, _Allocator>& __y)
        -: 3338:{
        -: 3339:    const typename vector<_Tp, _Allocator>::size_type __sz = __x.size();
        -: 3340:    return __sz == __y.size() && _VSTD::equal(__x.begin(), __x.end(), __y.begin());
        -: 3341:}
        -: 3342:
        -: 3343:template <class _Tp, class _Allocator>
        -: 3344:inline _LIBCPP_INLINE_VISIBILITY
        -: 3345:bool
        -: 3346:operator!=(const vector<_Tp, _Allocator>& __x, const vector<_Tp, _Allocator>& __y)
        -: 3347:{
        -: 3348:    return !(__x == __y);
        -: 3349:}
        -: 3350:
        -: 3351:template <class _Tp, class _Allocator>
        -: 3352:inline _LIBCPP_INLINE_VISIBILITY
        -: 3353:bool
        -: 3354:operator< (const vector<_Tp, _Allocator>& __x, const vector<_Tp, _Allocator>& __y)
        -: 3355:{
        -: 3356:    return _VSTD::lexicographical_compare(__x.begin(), __x.end(), __y.begin(), __y.end());
        -: 3357:}
        -: 3358:
        -: 3359:template <class _Tp, class _Allocator>
        -: 3360:inline _LIBCPP_INLINE_VISIBILITY
        -: 3361:bool
        -: 3362:operator> (const vector<_Tp, _Allocator>& __x, const vector<_Tp, _Allocator>& __y)
        -: 3363:{
        -: 3364:    return __y < __x;
        -: 3365:}
        -: 3366:
        -: 3367:template <class _Tp, class _Allocator>
        -: 3368:inline _LIBCPP_INLINE_VISIBILITY
        -: 3369:bool
        -: 3370:operator>=(const vector<_Tp, _Allocator>& __x, const vector<_Tp, _Allocator>& __y)
        -: 3371:{
        -: 3372:    return !(__x < __y);
        -: 3373:}
        -: 3374:
        -: 3375:template <class _Tp, class _Allocator>
        -: 3376:inline _LIBCPP_INLINE_VISIBILITY
        -: 3377:bool
        -: 3378:operator<=(const vector<_Tp, _Allocator>& __x, const vector<_Tp, _Allocator>& __y)
        -: 3379:{
        -: 3380:    return !(__y < __x);
        -: 3381:}
        -: 3382:
        -: 3383:template <class _Tp, class _Allocator>
        -: 3384:inline _LIBCPP_INLINE_VISIBILITY
        -: 3385:void
        -: 3386:swap(vector<_Tp, _Allocator>& __x, vector<_Tp, _Allocator>& __y)
        -: 3387:    _NOEXCEPT_(_NOEXCEPT_(__x.swap(__y)))
        -: 3388:{
        -: 3389:    __x.swap(__y);
        -: 3390:}
        -: 3391:
        -: 3392:#if _LIBCPP_STD_VER > 17
        -: 3393:template <class _Tp, class _Allocator, class _Up>
        -: 3394:inline _LIBCPP_INLINE_VISIBILITY typename vector<_Tp, _Allocator>::size_type
        -: 3395:erase(vector<_Tp, _Allocator>& __c, const _Up& __v) {
        -: 3396:  auto __old_size = __c.size();
        -: 3397:  __c.erase(_VSTD::remove(__c.begin(), __c.end(), __v), __c.end());
        -: 3398:  return __old_size - __c.size();
        -: 3399:}
        -: 3400:
        -: 3401:template <class _Tp, class _Allocator, class _Predicate>
        -: 3402:inline _LIBCPP_INLINE_VISIBILITY typename vector<_Tp, _Allocator>::size_type
        -: 3403:erase_if(vector<_Tp, _Allocator>& __c, _Predicate __pred) {
        -: 3404:  auto __old_size = __c.size();
        -: 3405:  __c.erase(_VSTD::remove_if(__c.begin(), __c.end(), __pred), __c.end());
        -: 3406:  return __old_size - __c.size();
        -: 3407:}
        -: 3408:#endif
        -: 3409:
        -: 3410:_LIBCPP_END_NAMESPACE_STD
        -: 3411:
        -: 3412:_LIBCPP_POP_MACROS
        -: 3413:
        -: 3414:#endif  // _LIBCPP_VECTOR
