        -:    0:Source:/Library/Developer/CommandLineTools/SDKs/MacOSX12.1.sdk/usr/include/c++/v1/algorithm
        -:    0:Graph:/Users/maxbazarov/Documents/Software_testing/ctest/cmake-build-default/tests/googletest/googletest/CMakeFiles/gtest.dir/src/gtest-all.cc.gcno
        -:    0:Data:/Users/maxbazarov/Documents/Software_testing/ctest/cmake-build-default/tests/googletest/googletest/CMakeFiles/gtest.dir/src/gtest-all.cc.gcda
        -:    0:Runs:1
        -:    0:Programs:1
        -:    1:// -*- C++ -*-
        -:    2://===-------------------------- algorithm ---------------------------------===//
        -:    3://
        -:    4:// Part of the LLVM Project, under the Apache License v2.0 with LLVM Exceptions.
        -:    5:// See https://llvm.org/LICENSE.txt for license information.
        -:    6:// SPDX-License-Identifier: Apache-2.0 WITH LLVM-exception
        -:    7://
        -:    8://===----------------------------------------------------------------------===//
        -:    9:
        -:   10:#ifndef _LIBCPP_ALGORITHM
        -:   11:#define _LIBCPP_ALGORITHM
        -:   12:
        -:   13:/*
        -:   14:    algorithm synopsis
        -:   15:
        -:   16:#include <initializer_list>
        -:   17:
        -:   18:namespace std
        -:   19:{
        -:   20:
        -:   21:template <class InputIterator, class Predicate>
        -:   22:    constexpr bool     // constexpr in C++20
        -:   23:    all_of(InputIterator first, InputIterator last, Predicate pred);
        -:   24:
        -:   25:template <class InputIterator, class Predicate>
        -:   26:    constexpr bool     // constexpr in C++20
        -:   27:    any_of(InputIterator first, InputIterator last, Predicate pred);
        -:   28:
        -:   29:template <class InputIterator, class Predicate>
        -:   30:    constexpr bool     // constexpr in C++20
        -:   31:    none_of(InputIterator first, InputIterator last, Predicate pred);
        -:   32:
        -:   33:template <class InputIterator, class Function>
        -:   34:    constexpr Function          // constexpr in C++20
        -:   35:    for_each(InputIterator first, InputIterator last, Function f);
        -:   36:
        -:   37:template<class InputIterator, class Size, class Function>
        -:   38:    constexpr InputIterator     // constexpr in C++20
        -:   39:    for_each_n(InputIterator first, Size n, Function f); // C++17
        -:   40:
        -:   41:template <class InputIterator, class T>
        -:   42:    constexpr InputIterator     // constexpr in C++20
        -:   43:    find(InputIterator first, InputIterator last, const T& value);
        -:   44:
        -:   45:template <class InputIterator, class Predicate>
        -:   46:    constexpr InputIterator     // constexpr in C++20
        -:   47:    find_if(InputIterator first, InputIterator last, Predicate pred);
        -:   48:
        -:   49:template<class InputIterator, class Predicate>
        -:   50:    constexpr InputIterator     // constexpr in C++20
        -:   51:    find_if_not(InputIterator first, InputIterator last, Predicate pred);
        -:   52:
        -:   53:template <class ForwardIterator1, class ForwardIterator2>
        -:   54:    constexpr ForwardIterator1  // constexpr in C++20
        -:   55:    find_end(ForwardIterator1 first1, ForwardIterator1 last1,
        -:   56:             ForwardIterator2 first2, ForwardIterator2 last2);
        -:   57:
        -:   58:template <class ForwardIterator1, class ForwardIterator2, class BinaryPredicate>
        -:   59:    constexpr ForwardIterator1  // constexpr in C++20
        -:   60:    find_end(ForwardIterator1 first1, ForwardIterator1 last1,
        -:   61:             ForwardIterator2 first2, ForwardIterator2 last2, BinaryPredicate pred);
        -:   62:
        -:   63:template <class ForwardIterator1, class ForwardIterator2>
        -:   64:    constexpr ForwardIterator1  // constexpr in C++20
        -:   65:    find_first_of(ForwardIterator1 first1, ForwardIterator1 last1,
        -:   66:                  ForwardIterator2 first2, ForwardIterator2 last2);
        -:   67:
        -:   68:template <class ForwardIterator1, class ForwardIterator2, class BinaryPredicate>
        -:   69:    constexpr ForwardIterator1  // constexpr in C++20
        -:   70:    find_first_of(ForwardIterator1 first1, ForwardIterator1 last1,
        -:   71:                  ForwardIterator2 first2, ForwardIterator2 last2, BinaryPredicate pred);
        -:   72:
        -:   73:template <class ForwardIterator>
        -:   74:    constexpr ForwardIterator   // constexpr in C++20
        -:   75:    adjacent_find(ForwardIterator first, ForwardIterator last);
        -:   76:
        -:   77:template <class ForwardIterator, class BinaryPredicate>
        -:   78:    constexpr ForwardIterator   // constexpr in C++20
        -:   79:    adjacent_find(ForwardIterator first, ForwardIterator last, BinaryPredicate pred);
        -:   80:
        -:   81:template <class InputIterator, class T>
        -:   82:    constexpr typename iterator_traits<InputIterator>::difference_type  // constexpr in C++20
        -:   83:    count(InputIterator first, InputIterator last, const T& value);
        -:   84:
        -:   85:template <class InputIterator, class Predicate>
        -:   86:    constexpr typename iterator_traits<InputIterator>::difference_type // constexpr in C++20
        -:   87:    count_if(InputIterator first, InputIterator last, Predicate pred);
        -:   88:
        -:   89:template <class InputIterator1, class InputIterator2>
        -:   90:    constexpr pair<InputIterator1, InputIterator2>   // constexpr in C++20
        -:   91:    mismatch(InputIterator1 first1, InputIterator1 last1, InputIterator2 first2);
        -:   92:
        -:   93:template <class InputIterator1, class InputIterator2>
        -:   94:    constexpr pair<InputIterator1, InputIterator2>   // constexpr in C++20
        -:   95:    mismatch(InputIterator1 first1, InputIterator1 last1,
        -:   96:             InputIterator2 first2, InputIterator2 last2); // **C++14**
        -:   97:
        -:   98:template <class InputIterator1, class InputIterator2, class BinaryPredicate>
        -:   99:    constexpr pair<InputIterator1, InputIterator2>   // constexpr in C++20
        -:  100:    mismatch(InputIterator1 first1, InputIterator1 last1,
        -:  101:             InputIterator2 first2, BinaryPredicate pred);
        -:  102:
        -:  103:template <class InputIterator1, class InputIterator2, class BinaryPredicate>
        -:  104:    constexpr pair<InputIterator1, InputIterator2>   // constexpr in C++20
        -:  105:    mismatch(InputIterator1 first1, InputIterator1 last1,
        -:  106:             InputIterator2 first2, InputIterator2 last2,
        -:  107:             BinaryPredicate pred); // **C++14**
        -:  108:
        -:  109:template <class InputIterator1, class InputIterator2>
        -:  110:    constexpr bool      // constexpr in C++20
        -:  111:    equal(InputIterator1 first1, InputIterator1 last1, InputIterator2 first2);
        -:  112:
        -:  113:template <class InputIterator1, class InputIterator2>
        -:  114:    constexpr bool      // constexpr in C++20
        -:  115:    equal(InputIterator1 first1, InputIterator1 last1,
        -:  116:          InputIterator2 first2, InputIterator2 last2); // **C++14**
        -:  117:
        -:  118:template <class InputIterator1, class InputIterator2, class BinaryPredicate>
        -:  119:    constexpr bool      // constexpr in C++20
        -:  120:    equal(InputIterator1 first1, InputIterator1 last1,
        -:  121:          InputIterator2 first2, BinaryPredicate pred);
        -:  122:
        -:  123:template <class InputIterator1, class InputIterator2, class BinaryPredicate>
        -:  124:    constexpr bool      // constexpr in C++20
        -:  125:    equal(InputIterator1 first1, InputIterator1 last1,
        -:  126:          InputIterator2 first2, InputIterator2 last2,
        -:  127:          BinaryPredicate pred); // **C++14**
        -:  128:
        -:  129:template<class ForwardIterator1, class ForwardIterator2>
        -:  130:    constexpr bool      // constexpr in C++20
        -:  131:    is_permutation(ForwardIterator1 first1, ForwardIterator1 last1,
        -:  132:                   ForwardIterator2 first2);
        -:  133:
        -:  134:template<class ForwardIterator1, class ForwardIterator2>
        -:  135:    constexpr bool      // constexpr in C++20
        -:  136:    is_permutation(ForwardIterator1 first1, ForwardIterator1 last1,
        -:  137:                   ForwardIterator2 first2, ForwardIterator2 last2); // **C++14**
        -:  138:
        -:  139:template<class ForwardIterator1, class ForwardIterator2, class BinaryPredicate>
        -:  140:    constexpr bool      // constexpr in C++20
        -:  141:    is_permutation(ForwardIterator1 first1, ForwardIterator1 last1,
        -:  142:                   ForwardIterator2 first2, BinaryPredicate pred);
        -:  143:
        -:  144:template<class ForwardIterator1, class ForwardIterator2, class BinaryPredicate>
        -:  145:    constexpr bool      // constexpr in C++20
        -:  146:    is_permutation(ForwardIterator1 first1, ForwardIterator1 last1,
        -:  147:                   ForwardIterator2 first2, ForwardIterator2 last2,
        -:  148:                   BinaryPredicate pred);  // **C++14**
        -:  149:
        -:  150:template <class ForwardIterator1, class ForwardIterator2>
        -:  151:    constexpr ForwardIterator1      // constexpr in C++20
        -:  152:    search(ForwardIterator1 first1, ForwardIterator1 last1,
        -:  153:           ForwardIterator2 first2, ForwardIterator2 last2);
        -:  154:
        -:  155:template <class ForwardIterator1, class ForwardIterator2, class BinaryPredicate>
        -:  156:    constexpr ForwardIterator1      // constexpr in C++20
        -:  157:    search(ForwardIterator1 first1, ForwardIterator1 last1,
        -:  158:           ForwardIterator2 first2, ForwardIterator2 last2, BinaryPredicate pred);
        -:  159:
        -:  160:template <class ForwardIterator, class Size, class T>
        -:  161:    constexpr ForwardIterator       // constexpr in C++20
        -:  162:    search_n(ForwardIterator first, ForwardIterator last, Size count, const T& value);
        -:  163:
        -:  164:template <class ForwardIterator, class Size, class T, class BinaryPredicate>
        -:  165:    constexpr ForwardIterator       // constexpr in C++20
        -:  166:    search_n(ForwardIterator first, ForwardIterator last,
        -:  167:             Size count, const T& value, BinaryPredicate pred);
        -:  168:
        -:  169:template <class InputIterator, class OutputIterator>
        -:  170:    constexpr OutputIterator      // constexpr in C++20
        -:  171:    copy(InputIterator first, InputIterator last, OutputIterator result);
        -:  172:
        -:  173:template<class InputIterator, class OutputIterator, class Predicate>
        -:  174:    constexpr OutputIterator      // constexpr in C++20
        -:  175:    copy_if(InputIterator first, InputIterator last,
        -:  176:            OutputIterator result, Predicate pred);
        -:  177:
        -:  178:template<class InputIterator, class Size, class OutputIterator>
        -:  179:    constexpr OutputIterator      // constexpr in C++20
        -:  180:    copy_n(InputIterator first, Size n, OutputIterator result);
        -:  181:
        -:  182:template <class BidirectionalIterator1, class BidirectionalIterator2>
        -:  183:    constexpr BidirectionalIterator2      // constexpr in C++20
        -:  184:    copy_backward(BidirectionalIterator1 first, BidirectionalIterator1 last,
        -:  185:                  BidirectionalIterator2 result);
        -:  186:
        -:  187:template <class ForwardIterator1, class ForwardIterator2>
        -:  188:    constexpr ForwardIterator2    // constexpr in C++20
        -:  189:    swap_ranges(ForwardIterator1 first1, ForwardIterator1 last1, ForwardIterator2 first2);
        -:  190:
        -:  191:template <class ForwardIterator1, class ForwardIterator2>
        -:  192:    constexpr void                // constexpr in C++20
        -:  193:    iter_swap(ForwardIterator1 a, ForwardIterator2 b);
        -:  194:
        -:  195:template <class InputIterator, class OutputIterator, class UnaryOperation>
        -:  196:    constexpr OutputIterator      // constexpr in C++20
        -:  197:    transform(InputIterator first, InputIterator last, OutputIterator result, UnaryOperation op);
        -:  198:
        -:  199:template <class InputIterator1, class InputIterator2, class OutputIterator, class BinaryOperation>
        -:  200:    constexpr OutputIterator      // constexpr in C++20
        -:  201:    transform(InputIterator1 first1, InputIterator1 last1, InputIterator2 first2,
        -:  202:              OutputIterator result, BinaryOperation binary_op);
        -:  203:
        -:  204:template <class ForwardIterator, class T>
        -:  205:    constexpr void      // constexpr in C++20
        -:  206:    replace(ForwardIterator first, ForwardIterator last, const T& old_value, const T& new_value);
        -:  207:
        -:  208:template <class ForwardIterator, class Predicate, class T>
        -:  209:    constexpr void      // constexpr in C++20
        -:  210:    replace_if(ForwardIterator first, ForwardIterator last, Predicate pred, const T& new_value);
        -:  211:
        -:  212:template <class InputIterator, class OutputIterator, class T>
        -:  213:    constexpr OutputIterator      // constexpr in C++20
        -:  214:    replace_copy(InputIterator first, InputIterator last, OutputIterator result,
        -:  215:                 const T& old_value, const T& new_value);
        -:  216:
        -:  217:template <class InputIterator, class OutputIterator, class Predicate, class T>
        -:  218:    constexpr OutputIterator      // constexpr in C++20
        -:  219:    replace_copy_if(InputIterator first, InputIterator last, OutputIterator result, Predicate pred, const T& new_value);
        -:  220:
        -:  221:template <class ForwardIterator, class T>
        -:  222:    constexpr void      // constexpr in C++20
        -:  223:    fill(ForwardIterator first, ForwardIterator last, const T& value);
        -:  224:
        -:  225:template <class OutputIterator, class Size, class T>
        -:  226:    constexpr OutputIterator      // constexpr in C++20
        -:  227:    fill_n(OutputIterator first, Size n, const T& value);
        -:  228:
        -:  229:template <class ForwardIterator, class Generator>
        -:  230:    constexpr void      // constexpr in C++20
        -:  231:    generate(ForwardIterator first, ForwardIterator last, Generator gen);
        -:  232:
        -:  233:template <class OutputIterator, class Size, class Generator>
        -:  234:    constexpr OutputIterator      // constexpr in C++20
        -:  235:    generate_n(OutputIterator first, Size n, Generator gen);
        -:  236:
        -:  237:template <class ForwardIterator, class T>
        -:  238:    constexpr ForwardIterator     // constexpr in C++20
        -:  239:    remove(ForwardIterator first, ForwardIterator last, const T& value);
        -:  240:
        -:  241:template <class ForwardIterator, class Predicate>
        -:  242:    constexpr ForwardIterator     // constexpr in C++20
        -:  243:    remove_if(ForwardIterator first, ForwardIterator last, Predicate pred);
        -:  244:
        -:  245:template <class InputIterator, class OutputIterator, class T>
        -:  246:    constexpr OutputIterator     // constexpr in C++20
        -:  247:    remove_copy(InputIterator first, InputIterator last, OutputIterator result, const T& value);
        -:  248:
        -:  249:template <class InputIterator, class OutputIterator, class Predicate>
        -:  250:    constexpr OutputIterator     // constexpr in C++20
        -:  251:    remove_copy_if(InputIterator first, InputIterator last, OutputIterator result, Predicate pred);
        -:  252:
        -:  253:template <class ForwardIterator>
        -:  254:    constexpr ForwardIterator    // constexpr in C++20
        -:  255:    unique(ForwardIterator first, ForwardIterator last);
        -:  256:
        -:  257:template <class ForwardIterator, class BinaryPredicate>
        -:  258:    constexpr ForwardIterator    // constexpr in C++20
        -:  259:    unique(ForwardIterator first, ForwardIterator last, BinaryPredicate pred);
        -:  260:
        -:  261:template <class InputIterator, class OutputIterator>
        -:  262:    constexpr OutputIterator     // constexpr in C++20
        -:  263:    unique_copy(InputIterator first, InputIterator last, OutputIterator result);
        -:  264:
        -:  265:template <class InputIterator, class OutputIterator, class BinaryPredicate>
        -:  266:    constexpr OutputIterator     // constexpr in C++20
        -:  267:    unique_copy(InputIterator first, InputIterator last, OutputIterator result, BinaryPredicate pred);
        -:  268:
        -:  269:template <class BidirectionalIterator>
        -:  270:    constexpr void               // constexpr in C++20
        -:  271:    reverse(BidirectionalIterator first, BidirectionalIterator last);
        -:  272:
        -:  273:template <class BidirectionalIterator, class OutputIterator>
        -:  274:    constexpr OutputIterator       // constexpr in C++20
        -:  275:    reverse_copy(BidirectionalIterator first, BidirectionalIterator last, OutputIterator result);
        -:  276:
        -:  277:template <class ForwardIterator>
        -:  278:    constexpr ForwardIterator      // constexpr in C++20
        -:  279:    rotate(ForwardIterator first, ForwardIterator middle, ForwardIterator last);
        -:  280:
        -:  281:template <class ForwardIterator, class OutputIterator>
        -:  282:    constexpr OutputIterator       // constexpr in C++20
        -:  283:    rotate_copy(ForwardIterator first, ForwardIterator middle, ForwardIterator last, OutputIterator result);
        -:  284:
        -:  285:template <class RandomAccessIterator>
        -:  286:    void
        -:  287:    random_shuffle(RandomAccessIterator first, RandomAccessIterator last); // deprecated in C++14, removed in C++17
        -:  288:
        -:  289:template <class RandomAccessIterator, class RandomNumberGenerator>
        -:  290:    void
        -:  291:    random_shuffle(RandomAccessIterator first, RandomAccessIterator last,
        -:  292:                   RandomNumberGenerator& rand);  // deprecated in C++14, removed in C++17
        -:  293:
        -:  294:template<class PopulationIterator, class SampleIterator,
        -:  295:         class Distance, class UniformRandomBitGenerator>
        -:  296:    SampleIterator sample(PopulationIterator first, PopulationIterator last,
        -:  297:                          SampleIterator out, Distance n,
        -:  298:                          UniformRandomBitGenerator&& g); // C++17
        -:  299:
        -:  300:template<class RandomAccessIterator, class UniformRandomNumberGenerator>
        -:  301:    void shuffle(RandomAccessIterator first, RandomAccessIterator last,
        -:  302:                 UniformRandomNumberGenerator&& g);
        -:  303:
        -:  304:template<class ForwardIterator>
        -:  305:  constexpr ForwardIterator
        -:  306:    shift_left(ForwardIterator first, ForwardIterator last,
        -:  307:               typename iterator_traits<ForwardIterator>::difference_type n); // C++20
        -:  308:
        -:  309:template<class ForwardIterator>
        -:  310:  constexpr ForwardIterator
        -:  311:    shift_right(ForwardIterator first, ForwardIterator last,
        -:  312:                typename iterator_traits<ForwardIterator>::difference_type n); // C++20
        -:  313:
        -:  314:template <class InputIterator, class Predicate>
        -:  315:    constexpr bool  // constexpr in C++20
        -:  316:    is_partitioned(InputIterator first, InputIterator last, Predicate pred);
        -:  317:
        -:  318:template <class ForwardIterator, class Predicate>
        -:  319:    constexpr ForwardIterator  // constexpr in C++20
        -:  320:    partition(ForwardIterator first, ForwardIterator last, Predicate pred);
        -:  321:
        -:  322:template <class InputIterator, class OutputIterator1,
        -:  323:          class OutputIterator2, class Predicate>
        -:  324:    constexpr pair<OutputIterator1, OutputIterator2>   // constexpr in C++20
        -:  325:    partition_copy(InputIterator first, InputIterator last,
        -:  326:                   OutputIterator1 out_true, OutputIterator2 out_false,
        -:  327:                   Predicate pred);
        -:  328:
        -:  329:template <class ForwardIterator, class Predicate>
        -:  330:    ForwardIterator
        -:  331:    stable_partition(ForwardIterator first, ForwardIterator last, Predicate pred);
        -:  332:
        -:  333:template<class ForwardIterator, class Predicate>
        -:  334:    constexpr ForwardIterator  // constexpr in C++20
        -:  335:    partition_point(ForwardIterator first, ForwardIterator last, Predicate pred);
        -:  336:
        -:  337:template <class ForwardIterator>
        -:  338:    constexpr bool  // constexpr in C++20
        -:  339:    is_sorted(ForwardIterator first, ForwardIterator last);
        -:  340:
        -:  341:template <class ForwardIterator, class Compare>
        -:  342:    constexpr bool  // constexpr in C++20
        -:  343:    is_sorted(ForwardIterator first, ForwardIterator last, Compare comp);
        -:  344:
        -:  345:template<class ForwardIterator>
        -:  346:    constexpr ForwardIterator    // constexpr in C++20
        -:  347:    is_sorted_until(ForwardIterator first, ForwardIterator last);
        -:  348:
        -:  349:template <class ForwardIterator, class Compare>
        -:  350:    constexpr ForwardIterator    // constexpr in C++20
        -:  351:    is_sorted_until(ForwardIterator first, ForwardIterator last, Compare comp);
        -:  352:
        -:  353:template <class RandomAccessIterator>
        -:  354:    void
        -:  355:    sort(RandomAccessIterator first, RandomAccessIterator last);
        -:  356:
        -:  357:template <class RandomAccessIterator, class Compare>
        -:  358:    void
        -:  359:    sort(RandomAccessIterator first, RandomAccessIterator last, Compare comp);
        -:  360:
        -:  361:template <class RandomAccessIterator>
        -:  362:    void
        -:  363:    stable_sort(RandomAccessIterator first, RandomAccessIterator last);
        -:  364:
        -:  365:template <class RandomAccessIterator, class Compare>
        -:  366:    void
        -:  367:    stable_sort(RandomAccessIterator first, RandomAccessIterator last, Compare comp);
        -:  368:
        -:  369:template <class RandomAccessIterator>
        -:  370:    void
        -:  371:    partial_sort(RandomAccessIterator first, RandomAccessIterator middle, RandomAccessIterator last);
        -:  372:
        -:  373:template <class RandomAccessIterator, class Compare>
        -:  374:    void
        -:  375:    partial_sort(RandomAccessIterator first, RandomAccessIterator middle, RandomAccessIterator last, Compare comp);
        -:  376:
        -:  377:template <class InputIterator, class RandomAccessIterator>
        -:  378:    RandomAccessIterator
        -:  379:    partial_sort_copy(InputIterator first, InputIterator last,
        -:  380:                      RandomAccessIterator result_first, RandomAccessIterator result_last);
        -:  381:
        -:  382:template <class InputIterator, class RandomAccessIterator, class Compare>
        -:  383:    RandomAccessIterator
        -:  384:    partial_sort_copy(InputIterator first, InputIterator last,
        -:  385:                      RandomAccessIterator result_first, RandomAccessIterator result_last, Compare comp);
        -:  386:
        -:  387:template <class RandomAccessIterator>
        -:  388:    void
        -:  389:    nth_element(RandomAccessIterator first, RandomAccessIterator nth, RandomAccessIterator last);
        -:  390:
        -:  391:template <class RandomAccessIterator, class Compare>
        -:  392:    void
        -:  393:    nth_element(RandomAccessIterator first, RandomAccessIterator nth, RandomAccessIterator last, Compare comp);
        -:  394:
        -:  395:template <class ForwardIterator, class T>
        -:  396:    constexpr ForwardIterator                         // constexpr in C++20
        -:  397:    lower_bound(ForwardIterator first, ForwardIterator last, const T& value);
        -:  398:
        -:  399:template <class ForwardIterator, class T, class Compare>
        -:  400:    constexpr ForwardIterator                         // constexpr in C++20
        -:  401:    lower_bound(ForwardIterator first, ForwardIterator last, const T& value, Compare comp);
        -:  402:
        -:  403:template <class ForwardIterator, class T>
        -:  404:    constexpr ForwardIterator                         // constexpr in C++20
        -:  405:    upper_bound(ForwardIterator first, ForwardIterator last, const T& value);
        -:  406:
        -:  407:template <class ForwardIterator, class T, class Compare>
        -:  408:    constexpr ForwardIterator                         // constexpr in C++20
        -:  409:    upper_bound(ForwardIterator first, ForwardIterator last, const T& value, Compare comp);
        -:  410:
        -:  411:template <class ForwardIterator, class T>
        -:  412:    constexpr pair<ForwardIterator, ForwardIterator>  // constexpr in C++20
        -:  413:    equal_range(ForwardIterator first, ForwardIterator last, const T& value);
        -:  414:
        -:  415:template <class ForwardIterator, class T, class Compare>
        -:  416:    constexpr pair<ForwardIterator, ForwardIterator>  // constexpr in C++20
        -:  417:    equal_range(ForwardIterator first, ForwardIterator last, const T& value, Compare comp);
        -:  418:
        -:  419:template <class ForwardIterator, class T>
        -:  420:    constexpr bool                                    // constexpr in C++20
        -:  421:    binary_search(ForwardIterator first, ForwardIterator last, const T& value);
        -:  422:
        -:  423:template <class ForwardIterator, class T, class Compare>
        -:  424:    constexpr bool                                    // constexpr in C++20
        -:  425:    binary_search(ForwardIterator first, ForwardIterator last, const T& value, Compare comp);
        -:  426:
        -:  427:template <class InputIterator1, class InputIterator2, class OutputIterator>
        -:  428:    constexpr OutputIterator                          // constexpr in C++20
        -:  429:    merge(InputIterator1 first1, InputIterator1 last1,
        -:  430:          InputIterator2 first2, InputIterator2 last2, OutputIterator result);
        -:  431:
        -:  432:template <class InputIterator1, class InputIterator2, class OutputIterator, class Compare>
        -:  433:    constexpr OutputIterator                          // constexpr in C++20
        -:  434:    merge(InputIterator1 first1, InputIterator1 last1,
        -:  435:          InputIterator2 first2, InputIterator2 last2, OutputIterator result, Compare comp);
        -:  436:
        -:  437:template <class BidirectionalIterator>
        -:  438:    void
        -:  439:    inplace_merge(BidirectionalIterator first, BidirectionalIterator middle, BidirectionalIterator last);
        -:  440:
        -:  441:template <class BidirectionalIterator, class Compare>
        -:  442:    void
        -:  443:    inplace_merge(BidirectionalIterator first, BidirectionalIterator middle, BidirectionalIterator last, Compare comp);
        -:  444:
        -:  445:template <class InputIterator1, class InputIterator2>
        -:  446:    constexpr bool                                    // constexpr in C++20
        -:  447:    includes(InputIterator1 first1, InputIterator1 last1, InputIterator2 first2, InputIterator2 last2);
        -:  448:
        -:  449:template <class InputIterator1, class InputIterator2, class Compare>
        -:  450:    constexpr bool                                    // constexpr in C++20
        -:  451:    includes(InputIterator1 first1, InputIterator1 last1, InputIterator2 first2, InputIterator2 last2, Compare comp);
        -:  452:
        -:  453:template <class InputIterator1, class InputIterator2, class OutputIterator>
        -:  454:    constexpr OutputIterator                          // constexpr in C++20
        -:  455:    set_union(InputIterator1 first1, InputIterator1 last1,
        -:  456:              InputIterator2 first2, InputIterator2 last2, OutputIterator result);
        -:  457:
        -:  458:template <class InputIterator1, class InputIterator2, class OutputIterator, class Compare>
        -:  459:    constexpr OutputIterator                          // constexpr in C++20
        -:  460:    set_union(InputIterator1 first1, InputIterator1 last1,
        -:  461:              InputIterator2 first2, InputIterator2 last2, OutputIterator result, Compare comp);
        -:  462:
        -:  463:template <class InputIterator1, class InputIterator2, class OutputIterator>
        -:  464:    constexpr OutputIterator                         // constexpr in C++20
        -:  465:    set_intersection(InputIterator1 first1, InputIterator1 last1,
        -:  466:                     InputIterator2 first2, InputIterator2 last2, OutputIterator result);
        -:  467:
        -:  468:template <class InputIterator1, class InputIterator2, class OutputIterator, class Compare>
        -:  469:    constexpr OutputIterator                         // constexpr in C++20
        -:  470:    set_intersection(InputIterator1 first1, InputIterator1 last1,
        -:  471:                     InputIterator2 first2, InputIterator2 last2, OutputIterator result, Compare comp);
        -:  472:
        -:  473:template <class InputIterator1, class InputIterator2, class OutputIterator>
        -:  474:    constexpr OutputIterator                         // constexpr in C++20
        -:  475:    set_difference(InputIterator1 first1, InputIterator1 last1,
        -:  476:                   InputIterator2 first2, InputIterator2 last2, OutputIterator result);
        -:  477:
        -:  478:template <class InputIterator1, class InputIterator2, class OutputIterator, class Compare>
        -:  479:    constexpr OutputIterator                         // constexpr in C++20
        -:  480:    set_difference(InputIterator1 first1, InputIterator1 last1,
        -:  481:                   InputIterator2 first2, InputIterator2 last2, OutputIterator result, Compare comp);
        -:  482:
        -:  483:template <class InputIterator1, class InputIterator2, class OutputIterator>
        -:  484:    constexpr OutputIterator                         // constexpr in C++20
        -:  485:    set_symmetric_difference(InputIterator1 first1, InputIterator1 last1,
        -:  486:                             InputIterator2 first2, InputIterator2 last2, OutputIterator result);
        -:  487:
        -:  488:template <class InputIterator1, class InputIterator2, class OutputIterator, class Compare>
        -:  489:    constexpr OutputIterator                         // constexpr in C++20
        -:  490:    set_symmetric_difference(InputIterator1 first1, InputIterator1 last1,
        -:  491:                             InputIterator2 first2, InputIterator2 last2, OutputIterator result, Compare comp);
        -:  492:
        -:  493:template <class RandomAccessIterator>
        -:  494:    void
        -:  495:    push_heap(RandomAccessIterator first, RandomAccessIterator last);
        -:  496:
        -:  497:template <class RandomAccessIterator, class Compare>
        -:  498:    void
        -:  499:    push_heap(RandomAccessIterator first, RandomAccessIterator last, Compare comp);
        -:  500:
        -:  501:template <class RandomAccessIterator>
        -:  502:    void
        -:  503:    pop_heap(RandomAccessIterator first, RandomAccessIterator last);
        -:  504:
        -:  505:template <class RandomAccessIterator, class Compare>
        -:  506:    void
        -:  507:    pop_heap(RandomAccessIterator first, RandomAccessIterator last, Compare comp);
        -:  508:
        -:  509:template <class RandomAccessIterator>
        -:  510:    void
        -:  511:    make_heap(RandomAccessIterator first, RandomAccessIterator last);
        -:  512:
        -:  513:template <class RandomAccessIterator, class Compare>
        -:  514:    void
        -:  515:    make_heap(RandomAccessIterator first, RandomAccessIterator last, Compare comp);
        -:  516:
        -:  517:template <class RandomAccessIterator>
        -:  518:    void
        -:  519:    sort_heap(RandomAccessIterator first, RandomAccessIterator last);
        -:  520:
        -:  521:template <class RandomAccessIterator, class Compare>
        -:  522:    void
        -:  523:    sort_heap(RandomAccessIterator first, RandomAccessIterator last, Compare comp);
        -:  524:
        -:  525:template <class RandomAccessIterator>
        -:  526:    constexpr bool   // constexpr in C++20
        -:  527:    is_heap(RandomAccessIterator first, RandomAccessiterator last);
        -:  528:
        -:  529:template <class RandomAccessIterator, class Compare>
        -:  530:    constexpr bool   // constexpr in C++20
        -:  531:    is_heap(RandomAccessIterator first, RandomAccessiterator last, Compare comp);
        -:  532:
        -:  533:template <class RandomAccessIterator>
        -:  534:    constexpr RandomAccessIterator   // constexpr in C++20
        -:  535:    is_heap_until(RandomAccessIterator first, RandomAccessiterator last);
        -:  536:
        -:  537:template <class RandomAccessIterator, class Compare>
        -:  538:    constexpr RandomAccessIterator   // constexpr in C++20
        -:  539:    is_heap_until(RandomAccessIterator first, RandomAccessiterator last, Compare comp);
        -:  540:
        -:  541:template <class ForwardIterator>
        -:  542:    constexpr ForwardIterator        // constexpr in C++14
        -:  543:    min_element(ForwardIterator first, ForwardIterator last);
        -:  544:
        -:  545:template <class ForwardIterator, class Compare>
        -:  546:    constexpr ForwardIterator        // constexpr in C++14
        -:  547:    min_element(ForwardIterator first, ForwardIterator last, Compare comp);
        -:  548:
        -:  549:template <class T>
        -:  550:    constexpr const T&               // constexpr in C++14
        -:  551:    min(const T& a, const T& b);
        -:  552:
        -:  553:template <class T, class Compare>
        -:  554:    constexpr const T&               // constexpr in C++14
        -:  555:    min(const T& a, const T& b, Compare comp);
        -:  556:
        -:  557:template<class T>
        -:  558:    constexpr T                      // constexpr in C++14
        -:  559:    min(initializer_list<T> t);
        -:  560:
        -:  561:template<class T, class Compare>
        -:  562:    constexpr T                      // constexpr in C++14
        -:  563:    min(initializer_list<T> t, Compare comp);
        -:  564:
        -:  565:template<class T>
        -:  566:    constexpr const T& clamp(const T& v, const T& lo, const T& hi);               // C++17
        -:  567:
        -:  568:template<class T, class Compare>
        -:  569:    constexpr const T& clamp(const T& v, const T& lo, const T& hi, Compare comp); // C++17
        -:  570:
        -:  571:template <class ForwardIterator>
        -:  572:    constexpr ForwardIterator        // constexpr in C++14
        -:  573:    max_element(ForwardIterator first, ForwardIterator last);
        -:  574:
        -:  575:template <class ForwardIterator, class Compare>
        -:  576:    constexpr ForwardIterator        // constexpr in C++14
        -:  577:    max_element(ForwardIterator first, ForwardIterator last, Compare comp);
        -:  578:
        -:  579:template <class T>
        -:  580:    constexpr const T&               // constexpr in C++14
        -:  581:    max(const T& a, const T& b);
        -:  582:
        -:  583:template <class T, class Compare>
        -:  584:    constexpr const T&               // constexpr in C++14
        -:  585:    max(const T& a, const T& b, Compare comp);
        -:  586:
        -:  587:template<class T>
        -:  588:    constexpr T                      // constexpr in C++14
        -:  589:    max(initializer_list<T> t);
        -:  590:
        -:  591:template<class T, class Compare>
        -:  592:    constexpr T                      // constexpr in C++14
        -:  593:    max(initializer_list<T> t, Compare comp);
        -:  594:
        -:  595:template<class ForwardIterator>
        -:  596:    constexpr pair<ForwardIterator, ForwardIterator>  // constexpr in C++14
        -:  597:    minmax_element(ForwardIterator first, ForwardIterator last);
        -:  598:
        -:  599:template<class ForwardIterator, class Compare>
        -:  600:    constexpr pair<ForwardIterator, ForwardIterator>  // constexpr in C++14
        -:  601:    minmax_element(ForwardIterator first, ForwardIterator last, Compare comp);
        -:  602:
        -:  603:template<class T>
        -:  604:    constexpr pair<const T&, const T&>  // constexpr in C++14
        -:  605:    minmax(const T& a, const T& b);
        -:  606:
        -:  607:template<class T, class Compare>
        -:  608:    constexpr pair<const T&, const T&>  // constexpr in C++14
        -:  609:    minmax(const T& a, const T& b, Compare comp);
        -:  610:
        -:  611:template<class T>
        -:  612:    constexpr pair<T, T>                // constexpr in C++14
        -:  613:    minmax(initializer_list<T> t);
        -:  614:
        -:  615:template<class T, class Compare>
        -:  616:    constexpr pair<T, T>                // constexpr in C++14
        -:  617:    minmax(initializer_list<T> t, Compare comp);
        -:  618:
        -:  619:template <class InputIterator1, class InputIterator2>
        -:  620:    constexpr bool     // constexpr in C++20
        -:  621:    lexicographical_compare(InputIterator1 first1, InputIterator1 last1, InputIterator2 first2, InputIterator2 last2);
        -:  622:
        -:  623:template <class InputIterator1, class InputIterator2, class Compare>
        -:  624:    constexpr bool     // constexpr in C++20
        -:  625:    lexicographical_compare(InputIterator1 first1, InputIterator1 last1,
        -:  626:                            InputIterator2 first2, InputIterator2 last2, Compare comp);
        -:  627:
        -:  628:template <class BidirectionalIterator>
        -:  629:    constexpr bool     // constexpr in C++20
        -:  630:    next_permutation(BidirectionalIterator first, BidirectionalIterator last);
        -:  631:
        -:  632:template <class BidirectionalIterator, class Compare>
        -:  633:    constexpr bool     // constexpr in C++20
        -:  634:    next_permutation(BidirectionalIterator first, BidirectionalIterator last, Compare comp);
        -:  635:
        -:  636:template <class BidirectionalIterator>
        -:  637:    constexpr bool     // constexpr in C++20
        -:  638:    prev_permutation(BidirectionalIterator first, BidirectionalIterator last);
        -:  639:
        -:  640:template <class BidirectionalIterator, class Compare>
        -:  641:    constexpr bool     // constexpr in C++20
        -:  642:    prev_permutation(BidirectionalIterator first, BidirectionalIterator last, Compare comp);
        -:  643:
        -:  644:}  // std
        -:  645:
        -:  646:*/
        -:  647:
        -:  648:#include <__config>
        -:  649:#include <initializer_list>
        -:  650:#include <type_traits>
        -:  651:#include <cstring>
        -:  652:#include <utility> // needed to provide swap_ranges.
        -:  653:#include <memory>
        -:  654:#include <functional>
        -:  655:#include <iterator>
        -:  656:#include <cstddef>
        -:  657:#include <bit>
        -:  658:#include <version>
        -:  659:
        -:  660:#include <__debug>
        -:  661:
        -:  662:#if !defined(_LIBCPP_HAS_NO_PRAGMA_SYSTEM_HEADER)
        -:  663:#pragma GCC system_header
        -:  664:#endif
        -:  665:
        -:  666:_LIBCPP_PUSH_MACROS
        -:  667:#include <__undef_macros>
        -:  668:
        -:  669:
        -:  670:_LIBCPP_BEGIN_NAMESPACE_STD
        -:  671:
        -:  672:// I'd like to replace these with _VSTD::equal_to<void>, but can't because:
        -:  673://   * That only works with C++14 and later, and
        -:  674://   * We haven't included <functional> here.
        -:  675:template <class _T1, class _T2 = _T1>
        -:  676:struct __equal_to
        -:  677:{
        -:  678:    _LIBCPP_INLINE_VISIBILITY _LIBCPP_CONSTEXPR_AFTER_CXX11 bool operator()(const _T1& __x, const _T1& __y) const {return __x == __y;}
        -:  679:    _LIBCPP_INLINE_VISIBILITY _LIBCPP_CONSTEXPR_AFTER_CXX11 bool operator()(const _T1& __x, const _T2& __y) const {return __x == __y;}
        -:  680:    _LIBCPP_INLINE_VISIBILITY _LIBCPP_CONSTEXPR_AFTER_CXX11 bool operator()(const _T2& __x, const _T1& __y) const {return __x == __y;}
        -:  681:    _LIBCPP_INLINE_VISIBILITY _LIBCPP_CONSTEXPR_AFTER_CXX11 bool operator()(const _T2& __x, const _T2& __y) const {return __x == __y;}
        -:  682:};
        -:  683:
        -:  684:template <class _T1>
        -:  685:struct __equal_to<_T1, _T1>
        -:  686:{
        -:  687:    _LIBCPP_INLINE_VISIBILITY _LIBCPP_CONSTEXPR_AFTER_CXX11
        -:  688:    bool operator()(const _T1& __x, const _T1& __y) const {return __x == __y;}
        -:  689:};
        -:  690:
        -:  691:template <class _T1>
        -:  692:struct __equal_to<const _T1, _T1>
        -:  693:{
        -:  694:    _LIBCPP_INLINE_VISIBILITY _LIBCPP_CONSTEXPR_AFTER_CXX11
        -:  695:    bool operator()(const _T1& __x, const _T1& __y) const {return __x == __y;}
        -:  696:};
        -:  697:
        -:  698:template <class _T1>
        -:  699:struct __equal_to<_T1, const _T1>
        -:  700:{
        -:  701:    _LIBCPP_INLINE_VISIBILITY _LIBCPP_CONSTEXPR_AFTER_CXX11
        -:  702:    bool operator()(const _T1& __x, const _T1& __y) const {return __x == __y;}
        -:  703:};
        -:  704:
        -:  705:template <class _T1, class _T2 = _T1>
        -:  706:struct __less
        -:  707:{
        -:  708:    _LIBCPP_INLINE_VISIBILITY _LIBCPP_CONSTEXPR_AFTER_CXX11
        -:  709:    bool operator()(const _T1& __x, const _T1& __y) const {return __x < __y;}
        -:  710:
        -:  711:    _LIBCPP_INLINE_VISIBILITY _LIBCPP_CONSTEXPR_AFTER_CXX11
        -:  712:    bool operator()(const _T1& __x, const _T2& __y) const {return __x < __y;}
        -:  713:
        -:  714:    _LIBCPP_INLINE_VISIBILITY _LIBCPP_CONSTEXPR_AFTER_CXX11
        -:  715:    bool operator()(const _T2& __x, const _T1& __y) const {return __x < __y;}
        -:  716:
        -:  717:    _LIBCPP_INLINE_VISIBILITY _LIBCPP_CONSTEXPR_AFTER_CXX11
        -:  718:    bool operator()(const _T2& __x, const _T2& __y) const {return __x < __y;}
        -:  719:};
        -:  720:
        -:  721:template <class _T1>
        -:  722:struct __less<_T1, _T1>
        -:  723:{
        -:  724:    _LIBCPP_INLINE_VISIBILITY _LIBCPP_CONSTEXPR_AFTER_CXX11
function _ZNKSt3__16__lessImmEclERKmS3_ called 77 returned 100% blocks executed 100%
function _ZNKSt3__16__lessIPcS1_EclERKS1_S4_ called 0 returned 0% blocks executed 0%
function _ZNKSt3__16__lessIddEclERKdS3_ called 0 returned 0% blocks executed 0%
       77:  725:    bool operator()(const _T1& __x, const _T1& __y) const {return __x < __y;}
       77:  725-block  0
    $$$$$:  725-block  1
    $$$$$:  725-block  2
        -:  726:};
        -:  727:
        -:  728:template <class _T1>
        -:  729:struct __less<const _T1, _T1>
        -:  730:{
        -:  731:    _LIBCPP_INLINE_VISIBILITY _LIBCPP_CONSTEXPR_AFTER_CXX11
        -:  732:    bool operator()(const _T1& __x, const _T1& __y) const {return __x < __y;}
        -:  733:};
        -:  734:
        -:  735:template <class _T1>
        -:  736:struct __less<_T1, const _T1>
        -:  737:{
        -:  738:    _LIBCPP_INLINE_VISIBILITY _LIBCPP_CONSTEXPR_AFTER_CXX11
        -:  739:    bool operator()(const _T1& __x, const _T1& __y) const {return __x < __y;}
        -:  740:};
        -:  741:
        -:  742:template <class _Predicate>
        -:  743:class __invert // invert the sense of a comparison
        -:  744:{
        -:  745:private:
        -:  746:    _Predicate __p_;
        -:  747:public:
        -:  748:    _LIBCPP_INLINE_VISIBILITY __invert() {}
        -:  749:
        -:  750:    _LIBCPP_INLINE_VISIBILITY
        -:  751:    explicit __invert(_Predicate __p) : __p_(__p) {}
        -:  752:
        -:  753:    template <class _T1>
        -:  754:    _LIBCPP_INLINE_VISIBILITY
        -:  755:    bool operator()(const _T1& __x) {return !__p_(__x);}
        -:  756:
        -:  757:    template <class _T1, class _T2>
        -:  758:    _LIBCPP_INLINE_VISIBILITY
        -:  759:    bool operator()(const _T1& __x, const _T2& __y) {return __p_(__y, __x);}
        -:  760:};
        -:  761:
        -:  762:// Perform division by two quickly for positive integers (llvm.org/PR39129)
        -:  763:
        -:  764:template <typename _Integral>
        -:  765:_LIBCPP_INLINE_VISIBILITY _LIBCPP_CONSTEXPR
        -:  766:typename enable_if
        -:  767:<
        -:  768:    is_integral<_Integral>::value,
        -:  769:    _Integral
        -:  770:>::type
        -:  771:__half_positive(_Integral __value)
        -:  772:{
        -:  773:    return static_cast<_Integral>(static_cast<typename make_unsigned<_Integral>::type>(__value) / 2);
        -:  774:}
        -:  775:
        -:  776:template <typename _Tp>
        -:  777:_LIBCPP_INLINE_VISIBILITY _LIBCPP_CONSTEXPR
        -:  778:typename enable_if
        -:  779:<
        -:  780:    !is_integral<_Tp>::value,
        -:  781:    _Tp
        -:  782:>::type
        -:  783:__half_positive(_Tp __value)
        -:  784:{
        -:  785:    return __value / 2;
        -:  786:}
        -:  787:
        -:  788:#ifdef _LIBCPP_DEBUG
        -:  789:
        -:  790:template <class _Compare>
        -:  791:struct __debug_less
        -:  792:{
        -:  793:    _Compare &__comp_;
        -:  794:    _LIBCPP_CONSTEXPR_AFTER_CXX17
        -:  795:    __debug_less(_Compare& __c) : __comp_(__c) {}
        -:  796:
        -:  797:    template <class _Tp, class _Up>
        -:  798:    _LIBCPP_CONSTEXPR_AFTER_CXX17
        -:  799:    bool operator()(const _Tp& __x,  const _Up& __y)
        -:  800:    {
        -:  801:        bool __r = __comp_(__x, __y);
        -:  802:        if (__r)
        -:  803:            __do_compare_assert(0, __y, __x);
        -:  804:        return __r;
        -:  805:    }
        -:  806:
        -:  807:    template <class _Tp, class _Up>
        -:  808:    _LIBCPP_CONSTEXPR_AFTER_CXX17
        -:  809:    bool operator()(_Tp& __x,  _Up& __y)
        -:  810:    {
        -:  811:        bool __r = __comp_(__x, __y);
        -:  812:        if (__r)
        -:  813:            __do_compare_assert(0, __y, __x);
        -:  814:        return __r;
        -:  815:    }
        -:  816:
        -:  817:    template <class _LHS, class _RHS>
        -:  818:    _LIBCPP_CONSTEXPR_AFTER_CXX17
        -:  819:    inline _LIBCPP_INLINE_VISIBILITY
        -:  820:    decltype((void)_VSTD::declval<_Compare&>()(
        -:  821:        _VSTD::declval<_LHS &>(), _VSTD::declval<_RHS &>()))
        -:  822:    __do_compare_assert(int, _LHS & __l, _RHS & __r) {
        -:  823:        _LIBCPP_ASSERT(!__comp_(__l, __r),
        -:  824:            "Comparator does not induce a strict weak ordering");
        -:  825:    }
        -:  826:
        -:  827:    template <class _LHS, class _RHS>
        -:  828:    _LIBCPP_CONSTEXPR_AFTER_CXX17
        -:  829:    inline _LIBCPP_INLINE_VISIBILITY
        -:  830:    void __do_compare_assert(long, _LHS &, _RHS &) {}
        -:  831:};
        -:  832:
        -:  833:#endif // _LIBCPP_DEBUG
        -:  834:
        -:  835:template <class _Comp>
        -:  836:struct __comp_ref_type {
        -:  837:  // Pass the comparator by lvalue reference. Or in debug mode, using a
        -:  838:  // debugging wrapper that stores a reference.
        -:  839:#ifndef _LIBCPP_DEBUG
        -:  840:  typedef typename add_lvalue_reference<_Comp>::type type;
        -:  841:#else
        -:  842:  typedef __debug_less<_Comp> type;
        -:  843:#endif
        -:  844:};
        -:  845:
        -:  846:// all_of
        -:  847:
        -:  848:template <class _InputIterator, class _Predicate>
        -:  849:_LIBCPP_NODISCARD_EXT inline
        -:  850:_LIBCPP_INLINE_VISIBILITY _LIBCPP_CONSTEXPR_AFTER_CXX17
        -:  851:bool
        -:  852:all_of(_InputIterator __first, _InputIterator __last, _Predicate __pred)
        -:  853:{
        -:  854:    for (; __first != __last; ++__first)
        -:  855:        if (!__pred(*__first))
        -:  856:            return false;
        -:  857:    return true;
        -:  858:}
        -:  859:
        -:  860:// any_of
        -:  861:
        -:  862:template <class _InputIterator, class _Predicate>
        -:  863:_LIBCPP_NODISCARD_EXT inline
        -:  864:_LIBCPP_INLINE_VISIBILITY _LIBCPP_CONSTEXPR_AFTER_CXX17
        -:  865:bool
function _ZNSt3__1L6any_ofINS_11__wrap_iterIPKcEEZN7testing8internal12_GLOBAL__N_113IsGlobPatternERKNS_12basic_stringIcNS_11char_traitsIcEENS_9allocatorIcEEEEE3$_2EEbT_SH_T0_ called 11 returned 100% blocks executed 87%
function _ZNSt3__1L6any_ofINS_11__wrap_iterIPKNS_12basic_stringIcNS_11char_traitsIcEENS_9allocatorIcEEEEEEZNK7testing8internal12_GLOBAL__N_114UnitTestFilter11MatchesNameERS8_EUlSF_E_EEbT_SH_T0_ called 40 returned 100% blocks executed 100%
       51:  866:any_of(_InputIterator __first, _InputIterator __last, _Predicate __pred)
        -:  867:{
      104:  868:    for (; __first != __last; ++__first)
       11:  868-block  0
       20:  868-block  1
branch  0 taken 20
branch  1 taken 0
        9:  868-block  2
       40:  868-block  3
       84:  868-block  4
branch  2 taken 53
branch  3 taken 31
       44:  868-block  5
       73:  869:        if (__pred(*__first))
       20:  869-block  0
branch  0 taken 11
branch  1 taken 9
        9:  869-block  1
       53:  869-block  2
branch  2 taken 9
branch  3 taken 44
       44:  869-block  3
       20:  870:            return true;
       11:  870-block  0
        9:  870-block  1
       31:  871:    return false;
    $$$$$:  871-block  0
       31:  871-block  1
       51:  872:}
       11:  872-block  0
       40:  872-block  1
        -:  873:
        -:  874:// none_of
        -:  875:
        -:  876:template <class _InputIterator, class _Predicate>
        -:  877:_LIBCPP_NODISCARD_EXT inline
        -:  878:_LIBCPP_INLINE_VISIBILITY _LIBCPP_CONSTEXPR_AFTER_CXX17
        -:  879:bool
        -:  880:none_of(_InputIterator __first, _InputIterator __last, _Predicate __pred)
        -:  881:{
        -:  882:    for (; __first != __last; ++__first)
        -:  883:        if (__pred(*__first))
        -:  884:            return false;
        -:  885:    return true;
        -:  886:}
        -:  887:
        -:  888:// for_each
        -:  889:
        -:  890:template <class _InputIterator, class _Function>
        -:  891:inline _LIBCPP_INLINE_VISIBILITY _LIBCPP_CONSTEXPR_AFTER_CXX17
        -:  892:_Function
function _ZNSt3__1L8for_eachINS_16reverse_iteratorINS_11__wrap_iterIPPN7testing11EnvironmentEEEEEPFvS5_EEET0_T_SC_SB_ called 1 returned 100% blocks executed 60%
function _ZNSt3__1L8for_eachINS_11__wrap_iterIPKPN7testing9TestSuiteEEEPFvS4_EEET0_T_SB_SA_ called 1 returned 100% blocks executed 100%
function _ZNSt3__1L8for_eachINS_11__wrap_iterIPKPN7testing8TestInfoEEEPFvS4_EEET0_T_SB_SA_ called 4 returned 100% blocks executed 100%
function _ZNSt3__1L8for_eachINS_11__wrap_iterIPKPN7testing17TestEventListenerEEEPFvS4_EEET0_T_SB_SA_ called 0 returned 0% blocks executed 0%
function _ZNSt3__1L8for_eachINS_11__wrap_iterIPKPN7testing11EnvironmentEEEPFvS4_EEET0_T_SB_SA_ called 1 returned 100% blocks executed 60%
        7:  893:for_each(_InputIterator __first, _InputIterator __last, _Function __f)
        -:  894:{
       20:  895:    for (; __first != __last; ++__first)
        1:  895-block  0
        1:  895-block  1
branch  0 taken 0
branch  1 taken 1
    $$$$$:  895-block  2
        1:  895-block  3
        5:  895-block  4
branch  2 taken 4
branch  3 taken 1
        4:  895-block  5
        4:  895-block  6
       13:  895-block  7
branch  4 taken 9
branch  5 taken 4
        9:  895-block  8
    $$$$$:  895-block  9
    $$$$$:  895-block 10
branch  6 never executed
branch  7 never executed
    $$$$$:  895-block 11
        1:  895-block 12
        1:  895-block 13
branch  8 taken 0
branch  9 taken 1
    $$$$$:  895-block 14
       13:  896:        __f(*__first);
    $$$$$:  896-block  0
        4:  896-block  1
        9:  896-block  2
    $$$$$:  896-block  3
    $$$$$:  896-block  4
        7:  897:    return __f;
        1:  897-block  0
        1:  897-block  1
        4:  897-block  2
    $$$$$:  897-block  3
        1:  897-block  4
        -:  898:}
        -:  899:
        -:  900:#if _LIBCPP_STD_VER > 14
        -:  901:// for_each_n
        -:  902:
        -:  903:template <class _InputIterator, class _Size, class _Function>
        -:  904:inline _LIBCPP_INLINE_VISIBILITY _LIBCPP_CONSTEXPR_AFTER_CXX17
        -:  905:_InputIterator
        -:  906:for_each_n(_InputIterator __first, _Size __orig_n, _Function __f)
        -:  907:{
        -:  908:    typedef decltype(_VSTD::__convert_to_integral(__orig_n)) _IntegralSize;
        -:  909:    _IntegralSize __n = __orig_n;
        -:  910:    while (__n > 0)
        -:  911:    {
        -:  912:         __f(*__first);
        -:  913:         ++__first;
        -:  914:         --__n;
        -:  915:    }
        -:  916:    return __first;
        -:  917:}
        -:  918:#endif
        -:  919:
        -:  920:// find
        -:  921:
        -:  922:template <class _InputIterator, class _Tp>
        -:  923:_LIBCPP_NODISCARD_EXT inline
        -:  924:_LIBCPP_INLINE_VISIBILITY _LIBCPP_CONSTEXPR_AFTER_CXX17
        -:  925:_InputIterator
function _ZNSt3__1L4findINS_11__wrap_iterIPKNS_12basic_stringIcNS_11char_traitsIcEENS_9allocatorIcEEEEEES7_EET_SB_SB_RKT0_ called 0 returned 0% blocks executed 0%
    #####:  926:find(_InputIterator __first, _InputIterator __last, const _Tp& __value_)
        -:  927:{
    #####:  928:    for (; __first != __last; ++__first)
    $$$$$:  928-block  0
    $$$$$:  928-block  1
    $$$$$:  928-block  2
    $$$$$:  928-block  3
    #####:  929:        if (*__first == __value_)
    $$$$$:  929-block  0
branch  0 never executed
branch  1 never executed
    $$$$$:  929-block  1
    #####:  930:            break;
    $$$$$:  930-block  0
    #####:  931:    return __first;
    $$$$$:  931-block  0
        -:  932:}
        -:  933:
        -:  934:// find_if
        -:  935:
        -:  936:template <class _InputIterator, class _Predicate>
        -:  937:_LIBCPP_NODISCARD_EXT inline
        -:  938:_LIBCPP_INLINE_VISIBILITY _LIBCPP_CONSTEXPR_AFTER_CXX17
        -:  939:_InputIterator
function _ZNSt3__1L7find_ifINS_11__wrap_iterIPN7testing12TestPropertyEEENS2_8internal17TestPropertyKeyIsEEET_S8_S8_T0_ called 0 returned 0% blocks executed 0%
function _ZNSt3__1L7find_ifINS_16reverse_iteratorINS_11__wrap_iterIPPN7testing9TestSuiteEEEEENS3_8internal15TestSuiteNameIsEEET_SB_SB_T0_ called 9 returned 100% blocks executed 100%
        9:  940:find_if(_InputIterator __first, _InputIterator __last, _Predicate __pred)
        -:  941:{
       16:  942:    for (; __first != __last; ++__first)
    $$$$$:  942-block  0
    $$$$$:  942-block  1
    $$$$$:  942-block  2
    $$$$$:  942-block  3
        9:  942-block  4
       12:  942-block  5
        4:  942-block  6
        7:  942-block  7
       12:  943:        if (__pred(*__first))
    $$$$$:  943-block  0
branch  0 never executed
branch  1 never executed
    $$$$$:  943-block  1
       12:  943-block  2
branch  2 taken 5
branch  3 taken 7
        7:  943-block  3
        5:  944:            break;
    $$$$$:  944-block  0
        5:  944-block  1
        9:  945:    return __first;
    $$$$$:  945-block  0
        9:  945-block  1
        -:  946:}
        -:  947:
        -:  948:// find_if_not
        -:  949:
        -:  950:template<class _InputIterator, class _Predicate>
        -:  951:_LIBCPP_NODISCARD_EXT inline
        -:  952:_LIBCPP_INLINE_VISIBILITY _LIBCPP_CONSTEXPR_AFTER_CXX17
        -:  953:_InputIterator
        -:  954:find_if_not(_InputIterator __first, _InputIterator __last, _Predicate __pred)
        -:  955:{
        -:  956:    for (; __first != __last; ++__first)
        -:  957:        if (!__pred(*__first))
        -:  958:            break;
        -:  959:    return __first;
        -:  960:}
        -:  961:
        -:  962:// find_end
        -:  963:
        -:  964:template <class _BinaryPredicate, class _ForwardIterator1, class _ForwardIterator2>
        -:  965:_LIBCPP_CONSTEXPR_AFTER_CXX17 _ForwardIterator1
        -:  966:__find_end(_ForwardIterator1 __first1, _ForwardIterator1 __last1,
        -:  967:           _ForwardIterator2 __first2, _ForwardIterator2 __last2, _BinaryPredicate __pred,
        -:  968:           forward_iterator_tag, forward_iterator_tag)
        -:  969:{
        -:  970:    // modeled after search algorithm
        -:  971:    _ForwardIterator1 __r = __last1;  // __last1 is the "default" answer
        -:  972:    if (__first2 == __last2)
        -:  973:        return __r;
        -:  974:    while (true)
        -:  975:    {
        -:  976:        while (true)
        -:  977:        {
        -:  978:            if (__first1 == __last1)         // if source exhausted return last correct answer
        -:  979:                return __r;                  //    (or __last1 if never found)
        -:  980:            if (__pred(*__first1, *__first2))
        -:  981:                break;
        -:  982:            ++__first1;
        -:  983:        }
        -:  984:        // *__first1 matches *__first2, now match elements after here
        -:  985:        _ForwardIterator1 __m1 = __first1;
        -:  986:        _ForwardIterator2 __m2 = __first2;
        -:  987:        while (true)
        -:  988:        {
        -:  989:            if (++__m2 == __last2)
        -:  990:            {                         // Pattern exhaused, record answer and search for another one
        -:  991:                __r = __first1;
        -:  992:                ++__first1;
        -:  993:                break;
        -:  994:            }
        -:  995:            if (++__m1 == __last1)     // Source exhausted, return last answer
        -:  996:                return __r;
        -:  997:            if (!__pred(*__m1, *__m2))  // mismatch, restart with a new __first
        -:  998:            {
        -:  999:                ++__first1;
        -: 1000:                break;
        -: 1001:            }  // else there is a match, check next elements
        -: 1002:        }
        -: 1003:    }
        -: 1004:}
        -: 1005:
        -: 1006:template <class _BinaryPredicate, class _BidirectionalIterator1, class _BidirectionalIterator2>
        -: 1007:_LIBCPP_CONSTEXPR_AFTER_CXX17 _BidirectionalIterator1
        -: 1008:__find_end(_BidirectionalIterator1 __first1, _BidirectionalIterator1 __last1,
        -: 1009:           _BidirectionalIterator2 __first2, _BidirectionalIterator2 __last2, _BinaryPredicate __pred,
        -: 1010:           bidirectional_iterator_tag, bidirectional_iterator_tag)
        -: 1011:{
        -: 1012:    // modeled after search algorithm (in reverse)
        -: 1013:    if (__first2 == __last2)
        -: 1014:        return __last1;  // Everything matches an empty sequence
        -: 1015:    _BidirectionalIterator1 __l1 = __last1;
        -: 1016:    _BidirectionalIterator2 __l2 = __last2;
        -: 1017:    --__l2;
        -: 1018:    while (true)
        -: 1019:    {
        -: 1020:        // Find last element in sequence 1 that matchs *(__last2-1), with a mininum of loop checks
        -: 1021:        while (true)
        -: 1022:        {
        -: 1023:            if (__first1 == __l1)  // return __last1 if no element matches *__first2
        -: 1024:                return __last1;
        -: 1025:            if (__pred(*--__l1, *__l2))
        -: 1026:                break;
        -: 1027:        }
        -: 1028:        // *__l1 matches *__l2, now match elements before here
        -: 1029:        _BidirectionalIterator1 __m1 = __l1;
        -: 1030:        _BidirectionalIterator2 __m2 = __l2;
        -: 1031:        while (true)
        -: 1032:        {
        -: 1033:            if (__m2 == __first2)  // If pattern exhausted, __m1 is the answer (works for 1 element pattern)
        -: 1034:                return __m1;
        -: 1035:            if (__m1 == __first1)  // Otherwise if source exhaused, pattern not found
        -: 1036:                return __last1;
        -: 1037:            if (!__pred(*--__m1, *--__m2))  // if there is a mismatch, restart with a new __l1
        -: 1038:            {
        -: 1039:                break;
        -: 1040:            }  // else there is a match, check next elements
        -: 1041:        }
        -: 1042:    }
        -: 1043:}
        -: 1044:
        -: 1045:template <class _BinaryPredicate, class _RandomAccessIterator1, class _RandomAccessIterator2>
        -: 1046:_LIBCPP_CONSTEXPR_AFTER_CXX11 _RandomAccessIterator1
        -: 1047:__find_end(_RandomAccessIterator1 __first1, _RandomAccessIterator1 __last1,
        -: 1048:           _RandomAccessIterator2 __first2, _RandomAccessIterator2 __last2, _BinaryPredicate __pred,
        -: 1049:           random_access_iterator_tag, random_access_iterator_tag)
        -: 1050:{
        -: 1051:    // Take advantage of knowing source and pattern lengths.  Stop short when source is smaller than pattern
        -: 1052:    typename iterator_traits<_RandomAccessIterator2>::difference_type __len2 = __last2 - __first2;
        -: 1053:    if (__len2 == 0)
        -: 1054:        return __last1;
        -: 1055:    typename iterator_traits<_RandomAccessIterator1>::difference_type __len1 = __last1 - __first1;
        -: 1056:    if (__len1 < __len2)
        -: 1057:        return __last1;
        -: 1058:    const _RandomAccessIterator1 __s = __first1 + (__len2 - 1);  // End of pattern match can't go before here
        -: 1059:    _RandomAccessIterator1 __l1 = __last1;
        -: 1060:    _RandomAccessIterator2 __l2 = __last2;
        -: 1061:    --__l2;
        -: 1062:    while (true)
        -: 1063:    {
        -: 1064:        while (true)
        -: 1065:        {
        -: 1066:            if (__s == __l1)
        -: 1067:                return __last1;
        -: 1068:            if (__pred(*--__l1, *__l2))
        -: 1069:                break;
        -: 1070:        }
        -: 1071:        _RandomAccessIterator1 __m1 = __l1;
        -: 1072:        _RandomAccessIterator2 __m2 = __l2;
        -: 1073:        while (true)
        -: 1074:        {
        -: 1075:            if (__m2 == __first2)
        -: 1076:                return __m1;
        -: 1077:                                 // no need to check range on __m1 because __s guarantees we have enough source
        -: 1078:            if (!__pred(*--__m1, *--__m2))
        -: 1079:            {
        -: 1080:                break;
        -: 1081:            }
        -: 1082:        }
        -: 1083:    }
        -: 1084:}
        -: 1085:
        -: 1086:template <class _ForwardIterator1, class _ForwardIterator2, class _BinaryPredicate>
        -: 1087:_LIBCPP_NODISCARD_EXT inline
        -: 1088:_LIBCPP_INLINE_VISIBILITY _LIBCPP_CONSTEXPR_AFTER_CXX17
        -: 1089:_ForwardIterator1
        -: 1090:find_end(_ForwardIterator1 __first1, _ForwardIterator1 __last1,
        -: 1091:         _ForwardIterator2 __first2, _ForwardIterator2 __last2, _BinaryPredicate __pred)
        -: 1092:{
        -: 1093:    return _VSTD::__find_end<typename add_lvalue_reference<_BinaryPredicate>::type>
        -: 1094:                         (__first1, __last1, __first2, __last2, __pred,
        -: 1095:                          typename iterator_traits<_ForwardIterator1>::iterator_category(),
        -: 1096:                          typename iterator_traits<_ForwardIterator2>::iterator_category());
        -: 1097:}
        -: 1098:
        -: 1099:template <class _ForwardIterator1, class _ForwardIterator2>
        -: 1100:_LIBCPP_NODISCARD_EXT inline
        -: 1101:_LIBCPP_INLINE_VISIBILITY _LIBCPP_CONSTEXPR_AFTER_CXX17
        -: 1102:_ForwardIterator1
        -: 1103:find_end(_ForwardIterator1 __first1, _ForwardIterator1 __last1,
        -: 1104:         _ForwardIterator2 __first2, _ForwardIterator2 __last2)
        -: 1105:{
        -: 1106:    typedef typename iterator_traits<_ForwardIterator1>::value_type __v1;
        -: 1107:    typedef typename iterator_traits<_ForwardIterator2>::value_type __v2;
        -: 1108:    return _VSTD::find_end(__first1, __last1, __first2, __last2, __equal_to<__v1, __v2>());
        -: 1109:}
        -: 1110:
        -: 1111:// find_first_of
        -: 1112:
        -: 1113:template <class _ForwardIterator1, class _ForwardIterator2, class _BinaryPredicate>
        -: 1114:_LIBCPP_CONSTEXPR_AFTER_CXX11 _ForwardIterator1
        -: 1115:__find_first_of_ce(_ForwardIterator1 __first1, _ForwardIterator1 __last1,
        -: 1116:              _ForwardIterator2 __first2, _ForwardIterator2 __last2, _BinaryPredicate __pred)
        -: 1117:{
        -: 1118:    for (; __first1 != __last1; ++__first1)
        -: 1119:        for (_ForwardIterator2 __j = __first2; __j != __last2; ++__j)
        -: 1120:            if (__pred(*__first1, *__j))
        -: 1121:                return __first1;
        -: 1122:    return __last1;
        -: 1123:}
        -: 1124:
        -: 1125:
        -: 1126:template <class _ForwardIterator1, class _ForwardIterator2, class _BinaryPredicate>
        -: 1127:_LIBCPP_NODISCARD_EXT inline
        -: 1128:_LIBCPP_INLINE_VISIBILITY _LIBCPP_CONSTEXPR_AFTER_CXX17
        -: 1129:_ForwardIterator1
        -: 1130:find_first_of(_ForwardIterator1 __first1, _ForwardIterator1 __last1,
        -: 1131:              _ForwardIterator2 __first2, _ForwardIterator2 __last2, _BinaryPredicate __pred)
        -: 1132:{
        -: 1133:    return _VSTD::__find_first_of_ce(__first1, __last1, __first2, __last2, __pred);
        -: 1134:}
        -: 1135:
        -: 1136:template <class _ForwardIterator1, class _ForwardIterator2>
        -: 1137:_LIBCPP_NODISCARD_EXT inline
        -: 1138:_LIBCPP_INLINE_VISIBILITY _LIBCPP_CONSTEXPR_AFTER_CXX17
        -: 1139:_ForwardIterator1
        -: 1140:find_first_of(_ForwardIterator1 __first1, _ForwardIterator1 __last1,
        -: 1141:              _ForwardIterator2 __first2, _ForwardIterator2 __last2)
        -: 1142:{
        -: 1143:    typedef typename iterator_traits<_ForwardIterator1>::value_type __v1;
        -: 1144:    typedef typename iterator_traits<_ForwardIterator2>::value_type __v2;
        -: 1145:    return _VSTD::__find_first_of_ce(__first1, __last1, __first2, __last2, __equal_to<__v1, __v2>());
        -: 1146:}
        -: 1147:
        -: 1148:// adjacent_find
        -: 1149:
        -: 1150:template <class _ForwardIterator, class _BinaryPredicate>
        -: 1151:_LIBCPP_NODISCARD_EXT inline
        -: 1152:_LIBCPP_INLINE_VISIBILITY _LIBCPP_CONSTEXPR_AFTER_CXX17
        -: 1153:_ForwardIterator
        -: 1154:adjacent_find(_ForwardIterator __first, _ForwardIterator __last, _BinaryPredicate __pred)
        -: 1155:{
        -: 1156:    if (__first != __last)
        -: 1157:    {
        -: 1158:        _ForwardIterator __i = __first;
        -: 1159:        while (++__i != __last)
        -: 1160:        {
        -: 1161:            if (__pred(*__first, *__i))
        -: 1162:                return __first;
        -: 1163:            __first = __i;
        -: 1164:        }
        -: 1165:    }
        -: 1166:    return __last;
        -: 1167:}
        -: 1168:
        -: 1169:template <class _ForwardIterator>
        -: 1170:_LIBCPP_NODISCARD_EXT inline
        -: 1171:_LIBCPP_INLINE_VISIBILITY _LIBCPP_CONSTEXPR_AFTER_CXX17
        -: 1172:_ForwardIterator
        -: 1173:adjacent_find(_ForwardIterator __first, _ForwardIterator __last)
        -: 1174:{
        -: 1175:    typedef typename iterator_traits<_ForwardIterator>::value_type __v;
        -: 1176:    return _VSTD::adjacent_find(__first, __last, __equal_to<__v>());
        -: 1177:}
        -: 1178:
        -: 1179:// count
        -: 1180:
        -: 1181:template <class _InputIterator, class _Tp>
        -: 1182:_LIBCPP_NODISCARD_EXT inline
        -: 1183:_LIBCPP_INLINE_VISIBILITY _LIBCPP_CONSTEXPR_AFTER_CXX17
        -: 1184:typename iterator_traits<_InputIterator>::difference_type
        -: 1185:count(_InputIterator __first, _InputIterator __last, const _Tp& __value_)
        -: 1186:{
        -: 1187:    typename iterator_traits<_InputIterator>::difference_type __r(0);
        -: 1188:    for (; __first != __last; ++__first)
        -: 1189:        if (*__first == __value_)
        -: 1190:            ++__r;
        -: 1191:    return __r;
        -: 1192:}
        -: 1193:
        -: 1194:// count_if
        -: 1195:
        -: 1196:template <class _InputIterator, class _Predicate>
        -: 1197:_LIBCPP_NODISCARD_EXT inline
        -: 1198:_LIBCPP_INLINE_VISIBILITY _LIBCPP_CONSTEXPR_AFTER_CXX17
        -: 1199:typename iterator_traits<_InputIterator>::difference_type
        -: 1200:count_if(_InputIterator __first, _InputIterator __last, _Predicate __pred)
        -: 1201:{
        -: 1202:    typename iterator_traits<_InputIterator>::difference_type __r(0);
        -: 1203:    for (; __first != __last; ++__first)
        -: 1204:        if (__pred(*__first))
        -: 1205:            ++__r;
        -: 1206:    return __r;
        -: 1207:}
        -: 1208:
        -: 1209:// mismatch
        -: 1210:
        -: 1211:template <class _InputIterator1, class _InputIterator2, class _BinaryPredicate>
        -: 1212:_LIBCPP_NODISCARD_EXT inline
        -: 1213:_LIBCPP_INLINE_VISIBILITY _LIBCPP_CONSTEXPR_AFTER_CXX17
        -: 1214:pair<_InputIterator1, _InputIterator2>
        -: 1215:mismatch(_InputIterator1 __first1, _InputIterator1 __last1,
        -: 1216:         _InputIterator2 __first2, _BinaryPredicate __pred)
        -: 1217:{
        -: 1218:    for (; __first1 != __last1; ++__first1, (void) ++__first2)
        -: 1219:        if (!__pred(*__first1, *__first2))
        -: 1220:            break;
        -: 1221:    return pair<_InputIterator1, _InputIterator2>(__first1, __first2);
        -: 1222:}
        -: 1223:
        -: 1224:template <class _InputIterator1, class _InputIterator2>
        -: 1225:_LIBCPP_NODISCARD_EXT inline
        -: 1226:_LIBCPP_INLINE_VISIBILITY _LIBCPP_CONSTEXPR_AFTER_CXX17
        -: 1227:pair<_InputIterator1, _InputIterator2>
        -: 1228:mismatch(_InputIterator1 __first1, _InputIterator1 __last1, _InputIterator2 __first2)
        -: 1229:{
        -: 1230:    typedef typename iterator_traits<_InputIterator1>::value_type __v1;
        -: 1231:    typedef typename iterator_traits<_InputIterator2>::value_type __v2;
        -: 1232:    return _VSTD::mismatch(__first1, __last1, __first2, __equal_to<__v1, __v2>());
        -: 1233:}
        -: 1234:
        -: 1235:#if _LIBCPP_STD_VER > 11
        -: 1236:template <class _InputIterator1, class _InputIterator2, class _BinaryPredicate>
        -: 1237:_LIBCPP_NODISCARD_EXT inline
        -: 1238:_LIBCPP_INLINE_VISIBILITY _LIBCPP_CONSTEXPR_AFTER_CXX17
        -: 1239:pair<_InputIterator1, _InputIterator2>
        -: 1240:mismatch(_InputIterator1 __first1, _InputIterator1 __last1,
        -: 1241:         _InputIterator2 __first2, _InputIterator2 __last2,
        -: 1242:         _BinaryPredicate __pred)
        -: 1243:{
        -: 1244:    for (; __first1 != __last1 && __first2 != __last2; ++__first1, (void) ++__first2)
        -: 1245:        if (!__pred(*__first1, *__first2))
        -: 1246:            break;
        -: 1247:    return pair<_InputIterator1, _InputIterator2>(__first1, __first2);
        -: 1248:}
        -: 1249:
        -: 1250:template <class _InputIterator1, class _InputIterator2>
        -: 1251:_LIBCPP_NODISCARD_EXT inline
        -: 1252:_LIBCPP_INLINE_VISIBILITY _LIBCPP_CONSTEXPR_AFTER_CXX17
        -: 1253:pair<_InputIterator1, _InputIterator2>
        -: 1254:mismatch(_InputIterator1 __first1, _InputIterator1 __last1,
        -: 1255:         _InputIterator2 __first2, _InputIterator2 __last2)
        -: 1256:{
        -: 1257:    typedef typename iterator_traits<_InputIterator1>::value_type __v1;
        -: 1258:    typedef typename iterator_traits<_InputIterator2>::value_type __v2;
        -: 1259:    return _VSTD::mismatch(__first1, __last1, __first2, __last2, __equal_to<__v1, __v2>());
        -: 1260:}
        -: 1261:#endif
        -: 1262:
        -: 1263:// equal
        -: 1264:
        -: 1265:template <class _InputIterator1, class _InputIterator2, class _BinaryPredicate>
        -: 1266:_LIBCPP_NODISCARD_EXT inline
        -: 1267:_LIBCPP_INLINE_VISIBILITY _LIBCPP_CONSTEXPR_AFTER_CXX17
        -: 1268:bool
        -: 1269:equal(_InputIterator1 __first1, _InputIterator1 __last1, _InputIterator2 __first2, _BinaryPredicate __pred)
        -: 1270:{
        -: 1271:    for (; __first1 != __last1; ++__first1, (void) ++__first2)
        -: 1272:        if (!__pred(*__first1, *__first2))
        -: 1273:            return false;
        -: 1274:    return true;
        -: 1275:}
        -: 1276:
        -: 1277:template <class _InputIterator1, class _InputIterator2>
        -: 1278:_LIBCPP_NODISCARD_EXT inline
        -: 1279:_LIBCPP_INLINE_VISIBILITY _LIBCPP_CONSTEXPR_AFTER_CXX17
        -: 1280:bool
        -: 1281:equal(_InputIterator1 __first1, _InputIterator1 __last1, _InputIterator2 __first2)
        -: 1282:{
        -: 1283:    typedef typename iterator_traits<_InputIterator1>::value_type __v1;
        -: 1284:    typedef typename iterator_traits<_InputIterator2>::value_type __v2;
        -: 1285:    return _VSTD::equal(__first1, __last1, __first2, __equal_to<__v1, __v2>());
        -: 1286:}
        -: 1287:
        -: 1288:#if _LIBCPP_STD_VER > 11
        -: 1289:template <class _BinaryPredicate, class _InputIterator1, class _InputIterator2>
        -: 1290:inline _LIBCPP_INLINE_VISIBILITY _LIBCPP_CONSTEXPR_AFTER_CXX17
        -: 1291:bool
        -: 1292:__equal(_InputIterator1 __first1, _InputIterator1 __last1,
        -: 1293:        _InputIterator2 __first2, _InputIterator2 __last2, _BinaryPredicate __pred,
        -: 1294:        input_iterator_tag, input_iterator_tag )
        -: 1295:{
        -: 1296:    for (; __first1 != __last1 && __first2 != __last2; ++__first1, (void) ++__first2)
        -: 1297:        if (!__pred(*__first1, *__first2))
        -: 1298:            return false;
        -: 1299:    return __first1 == __last1 && __first2 == __last2;
        -: 1300:}
        -: 1301:
        -: 1302:template <class _BinaryPredicate, class _RandomAccessIterator1, class _RandomAccessIterator2>
        -: 1303:inline _LIBCPP_INLINE_VISIBILITY _LIBCPP_CONSTEXPR_AFTER_CXX17
        -: 1304:bool
        -: 1305:__equal(_RandomAccessIterator1 __first1, _RandomAccessIterator1 __last1,
        -: 1306:        _RandomAccessIterator2 __first2, _RandomAccessIterator2 __last2, _BinaryPredicate __pred,
        -: 1307:      random_access_iterator_tag, random_access_iterator_tag )
        -: 1308:{
        -: 1309:    if ( _VSTD::distance(__first1, __last1) != _VSTD::distance(__first2, __last2))
        -: 1310:        return false;
        -: 1311:    return _VSTD::equal<_RandomAccessIterator1, _RandomAccessIterator2,
        -: 1312:                        typename add_lvalue_reference<_BinaryPredicate>::type>
        -: 1313:                       (__first1, __last1, __first2, __pred );
        -: 1314:}
        -: 1315:
        -: 1316:template <class _InputIterator1, class _InputIterator2, class _BinaryPredicate>
        -: 1317:_LIBCPP_NODISCARD_EXT inline
        -: 1318:_LIBCPP_INLINE_VISIBILITY _LIBCPP_CONSTEXPR_AFTER_CXX17
        -: 1319:bool
        -: 1320:equal(_InputIterator1 __first1, _InputIterator1 __last1,
        -: 1321:      _InputIterator2 __first2, _InputIterator2 __last2, _BinaryPredicate __pred )
        -: 1322:{
        -: 1323:    return _VSTD::__equal<typename add_lvalue_reference<_BinaryPredicate>::type>
        -: 1324:       (__first1, __last1, __first2, __last2, __pred,
        -: 1325:        typename iterator_traits<_InputIterator1>::iterator_category(),
        -: 1326:        typename iterator_traits<_InputIterator2>::iterator_category());
        -: 1327:}
        -: 1328:
        -: 1329:template <class _InputIterator1, class _InputIterator2>
        -: 1330:_LIBCPP_NODISCARD_EXT inline
        -: 1331:_LIBCPP_INLINE_VISIBILITY _LIBCPP_CONSTEXPR_AFTER_CXX17
        -: 1332:bool
        -: 1333:equal(_InputIterator1 __first1, _InputIterator1 __last1,
        -: 1334:      _InputIterator2 __first2, _InputIterator2 __last2)
        -: 1335:{
        -: 1336:    typedef typename iterator_traits<_InputIterator1>::value_type __v1;
        -: 1337:    typedef typename iterator_traits<_InputIterator2>::value_type __v2;
        -: 1338:    return _VSTD::__equal(__first1, __last1, __first2, __last2, __equal_to<__v1, __v2>(),
        -: 1339:        typename iterator_traits<_InputIterator1>::iterator_category(),
        -: 1340:        typename iterator_traits<_InputIterator2>::iterator_category());
        -: 1341:}
        -: 1342:#endif
        -: 1343:
        -: 1344:// is_permutation
        -: 1345:
        -: 1346:template<class _ForwardIterator1, class _ForwardIterator2, class _BinaryPredicate>
        -: 1347:_LIBCPP_NODISCARD_EXT _LIBCPP_CONSTEXPR_AFTER_CXX17 bool
        -: 1348:is_permutation(_ForwardIterator1 __first1, _ForwardIterator1 __last1,
        -: 1349:               _ForwardIterator2 __first2, _BinaryPredicate __pred)
        -: 1350:{
        -: 1351://  shorten sequences as much as possible by lopping of any equal prefix
        -: 1352:    for (; __first1 != __last1; ++__first1, (void) ++__first2)
        -: 1353:        if (!__pred(*__first1, *__first2))
        -: 1354:            break;
        -: 1355:    if (__first1 == __last1)
        -: 1356:        return true;
        -: 1357:
[...]
        -: 5489:_LIBCPP_CONSTEXPR_AFTER_CXX17 bool
        -: 5490:__includes(_InputIterator1 __first1, _InputIterator1 __last1, _InputIterator2 __first2, _InputIterator2 __last2,
        -: 5491:           _Compare __comp)
        -: 5492:{
        -: 5493:    for (; __first2 != __last2; ++__first1)
        -: 5494:    {
        -: 5495:        if (__first1 == __last1 || __comp(*__first2, *__first1))
        -: 5496:            return false;
        -: 5497:        if (!__comp(*__first1, *__first2))
        -: 5498:            ++__first2;
        -: 5499:    }
        -: 5500:    return true;
        -: 5501:}
        -: 5502:
        -: 5503:template <class _InputIterator1, class _InputIterator2, class _Compare>
        -: 5504:_LIBCPP_NODISCARD_EXT inline
        -: 5505:_LIBCPP_INLINE_VISIBILITY _LIBCPP_CONSTEXPR_AFTER_CXX17
        -: 5506:bool
        -: 5507:includes(_InputIterator1 __first1, _InputIterator1 __last1, _InputIterator2 __first2, _InputIterator2 __last2,
        -: 5508:         _Compare __comp)
        -: 5509:{
        -: 5510:    typedef typename __comp_ref_type<_Compare>::type _Comp_ref;
        -: 5511:    return _VSTD::__includes<_Comp_ref>(__first1, __last1, __first2, __last2, __comp);
        -: 5512:}
        -: 5513:
        -: 5514:template <class _InputIterator1, class _InputIterator2>
        -: 5515:_LIBCPP_NODISCARD_EXT inline
        -: 5516:_LIBCPP_INLINE_VISIBILITY _LIBCPP_CONSTEXPR_AFTER_CXX17
        -: 5517:bool
        -: 5518:includes(_InputIterator1 __first1, _InputIterator1 __last1, _InputIterator2 __first2, _InputIterator2 __last2)
        -: 5519:{
        -: 5520:    return _VSTD::includes(__first1, __last1, __first2, __last2,
        -: 5521:                          __less<typename iterator_traits<_InputIterator1>::value_type,
        -: 5522:                                 typename iterator_traits<_InputIterator2>::value_type>());
        -: 5523:}
        -: 5524:
        -: 5525:// set_union
        -: 5526:
        -: 5527:template <class _Compare, class _InputIterator1, class _InputIterator2, class _OutputIterator>
        -: 5528:_LIBCPP_CONSTEXPR_AFTER_CXX17 _OutputIterator
        -: 5529:__set_union(_InputIterator1 __first1, _InputIterator1 __last1,
        -: 5530:            _InputIterator2 __first2, _InputIterator2 __last2, _OutputIterator __result, _Compare __comp)
        -: 5531:{
        -: 5532:    for (; __first1 != __last1; ++__result)
        -: 5533:    {
        -: 5534:        if (__first2 == __last2)
        -: 5535:            return _VSTD::copy(__first1, __last1, __result);
        -: 5536:        if (__comp(*__first2, *__first1))
        -: 5537:        {
        -: 5538:            *__result = *__first2;
        -: 5539:            ++__first2;
        -: 5540:        }
        -: 5541:        else
        -: 5542:        {
        -: 5543:            if (!__comp(*__first1, *__first2))
        -: 5544:                ++__first2;
        -: 5545:            *__result = *__first1;
        -: 5546:            ++__first1;
        -: 5547:        }
        -: 5548:    }
        -: 5549:    return _VSTD::copy(__first2, __last2, __result);
        -: 5550:}
        -: 5551:
        -: 5552:template <class _InputIterator1, class _InputIterator2, class _OutputIterator, class _Compare>
        -: 5553:inline _LIBCPP_INLINE_VISIBILITY _LIBCPP_CONSTEXPR_AFTER_CXX17
        -: 5554:_OutputIterator
        -: 5555:set_union(_InputIterator1 __first1, _InputIterator1 __last1,
        -: 5556:          _InputIterator2 __first2, _InputIterator2 __last2, _OutputIterator __result, _Compare __comp)
        -: 5557:{
        -: 5558:    typedef typename __comp_ref_type<_Compare>::type _Comp_ref;
        -: 5559:    return _VSTD::__set_union<_Comp_ref>(__first1, __last1, __first2, __last2, __result, __comp);
        -: 5560:}
        -: 5561:
        -: 5562:template <class _InputIterator1, class _InputIterator2, class _OutputIterator>
        -: 5563:inline _LIBCPP_INLINE_VISIBILITY _LIBCPP_CONSTEXPR_AFTER_CXX17
        -: 5564:_OutputIterator
        -: 5565:set_union(_InputIterator1 __first1, _InputIterator1 __last1,
        -: 5566:          _InputIterator2 __first2, _InputIterator2 __last2, _OutputIterator __result)
        -: 5567:{
        -: 5568:    return _VSTD::set_union(__first1, __last1, __first2, __last2, __result,
        -: 5569:                          __less<typename iterator_traits<_InputIterator1>::value_type,
        -: 5570:                                 typename iterator_traits<_InputIterator2>::value_type>());
        -: 5571:}
        -: 5572:
        -: 5573:// set_intersection
        -: 5574:
        -: 5575:template <class _Compare, class _InputIterator1, class _InputIterator2, class _OutputIterator>
        -: 5576:_LIBCPP_CONSTEXPR_AFTER_CXX17 _OutputIterator
        -: 5577:__set_intersection(_InputIterator1 __first1, _InputIterator1 __last1,
        -: 5578:                   _InputIterator2 __first2, _InputIterator2 __last2, _OutputIterator __result, _Compare __comp)
        -: 5579:{
        -: 5580:    while (__first1 != __last1 && __first2 != __last2)
        -: 5581:    {
        -: 5582:        if (__comp(*__first1, *__first2))
        -: 5583:            ++__first1;
        -: 5584:        else
        -: 5585:        {
        -: 5586:            if (!__comp(*__first2, *__first1))
        -: 5587:            {
        -: 5588:                *__result = *__first1;
        -: 5589:                ++__result;
        -: 5590:                ++__first1;
        -: 5591:            }
        -: 5592:            ++__first2;
        -: 5593:        }
        -: 5594:    }
        -: 5595:    return __result;
        -: 5596:}
        -: 5597:
        -: 5598:template <class _InputIterator1, class _InputIterator2, class _OutputIterator, class _Compare>
        -: 5599:inline _LIBCPP_INLINE_VISIBILITY _LIBCPP_CONSTEXPR_AFTER_CXX17
        -: 5600:_OutputIterator
        -: 5601:set_intersection(_InputIterator1 __first1, _InputIterator1 __last1,
        -: 5602:                 _InputIterator2 __first2, _InputIterator2 __last2, _OutputIterator __result, _Compare __comp)
        -: 5603:{
        -: 5604:    typedef typename __comp_ref_type<_Compare>::type _Comp_ref;
        -: 5605:    return _VSTD::__set_intersection<_Comp_ref>(__first1, __last1, __first2, __last2, __result, __comp);
        -: 5606:}
        -: 5607:
        -: 5608:template <class _InputIterator1, class _InputIterator2, class _OutputIterator>
        -: 5609:inline _LIBCPP_INLINE_VISIBILITY _LIBCPP_CONSTEXPR_AFTER_CXX17
        -: 5610:_OutputIterator
        -: 5611:set_intersection(_InputIterator1 __first1, _InputIterator1 __last1,
        -: 5612:                 _InputIterator2 __first2, _InputIterator2 __last2, _OutputIterator __result)
        -: 5613:{
        -: 5614:    return _VSTD::set_intersection(__first1, __last1, __first2, __last2, __result,
        -: 5615:                                  __less<typename iterator_traits<_InputIterator1>::value_type,
        -: 5616:                                         typename iterator_traits<_InputIterator2>::value_type>());
        -: 5617:}
        -: 5618:
        -: 5619:// set_difference
        -: 5620:
        -: 5621:template <class _Compare, class _InputIterator1, class _InputIterator2, class _OutputIterator>
        -: 5622:_LIBCPP_CONSTEXPR_AFTER_CXX17 _OutputIterator
        -: 5623:__set_difference(_InputIterator1 __first1, _InputIterator1 __last1,
        -: 5624:                 _InputIterator2 __first2, _InputIterator2 __last2, _OutputIterator __result, _Compare __comp)
        -: 5625:{
        -: 5626:    while (__first1 != __last1)
        -: 5627:    {
        -: 5628:        if (__first2 == __last2)
        -: 5629:            return _VSTD::copy(__first1, __last1, __result);
        -: 5630:        if (__comp(*__first1, *__first2))
        -: 5631:        {
        -: 5632:            *__result = *__first1;
        -: 5633:            ++__result;
        -: 5634:            ++__first1;
        -: 5635:        }
        -: 5636:        else
        -: 5637:        {
        -: 5638:            if (!__comp(*__first2, *__first1))
        -: 5639:                ++__first1;
        -: 5640:            ++__first2;
        -: 5641:        }
        -: 5642:    }
        -: 5643:    return __result;
        -: 5644:}
        -: 5645:
        -: 5646:template <class _InputIterator1, class _InputIterator2, class _OutputIterator, class _Compare>
        -: 5647:inline _LIBCPP_INLINE_VISIBILITY _LIBCPP_CONSTEXPR_AFTER_CXX17
        -: 5648:_OutputIterator
        -: 5649:set_difference(_InputIterator1 __first1, _InputIterator1 __last1,
        -: 5650:               _InputIterator2 __first2, _InputIterator2 __last2, _OutputIterator __result, _Compare __comp)
        -: 5651:{
        -: 5652:    typedef typename __comp_ref_type<_Compare>::type _Comp_ref;
        -: 5653:    return _VSTD::__set_difference<_Comp_ref>(__first1, __last1, __first2, __last2, __result, __comp);
        -: 5654:}
        -: 5655:
        -: 5656:template <class _InputIterator1, class _InputIterator2, class _OutputIterator>
        -: 5657:inline _LIBCPP_INLINE_VISIBILITY _LIBCPP_CONSTEXPR_AFTER_CXX17
        -: 5658:_OutputIterator
        -: 5659:set_difference(_InputIterator1 __first1, _InputIterator1 __last1,
        -: 5660:               _InputIterator2 __first2, _InputIterator2 __last2, _OutputIterator __result)
        -: 5661:{
        -: 5662:    return _VSTD::set_difference(__first1, __last1, __first2, __last2, __result,
        -: 5663:                                __less<typename iterator_traits<_InputIterator1>::value_type,
        -: 5664:                                       typename iterator_traits<_InputIterator2>::value_type>());
        -: 5665:}
        -: 5666:
        -: 5667:// set_symmetric_difference
        -: 5668:
        -: 5669:template <class _Compare, class _InputIterator1, class _InputIterator2, class _OutputIterator>
        -: 5670:_LIBCPP_CONSTEXPR_AFTER_CXX17 _OutputIterator
        -: 5671:__set_symmetric_difference(_InputIterator1 __first1, _InputIterator1 __last1,
        -: 5672:                           _InputIterator2 __first2, _InputIterator2 __last2, _OutputIterator __result, _Compare __comp)
        -: 5673:{
        -: 5674:    while (__first1 != __last1)
        -: 5675:    {
        -: 5676:        if (__first2 == __last2)
        -: 5677:            return _VSTD::copy(__first1, __last1, __result);
        -: 5678:        if (__comp(*__first1, *__first2))
        -: 5679:        {
        -: 5680:            *__result = *__first1;
        -: 5681:            ++__result;
        -: 5682:            ++__first1;
        -: 5683:        }
        -: 5684:        else
        -: 5685:        {
        -: 5686:            if (__comp(*__first2, *__first1))
        -: 5687:            {
        -: 5688:                *__result = *__first2;
        -: 5689:                ++__result;
        -: 5690:            }
        -: 5691:            else
        -: 5692:                ++__first1;
        -: 5693:            ++__first2;
        -: 5694:        }
        -: 5695:    }
        -: 5696:    return _VSTD::copy(__first2, __last2, __result);
        -: 5697:}
        -: 5698:
        -: 5699:template <class _InputIterator1, class _InputIterator2, class _OutputIterator, class _Compare>
        -: 5700:inline _LIBCPP_INLINE_VISIBILITY _LIBCPP_CONSTEXPR_AFTER_CXX17
        -: 5701:_OutputIterator
        -: 5702:set_symmetric_difference(_InputIterator1 __first1, _InputIterator1 __last1,
        -: 5703:                         _InputIterator2 __first2, _InputIterator2 __last2, _OutputIterator __result, _Compare __comp)
        -: 5704:{
        -: 5705:    typedef typename __comp_ref_type<_Compare>::type _Comp_ref;
        -: 5706:    return _VSTD::__set_symmetric_difference<_Comp_ref>(__first1, __last1, __first2, __last2, __result, __comp);
        -: 5707:}
        -: 5708:
        -: 5709:template <class _InputIterator1, class _InputIterator2, class _OutputIterator>
        -: 5710:inline _LIBCPP_INLINE_VISIBILITY _LIBCPP_CONSTEXPR_AFTER_CXX17
        -: 5711:_OutputIterator
        -: 5712:set_symmetric_difference(_InputIterator1 __first1, _InputIterator1 __last1,
        -: 5713:                         _InputIterator2 __first2, _InputIterator2 __last2, _OutputIterator __result)
        -: 5714:{
        -: 5715:    return _VSTD::set_symmetric_difference(__first1, __last1, __first2, __last2, __result,
        -: 5716:                                          __less<typename iterator_traits<_InputIterator1>::value_type,
        -: 5717:                                                 typename iterator_traits<_InputIterator2>::value_type>());
        -: 5718:}
        -: 5719:
        -: 5720:// lexicographical_compare
        -: 5721:
        -: 5722:template <class _Compare, class _InputIterator1, class _InputIterator2>
        -: 5723:_LIBCPP_CONSTEXPR_AFTER_CXX17 bool
        -: 5724:__lexicographical_compare(_InputIterator1 __first1, _InputIterator1 __last1,
        -: 5725:                          _InputIterator2 __first2, _InputIterator2 __last2, _Compare __comp)
        -: 5726:{
        -: 5727:    for (; __first2 != __last2; ++__first1, (void) ++__first2)
        -: 5728:    {
        -: 5729:        if (__first1 == __last1 || __comp(*__first1, *__first2))
        -: 5730:            return true;
        -: 5731:        if (__comp(*__first2, *__first1))
        -: 5732:            return false;
        -: 5733:    }
        -: 5734:    return false;
        -: 5735:}
        -: 5736:
        -: 5737:template <class _InputIterator1, class _InputIterator2, class _Compare>
        -: 5738:_LIBCPP_NODISCARD_EXT inline
        -: 5739:_LIBCPP_INLINE_VISIBILITY _LIBCPP_CONSTEXPR_AFTER_CXX17
        -: 5740:bool
        -: 5741:lexicographical_compare(_InputIterator1 __first1, _InputIterator1 __last1,
        -: 5742:                        _InputIterator2 __first2, _InputIterator2 __last2, _Compare __comp)
        -: 5743:{
        -: 5744:    typedef typename __comp_ref_type<_Compare>::type _Comp_ref;
        -: 5745:    return _VSTD::__lexicographical_compare<_Comp_ref>(__first1, __last1, __first2, __last2, __comp);
        -: 5746:}
        -: 5747:
        -: 5748:template <class _InputIterator1, class _InputIterator2>
        -: 5749:_LIBCPP_NODISCARD_EXT inline
        -: 5750:_LIBCPP_INLINE_VISIBILITY _LIBCPP_CONSTEXPR_AFTER_CXX17
        -: 5751:bool
        -: 5752:lexicographical_compare(_InputIterator1 __first1, _InputIterator1 __last1,
        -: 5753:                        _InputIterator2 __first2, _InputIterator2 __last2)
        -: 5754:{
        -: 5755:    return _VSTD::lexicographical_compare(__first1, __last1, __first2, __last2,
        -: 5756:                                         __less<typename iterator_traits<_InputIterator1>::value_type,
        -: 5757:                                                typename iterator_traits<_InputIterator2>::value_type>());
        -: 5758:}
        -: 5759:
        -: 5760:// next_permutation
        -: 5761:
        -: 5762:template <class _Compare, class _BidirectionalIterator>
        -: 5763:_LIBCPP_CONSTEXPR_AFTER_CXX17 bool
        -: 5764:__next_permutation(_BidirectionalIterator __first, _BidirectionalIterator __last, _Compare __comp)
        -: 5765:{
        -: 5766:    _BidirectionalIterator __i = __last;
        -: 5767:    if (__first == __last || __first == --__i)
        -: 5768:        return false;
        -: 5769:    while (true)
        -: 5770:    {
        -: 5771:        _BidirectionalIterator __ip1 = __i;
        -: 5772:        if (__comp(*--__i, *__ip1))
        -: 5773:        {
        -: 5774:            _BidirectionalIterator __j = __last;
        -: 5775:            while (!__comp(*__i, *--__j))
        -: 5776:                ;
        -: 5777:            swap(*__i, *__j);
        -: 5778:            _VSTD::reverse(__ip1, __last);
        -: 5779:            return true;
        -: 5780:        }
        -: 5781:        if (__i == __first)
        -: 5782:        {
        -: 5783:            _VSTD::reverse(__first, __last);
        -: 5784:            return false;
        -: 5785:        }
        -: 5786:    }
        -: 5787:}
        -: 5788:
        -: 5789:template <class _BidirectionalIterator, class _Compare>
        -: 5790:inline _LIBCPP_INLINE_VISIBILITY _LIBCPP_CONSTEXPR_AFTER_CXX17
        -: 5791:bool
        -: 5792:next_permutation(_BidirectionalIterator __first, _BidirectionalIterator __last, _Compare __comp)
        -: 5793:{
        -: 5794:    typedef typename __comp_ref_type<_Compare>::type _Comp_ref;
        -: 5795:    return _VSTD::__next_permutation<_Comp_ref>(__first, __last, __comp);
        -: 5796:}
        -: 5797:
        -: 5798:template <class _BidirectionalIterator>
        -: 5799:inline _LIBCPP_INLINE_VISIBILITY _LIBCPP_CONSTEXPR_AFTER_CXX17
        -: 5800:bool
        -: 5801:next_permutation(_BidirectionalIterator __first, _BidirectionalIterator __last)
        -: 5802:{
        -: 5803:    return _VSTD::next_permutation(__first, __last,
        -: 5804:                                  __less<typename iterator_traits<_BidirectionalIterator>::value_type>());
        -: 5805:}
        -: 5806:
        -: 5807:// prev_permutation
        -: 5808:
        -: 5809:template <class _Compare, class _BidirectionalIterator>
        -: 5810:_LIBCPP_CONSTEXPR_AFTER_CXX17 bool
        -: 5811:__prev_permutation(_BidirectionalIterator __first, _BidirectionalIterator __last, _Compare __comp)
        -: 5812:{
        -: 5813:    _BidirectionalIterator __i = __last;
        -: 5814:    if (__first == __last || __first == --__i)
        -: 5815:        return false;
        -: 5816:    while (true)
        -: 5817:    {
        -: 5818:        _BidirectionalIterator __ip1 = __i;
        -: 5819:        if (__comp(*__ip1, *--__i))
        -: 5820:        {
        -: 5821:            _BidirectionalIterator __j = __last;
        -: 5822:            while (!__comp(*--__j, *__i))
        -: 5823:                ;
        -: 5824:            swap(*__i, *__j);
        -: 5825:            _VSTD::reverse(__ip1, __last);
        -: 5826:            return true;
        -: 5827:        }
        -: 5828:        if (__i == __first)
        -: 5829:        {
        -: 5830:            _VSTD::reverse(__first, __last);
        -: 5831:            return false;
        -: 5832:        }
        -: 5833:    }
        -: 5834:}
        -: 5835:
        -: 5836:template <class _BidirectionalIterator, class _Compare>
        -: 5837:inline _LIBCPP_INLINE_VISIBILITY _LIBCPP_CONSTEXPR_AFTER_CXX17
        -: 5838:bool
        -: 5839:prev_permutation(_BidirectionalIterator __first, _BidirectionalIterator __last, _Compare __comp)
        -: 5840:{
        -: 5841:    typedef typename __comp_ref_type<_Compare>::type _Comp_ref;
        -: 5842:    return _VSTD::__prev_permutation<_Comp_ref>(__first, __last, __comp);
        -: 5843:}
        -: 5844:
        -: 5845:template <class _BidirectionalIterator>
        -: 5846:inline _LIBCPP_INLINE_VISIBILITY _LIBCPP_CONSTEXPR_AFTER_CXX17
        -: 5847:bool
        -: 5848:prev_permutation(_BidirectionalIterator __first, _BidirectionalIterator __last)
        -: 5849:{
        -: 5850:    return _VSTD::prev_permutation(__first, __last,
        -: 5851:                                  __less<typename iterator_traits<_BidirectionalIterator>::value_type>());
        -: 5852:}
        -: 5853:
        -: 5854:_LIBCPP_END_NAMESPACE_STD
        -: 5855:
        -: 5856:_LIBCPP_POP_MACROS
        -: 5857:
        -: 5858:#if defined(_LIBCPP_HAS_PARALLEL_ALGORITHMS) && _LIBCPP_STD_VER >= 17
        -: 5859:#   include <__pstl_algorithm>
        -: 5860:#endif
        -: 5861:
        -: 5862:#endif  // _LIBCPP_ALGORITHM
