        -:    0:Source:/Library/Developer/CommandLineTools/SDKs/MacOSX12.1.sdk/usr/include/c++/v1/locale
        -:    0:Graph:/Users/maxbazarov/Documents/Software_testing/ctest/cmake-build-default/tests/googletest/googletest/CMakeFiles/gtest.dir/src/gtest-all.cc.gcno
        -:    0:Data:/Users/maxbazarov/Documents/Software_testing/ctest/cmake-build-default/tests/googletest/googletest/CMakeFiles/gtest.dir/src/gtest-all.cc.gcda
        -:    0:Runs:1
        -:    0:Programs:1
        -:    1:// -*- C++ -*-
        -:    2://===-------------------------- locale ------------------------------------===//
        -:    3://
        -:    4:// Part of the LLVM Project, under the Apache License v2.0 with LLVM Exceptions.
        -:    5:// See https://llvm.org/LICENSE.txt for license information.
        -:    6:// SPDX-License-Identifier: Apache-2.0 WITH LLVM-exception
        -:    7://
        -:    8://===----------------------------------------------------------------------===//
        -:    9:
        -:   10:#ifndef _LIBCPP_LOCALE
        -:   11:#define _LIBCPP_LOCALE
        -:   12:
        -:   13:/*
        -:   14:    locale synopsis
        -:   15:
        -:   16:namespace std
        -:   17:{
        -:   18:
        -:   19:class locale
        -:   20:{
        -:   21:public:
        -:   22:    // types:
        -:   23:    class facet;
        -:   24:    class id;
        -:   25:
        -:   26:    typedef int category;
        -:   27:    static const category // values assigned here are for exposition only
        -:   28:        none     = 0x000,
        -:   29:        collate  = 0x010,
        -:   30:        ctype    = 0x020,
        -:   31:        monetary = 0x040,
        -:   32:        numeric  = 0x080,
        -:   33:        time     = 0x100,
        -:   34:        messages = 0x200,
        -:   35:        all = collate | ctype | monetary | numeric | time | messages;
        -:   36:
        -:   37:    // construct/copy/destroy:
        -:   38:    locale() noexcept;
        -:   39:    locale(const locale& other) noexcept;
        -:   40:    explicit locale(const char* std_name);
        -:   41:    explicit locale(const string& std_name);
        -:   42:    locale(const locale& other, const char* std_name, category);
        -:   43:    locale(const locale& other, const string& std_name, category);
        -:   44:    template <class Facet> locale(const locale& other, Facet* f);
        -:   45:    locale(const locale& other, const locale& one, category);
        -:   46:
        -:   47:    ~locale(); // not virtual
        -:   48:
        -:   49:    const locale& operator=(const locale& other) noexcept;
        -:   50:
        -:   51:    template <class Facet> locale combine(const locale& other) const;
        -:   52:
        -:   53:    // locale operations:
        -:   54:    basic_string<char> name() const;
        -:   55:    bool operator==(const locale& other) const;
        -:   56:    bool operator!=(const locale& other) const;
        -:   57:    template <class charT, class Traits, class Allocator>
        -:   58:      bool operator()(const basic_string<charT,Traits,Allocator>& s1,
        -:   59:                      const basic_string<charT,Traits,Allocator>& s2) const;
        -:   60:
        -:   61:    // global locale objects:
        -:   62:    static locale global(const locale&);
        -:   63:    static const locale& classic();
        -:   64:};
        -:   65:
        -:   66:template <class Facet> const Facet& use_facet(const locale&);
        -:   67:template <class Facet> bool has_facet(const locale&) noexcept;
        -:   68:
        -:   69:// 22.3.3, convenience interfaces:
        -:   70:template <class charT> bool isspace (charT c, const locale& loc);
        -:   71:template <class charT> bool isprint (charT c, const locale& loc);
        -:   72:template <class charT> bool iscntrl (charT c, const locale& loc);
        -:   73:template <class charT> bool isupper (charT c, const locale& loc);
        -:   74:template <class charT> bool islower (charT c, const locale& loc);
        -:   75:template <class charT> bool isalpha (charT c, const locale& loc);
        -:   76:template <class charT> bool isdigit (charT c, const locale& loc);
        -:   77:template <class charT> bool ispunct (charT c, const locale& loc);
        -:   78:template <class charT> bool isxdigit(charT c, const locale& loc);
        -:   79:template <class charT> bool isalnum (charT c, const locale& loc);
        -:   80:template <class charT> bool isgraph (charT c, const locale& loc);
        -:   81:template <class charT> charT toupper(charT c, const locale& loc);
        -:   82:template <class charT> charT tolower(charT c, const locale& loc);
        -:   83:
        -:   84:template<class Codecvt, class Elem = wchar_t,
        -:   85:         class Wide_alloc = allocator<Elem>,
        -:   86:         class Byte_alloc = allocator<char>>
        -:   87:class wstring_convert
        -:   88:{
        -:   89:public:
        -:   90:    typedef basic_string<char, char_traits<char>, Byte_alloc> byte_string;
        -:   91:    typedef basic_string<Elem, char_traits<Elem>, Wide_alloc> wide_string;
        -:   92:    typedef typename Codecvt::state_type                      state_type;
        -:   93:    typedef typename wide_string::traits_type::int_type       int_type;
        -:   94:
        -:   95:    wstring_convert(Codecvt* pcvt = new Codecvt);          // before C++14
        -:   96:    explicit wstring_convert(Codecvt* pcvt = new Codecvt); // before C++20
        -:   97:    wstring_convert() : wstring_convert(new Codecvt) {}    // C++20
        -:   98:    explicit wstring_convert(Codecvt* pcvt);               // C++20
        -:   99:
        -:  100:    wstring_convert(Codecvt* pcvt, state_type state);
        -:  101:    explicit wstring_convert(const byte_string& byte_err,           // explicit in C++14
        -:  102:                    const wide_string& wide_err = wide_string());
        -:  103:    wstring_convert(const wstring_convert&) = delete;               // C++14
        -:  104:    wstring_convert & operator=(const wstring_convert &) = delete;  // C++14
        -:  105:    ~wstring_convert();
        -:  106:
        -:  107:    wide_string from_bytes(char byte);
        -:  108:    wide_string from_bytes(const char* ptr);
        -:  109:    wide_string from_bytes(const byte_string& str);
        -:  110:    wide_string from_bytes(const char* first, const char* last);
        -:  111:
        -:  112:    byte_string to_bytes(Elem wchar);
        -:  113:    byte_string to_bytes(const Elem* wptr);
        -:  114:    byte_string to_bytes(const wide_string& wstr);
        -:  115:    byte_string to_bytes(const Elem* first, const Elem* last);
        -:  116:
        -:  117:    size_t converted() const; // noexcept in C++14
        -:  118:    state_type state() const;
        -:  119:};
        -:  120:
        -:  121:template <class Codecvt, class Elem = wchar_t, class Tr = char_traits<Elem>>
        -:  122:class wbuffer_convert
        -:  123:    : public basic_streambuf<Elem, Tr>
        -:  124:{
        -:  125:public:
        -:  126:    typedef typename Tr::state_type state_type;
        -:  127:
        -:  128:    wbuffer_convert(streambuf* bytebuf = 0, Codecvt* pcvt = new Codecvt,
        -:  129:                    state_type state = state_type());          // before C++14
        -:  130:    explicit wbuffer_convert(streambuf* bytebuf = nullptr, Codecvt* pcvt = new Codecvt,
        -:  131:                            state_type state = state_type()); // before C++20
        -:  132:    wbuffer_convert() : wbuffer_convert(nullptr) {} // C++20
        -:  133:    explicit wbuffer_convert(streambuf* bytebuf, Codecvt* pcvt = new Codecvt,
        -:  134:                            state_type state = state_type()); // C++20
        -:  135:
        -:  136:    wbuffer_convert(const wbuffer_convert&) = delete;               // C++14
        -:  137:    wbuffer_convert & operator=(const wbuffer_convert &) = delete;  // C++14
        -:  138:    ~wbuffer_convert();                                             // C++14
        -:  139:
        -:  140:    streambuf* rdbuf() const;
        -:  141:    streambuf* rdbuf(streambuf* bytebuf);
        -:  142:
        -:  143:    state_type state() const;
        -:  144:};
        -:  145:
        -:  146:// 22.4.1 and 22.4.1.3, ctype:
        -:  147:class ctype_base;
        -:  148:template <class charT> class ctype;
        -:  149:template <> class ctype<char>; // specialization
        -:  150:template <class charT> class ctype_byname;
        -:  151:template <> class ctype_byname<char>; // specialization
        -:  152:
        -:  153:class codecvt_base;
        -:  154:template <class internT, class externT, class stateT> class codecvt;
        -:  155:template <class internT, class externT, class stateT> class codecvt_byname;
        -:  156:
        -:  157:// 22.4.2 and 22.4.3, numeric:
        -:  158:template <class charT, class InputIterator> class num_get;
        -:  159:template <class charT, class OutputIterator> class num_put;
        -:  160:template <class charT> class numpunct;
        -:  161:template <class charT> class numpunct_byname;
        -:  162:
        -:  163:// 22.4.4, col lation:
        -:  164:template <class charT> class collate;
        -:  165:template <class charT> class collate_byname;
        -:  166:
        -:  167:// 22.4.5, date and time:
        -:  168:class time_base;
        -:  169:template <class charT, class InputIterator> class time_get;
        -:  170:template <class charT, class InputIterator> class time_get_byname;
        -:  171:template <class charT, class OutputIterator> class time_put;
        -:  172:template <class charT, class OutputIterator> class time_put_byname;
        -:  173:
        -:  174:// 22.4.6, money:
        -:  175:class money_base;
        -:  176:template <class charT, class InputIterator> class money_get;
        -:  177:template <class charT, class OutputIterator> class money_put;
        -:  178:template <class charT, bool Intl> class moneypunct;
        -:  179:template <class charT, bool Intl> class moneypunct_byname;
        -:  180:
        -:  181:// 22.4.7, message retrieval:
        -:  182:class messages_base;
        -:  183:template <class charT> class messages;
        -:  184:template <class charT> class messages_byname;
        -:  185:
        -:  186:}  // std
        -:  187:
        -:  188:*/
        -:  189:
        -:  190:#include <__config>
        -:  191:#include <__locale>
        -:  192:#include <__debug>
        -:  193:#include <algorithm>
        -:  194:#include <memory>
        -:  195:#include <ios>
        -:  196:#include <streambuf>
        -:  197:#include <iterator>
        -:  198:#include <limits>
        -:  199:#include <version>
        -:  200:#ifndef __APPLE__
        -:  201:#include <cstdarg>
        -:  202:#endif
        -:  203:#include <cstdlib>
        -:  204:#include <ctime>
        -:  205:#include <cstdio>
        -:  206:#ifdef _LIBCPP_HAS_CATOPEN
        -:  207:#include <nl_types.h>
        -:  208:#endif
        -:  209:
        -:  210:#ifdef _LIBCPP_LOCALE__L_EXTENSIONS
        -:  211:#include <__bsd_locale_defaults.h>
        -:  212:#else
        -:  213:#include <__bsd_locale_fallbacks.h>
        -:  214:#endif
        -:  215:
        -:  216:#if !defined(_LIBCPP_HAS_NO_PRAGMA_SYSTEM_HEADER)
        -:  217:#pragma GCC system_header
        -:  218:#endif
        -:  219:
        -:  220:_LIBCPP_PUSH_MACROS
        -:  221:#include <__undef_macros>
        -:  222:
        -:  223:
        -:  224:_LIBCPP_BEGIN_NAMESPACE_STD
        -:  225:
        -:  226:#if defined(__APPLE__) || defined(__FreeBSD__)
        -:  227:#  define _LIBCPP_GET_C_LOCALE 0
        -:  228:#elif defined(__CloudABI__) || defined(__NetBSD__)
        -:  229:#  define _LIBCPP_GET_C_LOCALE LC_C_LOCALE
        -:  230:#else
        -:  231:#  define _LIBCPP_GET_C_LOCALE __cloc()
        -:  232:   // Get the C locale object
        -:  233:   _LIBCPP_FUNC_VIS locale_t __cloc();
        -:  234:#define __cloc_defined
        -:  235:#endif
        -:  236:
        -:  237:// __scan_keyword
        -:  238:// Scans [__b, __e) until a match is found in the basic_strings range
        -:  239://  [__kb, __ke) or until it can be shown that there is no match in [__kb, __ke).
        -:  240://  __b will be incremented (visibly), consuming CharT until a match is found
        -:  241://  or proved to not exist.  A keyword may be "", in which will match anything.
        -:  242://  If one keyword is a prefix of another, and the next CharT in the input
        -:  243://  might match another keyword, the algorithm will attempt to find the longest
        -:  244://  matching keyword.  If the longer matching keyword ends up not matching, then
        -:  245://  no keyword match is found.  If no keyword match is found, __ke is returned
        -:  246://  and failbit is set in __err.
        -:  247://  Else an iterator pointing to the matching keyword is found.  If more than
        -:  248://  one keyword matches, an iterator to the first matching keyword is returned.
        -:  249://  If on exit __b == __e, eofbit is set in __err.  If __case_sensitive is false,
        -:  250://  __ct is used to force to lower case before comparing characters.
        -:  251://  Examples:
        -:  252://  Keywords:  "a", "abb"
        -:  253://  If the input is "a", the first keyword matches and eofbit is set.
        -:  254://  If the input is "abc", no match is found and "ab" are consumed.
        -:  255:template <class _InputIterator, class _ForwardIterator, class _Ctype>
        -:  256:_LIBCPP_HIDDEN
        -:  257:_ForwardIterator
        -:  258:__scan_keyword(_InputIterator& __b, _InputIterator __e,
        -:  259:               _ForwardIterator __kb, _ForwardIterator __ke,
        -:  260:               const _Ctype& __ct, ios_base::iostate& __err,
        -:  261:               bool __case_sensitive = true)
        -:  262:{
        -:  263:    typedef typename iterator_traits<_InputIterator>::value_type _CharT;
        -:  264:    size_t __nkw = static_cast<size_t>(_VSTD::distance(__kb, __ke));
        -:  265:    const unsigned char __doesnt_match = '\0';
        -:  266:    const unsigned char __might_match = '\1';
        -:  267:    const unsigned char __does_match = '\2';
        -:  268:    unsigned char __statbuf[100];
        -:  269:    unsigned char* __status = __statbuf;
        -:  270:    unique_ptr<unsigned char, void(*)(void*)> __stat_hold(nullptr, free);
        -:  271:    if (__nkw > sizeof(__statbuf))
        -:  272:    {
        -:  273:        __status = (unsigned char*)malloc(__nkw);
        -:  274:        if (__status == nullptr)
        -:  275:            __throw_bad_alloc();
        -:  276:        __stat_hold.reset(__status);
        -:  277:    }
        -:  278:    size_t __n_might_match = __nkw;  // At this point, any keyword might match
        -:  279:    size_t __n_does_match = 0;       // but none of them definitely do
        -:  280:    // Initialize all statuses to __might_match, except for "" keywords are __does_match
        -:  281:    unsigned char* __st = __status;
        -:  282:    for (_ForwardIterator __ky = __kb; __ky != __ke; ++__ky, (void) ++__st)
        -:  283:    {
        -:  284:        if (!__ky->empty())
        -:  285:            *__st = __might_match;
        -:  286:        else
        -:  287:        {
        -:  288:            *__st = __does_match;
        -:  289:            --__n_might_match;
        -:  290:            ++__n_does_match;
        -:  291:        }
        -:  292:    }
        -:  293:    // While there might be a match, test keywords against the next CharT
        -:  294:    for (size_t __indx = 0; __b != __e && __n_might_match > 0; ++__indx)
        -:  295:    {
        -:  296:        // Peek at the next CharT but don't consume it
        -:  297:        _CharT __c = *__b;
        -:  298:        if (!__case_sensitive)
        -:  299:            __c = __ct.toupper(__c);
        -:  300:        bool __consume = false;
        -:  301:        // For each keyword which might match, see if the __indx character is __c
        -:  302:        // If a match if found, consume __c
        -:  303:        // If a match is found, and that is the last character in the keyword,
        -:  304:        //    then that keyword matches.
        -:  305:        // If the keyword doesn't match this character, then change the keyword
        -:  306:        //    to doesn't match
        -:  307:        __st = __status;
        -:  308:        for (_ForwardIterator __ky = __kb; __ky != __ke; ++__ky, (void) ++__st)
        -:  309:        {
        -:  310:            if (*__st == __might_match)
        -:  311:            {
        -:  312:                _CharT __kc = (*__ky)[__indx];
        -:  313:                if (!__case_sensitive)
        -:  314:                    __kc = __ct.toupper(__kc);
        -:  315:                if (__c == __kc)
        -:  316:                {
        -:  317:                    __consume = true;
        -:  318:                    if (__ky->size() == __indx+1)
        -:  319:                    {
        -:  320:                        *__st = __does_match;
        -:  321:                        --__n_might_match;
        -:  322:                        ++__n_does_match;
        -:  323:                    }
        -:  324:                }
        -:  325:                else
        -:  326:                {
        -:  327:                    *__st = __doesnt_match;
        -:  328:                    --__n_might_match;
        -:  329:                }
        -:  330:            }
        -:  331:        }
        -:  332:        // consume if we matched a character
        -:  333:        if (__consume)
        -:  334:        {
        -:  335:            ++__b;
        -:  336:            // If we consumed a character and there might be a matched keyword that
        -:  337:            //   was marked matched on a previous iteration, then such keywords
        -:  338:            //   which are now marked as not matching.
        -:  339:            if (__n_might_match + __n_does_match > 1)
        -:  340:            {
        -:  341:                __st = __status;
        -:  342:                for (_ForwardIterator __ky = __kb; __ky != __ke; ++__ky, (void) ++__st)
        -:  343:                {
        -:  344:                    if (*__st == __does_match && __ky->size() != __indx+1)
        -:  345:                    {
        -:  346:                        *__st = __doesnt_match;
        -:  347:                        --__n_does_match;
        -:  348:                    }
        -:  349:                }
        -:  350:            }
        -:  351:        }
        -:  352:    }
        -:  353:    // We've exited the loop because we hit eof and/or we have no more "might matches".
        -:  354:    if (__b == __e)
        -:  355:        __err |= ios_base::eofbit;
        -:  356:    // Return the first matching result
        -:  357:    for (__st = __status; __kb != __ke; ++__kb, (void) ++__st)
        -:  358:        if (*__st == __does_match)
        -:  359:            break;
        -:  360:    if (__kb == __ke)
        -:  361:        __err |= ios_base::failbit;
        -:  362:    return __kb;
        -:  363:}
        -:  364:
        -:  365:struct _LIBCPP_TYPE_VIS __num_get_base
        -:  366:{
        -:  367:    static const int __num_get_buf_sz = 40;
        -:  368:
        -:  369:    static int __get_base(ios_base&);
        -:  370:    static const char __src[33];
        -:  371:};
        -:  372:
        -:  373:_LIBCPP_FUNC_VIS
        -:  374:void __check_grouping(const string& __grouping, unsigned* __g, unsigned* __g_end,
        -:  375:                      ios_base::iostate& __err);
        -:  376:
        -:  377:template <class _CharT>
        -:  378:struct __num_get
        -:  379:    : protected __num_get_base
        -:  380:{
        -:  381:    static string __stage2_float_prep(ios_base& __iob, _CharT* __atoms, _CharT& __decimal_point,
        -:  382:                                      _CharT& __thousands_sep);
        -:  383:
        -:  384:    static int __stage2_float_loop(_CharT __ct, bool& __in_units, char& __exp,
        -:  385:                                   char* __a, char*& __a_end,
        -:  386:                                   _CharT __decimal_point, _CharT __thousands_sep,
        -:  387:                                   const string& __grouping, unsigned* __g,
        -:  388:                                   unsigned*& __g_end, unsigned& __dc, _CharT* __atoms);
        -:  389:#ifndef _LIBCPP_ABI_OPTIMIZED_LOCALE_NUM_GET
        -:  390:    static string __stage2_int_prep(ios_base& __iob, _CharT* __atoms, _CharT& __thousands_sep);
        -:  391:    static int __stage2_int_loop(_CharT __ct, int __base, char* __a, char*& __a_end,
        -:  392:                  unsigned& __dc, _CharT __thousands_sep, const string& __grouping,
        -:  393:                  unsigned* __g, unsigned*& __g_end, _CharT* __atoms);
        -:  394:
        -:  395:#else
        -:  396:    static string __stage2_int_prep(ios_base& __iob, _CharT& __thousands_sep)
        -:  397:    {
        -:  398:        locale __loc = __iob.getloc();
        -:  399:        const numpunct<_CharT>& __np = use_facet<numpunct<_CharT> >(__loc);
        -:  400:        __thousands_sep = __np.thousands_sep();
        -:  401:        return __np.grouping();
        -:  402:    }
        -:  403:
        -:  404:    const _CharT* __do_widen(ios_base& __iob, _CharT* __atoms) const
        -:  405:    {
        -:  406:      return __do_widen_p(__iob, __atoms);
        -:  407:    }
        -:  408:
        -:  409:
        -:  410:    static int __stage2_int_loop(_CharT __ct, int __base, char* __a, char*& __a_end,
        -:  411:                  unsigned& __dc, _CharT __thousands_sep, const string& __grouping,
        -:  412:                  unsigned* __g, unsigned*& __g_end, const _CharT* __atoms);
        -:  413:private:
        -:  414:    template<typename T>
        -:  415:    const T* __do_widen_p(ios_base& __iob, T* __atoms) const
        -:  416:    {
        -:  417:      locale __loc = __iob.getloc();
        -:  418:      use_facet<ctype<T> >(__loc).widen(__src, __src + 26, __atoms);
        -:  419:      return __atoms;
        -:  420:    }
        -:  421:
        -:  422:    const char* __do_widen_p(ios_base& __iob, char* __atoms) const
        -:  423:    {
        -:  424:      (void)__iob;
        -:  425:      (void)__atoms;
        -:  426:      return __src;
        -:  427:    }
        -:  428:#endif
        -:  429:};
        -:  430:
        -:  431:#ifndef _LIBCPP_ABI_OPTIMIZED_LOCALE_NUM_GET
        -:  432:template <class _CharT>
        -:  433:string
        -:  434:__num_get<_CharT>::__stage2_int_prep(ios_base& __iob, _CharT* __atoms, _CharT& __thousands_sep)
        -:  435:{
        -:  436:    locale __loc = __iob.getloc();
        -:  437:    use_facet<ctype<_CharT> >(__loc).widen(__src, __src + 26, __atoms);
        -:  438:    const numpunct<_CharT>& __np = use_facet<numpunct<_CharT> >(__loc);
        -:  439:    __thousands_sep = __np.thousands_sep();
        -:  440:    return __np.grouping();
        -:  441:}
        -:  442:#endif
        -:  443:
        -:  444:template <class _CharT>
        -:  445:string
        -:  446:__num_get<_CharT>::__stage2_float_prep(ios_base& __iob, _CharT* __atoms, _CharT& __decimal_point,
        -:  447:                    _CharT& __thousands_sep)
        -:  448:{
        -:  449:    locale __loc = __iob.getloc();
        -:  450:    use_facet<ctype<_CharT> >(__loc).widen(__src, __src + 32, __atoms);
        -:  451:    const numpunct<_CharT>& __np = use_facet<numpunct<_CharT> >(__loc);
        -:  452:    __decimal_point = __np.decimal_point();
        -:  453:    __thousands_sep = __np.thousands_sep();
        -:  454:    return __np.grouping();
        -:  455:}
        -:  456:
        -:  457:template <class _CharT>
        -:  458:int
        -:  459:#ifndef _LIBCPP_ABI_OPTIMIZED_LOCALE_NUM_GET
        -:  460:__num_get<_CharT>::__stage2_int_loop(_CharT __ct, int __base, char* __a, char*& __a_end,
        -:  461:                  unsigned& __dc, _CharT __thousands_sep, const string& __grouping,
        -:  462:                  unsigned* __g, unsigned*& __g_end, _CharT* __atoms)
        -:  463:#else
        -:  464:__num_get<_CharT>::__stage2_int_loop(_CharT __ct, int __base, char* __a, char*& __a_end,
        -:  465:                  unsigned& __dc, _CharT __thousands_sep, const string& __grouping,
        -:  466:                  unsigned* __g, unsigned*& __g_end, const _CharT* __atoms)
        -:  467:
        -:  468:#endif
        -:  469:{
        -:  470:    if (__a_end == __a && (__ct == __atoms[24] || __ct == __atoms[25]))
        -:  471:    {
        -:  472:        *__a_end++ = __ct == __atoms[24] ? '+' : '-';
        -:  473:        __dc = 0;
        -:  474:        return 0;
        -:  475:    }
        -:  476:    if (__grouping.size() != 0 && __ct == __thousands_sep)
        -:  477:    {
        -:  478:        if (__g_end-__g < __num_get_buf_sz)
        -:  479:        {
        -:  480:            *__g_end++ = __dc;
        -:  481:            __dc = 0;
        -:  482:        }
        -:  483:        return 0;
        -:  484:    }
        -:  485:    ptrdiff_t __f = find(__atoms, __atoms + 26, __ct) - __atoms;
        -:  486:    if (__f >= 24)
        -:  487:        return -1;
        -:  488:    switch (__base)
        -:  489:    {
        -:  490:    case 8:
        -:  491:    case 10:
        -:  492:        if (__f >= __base)
        -:  493:            return -1;
        -:  494:        break;
        -:  495:    case 16:
        -:  496:        if (__f < 22)
        -:  497:            break;
        -:  498:        if (__a_end != __a && __a_end - __a <= 2 && __a_end[-1] == '0')
        -:  499:        {
        -:  500:            __dc = 0;
        -:  501:            *__a_end++ = __src[__f];
        -:  502:            return 0;
        -:  503:        }
        -:  504:        return -1;
        -:  505:    }
        -:  506:    *__a_end++ = __src[__f];
        -:  507:    ++__dc;
        -:  508:    return 0;
        -:  509:}
        -:  510:
        -:  511:template <class _CharT>
        -:  512:int
        -:  513:__num_get<_CharT>::__stage2_float_loop(_CharT __ct, bool& __in_units, char& __exp, char* __a, char*& __a_end,
        -:  514:                    _CharT __decimal_point, _CharT __thousands_sep, const string& __grouping,
        -:  515:                    unsigned* __g, unsigned*& __g_end, unsigned& __dc, _CharT* __atoms)
        -:  516:{
        -:  517:    if (__ct == __decimal_point)
        -:  518:    {
        -:  519:        if (!__in_units)
        -:  520:            return -1;
        -:  521:        __in_units = false;
        -:  522:        *__a_end++ = '.';
        -:  523:        if (__grouping.size() != 0 && __g_end-__g < __num_get_buf_sz)
        -:  524:            *__g_end++ = __dc;
        -:  525:        return 0;
        -:  526:    }
        -:  527:    if (__ct == __thousands_sep && __grouping.size() != 0)
        -:  528:    {
        -:  529:        if (!__in_units)
        -:  530:            return -1;
        -:  531:        if (__g_end-__g < __num_get_buf_sz)
        -:  532:        {
        -:  533:            *__g_end++ = __dc;
        -:  534:            __dc = 0;
        -:  535:        }
        -:  536:        return 0;
        -:  537:    }
        -:  538:    ptrdiff_t __f = find(__atoms, __atoms + 32, __ct) - __atoms;
        -:  539:    if (__f >= 32)
        -:  540:        return -1;
        -:  541:    char __x = __src[__f];
        -:  542:    if (__x == '-' || __x == '+')
        -:  543:    {
        -:  544:        if (__a_end == __a || (__a_end[-1] & 0x5F) == (__exp & 0x7F))
        -:  545:        {
        -:  546:            *__a_end++ = __x;
        -:  547:            return 0;
        -:  548:        }
        -:  549:        return -1;
        -:  550:    }
        -:  551:    if (__x == 'x' || __x == 'X')
        -:  552:        __exp = 'P';
        -:  553:    else if ((__x & 0x5F) == __exp)
        -:  554:    {
        -:  555:        __exp |= (char) 0x80;
        -:  556:        if (__in_units)
        -:  557:        {
        -:  558:            __in_units = false;
        -:  559:            if (__grouping.size() != 0 && __g_end-__g < __num_get_buf_sz)
        -:  560:                *__g_end++ = __dc;
        -:  561:        }
        -:  562:    }
        -:  563:    *__a_end++ = __x;
        -:  564:    if (__f >= 22)
        -:  565:        return 0;
        -:  566:    ++__dc;
        -:  567:    return 0;
        -:  568:}
        -:  569:
        -:  570:_LIBCPP_EXTERN_TEMPLATE_EVEN_IN_DEBUG_MODE(struct _LIBCPP_EXTERN_TEMPLATE_TYPE_VIS __num_get<char>)
        -:  571:_LIBCPP_EXTERN_TEMPLATE_EVEN_IN_DEBUG_MODE(struct _LIBCPP_EXTERN_TEMPLATE_TYPE_VIS __num_get<wchar_t>)
        -:  572:
        -:  573:template <class _CharT, class _InputIterator = istreambuf_iterator<_CharT> >
        -:  574:class _LIBCPP_TEMPLATE_VIS num_get
        -:  575:    : public locale::facet,
        -:  576:      private __num_get<_CharT>
        -:  577:{
        -:  578:public:
        -:  579:    typedef _CharT char_type;
        -:  580:    typedef _InputIterator iter_type;
        -:  581:
        -:  582:    _LIBCPP_INLINE_VISIBILITY
        -:  583:    explicit num_get(size_t __refs = 0)
        -:  584:        : locale::facet(__refs) {}
        -:  585:
        -:  586:    _LIBCPP_INLINE_VISIBILITY
        -:  587:    iter_type get(iter_type __b, iter_type __e, ios_base& __iob,
        -:  588:                  ios_base::iostate& __err, bool& __v) const
        -:  589:    {
        -:  590:        return do_get(__b, __e, __iob, __err, __v);
        -:  591:    }
        -:  592:
        -:  593:    _LIBCPP_INLINE_VISIBILITY
        -:  594:    iter_type get(iter_type __b, iter_type __e, ios_base& __iob,
        -:  595:                  ios_base::iostate& __err, long& __v) const
        -:  596:    {
        -:  597:        return do_get(__b, __e, __iob, __err, __v);
        -:  598:    }
        -:  599:
        -:  600:    _LIBCPP_INLINE_VISIBILITY
        -:  601:    iter_type get(iter_type __b, iter_type __e, ios_base& __iob,
        -:  602:                  ios_base::iostate& __err, long long& __v) const
        -:  603:    {
        -:  604:        return do_get(__b, __e, __iob, __err, __v);
        -:  605:    }
        -:  606:
        -:  607:    _LIBCPP_INLINE_VISIBILITY
        -:  608:    iter_type get(iter_type __b, iter_type __e, ios_base& __iob,
        -:  609:                  ios_base::iostate& __err, unsigned short& __v) const
        -:  610:    {
        -:  611:        return do_get(__b, __e, __iob, __err, __v);
        -:  612:    }
        -:  613:
        -:  614:    _LIBCPP_INLINE_VISIBILITY
        -:  615:    iter_type get(iter_type __b, iter_type __e, ios_base& __iob,
        -:  616:                  ios_base::iostate& __err, unsigned int& __v) const
        -:  617:    {
        -:  618:        return do_get(__b, __e, __iob, __err, __v);
        -:  619:    }
        -:  620:
        -:  621:    _LIBCPP_INLINE_VISIBILITY
        -:  622:    iter_type get(iter_type __b, iter_type __e, ios_base& __iob,
        -:  623:                  ios_base::iostate& __err, unsigned long& __v) const
        -:  624:    {
        -:  625:        return do_get(__b, __e, __iob, __err, __v);
        -:  626:    }
        -:  627:
        -:  628:    _LIBCPP_INLINE_VISIBILITY
        -:  629:    iter_type get(iter_type __b, iter_type __e, ios_base& __iob,
        -:  630:                  ios_base::iostate& __err, unsigned long long& __v) const
        -:  631:    {
        -:  632:        return do_get(__b, __e, __iob, __err, __v);
        -:  633:    }
        -:  634:
        -:  635:    _LIBCPP_INLINE_VISIBILITY
        -:  636:    iter_type get(iter_type __b, iter_type __e, ios_base& __iob,
        -:  637:                  ios_base::iostate& __err, float& __v) const
        -:  638:    {
        -:  639:        return do_get(__b, __e, __iob, __err, __v);
        -:  640:    }
        -:  641:
        -:  642:    _LIBCPP_INLINE_VISIBILITY
        -:  643:    iter_type get(iter_type __b, iter_type __e, ios_base& __iob,
        -:  644:                  ios_base::iostate& __err, double& __v) const
        -:  645:    {
        -:  646:        return do_get(__b, __e, __iob, __err, __v);
        -:  647:    }
        -:  648:
        -:  649:    _LIBCPP_INLINE_VISIBILITY
        -:  650:    iter_type get(iter_type __b, iter_type __e, ios_base& __iob,
        -:  651:                  ios_base::iostate& __err, long double& __v) const
        -:  652:    {
        -:  653:        return do_get(__b, __e, __iob, __err, __v);
        -:  654:    }
        -:  655:
        -:  656:    _LIBCPP_INLINE_VISIBILITY
        -:  657:    iter_type get(iter_type __b, iter_type __e, ios_base& __iob,
        -:  658:                  ios_base::iostate& __err, void*& __v) const
        -:  659:    {
        -:  660:        return do_get(__b, __e, __iob, __err, __v);
        -:  661:    }
        -:  662:
        -:  663:    static locale::id id;
        -:  664:
        -:  665:protected:
        -:  666:    _LIBCPP_INLINE_VISIBILITY
        -:  667:    ~num_get() {}
        -:  668:
        -:  669:    template <class _Fp>
        -:  670:    _LIBCPP_METHOD_TEMPLATE_IMPLICIT_INSTANTIATION_VIS
        -:  671:    iter_type __do_get_floating_point
        -:  672:                            (iter_type __b, iter_type __e, ios_base& __iob,
        -:  673:                             ios_base::iostate& __err, _Fp& __v) const;
        -:  674:
        -:  675:    template <class _Signed>
        -:  676:    _LIBCPP_METHOD_TEMPLATE_IMPLICIT_INSTANTIATION_VIS
        -:  677:    iter_type __do_get_signed
        -:  678:                            (iter_type __b, iter_type __e, ios_base& __iob,
        -:  679:                             ios_base::iostate& __err, _Signed& __v) const;
        -:  680:
        -:  681:    template <class _Unsigned>
        -:  682:    _LIBCPP_METHOD_TEMPLATE_IMPLICIT_INSTANTIATION_VIS
        -:  683:    iter_type __do_get_unsigned
        -:  684:                            (iter_type __b, iter_type __e, ios_base& __iob,
        -:  685:                             ios_base::iostate& __err, _Unsigned& __v) const;
        -:  686:
        -:  687:
        -:  688:    virtual iter_type do_get(iter_type __b, iter_type __e, ios_base& __iob,
        -:  689:                             ios_base::iostate& __err, bool& __v) const;
        -:  690:
        -:  691:    virtual iter_type do_get(iter_type __b, iter_type __e, ios_base& __iob,
        -:  692:                             ios_base::iostate& __err, long& __v) const
        -:  693:    { return this->__do_get_signed ( __b, __e, __iob, __err, __v ); }
        -:  694:
        -:  695:    virtual iter_type do_get(iter_type __b, iter_type __e, ios_base& __iob,
        -:  696:                             ios_base::iostate& __err, long long& __v) const
        -:  697:    { return this->__do_get_signed ( __b, __e, __iob, __err, __v ); }
        -:  698:
        -:  699:    virtual iter_type do_get(iter_type __b, iter_type __e, ios_base& __iob,
        -:  700:                             ios_base::iostate& __err, unsigned short& __v) const
        -:  701:    { return this->__do_get_unsigned ( __b, __e, __iob, __err, __v ); }
        -:  702:
        -:  703:    virtual iter_type do_get(iter_type __b, iter_type __e, ios_base& __iob,
        -:  704:                             ios_base::iostate& __err, unsigned int& __v) const
        -:  705:    { return this->__do_get_unsigned ( __b, __e, __iob, __err, __v ); }
        -:  706:
        -:  707:    virtual iter_type do_get(iter_type __b, iter_type __e, ios_base& __iob,
        -:  708:                             ios_base::iostate& __err, unsigned long& __v) const
        -:  709:    { return this->__do_get_unsigned ( __b, __e, __iob, __err, __v ); }
        -:  710:
        -:  711:    virtual iter_type do_get(iter_type __b, iter_type __e, ios_base& __iob,
        -:  712:                             ios_base::iostate& __err, unsigned long long& __v) const
        -:  713:    { return this->__do_get_unsigned ( __b, __e, __iob, __err, __v ); }
        -:  714:
        -:  715:    virtual iter_type do_get(iter_type __b, iter_type __e, ios_base& __iob,
        -:  716:                             ios_base::iostate& __err, float& __v) const
        -:  717:    { return this->__do_get_floating_point ( __b, __e, __iob, __err, __v ); }
        -:  718:
        -:  719:    virtual iter_type do_get(iter_type __b, iter_type __e, ios_base& __iob,
        -:  720:                             ios_base::iostate& __err, double& __v) const
        -:  721:    { return this->__do_get_floating_point ( __b, __e, __iob, __err, __v ); }
        -:  722:
        -:  723:    virtual iter_type do_get(iter_type __b, iter_type __e, ios_base& __iob,
        -:  724:                             ios_base::iostate& __err, long double& __v) const
        -:  725:    { return this->__do_get_floating_point ( __b, __e, __iob, __err, __v ); }
        -:  726:
        -:  727:    virtual iter_type do_get(iter_type __b, iter_type __e, ios_base& __iob,
        -:  728:                             ios_base::iostate& __err, void*& __v) const;
        -:  729:};
        -:  730:
        -:  731:template <class _CharT, class _InputIterator>
        -:  732:locale::id
        -:  733:num_get<_CharT, _InputIterator>::id;
        -:  734:
        -:  735:template <class _Tp>
        -:  736:_LIBCPP_HIDDEN _Tp
        -:  737:__num_get_signed_integral(const char* __a, const char* __a_end,
        -:  738:                          ios_base::iostate& __err, int __base)
        -:  739:{
        -:  740:    if (__a != __a_end)
        -:  741:    {
        -:  742:        typename remove_reference<decltype(errno)>::type __save_errno = errno;
        -:  743:        errno = 0;
        -:  744:        char *__p2;
        -:  745:        long long __ll = strtoll_l(__a, &__p2, __base, _LIBCPP_GET_C_LOCALE);
        -:  746:        typename remove_reference<decltype(errno)>::type __current_errno = errno;
        -:  747:        if (__current_errno == 0)
        -:  748:            errno = __save_errno;
        -:  749:        if (__p2 != __a_end)
        -:  750:        {
        -:  751:            __err = ios_base::failbit;
        -:  752:            return 0;
        -:  753:        }
        -:  754:        else if (__current_errno == ERANGE         ||
        -:  755:                 __ll < numeric_limits<_Tp>::min() ||
        -:  756:                 numeric_limits<_Tp>::max() < __ll)
        -:  757:        {
        -:  758:            __err = ios_base::failbit;
        -:  759:            if (__ll > 0)
        -:  760:                return numeric_limits<_Tp>::max();
        -:  761:            else
        -:  762:                return numeric_limits<_Tp>::min();
        -:  763:        }
        -:  764:        return static_cast<_Tp>(__ll);
        -:  765:    }
        -:  766:    __err = ios_base::failbit;
        -:  767:    return 0;
        -:  768:}
        -:  769:
        -:  770:template <class _Tp>
        -:  771:_LIBCPP_HIDDEN _Tp
        -:  772:__num_get_unsigned_integral(const char* __a, const char* __a_end,
        -:  773:                            ios_base::iostate& __err, int __base)
        -:  774:{
        -:  775:    if (__a != __a_end)
        -:  776:    {
        -:  777:        const bool __negate = *__a == '-';
        -:  778:        if (__negate && ++__a == __a_end) {
        -:  779:          __err = ios_base::failbit;
        -:  780:          return 0;
        -:  781:        }
        -:  782:        typename remove_reference<decltype(errno)>::type __save_errno = errno;
        -:  783:        errno = 0;
        -:  784:        char *__p2;
        -:  785:        unsigned long long __ll = strtoull_l(__a, &__p2, __base, _LIBCPP_GET_C_LOCALE);
        -:  786:        typename remove_reference<decltype(errno)>::type __current_errno = errno;
        -:  787:        if (__current_errno == 0)
        -:  788:            errno = __save_errno;
        -:  789:        if (__p2 != __a_end)
        -:  790:        {
        -:  791:            __err = ios_base::failbit;
        -:  792:            return 0;
        -:  793:        }
        -:  794:        else if (__current_errno == ERANGE || numeric_limits<_Tp>::max() < __ll)
        -:  795:        {
        -:  796:            __err = ios_base::failbit;
        -:  797:            return numeric_limits<_Tp>::max();
        -:  798:        }
        -:  799:        _Tp __res = static_cast<_Tp>(__ll);
        -:  800:        if (__negate) __res = -__res;
        -:  801:        return __res;
        -:  802:    }
        -:  803:    __err = ios_base::failbit;
        -:  804:    return 0;
        -:  805:}
        -:  806:
        -:  807:template <class _Tp>
        -:  808:_LIBCPP_INLINE_VISIBILITY
        -:  809:_Tp __do_strtod(const char* __a, char** __p2);
        -:  810:
        -:  811:template <>
        -:  812:inline _LIBCPP_INLINE_VISIBILITY
        -:  813:float __do_strtod<float>(const char* __a, char** __p2) {
        -:  814:    return strtof_l(__a, __p2, _LIBCPP_GET_C_LOCALE);
        -:  815:}
        -:  816:
        -:  817:template <>
        -:  818:inline _LIBCPP_INLINE_VISIBILITY
        -:  819:double __do_strtod<double>(const char* __a, char** __p2) {
        -:  820:    return strtod_l(__a, __p2, _LIBCPP_GET_C_LOCALE);
        -:  821:}
        -:  822:
        -:  823:template <>
        -:  824:inline _LIBCPP_INLINE_VISIBILITY
        -:  825:long double __do_strtod<long double>(const char* __a, char** __p2) {
        -:  826:    return strtold_l(__a, __p2, _LIBCPP_GET_C_LOCALE);
        -:  827:}
        -:  828:
        -:  829:template <class _Tp>
        -:  830:_LIBCPP_HIDDEN
        -:  831:_Tp
        -:  832:__num_get_float(const char* __a, const char* __a_end, ios_base::iostate& __err)
        -:  833:{
        -:  834:    if (__a != __a_end)
        -:  835:    {
        -:  836:        typename remove_reference<decltype(errno)>::type __save_errno = errno;
        -:  837:        errno = 0;
        -:  838:        char *__p2;
        -:  839:        _Tp __ld = __do_strtod<_Tp>(__a, &__p2);
        -:  840:        typename remove_reference<decltype(errno)>::type __current_errno = errno;
        -:  841:        if (__current_errno == 0)
        -:  842:            errno = __save_errno;
        -:  843:        if (__p2 != __a_end)
        -:  844:        {
        -:  845:            __err = ios_base::failbit;
        -:  846:            return 0;
        -:  847:        }
        -:  848:        else if (__current_errno == ERANGE)
        -:  849:            __err = ios_base::failbit;
        -:  850:        return __ld;
        -:  851:    }
        -:  852:    __err = ios_base::failbit;
        -:  853:    return 0;
        -:  854:}
        -:  855:
        -:  856:template <class _CharT, class _InputIterator>
        -:  857:_InputIterator
        -:  858:num_get<_CharT, _InputIterator>::do_get(iter_type __b, iter_type __e,
        -:  859:                                        ios_base& __iob,
        -:  860:                                        ios_base::iostate& __err,
        -:  861:                                        bool& __v) const
        -:  862:{
        -:  863:    if ((__iob.flags() & ios_base::boolalpha) == 0)
        -:  864:    {
        -:  865:        long __lv = -1;
        -:  866:        __b = do_get(__b, __e, __iob, __err, __lv);
        -:  867:        switch (__lv)
        -:  868:        {
        -:  869:        case 0:
        -:  870:            __v = false;
        -:  871:            break;
        -:  872:        case 1:
        -:  873:            __v = true;
        -:  874:            break;
        -:  875:        default:
        -:  876:            __v = true;
        -:  877:            __err = ios_base::failbit;
        -:  878:            break;
        -:  879:        }
        -:  880:        return __b;
        -:  881:    }
        -:  882:    const ctype<_CharT>& __ct = use_facet<ctype<_CharT> >(__iob.getloc());
        -:  883:    const numpunct<_CharT>& __np = use_facet<numpunct<_CharT> >(__iob.getloc());
        -:  884:    typedef typename numpunct<_CharT>::string_type string_type;
        -:  885:    const string_type __names[2] = {__np.truename(), __np.falsename()};
        -:  886:    const string_type* __i = _VSTD::__scan_keyword(__b, __e, __names, __names+2,
        -:  887:                                                   __ct, __err);
        -:  888:    __v = __i == __names;
        -:  889:    return __b;
        -:  890:}
        -:  891:
        -:  892:// signed
        -:  893:
        -:  894:template <class _CharT, class _InputIterator>
        -:  895:template <class _Signed>
        -:  896:_InputIterator
        -:  897:num_get<_CharT, _InputIterator>::__do_get_signed(iter_type __b, iter_type __e,
        -:  898:                                        ios_base& __iob,
        -:  899:                                        ios_base::iostate& __err,
        -:  900:                                        _Signed& __v) const
        -:  901:{
        -:  902:    // Stage 1
        -:  903:    int __base = this->__get_base(__iob);
        -:  904:    // Stage 2
        -:  905:    char_type __thousands_sep;
        -:  906:    const int __atoms_size = 26;
        -:  907:#ifdef _LIBCPP_ABI_OPTIMIZED_LOCALE_NUM_GET
        -:  908:    char_type __atoms1[__atoms_size];
        -:  909:    const char_type *__atoms = this->__do_widen(__iob, __atoms1);
        -:  910:    string __grouping = this->__stage2_int_prep(__iob, __thousands_sep);
        -:  911:#else
        -:  912:    char_type __atoms[__atoms_size];
        -:  913:    string __grouping = this->__stage2_int_prep(__iob, __atoms, __thousands_sep);
        -:  914:#endif
        -:  915:    string __buf;
        -:  916:    __buf.resize(__buf.capacity());
        -:  917:    char* __a = &__buf[0];
        -:  918:    char* __a_end = __a;
        -:  919:    unsigned __g[__num_get_base::__num_get_buf_sz];
        -:  920:    unsigned* __g_end = __g;
        -:  921:    unsigned __dc = 0;
        -:  922:    for (; __b != __e; ++__b)
        -:  923:    {
        -:  924:        if (__a_end == __a + __buf.size())
        -:  925:        {
        -:  926:            size_t __tmp = __buf.size();
        -:  927:            __buf.resize(2*__buf.size());
        -:  928:            __buf.resize(__buf.capacity());
        -:  929:            __a = &__buf[0];
        -:  930:            __a_end = __a + __tmp;
        -:  931:        }
        -:  932:        if (this->__stage2_int_loop(*__b, __base, __a, __a_end, __dc,
        -:  933:                                    __thousands_sep, __grouping, __g, __g_end,
        -:  934:                                    __atoms))
        -:  935:            break;
        -:  936:    }
        -:  937:    if (__grouping.size() != 0 && __g_end-__g < __num_get_base::__num_get_buf_sz)
        -:  938:        *__g_end++ = __dc;
        -:  939:    // Stage 3
        -:  940:    __v = __num_get_signed_integral<_Signed>(__a, __a_end, __err, __base);
        -:  941:    // Digit grouping checked
        -:  942:    __check_grouping(__grouping, __g, __g_end, __err);
        -:  943:    // EOF checked
        -:  944:    if (__b == __e)
        -:  945:        __err |= ios_base::eofbit;
        -:  946:    return __b;
        -:  947:}
        -:  948:
        -:  949:// unsigned
        -:  950:
        -:  951:template <class _CharT, class _InputIterator>
        -:  952:template <class _Unsigned>
        -:  953:_InputIterator
        -:  954:num_get<_CharT, _InputIterator>::__do_get_unsigned(iter_type __b, iter_type __e,
        -:  955:                                        ios_base& __iob,
        -:  956:                                        ios_base::iostate& __err,
        -:  957:                                        _Unsigned& __v) const
        -:  958:{
        -:  959:    // Stage 1
        -:  960:    int __base = this->__get_base(__iob);
        -:  961:    // Stage 2
        -:  962:    char_type __thousands_sep;
        -:  963:    const int __atoms_size = 26;
        -:  964:#ifdef _LIBCPP_ABI_OPTIMIZED_LOCALE_NUM_GET
        -:  965:    char_type __atoms1[__atoms_size];
        -:  966:    const char_type *__atoms = this->__do_widen(__iob, __atoms1);
        -:  967:    string __grouping = this->__stage2_int_prep(__iob, __thousands_sep);
        -:  968:#else
        -:  969:    char_type __atoms[__atoms_size];
        -:  970:    string __grouping = this->__stage2_int_prep(__iob, __atoms, __thousands_sep);
        -:  971:#endif
        -:  972:    string __buf;
        -:  973:    __buf.resize(__buf.capacity());
        -:  974:    char* __a = &__buf[0];
        -:  975:    char* __a_end = __a;
        -:  976:    unsigned __g[__num_get_base::__num_get_buf_sz];
        -:  977:    unsigned* __g_end = __g;
        -:  978:    unsigned __dc = 0;
        -:  979:    for (; __b != __e; ++__b)
        -:  980:    {
        -:  981:        if (__a_end == __a + __buf.size())
        -:  982:        {
        -:  983:            size_t __tmp = __buf.size();
        -:  984:            __buf.resize(2*__buf.size());
        -:  985:            __buf.resize(__buf.capacity());
        -:  986:            __a = &__buf[0];
        -:  987:            __a_end = __a + __tmp;
        -:  988:        }
        -:  989:        if (this->__stage2_int_loop(*__b, __base, __a, __a_end, __dc,
        -:  990:                                    __thousands_sep, __grouping, __g, __g_end,
        -:  991:                                    __atoms))
        -:  992:            break;
        -:  993:    }
        -:  994:    if (__grouping.size() != 0 && __g_end-__g < __num_get_base::__num_get_buf_sz)
        -:  995:        *__g_end++ = __dc;
        -:  996:    // Stage 3
        -:  997:    __v = __num_get_unsigned_integral<_Unsigned>(__a, __a_end, __err, __base);
        -:  998:    // Digit grouping checked
        -:  999:    __check_grouping(__grouping, __g, __g_end, __err);
        -: 1000:    // EOF checked
        -: 1001:    if (__b == __e)
        -: 1002:        __err |= ios_base::eofbit;
        -: 1003:    return __b;
        -: 1004:}
        -: 1005:
        -: 1006:// floating point
        -: 1007:
        -: 1008:template <class _CharT, class _InputIterator>
        -: 1009:template <class _Fp>
        -: 1010:_InputIterator
        -: 1011:num_get<_CharT, _InputIterator>::__do_get_floating_point(iter_type __b, iter_type __e,
        -: 1012:                                        ios_base& __iob,
        -: 1013:                                        ios_base::iostate& __err,
        -: 1014:                                        _Fp& __v) const
        -: 1015:{
        -: 1016:    // Stage 1, nothing to do
        -: 1017:    // Stage 2
        -: 1018:    char_type __atoms[32];
        -: 1019:    char_type __decimal_point;
        -: 1020:    char_type __thousands_sep;
        -: 1021:    string __grouping = this->__stage2_float_prep(__iob, __atoms,
        -: 1022:                                                  __decimal_point,
        -: 1023:                                                  __thousands_sep);
        -: 1024:    string __buf;
        -: 1025:    __buf.resize(__buf.capacity());
        -: 1026:    char* __a = &__buf[0];
        -: 1027:    char* __a_end = __a;
        -: 1028:    unsigned __g[__num_get_base::__num_get_buf_sz];
        -: 1029:    unsigned* __g_end = __g;
        -: 1030:    unsigned __dc = 0;
        -: 1031:    bool __in_units = true;
        -: 1032:    char __exp = 'E';
        -: 1033:    for (; __b != __e; ++__b)
        -: 1034:    {
        -: 1035:        if (__a_end == __a + __buf.size())
        -: 1036:        {
        -: 1037:            size_t __tmp = __buf.size();
        -: 1038:            __buf.resize(2*__buf.size());
        -: 1039:            __buf.resize(__buf.capacity());
        -: 1040:            __a = &__buf[0];
        -: 1041:            __a_end = __a + __tmp;
        -: 1042:        }
        -: 1043:        if (this->__stage2_float_loop(*__b, __in_units, __exp, __a, __a_end,
        -: 1044:                                      __decimal_point, __thousands_sep,
        -: 1045:                                      __grouping, __g, __g_end,
        -: 1046:                                      __dc, __atoms))
        -: 1047:            break;
        -: 1048:    }
        -: 1049:    if (__grouping.size() != 0 && __in_units && __g_end-__g < __num_get_base::__num_get_buf_sz)
        -: 1050:        *__g_end++ = __dc;
        -: 1051:    // Stage 3
        -: 1052:    __v = __num_get_float<_Fp>(__a, __a_end, __err);
        -: 1053:    // Digit grouping checked
        -: 1054:    __check_grouping(__grouping, __g, __g_end, __err);
        -: 1055:    // EOF checked
        -: 1056:    if (__b == __e)
        -: 1057:        __err |= ios_base::eofbit;
        -: 1058:    return __b;
        -: 1059:}
        -: 1060:
        -: 1061:template <class _CharT, class _InputIterator>
        -: 1062:_InputIterator
        -: 1063:num_get<_CharT, _InputIterator>::do_get(iter_type __b, iter_type __e,
        -: 1064:                                        ios_base& __iob,
        -: 1065:                                        ios_base::iostate& __err,
        -: 1066:                                        void*& __v) const
        -: 1067:{
        -: 1068:    // Stage 1
        -: 1069:    int __base = 16;
        -: 1070:    // Stage 2
        -: 1071:    char_type __atoms[26];
        -: 1072:    char_type __thousands_sep = 0;
        -: 1073:    string __grouping;
        -: 1074:    use_facet<ctype<_CharT> >(__iob.getloc()).widen(__num_get_base::__src,
        -: 1075:                                                    __num_get_base::__src + 26, __atoms);
        -: 1076:    string __buf;
        -: 1077:    __buf.resize(__buf.capacity());
        -: 1078:    char* __a = &__buf[0];
        -: 1079:    char* __a_end = __a;
        -: 1080:    unsigned __g[__num_get_base::__num_get_buf_sz];
        -: 1081:    unsigned* __g_end = __g;
        -: 1082:    unsigned __dc = 0;
        -: 1083:    for (; __b != __e; ++__b)
        -: 1084:    {
        -: 1085:        if (__a_end == __a + __buf.size())
        -: 1086:        {
        -: 1087:            size_t __tmp = __buf.size();
        -: 1088:            __buf.resize(2*__buf.size());
        -: 1089:            __buf.resize(__buf.capacity());
        -: 1090:            __a = &__buf[0];
        -: 1091:            __a_end = __a + __tmp;
        -: 1092:        }
        -: 1093:        if (this->__stage2_int_loop(*__b, __base, __a, __a_end, __dc,
        -: 1094:                                    __thousands_sep, __grouping,
        -: 1095:                                    __g, __g_end, __atoms))
        -: 1096:            break;
        -: 1097:    }
        -: 1098:    // Stage 3
        -: 1099:    __buf.resize(__a_end - __a);
        -: 1100:    if (__libcpp_sscanf_l(__buf.c_str(), _LIBCPP_GET_C_LOCALE, "%p", &__v) != 1)
        -: 1101:        __err = ios_base::failbit;
        -: 1102:    // EOF checked
        -: 1103:    if (__b == __e)
        -: 1104:        __err |= ios_base::eofbit;
        -: 1105:    return __b;
        -: 1106:}
        -: 1107:
        -: 1108:_LIBCPP_EXTERN_TEMPLATE_EVEN_IN_DEBUG_MODE(class _LIBCPP_EXTERN_TEMPLATE_TYPE_VIS num_get<char>)
        -: 1109:_LIBCPP_EXTERN_TEMPLATE_EVEN_IN_DEBUG_MODE(class _LIBCPP_EXTERN_TEMPLATE_TYPE_VIS num_get<wchar_t>)
        -: 1110:
        -: 1111:struct _LIBCPP_TYPE_VIS __num_put_base
        -: 1112:{
        -: 1113:protected:
        -: 1114:    static void __format_int(char* __fmt, const char* __len, bool __signd,
        -: 1115:                             ios_base::fmtflags __flags);
        -: 1116:    static bool __format_float(char* __fmt, const char* __len,
        -: 1117:                               ios_base::fmtflags __flags);
        -: 1118:    static char* __identify_padding(char* __nb, char* __ne,
        -: 1119:                                    const ios_base& __iob);
        -: 1120:};
        -: 1121:
        -: 1122:template <class _CharT>
        -: 1123:struct __num_put
        -: 1124:    : protected __num_put_base
        -: 1125:{
        -: 1126:    static void __widen_and_group_int(char* __nb, char* __np, char* __ne,
        -: 1127:                                      _CharT* __ob, _CharT*& __op, _CharT*& __oe,
        -: 1128:                                      const locale& __loc);
        -: 1129:    static void __widen_and_group_float(char* __nb, char* __np, char* __ne,
        -: 1130:                                        _CharT* __ob, _CharT*& __op, _CharT*& __oe,
        -: 1131:                                        const locale& __loc);
        -: 1132:};
        -: 1133:
        -: 1134:template <class _CharT>
        -: 1135:void
        -: 1136:__num_put<_CharT>::__widen_and_group_int(char* __nb, char* __np, char* __ne,
        -: 1137:                                         _CharT* __ob, _CharT*& __op, _CharT*& __oe,
        -: 1138:                                         const locale& __loc)
        -: 1139:{
        -: 1140:    const ctype<_CharT>&    __ct = use_facet<ctype<_CharT> >   (__loc);
        -: 1141:    const numpunct<_CharT>& __npt = use_facet<numpunct<_CharT> >(__loc);
        -: 1142:    string __grouping = __npt.grouping();
        -: 1143:    if (__grouping.empty())
        -: 1144:    {
        -: 1145:        __ct.widen(__nb, __ne, __ob);
        -: 1146:        __oe = __ob + (__ne - __nb);
        -: 1147:    }
        -: 1148:    else
        -: 1149:    {
        -: 1150:        __oe = __ob;
        -: 1151:        char* __nf = __nb;
        -: 1152:        if (*__nf == '-' || *__nf == '+')
        -: 1153:            *__oe++ = __ct.widen(*__nf++);
        -: 1154:        if (__ne - __nf >= 2 && __nf[0] == '0' && (__nf[1] == 'x' ||
        -: 1155:                                                   __nf[1] == 'X'))
        -: 1156:        {
        -: 1157:            *__oe++ = __ct.widen(*__nf++);
        -: 1158:            *__oe++ = __ct.widen(*__nf++);
        -: 1159:        }
        -: 1160:        reverse(__nf, __ne);
        -: 1161:        _CharT __thousands_sep = __npt.thousands_sep();
        -: 1162:        unsigned __dc = 0;
        -: 1163:        unsigned __dg = 0;
        -: 1164:        for (char* __p = __nf; __p < __ne; ++__p)
        -: 1165:        {
        -: 1166:            if (static_cast<unsigned>(__grouping[__dg]) > 0 &&
        -: 1167:                __dc == static_cast<unsigned>(__grouping[__dg]))
        -: 1168:            {
        -: 1169:                *__oe++ = __thousands_sep;
        -: 1170:                __dc = 0;
        -: 1171:                if (__dg < __grouping.size()-1)
        -: 1172:                    ++__dg;
        -: 1173:            }
        -: 1174:            *__oe++ = __ct.widen(*__p);
        -: 1175:            ++__dc;
        -: 1176:        }
        -: 1177:        reverse(__ob + (__nf - __nb), __oe);
        -: 1178:    }
        -: 1179:    if (__np == __ne)
        -: 1180:        __op = __oe;
        -: 1181:    else
        -: 1182:        __op = __ob + (__np - __nb);
        -: 1183:}
        -: 1184:
        -: 1185:template <class _CharT>
        -: 1186:void
        -: 1187:__num_put<_CharT>::__widen_and_group_float(char* __nb, char* __np, char* __ne,
        -: 1188:                                           _CharT* __ob, _CharT*& __op, _CharT*& __oe,
        -: 1189:                                           const locale& __loc)
        -: 1190:{
        -: 1191:    const ctype<_CharT>&    __ct = use_facet<ctype<_CharT> >   (__loc);
        -: 1192:    const numpunct<_CharT>& __npt = use_facet<numpunct<_CharT> >(__loc);
        -: 1193:    string __grouping = __npt.grouping();
        -: 1194:    __oe = __ob;
        -: 1195:    char* __nf = __nb;
        -: 1196:    if (*__nf == '-' || *__nf == '+')
        -: 1197:        *__oe++ = __ct.widen(*__nf++);
        -: 1198:    char* __ns;
        -: 1199:    if (__ne - __nf >= 2 && __nf[0] == '0' && (__nf[1] == 'x' ||
        -: 1200:                                               __nf[1] == 'X'))
        -: 1201:    {
        -: 1202:        *__oe++ = __ct.widen(*__nf++);
        -: 1203:        *__oe++ = __ct.widen(*__nf++);
        -: 1204:        for (__ns = __nf; __ns < __ne; ++__ns)
        -: 1205:            if (!isxdigit_l(*__ns, _LIBCPP_GET_C_LOCALE))
        -: 1206:                break;
        -: 1207:    }
        -: 1208:    else
        -: 1209:    {
        -: 1210:        for (__ns = __nf; __ns < __ne; ++__ns)
        -: 1211:            if (!isdigit_l(*__ns, _LIBCPP_GET_C_LOCALE))
        -: 1212:                break;
        -: 1213:    }
        -: 1214:    if (__grouping.empty())
        -: 1215:    {
        -: 1216:        __ct.widen(__nf, __ns, __oe);
        -: 1217:        __oe += __ns - __nf;
        -: 1218:    }
        -: 1219:    else
        -: 1220:    {
        -: 1221:        reverse(__nf, __ns);
        -: 1222:        _CharT __thousands_sep = __npt.thousands_sep();
        -: 1223:        unsigned __dc = 0;
        -: 1224:        unsigned __dg = 0;
        -: 1225:        for (char* __p = __nf; __p < __ns; ++__p)
        -: 1226:        {
        -: 1227:            if (__grouping[__dg] > 0 && __dc == static_cast<unsigned>(__grouping[__dg]))
        -: 1228:            {
        -: 1229:                *__oe++ = __thousands_sep;
        -: 1230:                __dc = 0;
        -: 1231:                if (__dg < __grouping.size()-1)
        -: 1232:                    ++__dg;
        -: 1233:            }
        -: 1234:            *__oe++ = __ct.widen(*__p);
        -: 1235:            ++__dc;
        -: 1236:        }
        -: 1237:        reverse(__ob + (__nf - __nb), __oe);
        -: 1238:    }
        -: 1239:    for (__nf = __ns; __nf < __ne; ++__nf)
        -: 1240:    {
        -: 1241:        if (*__nf == '.')
        -: 1242:        {
        -: 1243:            *__oe++ = __npt.decimal_point();
        -: 1244:            ++__nf;
        -: 1245:            break;
        -: 1246:        }
        -: 1247:        else
        -: 1248:            *__oe++ = __ct.widen(*__nf);
        -: 1249:    }
        -: 1250:    __ct.widen(__nf, __ne, __oe);
        -: 1251:    __oe += __ne - __nf;
        -: 1252:    if (__np == __ne)
        -: 1253:        __op = __oe;
        -: 1254:    else
        -: 1255:        __op = __ob + (__np - __nb);
        -: 1256:}
        -: 1257:
        -: 1258:_LIBCPP_EXTERN_TEMPLATE_EVEN_IN_DEBUG_MODE(struct _LIBCPP_EXTERN_TEMPLATE_TYPE_VIS __num_put<char>)
        -: 1259:_LIBCPP_EXTERN_TEMPLATE_EVEN_IN_DEBUG_MODE(struct _LIBCPP_EXTERN_TEMPLATE_TYPE_VIS __num_put<wchar_t>)
        -: 1260:
        -: 1261:template <class _CharT, class _OutputIterator = ostreambuf_iterator<_CharT> >
        -: 1262:class _LIBCPP_TEMPLATE_VIS num_put
        -: 1263:    : public locale::facet,
        -: 1264:      private __num_put<_CharT>
        -: 1265:{
        -: 1266:public:
        -: 1267:    typedef _CharT char_type;
        -: 1268:    typedef _OutputIterator iter_type;
        -: 1269:
        -: 1270:    _LIBCPP_INLINE_VISIBILITY
        -: 1271:    explicit num_put(size_t __refs = 0)
        -: 1272:        : locale::facet(__refs) {}
        -: 1273:
        -: 1274:    _LIBCPP_INLINE_VISIBILITY
        -: 1275:    iter_type put(iter_type __s, ios_base& __iob, char_type __fl,
        -: 1276:                  bool __v) const
        -: 1277:    {
        -: 1278:        return do_put(__s, __iob, __fl, __v);
        -: 1279:    }
        -: 1280:
        -: 1281:    _LIBCPP_INLINE_VISIBILITY
        -: 1282:    iter_type put(iter_type __s, ios_base& __iob, char_type __fl,
        -: 1283:                  long __v) const
        -: 1284:    {
        -: 1285:        return do_put(__s, __iob, __fl, __v);
        -: 1286:    }
        -: 1287:
        -: 1288:    _LIBCPP_INLINE_VISIBILITY
        -: 1289:    iter_type put(iter_type __s, ios_base& __iob, char_type __fl,
        -: 1290:                  long long __v) const
        -: 1291:    {
        -: 1292:        return do_put(__s, __iob, __fl, __v);
        -: 1293:    }
        -: 1294:
        -: 1295:    _LIBCPP_INLINE_VISIBILITY
        -: 1296:    iter_type put(iter_type __s, ios_base& __iob, char_type __fl,
        -: 1297:                  unsigned long __v) const
        -: 1298:    {
        -: 1299:        return do_put(__s, __iob, __fl, __v);
        -: 1300:    }
        -: 1301:
        -: 1302:    _LIBCPP_INLINE_VISIBILITY
        -: 1303:    iter_type put(iter_type __s, ios_base& __iob, char_type __fl,
        -: 1304:                  unsigned long long __v) const
        -: 1305:    {
        -: 1306:        return do_put(__s, __iob, __fl, __v);
        -: 1307:    }
        -: 1308:
        -: 1309:    _LIBCPP_INLINE_VISIBILITY
        -: 1310:    iter_type put(iter_type __s, ios_base& __iob, char_type __fl,
        -: 1311:                  double __v) const
        -: 1312:    {
        -: 1313:        return do_put(__s, __iob, __fl, __v);
        -: 1314:    }
        -: 1315:
        -: 1316:    _LIBCPP_INLINE_VISIBILITY
        -: 1317:    iter_type put(iter_type __s, ios_base& __iob, char_type __fl,
        -: 1318:                  long double __v) const
        -: 1319:    {
        -: 1320:        return do_put(__s, __iob, __fl, __v);
        -: 1321:    }
        -: 1322:
        -: 1323:    _LIBCPP_INLINE_VISIBILITY
        -: 1324:    iter_type put(iter_type __s, ios_base& __iob, char_type __fl,
        -: 1325:                  const void* __v) const
        -: 1326:    {
        -: 1327:        return do_put(__s, __iob, __fl, __v);
        -: 1328:    }
        -: 1329:
        -: 1330:    static locale::id id;
        -: 1331:
        -: 1332:protected:
        -: 1333:    _LIBCPP_INLINE_VISIBILITY
        -: 1334:    ~num_put() {}
        -: 1335:
        -: 1336:    virtual iter_type do_put(iter_type __s, ios_base& __iob, char_type __fl,
        -: 1337:                             bool __v) const;
        -: 1338:    virtual iter_type do_put(iter_type __s, ios_base& __iob, char_type __fl,
        -: 1339:                             long __v) const;
        -: 1340:    virtual iter_type do_put(iter_type __s, ios_base& __iob, char_type __fl,
        -: 1341:                             long long __v) const;
        -: 1342:    virtual iter_type do_put(iter_type __s, ios_base& __iob, char_type __fl,
        -: 1343:                             unsigned long) const;
        -: 1344:    virtual iter_type do_put(iter_type __s, ios_base& __iob, char_type __fl,
        -: 1345:                             unsigned long long) const;
        -: 1346:    virtual iter_type do_put(iter_type __s, ios_base& __iob, char_type __fl,
        -: 1347:                             double __v) const;
        -: 1348:    virtual iter_type do_put(iter_type __s, ios_base& __iob, char_type __fl,
        -: 1349:                             long double __v) const;
        -: 1350:    virtual iter_type do_put(iter_type __s, ios_base& __iob, char_type __fl,
        -: 1351:                             const void* __v) const;
        -: 1352:};
        -: 1353:
        -: 1354:template <class _CharT, class _OutputIterator>
        -: 1355:locale::id
        -: 1356:num_put<_CharT, _OutputIterator>::id;
        -: 1357:
        -: 1358:template <class _CharT, class _OutputIterator>
        -: 1359:_LIBCPP_HIDDEN
        -: 1360:_OutputIterator
        -: 1361:__pad_and_output(_OutputIterator __s,
        -: 1362:                 const _CharT* __ob, const _CharT* __op, const _CharT* __oe,
        -: 1363:                 ios_base& __iob, _CharT __fl)
        -: 1364:{
        -: 1365:    streamsize __sz = __oe - __ob;
        -: 1366:    streamsize __ns = __iob.width();
        -: 1367:    if (__ns > __sz)
        -: 1368:        __ns -= __sz;
        -: 1369:    else
        -: 1370:        __ns = 0;
        -: 1371:    for (;__ob < __op; ++__ob, ++__s)
        -: 1372:        *__s = *__ob;
        -: 1373:    for (; __ns; --__ns, ++__s)
        -: 1374:        *__s = __fl;
        -: 1375:    for (; __ob < __oe; ++__ob, ++__s)
        -: 1376:        *__s = *__ob;
        -: 1377:    __iob.width(0);
        -: 1378:    return __s;
        -: 1379:}
        -: 1380:
        -: 1381:template <class _CharT, class _Traits>
        -: 1382:_LIBCPP_HIDDEN
        -: 1383:ostreambuf_iterator<_CharT, _Traits>
function _ZNSt3__116__pad_and_outputIcNS_11char_traitsIcEEEENS_19ostreambuf_iteratorIT_T0_EES6_PKS4_S8_S8_RNS_8ios_baseES4_ called 0 returned 0% blocks executed 0%
    #####: 1384:__pad_and_output(ostreambuf_iterator<_CharT, _Traits> __s,
        -: 1385:                 const _CharT* __ob, const _CharT* __op, const _CharT* __oe,
        -: 1386:                 ios_base& __iob, _CharT __fl)
        -: 1387:{
    #####: 1388:    if (__s.__sbuf_ == nullptr)
    $$$$$: 1388-block  0
branch  0 never executed
branch  1 never executed
    #####: 1389:        return __s;
    $$$$$: 1389-block  0
    #####: 1390:    streamsize __sz = __oe - __ob;
    #####: 1391:    streamsize __ns = __iob.width();
    #####: 1392:    if (__ns > __sz)
    $$$$$: 1392-block  0
branch  0 never executed
branch  1 never executed
    #####: 1393:        __ns -= __sz;
    $$$$$: 1393-block  0
        -: 1394:    else
    #####: 1395:        __ns = 0;
    $$$$$: 1395-block  0
    #####: 1396:    streamsize __np = __op - __ob;
    #####: 1397:    if (__np > 0)
    $$$$$: 1397-block  0
    $$$$$: 1397-block  1
        -: 1398:    {
    #####: 1399:        if (__s.__sbuf_->sputn(__ob, __np) != __np)
    $$$$$: 1399-block  0
branch  0 never executed
branch  1 never executed
        -: 1400:        {
    #####: 1401:            __s.__sbuf_ = nullptr;
    #####: 1402:            return __s;
    $$$$$: 1402-block  0
        -: 1403:        }
    #####: 1404:    }
    $$$$$: 1404-block  0
    #####: 1405:    if (__ns > 0)
    $$$$$: 1405-block  0
    $$$$$: 1405-block  1
        -: 1406:    {
    #####: 1407:        basic_string<_CharT, _Traits> __sp(__ns, __fl);
    #####: 1408:        if (__s.__sbuf_->sputn(__sp.data(), __ns) != __ns)
    $$$$$: 1408-block  0
branch  0 never executed
branch  1 never executed
    $$$$$: 1408-block  1
branch  2 never executed
branch  3 never executed
        -: 1409:        {
    #####: 1410:            __s.__sbuf_ = nullptr;
    #####: 1411:            return __s;
    $$$$$: 1411-block  0
        -: 1412:        }
    #####: 1413:    }
    $$$$$: 1413-block  0
    $$$$$: 1413-block  1
    $$$$$: 1413-block  2
branch  0 never executed
branch  1 never executed
    $$$$$: 1413-block  3
    $$$$$: 1413-block  4
    #####: 1414:    __np = __oe - __op;
    #####: 1415:    if (__np > 0)
    $$$$$: 1415-block  0
    $$$$$: 1415-block  1
        -: 1416:    {
    #####: 1417:        if (__s.__sbuf_->sputn(__op, __np) != __np)
    $$$$$: 1417-block  0
branch  0 never executed
branch  1 never executed
        -: 1418:        {
    #####: 1419:            __s.__sbuf_ = nullptr;
    #####: 1420:            return __s;
    $$$$$: 1420-block  0
        -: 1421:        }
    #####: 1422:    }
    $$$$$: 1422-block  0
    #####: 1423:    __iob.width(0);
    #####: 1424:    return __s;
    $$$$$: 1424-block  0
    #####: 1425:}
    $$$$$: 1425-block  0
        -: 1426:
        -: 1427:template <class _CharT, class _OutputIterator>
        -: 1428:_OutputIterator
        -: 1429:num_put<_CharT, _OutputIterator>::do_put(iter_type __s, ios_base& __iob,
        -: 1430:                                         char_type __fl, bool __v) const
        -: 1431:{
        -: 1432:    if ((__iob.flags() & ios_base::boolalpha) == 0)
        -: 1433:        return do_put(__s, __iob, __fl, (unsigned long)__v);
        -: 1434:    const numpunct<char_type>& __np = use_facet<numpunct<char_type> >(__iob.getloc());
        -: 1435:    typedef typename numpunct<char_type>::string_type string_type;
        -: 1436:#if _LIBCPP_DEBUG_LEVEL == 2
        -: 1437:    string_type __tmp(__v ? __np.truename() : __np.falsename());
        -: 1438:    string_type __nm = _VSTD::move(__tmp);
        -: 1439:#else
        -: 1440:    string_type __nm = __v ? __np.truename() : __np.falsename();
        -: 1441:#endif
        -: 1442:    for (typename string_type::iterator __i = __nm.begin(); __i != __nm.end(); ++__i, ++__s)
        -: 1443:        *__s = *__i;
        -: 1444:    return __s;
        -: 1445:}
        -: 1446:
        -: 1447:template <class _CharT, class _OutputIterator>
        -: 1448:_OutputIterator
        -: 1449:num_put<_CharT, _OutputIterator>::do_put(iter_type __s, ios_base& __iob,
        -: 1450:                                         char_type __fl, long __v) const
        -: 1451:{
        -: 1452:    // Stage 1 - Get number in narrow char
        -: 1453:    char __fmt[6] = {'%', 0};
        -: 1454:    const char* __len = "l";
        -: 1455:    this->__format_int(__fmt+1, __len, true, __iob.flags());
        -: 1456:    const unsigned __nbuf = (numeric_limits<long>::digits / 3)
        -: 1457:                          + ((numeric_limits<long>::digits % 3) != 0)
        -: 1458:                          + ((__iob.flags() & ios_base::showbase) != 0)
        -: 1459:                          + 2;
        -: 1460:    char __nar[__nbuf];
        -: 1461:    int __nc = __libcpp_snprintf_l(__nar, sizeof(__nar), _LIBCPP_GET_C_LOCALE, __fmt, __v);
        -: 1462:    char* __ne = __nar + __nc;
        -: 1463:    char* __np = this->__identify_padding(__nar, __ne, __iob);
        -: 1464:    // Stage 2 - Widen __nar while adding thousands separators
        -: 1465:    char_type __o[2*(__nbuf-1) - 1];
        -: 1466:    char_type* __op;  // pad here
        -: 1467:    char_type* __oe;  // end of output
        -: 1468:    this->__widen_and_group_int(__nar, __np, __ne, __o, __op, __oe, __iob.getloc());
        -: 1469:    // [__o, __oe) contains thousands_sep'd wide number
        -: 1470:    // Stage 3 & 4
        -: 1471:    return __pad_and_output(__s, __o, __op, __oe, __iob, __fl);
        -: 1472:}
        -: 1473:
        -: 1474:template <class _CharT, class _OutputIterator>
        -: 1475:_OutputIterator
        -: 1476:num_put<_CharT, _OutputIterator>::do_put(iter_type __s, ios_base& __iob,
        -: 1477:                                         char_type __fl, long long __v) const
        -: 1478:{
        -: 1479:    // Stage 1 - Get number in narrow char
        -: 1480:    char __fmt[8] = {'%', 0};
        -: 1481:    const char* __len = "ll";
        -: 1482:    this->__format_int(__fmt+1, __len, true, __iob.flags());
        -: 1483:    const unsigned __nbuf = (numeric_limits<long long>::digits / 3)
        -: 1484:                          + ((numeric_limits<long long>::digits % 3) != 0)
        -: 1485:                          + ((__iob.flags() & ios_base::showbase) != 0)
        -: 1486:                          + 2;
        -: 1487:    char __nar[__nbuf];
        -: 1488:    int __nc = __libcpp_snprintf_l(__nar, sizeof(__nar), _LIBCPP_GET_C_LOCALE, __fmt, __v);
        -: 1489:    char* __ne = __nar + __nc;
        -: 1490:    char* __np = this->__identify_padding(__nar, __ne, __iob);
        -: 1491:    // Stage 2 - Widen __nar while adding thousands separators
        -: 1492:    char_type __o[2*(__nbuf-1) - 1];
        -: 1493:    char_type* __op;  // pad here
        -: 1494:    char_type* __oe;  // end of output
        -: 1495:    this->__widen_and_group_int(__nar, __np, __ne, __o, __op, __oe, __iob.getloc());
        -: 1496:    // [__o, __oe) contains thousands_sep'd wide number
        -: 1497:    // Stage 3 & 4
        -: 1498:    return __pad_and_output(__s, __o, __op, __oe, __iob, __fl);
        -: 1499:}
        -: 1500:
        -: 1501:template <class _CharT, class _OutputIterator>
        -: 1502:_OutputIterator
        -: 1503:num_put<_CharT, _OutputIterator>::do_put(iter_type __s, ios_base& __iob,
        -: 1504:                                         char_type __fl, unsigned long __v) const
        -: 1505:{
        -: 1506:    // Stage 1 - Get number in narrow char
        -: 1507:    char __fmt[6] = {'%', 0};
        -: 1508:    const char* __len = "l";
        -: 1509:    this->__format_int(__fmt+1, __len, false, __iob.flags());
        -: 1510:    const unsigned __nbuf = (numeric_limits<unsigned long>::digits / 3)
        -: 1511:                          + ((numeric_limits<unsigned long>::digits % 3) != 0)
        -: 1512:                          + ((__iob.flags() & ios_base::showbase) != 0)
        -: 1513:                          + 1;
        -: 1514:    char __nar[__nbuf];
        -: 1515:    int __nc = __libcpp_snprintf_l(__nar, sizeof(__nar), _LIBCPP_GET_C_LOCALE, __fmt, __v);
        -: 1516:    char* __ne = __nar + __nc;
        -: 1517:    char* __np = this->__identify_padding(__nar, __ne, __iob);
        -: 1518:    // Stage 2 - Widen __nar while adding thousands separators
        -: 1519:    char_type __o[2*(__nbuf-1) - 1];
        -: 1520:    char_type* __op;  // pad here
        -: 1521:    char_type* __oe;  // end of output
        -: 1522:    this->__widen_and_group_int(__nar, __np, __ne, __o, __op, __oe, __iob.getloc());
        -: 1523:    // [__o, __oe) contains thousands_sep'd wide number
        -: 1524:    // Stage 3 & 4
        -: 1525:    return __pad_and_output(__s, __o, __op, __oe, __iob, __fl);
        -: 1526:}
        -: 1527:
        -: 1528:template <class _CharT, class _OutputIterator>
        -: 1529:_OutputIterator
        -: 1530:num_put<_CharT, _OutputIterator>::do_put(iter_type __s, ios_base& __iob,
        -: 1531:                                         char_type __fl, unsigned long long __v) const
        -: 1532:{
        -: 1533:    // Stage 1 - Get number in narrow char
        -: 1534:    char __fmt[8] = {'%', 0};
        -: 1535:    const char* __len = "ll";
        -: 1536:    this->__format_int(__fmt+1, __len, false, __iob.flags());
        -: 1537:    const unsigned __nbuf = (numeric_limits<unsigned long long>::digits / 3)
        -: 1538:                          + ((numeric_limits<unsigned long long>::digits % 3) != 0)
        -: 1539:                          + ((__iob.flags() & ios_base::showbase) != 0)
        -: 1540:                          + 1;
        -: 1541:    char __nar[__nbuf];
[...]
        -: 3976:                             ios_base::openmode __wch = ios_base::in | ios_base::out);
        -: 3977:    virtual pos_type seekpos(pos_type __sp,
        -: 3978:                             ios_base::openmode __wch = ios_base::in | ios_base::out);
        -: 3979:    virtual int sync();
        -: 3980:
        -: 3981:private:
        -: 3982:    bool __read_mode();
        -: 3983:    void __write_mode();
        -: 3984:    wbuffer_convert* __close();
        -: 3985:};
        -: 3986:
        -: 3987:template <class _Codecvt, class _Elem, class _Tr>
        -: 3988:wbuffer_convert<_Codecvt, _Elem, _Tr>::
        -: 3989:    wbuffer_convert(streambuf* __bytebuf, _Codecvt* __pcvt, state_type __state)
        -: 3990:    : __extbuf_(nullptr),
        -: 3991:      __extbufnext_(nullptr),
        -: 3992:      __extbufend_(nullptr),
        -: 3993:      __ebs_(0),
        -: 3994:      __intbuf_(0),
        -: 3995:      __ibs_(0),
        -: 3996:      __bufptr_(__bytebuf),
        -: 3997:      __cv_(__pcvt),
        -: 3998:      __st_(__state),
        -: 3999:      __cm_(0),
        -: 4000:      __owns_eb_(false),
        -: 4001:      __owns_ib_(false),
        -: 4002:      __always_noconv_(__cv_ ? __cv_->always_noconv() : false)
        -: 4003:{
        -: 4004:    setbuf(0, 4096);
        -: 4005:}
        -: 4006:
        -: 4007:template <class _Codecvt, class _Elem, class _Tr>
        -: 4008:wbuffer_convert<_Codecvt, _Elem, _Tr>::~wbuffer_convert()
        -: 4009:{
        -: 4010:    __close();
        -: 4011:    delete __cv_;
        -: 4012:    if (__owns_eb_)
        -: 4013:        delete [] __extbuf_;
        -: 4014:    if (__owns_ib_)
        -: 4015:        delete [] __intbuf_;
        -: 4016:}
        -: 4017:
        -: 4018:template <class _Codecvt, class _Elem, class _Tr>
        -: 4019:typename wbuffer_convert<_Codecvt, _Elem, _Tr>::int_type
        -: 4020:wbuffer_convert<_Codecvt, _Elem, _Tr>::underflow()
        -: 4021:{
        -: 4022:    if (__cv_ == 0 || __bufptr_ == 0)
        -: 4023:        return traits_type::eof();
        -: 4024:    bool __initial = __read_mode();
        -: 4025:    char_type __1buf;
        -: 4026:    if (this->gptr() == 0)
        -: 4027:        this->setg(&__1buf, &__1buf+1, &__1buf+1);
        -: 4028:    const size_t __unget_sz = __initial ? 0 : min<size_t>((this->egptr() - this->eback()) / 2, 4);
        -: 4029:    int_type __c = traits_type::eof();
        -: 4030:    if (this->gptr() == this->egptr())
        -: 4031:    {
        -: 4032:        _VSTD::memmove(this->eback(), this->egptr() - __unget_sz, __unget_sz * sizeof(char_type));
        -: 4033:        if (__always_noconv_)
        -: 4034:        {
        -: 4035:            streamsize __nmemb = static_cast<streamsize>(this->egptr() - this->eback() - __unget_sz);
        -: 4036:            __nmemb = __bufptr_->sgetn((char*)this->eback() + __unget_sz, __nmemb);
        -: 4037:            if (__nmemb != 0)
        -: 4038:            {
        -: 4039:                this->setg(this->eback(),
        -: 4040:                           this->eback() + __unget_sz,
        -: 4041:                           this->eback() + __unget_sz + __nmemb);
        -: 4042:                __c = *this->gptr();
        -: 4043:            }
        -: 4044:        }
        -: 4045:        else
        -: 4046:        {
        -: 4047:             _LIBCPP_ASSERT(!(__extbufnext_ == NULL && (__extbufend_ != __extbufnext_)), "underflow moving from NULL" );
        -: 4048:             if (__extbufend_ != __extbufnext_)
        -: 4049:                _VSTD::memmove(__extbuf_, __extbufnext_, __extbufend_ - __extbufnext_);
        -: 4050:            __extbufnext_ = __extbuf_ + (__extbufend_ - __extbufnext_);
        -: 4051:            __extbufend_ = __extbuf_ + (__extbuf_ == __extbuf_min_ ? sizeof(__extbuf_min_) : __ebs_);
        -: 4052:            streamsize __nmemb = _VSTD::min(static_cast<streamsize>(this->egptr() - this->eback() - __unget_sz),
        -: 4053:                                 static_cast<streamsize>(__extbufend_ - __extbufnext_));
        -: 4054:            codecvt_base::result __r;
        -: 4055:            // FIXME: Do we ever need to restore the state here?
        -: 4056:            //state_type __svs = __st_;
        -: 4057:            streamsize __nr = __bufptr_->sgetn(const_cast<char*>(__extbufnext_), __nmemb);
        -: 4058:            if (__nr != 0)
        -: 4059:            {
        -: 4060:                __extbufend_ = __extbufnext_ + __nr;
        -: 4061:                char_type*  __inext;
        -: 4062:                __r = __cv_->in(__st_, __extbuf_, __extbufend_, __extbufnext_,
        -: 4063:                                       this->eback() + __unget_sz,
        -: 4064:                                       this->egptr(), __inext);
        -: 4065:                if (__r == codecvt_base::noconv)
        -: 4066:                {
        -: 4067:                    this->setg((char_type*)__extbuf_, (char_type*)__extbuf_,
        -: 4068:                               (char_type*) const_cast<char *>(__extbufend_));
        -: 4069:                    __c = *this->gptr();
        -: 4070:                }
        -: 4071:                else if (__inext != this->eback() + __unget_sz)
        -: 4072:                {
        -: 4073:                    this->setg(this->eback(), this->eback() + __unget_sz, __inext);
        -: 4074:                    __c = *this->gptr();
        -: 4075:                }
        -: 4076:            }
        -: 4077:        }
        -: 4078:    }
        -: 4079:    else
        -: 4080:        __c = *this->gptr();
        -: 4081:    if (this->eback() == &__1buf)
        -: 4082:        this->setg(0, 0, 0);
        -: 4083:    return __c;
        -: 4084:}
        -: 4085:
        -: 4086:template <class _Codecvt, class _Elem, class _Tr>
        -: 4087:typename wbuffer_convert<_Codecvt, _Elem, _Tr>::int_type
        -: 4088:wbuffer_convert<_Codecvt, _Elem, _Tr>::pbackfail(int_type __c)
        -: 4089:{
        -: 4090:    if (__cv_ != 0 && __bufptr_ != 0 && this->eback() < this->gptr())
        -: 4091:    {
        -: 4092:        if (traits_type::eq_int_type(__c, traits_type::eof()))
        -: 4093:        {
        -: 4094:            this->gbump(-1);
        -: 4095:            return traits_type::not_eof(__c);
        -: 4096:        }
        -: 4097:        if (traits_type::eq(traits_type::to_char_type(__c), this->gptr()[-1]))
        -: 4098:        {
        -: 4099:            this->gbump(-1);
        -: 4100:            *this->gptr() = traits_type::to_char_type(__c);
        -: 4101:            return __c;
        -: 4102:        }
        -: 4103:    }
        -: 4104:    return traits_type::eof();
        -: 4105:}
        -: 4106:
        -: 4107:template <class _Codecvt, class _Elem, class _Tr>
        -: 4108:typename wbuffer_convert<_Codecvt, _Elem, _Tr>::int_type
        -: 4109:wbuffer_convert<_Codecvt, _Elem, _Tr>::overflow(int_type __c)
        -: 4110:{
        -: 4111:    if (__cv_ == 0 || __bufptr_ == 0)
        -: 4112:        return traits_type::eof();
        -: 4113:    __write_mode();
        -: 4114:    char_type __1buf;
        -: 4115:    char_type* __pb_save = this->pbase();
        -: 4116:    char_type* __epb_save = this->epptr();
        -: 4117:    if (!traits_type::eq_int_type(__c, traits_type::eof()))
        -: 4118:    {
        -: 4119:        if (this->pptr() == 0)
        -: 4120:            this->setp(&__1buf, &__1buf+1);
        -: 4121:        *this->pptr() = traits_type::to_char_type(__c);
        -: 4122:        this->pbump(1);
        -: 4123:    }
        -: 4124:    if (this->pptr() != this->pbase())
        -: 4125:    {
        -: 4126:        if (__always_noconv_)
        -: 4127:        {
        -: 4128:            streamsize __nmemb = static_cast<streamsize>(this->pptr() - this->pbase());
        -: 4129:            if (__bufptr_->sputn((const char*)this->pbase(), __nmemb) != __nmemb)
        -: 4130:                return traits_type::eof();
        -: 4131:        }
        -: 4132:        else
        -: 4133:        {
        -: 4134:            char* __extbe = __extbuf_;
        -: 4135:            codecvt_base::result __r;
        -: 4136:            do
        -: 4137:            {
        -: 4138:                const char_type* __e;
        -: 4139:                __r = __cv_->out(__st_, this->pbase(), this->pptr(), __e,
        -: 4140:                                        __extbuf_, __extbuf_ + __ebs_, __extbe);
        -: 4141:                if (__e == this->pbase())
        -: 4142:                    return traits_type::eof();
        -: 4143:                if (__r == codecvt_base::noconv)
        -: 4144:                {
        -: 4145:                    streamsize __nmemb = static_cast<size_t>(this->pptr() - this->pbase());
        -: 4146:                    if (__bufptr_->sputn((const char*)this->pbase(), __nmemb) != __nmemb)
        -: 4147:                        return traits_type::eof();
        -: 4148:                }
        -: 4149:                else if (__r == codecvt_base::ok || __r == codecvt_base::partial)
        -: 4150:                {
        -: 4151:                    streamsize __nmemb = static_cast<size_t>(__extbe - __extbuf_);
        -: 4152:                    if (__bufptr_->sputn(__extbuf_, __nmemb) != __nmemb)
        -: 4153:                        return traits_type::eof();
        -: 4154:                    if (__r == codecvt_base::partial)
        -: 4155:                    {
        -: 4156:                        this->setp(const_cast<char_type *>(__e), this->pptr());
        -: 4157:                        this->__pbump(this->epptr() - this->pbase());
        -: 4158:                    }
        -: 4159:                }
        -: 4160:                else
        -: 4161:                    return traits_type::eof();
        -: 4162:            } while (__r == codecvt_base::partial);
        -: 4163:        }
        -: 4164:        this->setp(__pb_save, __epb_save);
        -: 4165:    }
        -: 4166:    return traits_type::not_eof(__c);
        -: 4167:}
        -: 4168:
        -: 4169:template <class _Codecvt, class _Elem, class _Tr>
        -: 4170:basic_streambuf<_Elem, _Tr>*
        -: 4171:wbuffer_convert<_Codecvt, _Elem, _Tr>::setbuf(char_type* __s, streamsize __n)
        -: 4172:{
        -: 4173:    this->setg(0, 0, 0);
        -: 4174:    this->setp(0, 0);
        -: 4175:    if (__owns_eb_)
        -: 4176:        delete [] __extbuf_;
        -: 4177:    if (__owns_ib_)
        -: 4178:        delete [] __intbuf_;
        -: 4179:    __ebs_ = __n;
        -: 4180:    if (__ebs_ > sizeof(__extbuf_min_))
        -: 4181:    {
        -: 4182:        if (__always_noconv_ && __s)
        -: 4183:        {
        -: 4184:            __extbuf_ = (char*)__s;
        -: 4185:            __owns_eb_ = false;
        -: 4186:        }
        -: 4187:        else
        -: 4188:        {
        -: 4189:            __extbuf_ = new char[__ebs_];
        -: 4190:            __owns_eb_ = true;
        -: 4191:        }
        -: 4192:    }
        -: 4193:    else
        -: 4194:    {
        -: 4195:        __extbuf_ = __extbuf_min_;
        -: 4196:        __ebs_ = sizeof(__extbuf_min_);
        -: 4197:        __owns_eb_ = false;
        -: 4198:    }
        -: 4199:    if (!__always_noconv_)
        -: 4200:    {
        -: 4201:        __ibs_ = max<streamsize>(__n, sizeof(__extbuf_min_));
        -: 4202:        if (__s && __ibs_ >= sizeof(__extbuf_min_))
        -: 4203:        {
        -: 4204:            __intbuf_ = __s;
        -: 4205:            __owns_ib_ = false;
        -: 4206:        }
        -: 4207:        else
        -: 4208:        {
        -: 4209:            __intbuf_ = new char_type[__ibs_];
        -: 4210:            __owns_ib_ = true;
        -: 4211:        }
        -: 4212:    }
        -: 4213:    else
        -: 4214:    {
        -: 4215:        __ibs_ = 0;
        -: 4216:        __intbuf_ = 0;
        -: 4217:        __owns_ib_ = false;
        -: 4218:    }
        -: 4219:    return this;
        -: 4220:}
        -: 4221:
        -: 4222:template <class _Codecvt, class _Elem, class _Tr>
        -: 4223:typename wbuffer_convert<_Codecvt, _Elem, _Tr>::pos_type
        -: 4224:wbuffer_convert<_Codecvt, _Elem, _Tr>::seekoff(off_type __off, ios_base::seekdir __way,
        -: 4225:                                        ios_base::openmode __om)
        -: 4226:{
        -: 4227:    int __width = __cv_->encoding();
        -: 4228:    if (__cv_ == 0 || __bufptr_ == 0 || (__width <= 0 && __off != 0) || sync())
        -: 4229:        return pos_type(off_type(-1));
        -: 4230:    // __width > 0 || __off == 0, now check __way
        -: 4231:    if (__way != ios_base::beg && __way != ios_base::cur && __way != ios_base::end)
        -: 4232:        return pos_type(off_type(-1));
        -: 4233:    pos_type __r = __bufptr_->pubseekoff(__width * __off, __way, __om);
        -: 4234:    __r.state(__st_);
        -: 4235:    return __r;
        -: 4236:}
        -: 4237:
        -: 4238:template <class _Codecvt, class _Elem, class _Tr>
        -: 4239:typename wbuffer_convert<_Codecvt, _Elem, _Tr>::pos_type
        -: 4240:wbuffer_convert<_Codecvt, _Elem, _Tr>::seekpos(pos_type __sp, ios_base::openmode __wch)
        -: 4241:{
        -: 4242:    if (__cv_ == 0 || __bufptr_ == 0 || sync())
        -: 4243:        return pos_type(off_type(-1));
        -: 4244:    if (__bufptr_->pubseekpos(__sp, __wch) == pos_type(off_type(-1)))
        -: 4245:        return pos_type(off_type(-1));
        -: 4246:    return __sp;
        -: 4247:}
        -: 4248:
        -: 4249:template <class _Codecvt, class _Elem, class _Tr>
        -: 4250:int
        -: 4251:wbuffer_convert<_Codecvt, _Elem, _Tr>::sync()
        -: 4252:{
        -: 4253:    if (__cv_ == 0 || __bufptr_ == 0)
        -: 4254:        return 0;
        -: 4255:    if (__cm_ & ios_base::out)
        -: 4256:    {
        -: 4257:        if (this->pptr() != this->pbase())
        -: 4258:            if (overflow() == traits_type::eof())
        -: 4259:                return -1;
        -: 4260:        codecvt_base::result __r;
        -: 4261:        do
        -: 4262:        {
        -: 4263:            char* __extbe;
        -: 4264:            __r = __cv_->unshift(__st_, __extbuf_, __extbuf_ + __ebs_, __extbe);
        -: 4265:            streamsize __nmemb = static_cast<streamsize>(__extbe - __extbuf_);
        -: 4266:            if (__bufptr_->sputn(__extbuf_, __nmemb) != __nmemb)
        -: 4267:                return -1;
        -: 4268:        } while (__r == codecvt_base::partial);
        -: 4269:        if (__r == codecvt_base::error)
        -: 4270:            return -1;
        -: 4271:        if (__bufptr_->pubsync())
        -: 4272:            return -1;
        -: 4273:    }
        -: 4274:    else if (__cm_ & ios_base::in)
        -: 4275:    {
        -: 4276:        off_type __c;
        -: 4277:        if (__always_noconv_)
        -: 4278:            __c = this->egptr() - this->gptr();
        -: 4279:        else
        -: 4280:        {
        -: 4281:            int __width = __cv_->encoding();
        -: 4282:            __c = __extbufend_ - __extbufnext_;
        -: 4283:            if (__width > 0)
        -: 4284:                __c += __width * (this->egptr() - this->gptr());
        -: 4285:            else
        -: 4286:            {
        -: 4287:                if (this->gptr() != this->egptr())
        -: 4288:                {
        -: 4289:                    reverse(this->gptr(), this->egptr());
        -: 4290:                    codecvt_base::result __r;
        -: 4291:                    const char_type* __e = this->gptr();
        -: 4292:                    char* __extbe;
        -: 4293:                    do
        -: 4294:                    {
        -: 4295:                        __r = __cv_->out(__st_, __e, this->egptr(), __e,
        -: 4296:                                         __extbuf_, __extbuf_ + __ebs_, __extbe);
        -: 4297:                        switch (__r)
        -: 4298:                        {
        -: 4299:                        case codecvt_base::noconv:
        -: 4300:                            __c += this->egptr() - this->gptr();
        -: 4301:                            break;
        -: 4302:                        case codecvt_base::ok:
        -: 4303:                        case codecvt_base::partial:
        -: 4304:                            __c += __extbe - __extbuf_;
        -: 4305:                            break;
        -: 4306:                        default:
        -: 4307:                            return -1;
        -: 4308:                        }
        -: 4309:                    } while (__r == codecvt_base::partial);
        -: 4310:                }
        -: 4311:            }
        -: 4312:        }
        -: 4313:        if (__bufptr_->pubseekoff(-__c, ios_base::cur, __cm_) == pos_type(off_type(-1)))
        -: 4314:            return -1;
        -: 4315:        this->setg(0, 0, 0);
        -: 4316:        __cm_ = 0;
        -: 4317:    }
        -: 4318:    return 0;
        -: 4319:}
        -: 4320:
        -: 4321:template <class _Codecvt, class _Elem, class _Tr>
        -: 4322:bool
        -: 4323:wbuffer_convert<_Codecvt, _Elem, _Tr>::__read_mode()
        -: 4324:{
        -: 4325:    if (!(__cm_ & ios_base::in))
        -: 4326:    {
        -: 4327:        this->setp(0, 0);
        -: 4328:        if (__always_noconv_)
        -: 4329:            this->setg((char_type*)__extbuf_,
        -: 4330:                       (char_type*)__extbuf_ + __ebs_,
        -: 4331:                       (char_type*)__extbuf_ + __ebs_);
        -: 4332:        else
        -: 4333:            this->setg(__intbuf_, __intbuf_ + __ibs_, __intbuf_ + __ibs_);
        -: 4334:        __cm_ = ios_base::in;
        -: 4335:        return true;
        -: 4336:    }
        -: 4337:    return false;
        -: 4338:}
        -: 4339:
        -: 4340:template <class _Codecvt, class _Elem, class _Tr>
        -: 4341:void
        -: 4342:wbuffer_convert<_Codecvt, _Elem, _Tr>::__write_mode()
        -: 4343:{
        -: 4344:    if (!(__cm_ & ios_base::out))
        -: 4345:    {
        -: 4346:        this->setg(0, 0, 0);
        -: 4347:        if (__ebs_ > sizeof(__extbuf_min_))
        -: 4348:        {
        -: 4349:            if (__always_noconv_)
        -: 4350:                this->setp((char_type*)__extbuf_,
        -: 4351:                           (char_type*)__extbuf_ + (__ebs_ - 1));
        -: 4352:            else
        -: 4353:                this->setp(__intbuf_, __intbuf_ + (__ibs_ - 1));
        -: 4354:        }
        -: 4355:        else
        -: 4356:            this->setp(0, 0);
        -: 4357:        __cm_ = ios_base::out;
        -: 4358:    }
        -: 4359:}
        -: 4360:
        -: 4361:template <class _Codecvt, class _Elem, class _Tr>
        -: 4362:wbuffer_convert<_Codecvt, _Elem, _Tr>*
        -: 4363:wbuffer_convert<_Codecvt, _Elem, _Tr>::__close()
        -: 4364:{
        -: 4365:    wbuffer_convert* __rt = nullptr;
        -: 4366:    if (__cv_ != nullptr && __bufptr_ != nullptr)
        -: 4367:    {
        -: 4368:        __rt = this;
        -: 4369:        if ((__cm_ & ios_base::out) && sync())
        -: 4370:            __rt = nullptr;
        -: 4371:    }
        -: 4372:    return __rt;
        -: 4373:}
        -: 4374:
        -: 4375:_LIBCPP_END_NAMESPACE_STD
        -: 4376:
        -: 4377:_LIBCPP_POP_MACROS
        -: 4378:
        -: 4379:#endif  // _LIBCPP_LOCALE
