        -:    0:Source:/Library/Developer/CommandLineTools/SDKs/MacOSX12.1.sdk/usr/include/c++/v1/memory
        -:    0:Graph:/Users/maxbazarov/Documents/Software_testing/ctest/cmake-build-default/tests/CMakeFiles/ctest-tests.dir/main.cpp.gcno
        -:    0:Data:/Users/maxbazarov/Documents/Software_testing/ctest/cmake-build-default/tests/CMakeFiles/ctest-tests.dir/main.cpp.gcda
        -:    0:Runs:1
        -:    0:Programs:1
        -:    1:// -*- C++ -*-
        -:    2://===-------------------------- memory ------------------------------------===//
        -:    3://
        -:    4:// Part of the LLVM Project, under the Apache License v2.0 with LLVM Exceptions.
        -:    5:// See https://llvm.org/LICENSE.txt for license information.
        -:    6:// SPDX-License-Identifier: Apache-2.0 WITH LLVM-exception
        -:    7://
        -:    8://===----------------------------------------------------------------------===//
        -:    9:
        -:   10:#ifndef _LIBCPP_MEMORY
        -:   11:#define _LIBCPP_MEMORY
        -:   12:
        -:   13:/*
        -:   14:    memory synopsis
        -:   15:
        -:   16:namespace std
        -:   17:{
        -:   18:
        -:   19:struct allocator_arg_t { };
        -:   20:inline constexpr allocator_arg_t allocator_arg = allocator_arg_t();
        -:   21:
        -:   22:template <class T, class Alloc> struct uses_allocator;
        -:   23:
        -:   24:template <class Ptr>
        -:   25:struct pointer_traits
        -:   26:{
        -:   27:    typedef Ptr pointer;
        -:   28:    typedef <details> element_type;
        -:   29:    typedef <details> difference_type;
        -:   30:
        -:   31:    template <class U> using rebind = <details>;
        -:   32:
        -:   33:    static pointer pointer_to(<details>);
        -:   34:};
        -:   35:
        -:   36:template <class T>
        -:   37:struct pointer_traits<T*>
        -:   38:{
        -:   39:    typedef T* pointer;
        -:   40:    typedef T element_type;
        -:   41:    typedef ptrdiff_t difference_type;
        -:   42:
        -:   43:    template <class U> using rebind = U*;
        -:   44:
        -:   45:    static pointer pointer_to(<details>) noexcept; // constexpr in C++20
        -:   46:};
        -:   47:
        -:   48:template <class T> constexpr T* to_address(T* p) noexcept; // C++20
        -:   49:template <class Ptr> constexpr auto to_address(const Ptr& p) noexcept; // C++20
        -:   50:
        -:   51:template <class Alloc>
        -:   52:struct allocator_traits
        -:   53:{
        -:   54:    typedef Alloc                        allocator_type;
        -:   55:    typedef typename allocator_type::value_type
        -:   56:                                         value_type;
        -:   57:
        -:   58:    typedef Alloc::pointer | value_type* pointer;
        -:   59:    typedef Alloc::const_pointer
        -:   60:          | pointer_traits<pointer>::rebind<const value_type>
        -:   61:                                         const_pointer;
        -:   62:    typedef Alloc::void_pointer
        -:   63:          | pointer_traits<pointer>::rebind<void>
        -:   64:                                         void_pointer;
        -:   65:    typedef Alloc::const_void_pointer
        -:   66:          | pointer_traits<pointer>::rebind<const void>
        -:   67:                                         const_void_pointer;
        -:   68:    typedef Alloc::difference_type
        -:   69:          | pointer_traits<pointer>::difference_type
        -:   70:                                         difference_type;
        -:   71:    typedef Alloc::size_type
        -:   72:          | make_unsigned<difference_type>::type
        -:   73:                                         size_type;
        -:   74:    typedef Alloc::propagate_on_container_copy_assignment
        -:   75:          | false_type                   propagate_on_container_copy_assignment;
        -:   76:    typedef Alloc::propagate_on_container_move_assignment
        -:   77:          | false_type                   propagate_on_container_move_assignment;
        -:   78:    typedef Alloc::propagate_on_container_swap
        -:   79:          | false_type                   propagate_on_container_swap;
        -:   80:    typedef Alloc::is_always_equal
        -:   81:          | is_empty                     is_always_equal;
        -:   82:
        -:   83:    template <class T> using rebind_alloc  = Alloc::rebind<T>::other | Alloc<T, Args...>;
        -:   84:    template <class T> using rebind_traits = allocator_traits<rebind_alloc<T>>;
        -:   85:
        -:   86:    static pointer allocate(allocator_type& a, size_type n);                          // constexpr and [[nodiscard]] in C++20
        -:   87:    static pointer allocate(allocator_type& a, size_type n, const_void_pointer hint); // constexpr and [[nodiscard]] in C++20
        -:   88:
        -:   89:    static void deallocate(allocator_type& a, pointer p, size_type n) noexcept; // constexpr in C++20
        -:   90:
        -:   91:    template <class T, class... Args>
        -:   92:    static void construct(allocator_type& a, T* p, Args&&... args); // constexpr in C++20
        -:   93:
        -:   94:    template <class T>
        -:   95:    static void destroy(allocator_type& a, T* p); // constexpr in C++20
        -:   96:
        -:   97:    static size_type max_size(const allocator_type& a); // noexcept in C++14, constexpr in C++20
        -:   98:    static allocator_type select_on_container_copy_construction(const allocator_type& a); // constexpr in C++20
        -:   99:};
        -:  100:
        -:  101:template <>
        -:  102:class allocator<void> // removed in C++20
        -:  103:{
        -:  104:public:
        -:  105:    typedef void*                                 pointer;          // deprecated in C++17
        -:  106:    typedef const void*                           const_pointer;    // deprecated in C++17
        -:  107:    typedef void                                  value_type;       // deprecated in C++17
        -:  108:
        -:  109:    template <class _Up> struct rebind {typedef allocator<_Up> other;}; // deprecated in C++17
        -:  110:};
        -:  111:
        -:  112:template <class T>
        -:  113:class allocator
        -:  114:{
        -:  115:public:
        -:  116:    typedef size_t    size_type;
        -:  117:    typedef ptrdiff_t difference_type;
        -:  118:    typedef T*        pointer;                           // deprecated in C++17, removed in C++20
        -:  119:    typedef const T*  const_pointer;                     // deprecated in C++17, removed in C++20
        -:  120:    typedef typename add_lvalue_reference<T>::type
        -:  121:                      reference;                         // deprecated in C++17, removed in C++20
        -:  122:    typedef typename add_lvalue_reference<const T>::type
        -:  123:                      const_reference;                   // deprecated in C++17, removed in C++20
        -:  124:
        -:  125:    typedef T         value_type;
        -:  126:
        -:  127:    template <class U> struct rebind {typedef allocator<U> other;}; // deprecated in C++17, removed in C++20
        -:  128:
        -:  129:    typedef true_type propagate_on_container_move_assignment;
        -:  130:    typedef true_type is_always_equal;
        -:  131:
        -:  132:    constexpr allocator() noexcept;                      // constexpr in C++20
        -:  133:    constexpr allocator(const allocator&) noexcept;      // constexpr in C++20
        -:  134:    template <class U>
        -:  135:      constexpr allocator(const allocator<U>&) noexcept; // constexpr in C++20
        -:  136:    ~allocator();                                        // constexpr in C++20
        -:  137:    pointer address(reference x) const noexcept;             // deprecated in C++17, removed in C++20
        -:  138:    const_pointer address(const_reference x) const noexcept; // deprecated in C++17, removed in C++20
        -:  139:    T* allocate(size_t n, const void* hint);          // deprecated in C++17, removed in C++20
        -:  140:    T* allocate(size_t n);                              // constexpr in C++20
        -:  141:    void deallocate(T* p, size_t n) noexcept;           // constexpr in C++20
        -:  142:    size_type max_size() const noexcept;              // deprecated in C++17, removed in C++20
        -:  143:    template<class U, class... Args>
        -:  144:        void construct(U* p, Args&&... args);         // deprecated in C++17, removed in C++20
        -:  145:    template <class U>
        -:  146:        void destroy(U* p);                           // deprecated in C++17, removed in C++20
        -:  147:};
        -:  148:
        -:  149:template <class T, class U>
        -:  150:bool operator==(const allocator<T>&, const allocator<U>&) noexcept; // constexpr in C++20
        -:  151:
        -:  152:template <class T, class U>
        -:  153:bool operator!=(const allocator<T>&, const allocator<U>&) noexcept; // constexpr in C++20
        -:  154:
        -:  155:template <class OutputIterator, class T>
        -:  156:class raw_storage_iterator
        -:  157:    : public iterator<output_iterator_tag,
        -:  158:                      T,                               // purposefully not C++03
        -:  159:                      ptrdiff_t,                       // purposefully not C++03
        -:  160:                      T*,                              // purposefully not C++03
        -:  161:                      raw_storage_iterator&>           // purposefully not C++03
        -:  162:{
        -:  163:public:
        -:  164:    explicit raw_storage_iterator(OutputIterator x);
        -:  165:    raw_storage_iterator& operator*();
        -:  166:    raw_storage_iterator& operator=(const T& element);
        -:  167:    raw_storage_iterator& operator++();
        -:  168:    raw_storage_iterator  operator++(int);
        -:  169:};
        -:  170:
        -:  171:template <class T> pair<T*,ptrdiff_t> get_temporary_buffer(ptrdiff_t n) noexcept;
        -:  172:template <class T> void               return_temporary_buffer(T* p) noexcept;
        -:  173:
        -:  174:template <class T> T* addressof(T& r) noexcept;
        -:  175:template <class T> T* addressof(const T&& r) noexcept = delete;
        -:  176:
        -:  177:template <class InputIterator, class ForwardIterator>
        -:  178:ForwardIterator
        -:  179:uninitialized_copy(InputIterator first, InputIterator last, ForwardIterator result);
        -:  180:
        -:  181:template <class InputIterator, class Size, class ForwardIterator>
        -:  182:ForwardIterator
        -:  183:uninitialized_copy_n(InputIterator first, Size n, ForwardIterator result);
        -:  184:
        -:  185:template <class ForwardIterator, class T>
        -:  186:void uninitialized_fill(ForwardIterator first, ForwardIterator last, const T& x);
        -:  187:
        -:  188:template <class ForwardIterator, class Size, class T>
        -:  189:ForwardIterator
        -:  190:uninitialized_fill_n(ForwardIterator first, Size n, const T& x);
        -:  191:
        -:  192:template <class T, class ...Args>
        -:  193:constexpr T* construct_at(T* location, Args&& ...args); // since C++20
        -:  194:
        -:  195:template <class T>
        -:  196:void destroy_at(T* location); // constexpr in C++20
        -:  197:
        -:  198:template <class ForwardIterator>
        -:  199:void destroy(ForwardIterator first, ForwardIterator last); // constexpr in C++20
        -:  200:
        -:  201:template <class ForwardIterator, class Size>
        -:  202:ForwardIterator destroy_n(ForwardIterator first, Size n); // constexpr in C++20
        -:  203:
        -:  204:template <class InputIterator, class ForwardIterator>
        -:  205: ForwardIterator uninitialized_move(InputIterator first, InputIterator last, ForwardIterator result);
        -:  206:
        -:  207:template <class InputIterator, class Size, class ForwardIterator>
        -:  208: pair<InputIterator,ForwardIterator> uninitialized_move_n(InputIterator first, Size n, ForwardIterator result);
        -:  209:
        -:  210:template <class ForwardIterator>
        -:  211: void uninitialized_value_construct(ForwardIterator first, ForwardIterator last);
        -:  212:
        -:  213:template <class ForwardIterator, class Size>
        -:  214: ForwardIterator uninitialized_value_construct_n(ForwardIterator first, Size n);
        -:  215:
        -:  216:template <class ForwardIterator>
        -:  217: void uninitialized_default_construct(ForwardIterator first, ForwardIterator last);
        -:  218:
        -:  219:template <class ForwardIterator, class Size>
        -:  220: ForwardIterator uninitialized_default_construct_n(ForwardIterator first, Size n);
        -:  221:
        -:  222:template <class Y> struct auto_ptr_ref {};      // deprecated in C++11, removed in C++17
        -:  223:
        -:  224:template<class X>
        -:  225:class auto_ptr                                  // deprecated in C++11, removed in C++17
        -:  226:{
        -:  227:public:
        -:  228:    typedef X element_type;
        -:  229:
        -:  230:    explicit auto_ptr(X* p =0) throw();
        -:  231:    auto_ptr(auto_ptr&) throw();
        -:  232:    template<class Y> auto_ptr(auto_ptr<Y>&) throw();
        -:  233:    auto_ptr& operator=(auto_ptr&) throw();
        -:  234:    template<class Y> auto_ptr& operator=(auto_ptr<Y>&) throw();
        -:  235:    auto_ptr& operator=(auto_ptr_ref<X> r) throw();
        -:  236:    ~auto_ptr() throw();
        -:  237:
        -:  238:    typename add_lvalue_reference<X>::type operator*() const throw();
        -:  239:    X* operator->() const throw();
        -:  240:    X* get() const throw();
        -:  241:    X* release() throw();
        -:  242:    void reset(X* p =0) throw();
        -:  243:
        -:  244:    auto_ptr(auto_ptr_ref<X>) throw();
        -:  245:    template<class Y> operator auto_ptr_ref<Y>() throw();
        -:  246:    template<class Y> operator auto_ptr<Y>() throw();
        -:  247:};
        -:  248:
        -:  249:template <class T>
        -:  250:struct default_delete
        -:  251:{
        -:  252:    constexpr default_delete() noexcept = default;
        -:  253:    template <class U> default_delete(const default_delete<U>&) noexcept;
        -:  254:
        -:  255:    void operator()(T*) const noexcept;
        -:  256:};
        -:  257:
        -:  258:template <class T>
        -:  259:struct default_delete<T[]>
        -:  260:{
        -:  261:    constexpr default_delete() noexcept = default;
        -:  262:    void operator()(T*) const noexcept;
        -:  263:    template <class U> void operator()(U*) const = delete;
        -:  264:};
        -:  265:
        -:  266:template <class T, class D = default_delete<T>>
        -:  267:class unique_ptr
        -:  268:{
        -:  269:public:
        -:  270:    typedef see below pointer;
        -:  271:    typedef T element_type;
        -:  272:    typedef D deleter_type;
        -:  273:
        -:  274:    // constructors
        -:  275:    constexpr unique_ptr() noexcept;
        -:  276:    explicit unique_ptr(pointer p) noexcept;
        -:  277:    unique_ptr(pointer p, see below d1) noexcept;
        -:  278:    unique_ptr(pointer p, see below d2) noexcept;
        -:  279:    unique_ptr(unique_ptr&& u) noexcept;
        -:  280:    unique_ptr(nullptr_t) noexcept : unique_ptr() { }
        -:  281:    template <class U, class E>
        -:  282:        unique_ptr(unique_ptr<U, E>&& u) noexcept;
        -:  283:    template <class U>
        -:  284:        unique_ptr(auto_ptr<U>&& u) noexcept;       // removed in C++17
        -:  285:
        -:  286:    // destructor
        -:  287:    ~unique_ptr();
        -:  288:
        -:  289:    // assignment
        -:  290:    unique_ptr& operator=(unique_ptr&& u) noexcept;
        -:  291:    template <class U, class E> unique_ptr& operator=(unique_ptr<U, E>&& u) noexcept;
        -:  292:    unique_ptr& operator=(nullptr_t) noexcept;
        -:  293:
        -:  294:    // observers
        -:  295:    typename add_lvalue_reference<T>::type operator*() const;
        -:  296:    pointer operator->() const noexcept;
        -:  297:    pointer get() const noexcept;
        -:  298:    deleter_type& get_deleter() noexcept;
        -:  299:    const deleter_type& get_deleter() const noexcept;
        -:  300:    explicit operator bool() const noexcept;
        -:  301:
        -:  302:    // modifiers
        -:  303:    pointer release() noexcept;
        -:  304:    void reset(pointer p = pointer()) noexcept;
        -:  305:    void swap(unique_ptr& u) noexcept;
        -:  306:};
        -:  307:
        -:  308:template <class T, class D>
        -:  309:class unique_ptr<T[], D>
        -:  310:{
        -:  311:public:
        -:  312:    typedef implementation-defined pointer;
        -:  313:    typedef T element_type;
        -:  314:    typedef D deleter_type;
        -:  315:
        -:  316:    // constructors
        -:  317:    constexpr unique_ptr() noexcept;
        -:  318:    explicit unique_ptr(pointer p) noexcept;
        -:  319:    unique_ptr(pointer p, see below d) noexcept;
        -:  320:    unique_ptr(pointer p, see below d) noexcept;
        -:  321:    unique_ptr(unique_ptr&& u) noexcept;
        -:  322:    unique_ptr(nullptr_t) noexcept : unique_ptr() { }
        -:  323:
        -:  324:    // destructor
        -:  325:    ~unique_ptr();
        -:  326:
        -:  327:    // assignment
        -:  328:    unique_ptr& operator=(unique_ptr&& u) noexcept;
        -:  329:    unique_ptr& operator=(nullptr_t) noexcept;
        -:  330:
        -:  331:    // observers
        -:  332:    T& operator[](size_t i) const;
        -:  333:    pointer get() const noexcept;
        -:  334:    deleter_type& get_deleter() noexcept;
        -:  335:    const deleter_type& get_deleter() const noexcept;
        -:  336:    explicit operator bool() const noexcept;
        -:  337:
        -:  338:    // modifiers
        -:  339:    pointer release() noexcept;
        -:  340:    void reset(pointer p = pointer()) noexcept;
        -:  341:    void reset(nullptr_t) noexcept;
        -:  342:  template <class U> void reset(U) = delete;
        -:  343:    void swap(unique_ptr& u) noexcept;
        -:  344:};
        -:  345:
        -:  346:template <class T, class D>
        -:  347:    void swap(unique_ptr<T, D>& x, unique_ptr<T, D>& y) noexcept;
        -:  348:
        -:  349:template <class T1, class D1, class T2, class D2>
        -:  350:    bool operator==(const unique_ptr<T1, D1>& x, const unique_ptr<T2, D2>& y);
        -:  351:template <class T1, class D1, class T2, class D2>
        -:  352:    bool operator!=(const unique_ptr<T1, D1>& x, const unique_ptr<T2, D2>& y);
        -:  353:template <class T1, class D1, class T2, class D2>
        -:  354:    bool operator<(const unique_ptr<T1, D1>& x, const unique_ptr<T2, D2>& y);
        -:  355:template <class T1, class D1, class T2, class D2>
        -:  356:    bool operator<=(const unique_ptr<T1, D1>& x, const unique_ptr<T2, D2>& y);
        -:  357:template <class T1, class D1, class T2, class D2>
        -:  358:    bool operator>(const unique_ptr<T1, D1>& x, const unique_ptr<T2, D2>& y);
        -:  359:template <class T1, class D1, class T2, class D2>
        -:  360:    bool operator>=(const unique_ptr<T1, D1>& x, const unique_ptr<T2, D2>& y);
        -:  361:
        -:  362:template <class T, class D>
        -:  363:    bool operator==(const unique_ptr<T, D>& x, nullptr_t) noexcept;
        -:  364:template <class T, class D>
        -:  365:    bool operator==(nullptr_t, const unique_ptr<T, D>& y) noexcept;
        -:  366:template <class T, class D>
        -:  367:    bool operator!=(const unique_ptr<T, D>& x, nullptr_t) noexcept;
        -:  368:template <class T, class D>
        -:  369:    bool operator!=(nullptr_t, const unique_ptr<T, D>& y) noexcept;
        -:  370:
        -:  371:template <class T, class D>
        -:  372:    bool operator<(const unique_ptr<T, D>& x, nullptr_t);
        -:  373:template <class T, class D>
        -:  374:    bool operator<(nullptr_t, const unique_ptr<T, D>& y);
        -:  375:template <class T, class D>
        -:  376:    bool operator<=(const unique_ptr<T, D>& x, nullptr_t);
        -:  377:template <class T, class D>
        -:  378:    bool operator<=(nullptr_t, const unique_ptr<T, D>& y);
        -:  379:template <class T, class D>
        -:  380:    bool operator>(const unique_ptr<T, D>& x, nullptr_t);
        -:  381:template <class T, class D>
        -:  382:    bool operator>(nullptr_t, const unique_ptr<T, D>& y);
        -:  383:template <class T, class D>
        -:  384:    bool operator>=(const unique_ptr<T, D>& x, nullptr_t);
        -:  385:template <class T, class D>
        -:  386:    bool operator>=(nullptr_t, const unique_ptr<T, D>& y);
        -:  387:
        -:  388:class bad_weak_ptr
        -:  389:    : public std::exception
        -:  390:{
        -:  391:    bad_weak_ptr() noexcept;
        -:  392:};
        -:  393:
        -:  394:template<class T, class... Args> unique_ptr<T> make_unique(Args&&... args);     // C++14
        -:  395:template<class T>                unique_ptr<T> make_unique(size_t n);           // C++14
        -:  396:template<class T, class... Args> unspecified   make_unique(Args&&...) = delete; // C++14, T == U[N]
        -:  397:
        -:  398:template<class E, class T, class Y, class D>
        -:  399:    basic_ostream<E, T>& operator<< (basic_ostream<E, T>& os, unique_ptr<Y, D> const& p);
        -:  400:
        -:  401:template<class T>
        -:  402:class shared_ptr
        -:  403:{
        -:  404:public:
        -:  405:    typedef T element_type;
        -:  406:    typedef weak_ptr<T> weak_type; // C++17
        -:  407:
        -:  408:    // constructors:
        -:  409:    constexpr shared_ptr() noexcept;
        -:  410:    template<class Y> explicit shared_ptr(Y* p);
        -:  411:    template<class Y, class D> shared_ptr(Y* p, D d);
        -:  412:    template<class Y, class D, class A> shared_ptr(Y* p, D d, A a);
        -:  413:    template <class D> shared_ptr(nullptr_t p, D d);
        -:  414:    template <class D, class A> shared_ptr(nullptr_t p, D d, A a);
        -:  415:    template<class Y> shared_ptr(const shared_ptr<Y>& r, T *p) noexcept;
        -:  416:    shared_ptr(const shared_ptr& r) noexcept;
        -:  417:    template<class Y> shared_ptr(const shared_ptr<Y>& r) noexcept;
        -:  418:    shared_ptr(shared_ptr&& r) noexcept;
        -:  419:    template<class Y> shared_ptr(shared_ptr<Y>&& r) noexcept;
        -:  420:    template<class Y> explicit shared_ptr(const weak_ptr<Y>& r);
        -:  421:    template<class Y> shared_ptr(auto_ptr<Y>&& r);          // removed in C++17
        -:  422:    template <class Y, class D> shared_ptr(unique_ptr<Y, D>&& r);
        -:  423:    shared_ptr(nullptr_t) : shared_ptr() { }
        -:  424:
        -:  425:    // destructor:
        -:  426:    ~shared_ptr();
        -:  427:
        -:  428:    // assignment:
        -:  429:    shared_ptr& operator=(const shared_ptr& r) noexcept;
        -:  430:    template<class Y> shared_ptr& operator=(const shared_ptr<Y>& r) noexcept;
        -:  431:    shared_ptr& operator=(shared_ptr&& r) noexcept;
        -:  432:    template<class Y> shared_ptr& operator=(shared_ptr<Y>&& r);
        -:  433:    template<class Y> shared_ptr& operator=(auto_ptr<Y>&& r); // removed in C++17
        -:  434:    template <class Y, class D> shared_ptr& operator=(unique_ptr<Y, D>&& r);
        -:  435:
        -:  436:    // modifiers:
        -:  437:    void swap(shared_ptr& r) noexcept;
        -:  438:    void reset() noexcept;
        -:  439:    template<class Y> void reset(Y* p);
        -:  440:    template<class Y, class D> void reset(Y* p, D d);
        -:  441:    template<class Y, class D, class A> void reset(Y* p, D d, A a);
        -:  442:
        -:  443:    // observers:
        -:  444:    T* get() const noexcept;
        -:  445:    T& operator*() const noexcept;
        -:  446:    T* operator->() const noexcept;
        -:  447:    long use_count() const noexcept;
        -:  448:    bool unique() const noexcept;
        -:  449:    explicit operator bool() const noexcept;
        -:  450:    template<class U> bool owner_before(shared_ptr<U> const& b) const noexcept;
        -:  451:    template<class U> bool owner_before(weak_ptr<U> const& b) const noexcept;
        -:  452:};
        -:  453:
        -:  454:template<class T>
        -:  455:shared_ptr(weak_ptr<T>) -> shared_ptr<T>;
        -:  456:template<class T, class D>
        -:  457:shared_ptr(unique_ptr<T, D>) -> shared_ptr<T>;
        -:  458:
        -:  459:// shared_ptr comparisons:
        -:  460:template<class T, class U>
        -:  461:    bool operator==(shared_ptr<T> const& a, shared_ptr<U> const& b) noexcept;
        -:  462:template<class T, class U>
        -:  463:    bool operator!=(shared_ptr<T> const& a, shared_ptr<U> const& b) noexcept;
        -:  464:template<class T, class U>
        -:  465:    bool operator<(shared_ptr<T> const& a, shared_ptr<U> const& b) noexcept;
        -:  466:template<class T, class U>
        -:  467:    bool operator>(shared_ptr<T> const& a, shared_ptr<U> const& b) noexcept;
        -:  468:template<class T, class U>
        -:  469:    bool operator<=(shared_ptr<T> const& a, shared_ptr<U> const& b) noexcept;
        -:  470:template<class T, class U>
        -:  471:    bool operator>=(shared_ptr<T> const& a, shared_ptr<U> const& b) noexcept;
        -:  472:
        -:  473:template <class T>
        -:  474:    bool operator==(const shared_ptr<T>& x, nullptr_t) noexcept;
        -:  475:template <class T>
        -:  476:    bool operator==(nullptr_t, const shared_ptr<T>& y) noexcept;
        -:  477:template <class T>
        -:  478:    bool operator!=(const shared_ptr<T>& x, nullptr_t) noexcept;
        -:  479:template <class T>
        -:  480:    bool operator!=(nullptr_t, const shared_ptr<T>& y) noexcept;
        -:  481:template <class T>
        -:  482:    bool operator<(const shared_ptr<T>& x, nullptr_t) noexcept;
        -:  483:template <class T>
        -:  484:bool operator<(nullptr_t, const shared_ptr<T>& y) noexcept;
        -:  485:template <class T>
        -:  486:    bool operator<=(const shared_ptr<T>& x, nullptr_t) noexcept;
        -:  487:template <class T>
        -:  488:    bool operator<=(nullptr_t, const shared_ptr<T>& y) noexcept;
        -:  489:template <class T>
        -:  490:    bool operator>(const shared_ptr<T>& x, nullptr_t) noexcept;
        -:  491:template <class T>
        -:  492:    bool operator>(nullptr_t, const shared_ptr<T>& y) noexcept;
        -:  493:template <class T>
        -:  494:    bool operator>=(const shared_ptr<T>& x, nullptr_t) noexcept;
        -:  495:template <class T>
        -:  496:    bool operator>=(nullptr_t, const shared_ptr<T>& y) noexcept;
        -:  497:
        -:  498:// shared_ptr specialized algorithms:
        -:  499:template<class T> void swap(shared_ptr<T>& a, shared_ptr<T>& b) noexcept;
        -:  500:
        -:  501:// shared_ptr casts:
        -:  502:template<class T, class U>
        -:  503:    shared_ptr<T> static_pointer_cast(shared_ptr<U> const& r) noexcept;
        -:  504:template<class T, class U>
        -:  505:    shared_ptr<T> dynamic_pointer_cast(shared_ptr<U> const& r) noexcept;
        -:  506:template<class T, class U>
        -:  507:    shared_ptr<T> const_pointer_cast(shared_ptr<U> const& r) noexcept;
        -:  508:
        -:  509:// shared_ptr I/O:
        -:  510:template<class E, class T, class Y>
        -:  511:    basic_ostream<E, T>& operator<< (basic_ostream<E, T>& os, shared_ptr<Y> const& p);
        -:  512:
        -:  513:// shared_ptr get_deleter:
        -:  514:template<class D, class T> D* get_deleter(shared_ptr<T> const& p) noexcept;
        -:  515:
        -:  516:template<class T, class... Args>
        -:  517:    shared_ptr<T> make_shared(Args&&... args);
        -:  518:template<class T, class A, class... Args>
        -:  519:    shared_ptr<T> allocate_shared(const A& a, Args&&... args);
        -:  520:
        -:  521:template<class T>
        -:  522:class weak_ptr
        -:  523:{
        -:  524:public:
        -:  525:    typedef T element_type;
        -:  526:
        -:  527:    // constructors
        -:  528:    constexpr weak_ptr() noexcept;
        -:  529:    template<class Y> weak_ptr(shared_ptr<Y> const& r) noexcept;
        -:  530:    weak_ptr(weak_ptr const& r) noexcept;
        -:  531:    template<class Y> weak_ptr(weak_ptr<Y> const& r) noexcept;
        -:  532:    weak_ptr(weak_ptr&& r) noexcept;                      // C++14
        -:  533:    template<class Y> weak_ptr(weak_ptr<Y>&& r) noexcept; // C++14
        -:  534:
        -:  535:    // destructor
        -:  536:    ~weak_ptr();
        -:  537:
        -:  538:    // assignment
        -:  539:    weak_ptr& operator=(weak_ptr const& r) noexcept;
        -:  540:    template<class Y> weak_ptr& operator=(weak_ptr<Y> const& r) noexcept;
        -:  541:    template<class Y> weak_ptr& operator=(shared_ptr<Y> const& r) noexcept;
        -:  542:    weak_ptr& operator=(weak_ptr&& r) noexcept;                      // C++14
        -:  543:    template<class Y> weak_ptr& operator=(weak_ptr<Y>&& r) noexcept; // C++14
        -:  544:
        -:  545:    // modifiers
        -:  546:    void swap(weak_ptr& r) noexcept;
        -:  547:    void reset() noexcept;
        -:  548:
        -:  549:    // observers
        -:  550:    long use_count() const noexcept;
        -:  551:    bool expired() const noexcept;
        -:  552:    shared_ptr<T> lock() const noexcept;
        -:  553:    template<class U> bool owner_before(shared_ptr<U> const& b) const noexcept;
        -:  554:    template<class U> bool owner_before(weak_ptr<U> const& b) const noexcept;
        -:  555:};
        -:  556:
        -:  557:template<class T>
        -:  558:weak_ptr(shared_ptr<T>) -> weak_ptr<T>;
        -:  559:
        -:  560:// weak_ptr specialized algorithms:
        -:  561:template<class T> void swap(weak_ptr<T>& a, weak_ptr<T>& b) noexcept;
        -:  562:
        -:  563:// class owner_less:
        -:  564:template<class T> struct owner_less;
        -:  565:
        -:  566:template<class T>
        -:  567:struct owner_less<shared_ptr<T> >
        -:  568:    : binary_function<shared_ptr<T>, shared_ptr<T>, bool>
        -:  569:{
        -:  570:    typedef bool result_type;
        -:  571:    bool operator()(shared_ptr<T> const&, shared_ptr<T> const&) const noexcept;
        -:  572:    bool operator()(shared_ptr<T> const&, weak_ptr<T> const&) const noexcept;
        -:  573:    bool operator()(weak_ptr<T> const&, shared_ptr<T> const&) const noexcept;
        -:  574:};
        -:  575:
        -:  576:template<class T>
        -:  577:struct owner_less<weak_ptr<T> >
        -:  578:    : binary_function<weak_ptr<T>, weak_ptr<T>, bool>
        -:  579:{
        -:  580:    typedef bool result_type;
        -:  581:    bool operator()(weak_ptr<T> const&, weak_ptr<T> const&) const noexcept;
        -:  582:    bool operator()(shared_ptr<T> const&, weak_ptr<T> const&) const noexcept;
        -:  583:    bool operator()(weak_ptr<T> const&, shared_ptr<T> const&) const noexcept;
        -:  584:};
        -:  585:
        -:  586:template <>  // Added in C++14
        -:  587:struct owner_less<void>
        -:  588:{
        -:  589:    template <class _Tp, class _Up>
        -:  590:    bool operator()( shared_ptr<_Tp> const& __x, shared_ptr<_Up> const& __y) const noexcept;
        -:  591:    template <class _Tp, class _Up>
        -:  592:    bool operator()( shared_ptr<_Tp> const& __x,   weak_ptr<_Up> const& __y) const noexcept;
        -:  593:    template <class _Tp, class _Up>
        -:  594:    bool operator()(   weak_ptr<_Tp> const& __x, shared_ptr<_Up> const& __y) const noexcept;
        -:  595:    template <class _Tp, class _Up>
        -:  596:    bool operator()(   weak_ptr<_Tp> const& __x,   weak_ptr<_Up> const& __y) const noexcept;
        -:  597:
        -:  598:    typedef void is_transparent;
        -:  599:};
        -:  600:
        -:  601:template<class T>
        -:  602:class enable_shared_from_this
        -:  603:{
        -:  604:protected:
        -:  605:    constexpr enable_shared_from_this() noexcept;
        -:  606:    enable_shared_from_this(enable_shared_from_this const&) noexcept;
        -:  607:    enable_shared_from_this& operator=(enable_shared_from_this const&) noexcept;
        -:  608:    ~enable_shared_from_this();
        -:  609:public:
        -:  610:    shared_ptr<T> shared_from_this();
        -:  611:    shared_ptr<T const> shared_from_this() const;
        -:  612:};
        -:  613:
        -:  614:template<class T>
        -:  615:    bool atomic_is_lock_free(const shared_ptr<T>* p);
        -:  616:template<class T>
        -:  617:    shared_ptr<T> atomic_load(const shared_ptr<T>* p);
        -:  618:template<class T>
        -:  619:    shared_ptr<T> atomic_load_explicit(const shared_ptr<T>* p, memory_order mo);
        -:  620:template<class T>
        -:  621:    void atomic_store(shared_ptr<T>* p, shared_ptr<T> r);
        -:  622:template<class T>
        -:  623:    void atomic_store_explicit(shared_ptr<T>* p, shared_ptr<T> r, memory_order mo);
        -:  624:template<class T>
        -:  625:    shared_ptr<T> atomic_exchange(shared_ptr<T>* p, shared_ptr<T> r);
        -:  626:template<class T>
        -:  627:    shared_ptr<T>
        -:  628:    atomic_exchange_explicit(shared_ptr<T>* p, shared_ptr<T> r, memory_order mo);
        -:  629:template<class T>
        -:  630:    bool
        -:  631:    atomic_compare_exchange_weak(shared_ptr<T>* p, shared_ptr<T>* v, shared_ptr<T> w);
        -:  632:template<class T>
        -:  633:    bool
        -:  634:    atomic_compare_exchange_strong( shared_ptr<T>* p, shared_ptr<T>* v, shared_ptr<T> w);
        -:  635:template<class T>
        -:  636:    bool
        -:  637:    atomic_compare_exchange_weak_explicit(shared_ptr<T>* p, shared_ptr<T>* v,
        -:  638:                                          shared_ptr<T> w, memory_order success,
        -:  639:                                          memory_order failure);
        -:  640:template<class T>
        -:  641:    bool
        -:  642:    atomic_compare_exchange_strong_explicit(shared_ptr<T>* p, shared_ptr<T>* v,
        -:  643:                                            shared_ptr<T> w, memory_order success,
        -:  644:                                            memory_order failure);
        -:  645:// Hash support
        -:  646:template <class T> struct hash;
        -:  647:template <class T, class D> struct hash<unique_ptr<T, D> >;
        -:  648:template <class T> struct hash<shared_ptr<T> >;
        -:  649:
        -:  650:template <class T, class Alloc>
        -:  651:  inline constexpr bool uses_allocator_v = uses_allocator<T, Alloc>::value;
        -:  652:
        -:  653:// Pointer safety
        -:  654:enum class pointer_safety { relaxed, preferred, strict };
        -:  655:void declare_reachable(void *p);
        -:  656:template <class T> T *undeclare_reachable(T *p);
        -:  657:void declare_no_pointers(char *p, size_t n);
        -:  658:void undeclare_no_pointers(char *p, size_t n);
        -:  659:pointer_safety get_pointer_safety() noexcept;
        -:  660:
        -:  661:void* align(size_t alignment, size_t size, void*& ptr, size_t& space);
        -:  662:
        -:  663:}  // std
        -:  664:
        -:  665:*/
        -:  666:
        -:  667:#include <__config>
        -:  668:#include <__availability>
        -:  669:#include <type_traits>
        -:  670:#include <typeinfo>
        -:  671:#include <cstddef>
        -:  672:#include <cstdint>
        -:  673:#include <new>
        -:  674:#include <utility>
        -:  675:#include <limits>
        -:  676:#include <iterator>
        -:  677:#include <__functional_base>
        -:  678:#include <iosfwd>
        -:  679:#include <tuple>
        -:  680:#include <stdexcept>
        -:  681:#include <cstring>
        -:  682:#include <__memory/allocator_traits.h>
        -:  683:#include <__memory/base.h>
        -:  684:#include <__memory/pointer_traits.h>
        -:  685:#include <__memory/utilities.h>
        -:  686:#if !defined(_LIBCPP_HAS_NO_ATOMIC_HEADER)
        -:  687:#  include <atomic>
        -:  688:#endif
        -:  689:#include <version>
        -:  690:
        -:  691:// TODO: We re-added #include <cassert> to <memory> to make the internal build
        -:  692://       pass, but we should remove it as soon as all internal clients have fixed
        -:  693://       their code.
        -:  694:#include <cassert>
        -:  695:
        -:  696:#if !defined(_LIBCPP_HAS_NO_PRAGMA_SYSTEM_HEADER)
        -:  697:#pragma GCC system_header
        -:  698:#endif
        -:  699:
        -:  700:_LIBCPP_PUSH_MACROS
        -:  701:#include <__undef_macros>
        -:  702:
        -:  703:
        -:  704:_LIBCPP_BEGIN_NAMESPACE_STD
        -:  705:
        -:  706:template <class _ValueType>
        -:  707:inline _LIBCPP_INLINE_VISIBILITY
        -:  708:_ValueType __libcpp_relaxed_load(_ValueType const* __value) {
        -:  709:#if !defined(_LIBCPP_HAS_NO_THREADS) && \
        -:  710:    defined(__ATOMIC_RELAXED) &&        \
        -:  711:    (__has_builtin(__atomic_load_n) || defined(_LIBCPP_COMPILER_GCC))
        -:  712:    return __atomic_load_n(__value, __ATOMIC_RELAXED);
        -:  713:#else
        -:  714:    return *__value;
        -:  715:#endif
        -:  716:}
        -:  717:
        -:  718:template <class _ValueType>
        -:  719:inline _LIBCPP_INLINE_VISIBILITY
        -:  720:_ValueType __libcpp_acquire_load(_ValueType const* __value) {
        -:  721:#if !defined(_LIBCPP_HAS_NO_THREADS) && \
        -:  722:    defined(__ATOMIC_ACQUIRE) &&        \
        -:  723:    (__has_builtin(__atomic_load_n) || defined(_LIBCPP_COMPILER_GCC))
        -:  724:    return __atomic_load_n(__value, __ATOMIC_ACQUIRE);
        -:  725:#else
        -:  726:    return *__value;
        -:  727:#endif
        -:  728:}
        -:  729:
        -:  730:template <bool _UsePointerTraits> struct __to_address_helper;
        -:  731:
        -:  732:template <> struct __to_address_helper<true> {
        -:  733:    template <class _Pointer>
        -:  734:    using __return_type = decltype(pointer_traits<_Pointer>::to_address(_VSTD::declval<const _Pointer&>()));
        -:  735:
        -:  736:    template <class _Pointer>
        -:  737:    _LIBCPP_CONSTEXPR
        -:  738:    static __return_type<_Pointer>
        -:  739:    __do_it(const _Pointer &__p) _NOEXCEPT { return pointer_traits<_Pointer>::to_address(__p); }
        -:  740:};
        -:  741:
        -:  742:template <class _Pointer, bool _Dummy = true>
        -:  743:using __choose_to_address = __to_address_helper<_IsValidExpansion<__to_address_helper<_Dummy>::template __return_type, _Pointer>::value>;
        -:  744:
        -:  745:
        -:  746:template <class _Tp>
        -:  747:inline _LIBCPP_INLINE_VISIBILITY _LIBCPP_CONSTEXPR
        -:  748:_Tp*
function _ZNSt3__1L12__to_addressIKcEEPT_S3_ called 175 returned 100% blocks executed 100%
      175:  749:__to_address(_Tp* __p) _NOEXCEPT
        -:  750:{
        -:  751:    static_assert(!is_function<_Tp>::value, "_Tp is a function type");
      175:  752:    return __p;
      175:  752-block  0
        -:  753:}
        -:  754:
        -:  755:template <class _Pointer>
        -:  756:inline _LIBCPP_INLINE_VISIBILITY _LIBCPP_CONSTEXPR
        -:  757:typename __choose_to_address<_Pointer>::template __return_type<_Pointer>
        -:  758:__to_address(const _Pointer& __p) _NOEXCEPT {
        -:  759:  return __choose_to_address<_Pointer>::__do_it(__p);
        -:  760:}
        -:  761:
        -:  762:template <> struct __to_address_helper<false> {
        -:  763:    template <class _Pointer>
        -:  764:    using __return_type = typename pointer_traits<_Pointer>::element_type*;
        -:  765:
        -:  766:    template <class _Pointer>
        -:  767:    _LIBCPP_CONSTEXPR
        -:  768:    static __return_type<_Pointer>
        -:  769:    __do_it(const _Pointer &__p) _NOEXCEPT { return _VSTD::__to_address(__p.operator->()); }
        -:  770:};
        -:  771:
        -:  772:
        -:  773:#if _LIBCPP_STD_VER > 17
        -:  774:template <class _Tp>
        -:  775:inline _LIBCPP_INLINE_VISIBILITY constexpr
        -:  776:_Tp*
        -:  777:to_address(_Tp* __p) _NOEXCEPT
        -:  778:{
        -:  779:    static_assert(!is_function_v<_Tp>, "_Tp is a function type");
        -:  780:    return __p;
        -:  781:}
        -:  782:
        -:  783:template <class _Pointer>
        -:  784:inline _LIBCPP_INLINE_VISIBILITY constexpr
        -:  785:auto
        -:  786:to_address(const _Pointer& __p) _NOEXCEPT
        -:  787:{
        -:  788:    return _VSTD::__to_address(__p);
        -:  789:}
        -:  790:#endif
        -:  791:
        -:  792:template <class _Tp> class allocator;
        -:  793:
        -:  794:#if _LIBCPP_STD_VER <= 17
        -:  795:template <>
        -:  796:class _LIBCPP_TEMPLATE_VIS allocator<void>
        -:  797:{
        -:  798:public:
        -:  799:    _LIBCPP_DEPRECATED_IN_CXX17 typedef void*             pointer;
        -:  800:    _LIBCPP_DEPRECATED_IN_CXX17 typedef const void*       const_pointer;
        -:  801:    _LIBCPP_DEPRECATED_IN_CXX17 typedef void              value_type;
        -:  802:
        -:  803:    template <class _Up> struct _LIBCPP_DEPRECATED_IN_CXX17 rebind {typedef allocator<_Up> other;};
        -:  804:};
        -:  805:
        -:  806:template <>
        -:  807:class _LIBCPP_TEMPLATE_VIS allocator<const void>
        -:  808:{
        -:  809:public:
        -:  810:    _LIBCPP_DEPRECATED_IN_CXX17 typedef const void*       pointer;
        -:  811:    _LIBCPP_DEPRECATED_IN_CXX17 typedef const void*       const_pointer;
        -:  812:    _LIBCPP_DEPRECATED_IN_CXX17 typedef const void        value_type;
        -:  813:
        -:  814:    template <class _Up> struct _LIBCPP_DEPRECATED_IN_CXX17 rebind {typedef allocator<_Up> other;};
        -:  815:};
        -:  816:#endif
        -:  817:
        -:  818:// This class provides a non-trivial default constructor to the class that derives from it
        -:  819:// if the condition is satisfied.
        -:  820://
        -:  821:// The second template parameter exists to allow giving a unique type to __non_trivial_if,
        -:  822:// which makes it possible to avoid breaking the ABI when making this a base class of an
        -:  823:// existing class. Without that, imagine we have classes D1 and D2, both of which used to
        -:  824:// have no base classes, but which now derive from __non_trivial_if. The layout of a class
        -:  825:// that inherits from both D1 and D2 will change because the two __non_trivial_if base
        -:  826:// classes are not allowed to share the same address.
        -:  827://
        -:  828:// By making those __non_trivial_if base classes unique, we work around this problem and
        -:  829:// it is safe to start deriving from __non_trivial_if in existing classes.
        -:  830:template <bool _Cond, class _Unique>
        -:  831:struct __non_trivial_if { };
        -:  832:
        -:  833:template <class _Unique>
        -:  834:struct __non_trivial_if<true, _Unique> {
        -:  835:    _LIBCPP_INLINE_VISIBILITY
function _ZNSt3__116__non_trivial_ifILb1ENS_9allocatorIcEEEC2Ev called 10 returned 100% blocks executed 100%
       10:  836:    _LIBCPP_CONSTEXPR __non_trivial_if() _NOEXCEPT { }
       10:  836-block  0
        -:  837:};
        -:  838:
        -:  839:// allocator
        -:  840://
        -:  841:// Note: For ABI compatibility between C++20 and previous standards, we make
        -:  842://       allocator<void> trivial in C++20.
        -:  843:
        -:  844:template <class _Tp>
        -:  845:class _LIBCPP_TEMPLATE_VIS allocator
        -:  846:    : private __non_trivial_if<!is_void<_Tp>::value, allocator<_Tp> >
        -:  847:{
        -:  848:public:
        -:  849:    typedef size_t      size_type;
        -:  850:    typedef ptrdiff_t   difference_type;
        -:  851:    typedef _Tp         value_type;
        -:  852:    typedef true_type   propagate_on_container_move_assignment;
        -:  853:    typedef true_type   is_always_equal;
        -:  854:
        -:  855:    _LIBCPP_INLINE_VISIBILITY _LIBCPP_CONSTEXPR_AFTER_CXX17
function _ZNSt3__19allocatorIcEC2Ev called 10 returned 100% blocks executed 100%
       10:  856:    allocator() _NOEXCEPT _LIBCPP_DEFAULT
       10:  856-block  0
        -:  857:
        -:  858:    template <class _Up>
        -:  859:    _LIBCPP_INLINE_VISIBILITY _LIBCPP_CONSTEXPR_AFTER_CXX17
        -:  860:    allocator(const allocator<_Up>&) _NOEXCEPT { }
        -:  861:
        -:  862:    _LIBCPP_NODISCARD_AFTER_CXX17 _LIBCPP_INLINE_VISIBILITY _LIBCPP_CONSTEXPR_AFTER_CXX17
function _ZNSt3__19allocatorIcE8allocateEm called 0 returned 0% blocks executed 0%
    #####:  863:    _Tp* allocate(size_t __n) {
    #####:  864:        if (__n > allocator_traits<allocator>::max_size(*this))
    $$$$$:  864-block  0
branch  0 never executed
branch  1 never executed
    #####:  865:            __throw_length_error("allocator<T>::allocate(size_t n)"
    $$$$$:  865-block  0
        -:  866:                                 " 'n' exceeds maximum supported size");
        -:  867:        if (__libcpp_is_constant_evaluated()) {
        -:  868:            return static_cast<_Tp*>(::operator new(__n * sizeof(_Tp)));
        -:  869:        } else {
    #####:  870:            return static_cast<_Tp*>(_VSTD::__libcpp_allocate(__n * sizeof(_Tp), _LIBCPP_ALIGNOF(_Tp)));
    $$$$$:  870-block  0
        -:  871:        }
        -:  872:    }
        -:  873:
        -:  874:    _LIBCPP_INLINE_VISIBILITY _LIBCPP_CONSTEXPR_AFTER_CXX17
function _ZNSt3__19allocatorIcE10deallocateEPcm called 0 returned 0% blocks executed 0%
    #####:  875:    void deallocate(_Tp* __p, size_t __n) _NOEXCEPT {
        -:  876:        if (__libcpp_is_constant_evaluated()) {
        -:  877:            ::operator delete(__p);
        -:  878:        } else {
    #####:  879:            _VSTD::__libcpp_deallocate((void*)__p, __n * sizeof(_Tp), _LIBCPP_ALIGNOF(_Tp));
    $$$$$:  879-block  0
branch  0 never executed
branch  1 never executed
    $$$$$:  879-block  1
        -:  880:        }
    #####:  881:    }
    $$$$$:  881-block  0
        -:  882:
        -:  883:    // C++20 Removed members
        -:  884:#if _LIBCPP_STD_VER <= 17 || defined(_LIBCPP_ENABLE_CXX20_REMOVED_ALLOCATOR_MEMBERS)
        -:  885:    _LIBCPP_DEPRECATED_IN_CXX17 typedef _Tp*       pointer;
        -:  886:    _LIBCPP_DEPRECATED_IN_CXX17 typedef const _Tp* const_pointer;
        -:  887:    _LIBCPP_DEPRECATED_IN_CXX17 typedef _Tp&       reference;
        -:  888:    _LIBCPP_DEPRECATED_IN_CXX17 typedef const _Tp& const_reference;
        -:  889:
        -:  890:    template <class _Up>
        -:  891:    struct _LIBCPP_DEPRECATED_IN_CXX17 rebind {
        -:  892:        typedef allocator<_Up> other;
        -:  893:    };
        -:  894:
        -:  895:    _LIBCPP_DEPRECATED_IN_CXX17 _LIBCPP_INLINE_VISIBILITY
        -:  896:    pointer address(reference __x) const _NOEXCEPT {
        -:  897:        return _VSTD::addressof(__x);
        -:  898:    }
        -:  899:    _LIBCPP_DEPRECATED_IN_CXX17 _LIBCPP_INLINE_VISIBILITY
        -:  900:    const_pointer address(const_reference __x) const _NOEXCEPT {
        -:  901:        return _VSTD::addressof(__x);
        -:  902:    }
        -:  903:
        -:  904:    _LIBCPP_NODISCARD_AFTER_CXX17 _LIBCPP_INLINE_VISIBILITY _LIBCPP_DEPRECATED_IN_CXX17
        -:  905:    _Tp* allocate(size_t __n, const void*) {
        -:  906:        return allocate(__n);
        -:  907:    }
        -:  908:
function _ZNKSt3__19allocatorIcE8max_sizeEv called 0 returned 0% blocks executed 0%
    #####:  909:    _LIBCPP_DEPRECATED_IN_CXX17 _LIBCPP_INLINE_VISIBILITY size_type max_size() const _NOEXCEPT {
    #####:  910:        return size_type(~0) / sizeof(_Tp);
    $$$$$:  910-block  0
        -:  911:    }
        -:  912:
        -:  913:    template <class _Up, class... _Args>
        -:  914:    _LIBCPP_DEPRECATED_IN_CXX17 _LIBCPP_INLINE_VISIBILITY
        -:  915:    void construct(_Up* __p, _Args&&... __args) {
        -:  916:        ::new ((void*)__p) _Up(_VSTD::forward<_Args>(__args)...);
        -:  917:    }
        -:  918:
        -:  919:    _LIBCPP_DEPRECATED_IN_CXX17 _LIBCPP_INLINE_VISIBILITY
        -:  920:    void destroy(pointer __p) {
        -:  921:        __p->~_Tp();
        -:  922:    }
        -:  923:#endif
        -:  924:};
        -:  925:
        -:  926:template <class _Tp>
        -:  927:class _LIBCPP_TEMPLATE_VIS allocator<const _Tp>
        -:  928:    : private __non_trivial_if<!is_void<_Tp>::value, allocator<const _Tp> >
        -:  929:{
        -:  930:public:
        -:  931:    typedef size_t      size_type;
        -:  932:    typedef ptrdiff_t   difference_type;
        -:  933:    typedef const _Tp   value_type;
        -:  934:    typedef true_type   propagate_on_container_move_assignment;
        -:  935:    typedef true_type   is_always_equal;
        -:  936:
        -:  937:    _LIBCPP_INLINE_VISIBILITY _LIBCPP_CONSTEXPR_AFTER_CXX17
        -:  938:    allocator() _NOEXCEPT _LIBCPP_DEFAULT
        -:  939:
        -:  940:    template <class _Up>
        -:  941:    _LIBCPP_INLINE_VISIBILITY _LIBCPP_CONSTEXPR_AFTER_CXX17
        -:  942:    allocator(const allocator<_Up>&) _NOEXCEPT { }
        -:  943:
        -:  944:    _LIBCPP_NODISCARD_AFTER_CXX17 _LIBCPP_INLINE_VISIBILITY _LIBCPP_CONSTEXPR_AFTER_CXX17
        -:  945:    const _Tp* allocate(size_t __n) {
        -:  946:        if (__n > allocator_traits<allocator>::max_size(*this))
        -:  947:            __throw_length_error("allocator<const T>::allocate(size_t n)"
        -:  948:                                 " 'n' exceeds maximum supported size");
        -:  949:        if (__libcpp_is_constant_evaluated()) {
        -:  950:            return static_cast<const _Tp*>(::operator new(__n * sizeof(_Tp)));
        -:  951:        } else {
        -:  952:            return static_cast<const _Tp*>(_VSTD::__libcpp_allocate(__n * sizeof(_Tp), _LIBCPP_ALIGNOF(_Tp)));
        -:  953:        }
        -:  954:    }
        -:  955:
        -:  956:    _LIBCPP_INLINE_VISIBILITY _LIBCPP_CONSTEXPR_AFTER_CXX17
        -:  957:    void deallocate(const _Tp* __p, size_t __n) {
        -:  958:        if (__libcpp_is_constant_evaluated()) {
        -:  959:            ::operator delete(const_cast<_Tp*>(__p));
        -:  960:        } else {
        -:  961:            _VSTD::__libcpp_deallocate((void*) const_cast<_Tp *>(__p), __n * sizeof(_Tp), _LIBCPP_ALIGNOF(_Tp));
        -:  962:        }
        -:  963:    }
        -:  964:
        -:  965:    // C++20 Removed members
        -:  966:#if _LIBCPP_STD_VER <= 17 || defined(_LIBCPP_ENABLE_CXX20_REMOVED_ALLOCATOR_MEMBERS)
        -:  967:    _LIBCPP_DEPRECATED_IN_CXX17 typedef const _Tp* pointer;
        -:  968:    _LIBCPP_DEPRECATED_IN_CXX17 typedef const _Tp* const_pointer;
        -:  969:    _LIBCPP_DEPRECATED_IN_CXX17 typedef const _Tp& reference;
        -:  970:    _LIBCPP_DEPRECATED_IN_CXX17 typedef const _Tp& const_reference;
        -:  971:
        -:  972:    template <class _Up>
        -:  973:    struct _LIBCPP_DEPRECATED_IN_CXX17 rebind {
        -:  974:        typedef allocator<_Up> other;
        -:  975:    };
        -:  976:
        -:  977:    _LIBCPP_DEPRECATED_IN_CXX17 _LIBCPP_INLINE_VISIBILITY
        -:  978:    const_pointer address(const_reference __x) const _NOEXCEPT {
        -:  979:        return _VSTD::addressof(__x);
        -:  980:    }
        -:  981:
        -:  982:    _LIBCPP_NODISCARD_AFTER_CXX17 _LIBCPP_INLINE_VISIBILITY _LIBCPP_DEPRECATED_IN_CXX17
        -:  983:    const _Tp* allocate(size_t __n, const void*) {
        -:  984:        return allocate(__n);
        -:  985:    }
        -:  986:
        -:  987:    _LIBCPP_DEPRECATED_IN_CXX17 _LIBCPP_INLINE_VISIBILITY size_type max_size() const _NOEXCEPT {
        -:  988:        return size_type(~0) / sizeof(_Tp);
        -:  989:    }
        -:  990:
        -:  991:    template <class _Up, class... _Args>
        -:  992:    _LIBCPP_DEPRECATED_IN_CXX17 _LIBCPP_INLINE_VISIBILITY
        -:  993:    void construct(_Up* __p, _Args&&... __args) {
        -:  994:        ::new ((void*)__p) _Up(_VSTD::forward<_Args>(__args)...);
        -:  995:    }
        -:  996:
        -:  997:    _LIBCPP_DEPRECATED_IN_CXX17 _LIBCPP_INLINE_VISIBILITY
        -:  998:    void destroy(pointer __p) {
        -:  999:        __p->~_Tp();
        -: 1000:    }
        -: 1001:#endif
        -: 1002:};
        -: 1003:
        -: 1004:template <class _Tp, class _Up>
        -: 1005:inline _LIBCPP_INLINE_VISIBILITY _LIBCPP_CONSTEXPR_AFTER_CXX17
        -: 1006:bool operator==(const allocator<_Tp>&, const allocator<_Up>&) _NOEXCEPT {return true;}
        -: 1007:
        -: 1008:template <class _Tp, class _Up>
        -: 1009:inline _LIBCPP_INLINE_VISIBILITY _LIBCPP_CONSTEXPR_AFTER_CXX17
        -: 1010:bool operator!=(const allocator<_Tp>&, const allocator<_Up>&) _NOEXCEPT {return false;}
        -: 1011:
        -: 1012:template <class _Alloc, class _Ptr>
        -: 1013:_LIBCPP_INLINE_VISIBILITY
        -: 1014:void __construct_forward_with_exception_guarantees(_Alloc& __a, _Ptr __begin1, _Ptr __end1, _Ptr& __begin2) {
        -: 1015:    static_assert(__is_cpp17_move_insertable<_Alloc>::value,
        -: 1016:        "The specified type does not meet the requirements of Cpp17MoveInsertable");
        -: 1017:    typedef allocator_traits<_Alloc> _Traits;
        -: 1018:    for (; __begin1 != __end1; ++__begin1, (void)++__begin2) {
        -: 1019:        _Traits::construct(__a, _VSTD::__to_address(__begin2),
        -: 1020:#ifdef _LIBCPP_NO_EXCEPTIONS
        -: 1021:            _VSTD::move(*__begin1)
        -: 1022:#else
        -: 1023:            _VSTD::move_if_noexcept(*__begin1)
        -: 1024:#endif
        -: 1025:        );
        -: 1026:    }
        -: 1027:}
        -: 1028:
        -: 1029:template <class _Alloc, class _Tp, typename enable_if<
        -: 1030:    (__is_default_allocator<_Alloc>::value || !__has_construct<_Alloc, _Tp*, _Tp>::value) &&
        -: 1031:    is_trivially_move_constructible<_Tp>::value
        -: 1032:>::type>
        -: 1033:_LIBCPP_INLINE_VISIBILITY
        -: 1034:void __construct_forward_with_exception_guarantees(_Alloc&, _Tp* __begin1, _Tp* __end1, _Tp*& __begin2) {
        -: 1035:    ptrdiff_t _Np = __end1 - __begin1;
        -: 1036:    if (_Np > 0) {
        -: 1037:        _VSTD::memcpy(__begin2, __begin1, _Np * sizeof(_Tp));
        -: 1038:        __begin2 += _Np;
        -: 1039:    }
        -: 1040:}
        -: 1041:
        -: 1042:template <class _Alloc, class _Iter, class _Ptr>
        -: 1043:_LIBCPP_INLINE_VISIBILITY
        -: 1044:void __construct_range_forward(_Alloc& __a, _Iter __begin1, _Iter __end1, _Ptr& __begin2) {
        -: 1045:    typedef allocator_traits<_Alloc> _Traits;
        -: 1046:    for (; __begin1 != __end1; ++__begin1, (void) ++__begin2) {
        -: 1047:        _Traits::construct(__a, _VSTD::__to_address(__begin2), *__begin1);
        -: 1048:    }
        -: 1049:}
        -: 1050:
        -: 1051:template <class _Alloc, class _Source, class _Dest,
        -: 1052:          class _RawSource = typename remove_const<_Source>::type,
        -: 1053:          class _RawDest = typename remove_const<_Dest>::type,
        -: 1054:          class =
        -: 1055:    typename enable_if<
        -: 1056:        is_trivially_copy_constructible<_Dest>::value &&
        -: 1057:        is_same<_RawSource, _RawDest>::value &&
        -: 1058:        (__is_default_allocator<_Alloc>::value || !__has_construct<_Alloc, _Dest*, _Source&>::value)
        -: 1059:    >::type>
        -: 1060:_LIBCPP_INLINE_VISIBILITY
        -: 1061:void __construct_range_forward(_Alloc&, _Source* __begin1, _Source* __end1, _Dest*& __begin2) {
        -: 1062:    ptrdiff_t _Np = __end1 - __begin1;
        -: 1063:    if (_Np > 0) {
        -: 1064:        _VSTD::memcpy(const_cast<_RawDest*>(__begin2), __begin1, _Np * sizeof(_Dest));
        -: 1065:        __begin2 += _Np;
        -: 1066:    }
        -: 1067:}
        -: 1068:
        -: 1069:template <class _Alloc, class _Ptr>
        -: 1070:_LIBCPP_INLINE_VISIBILITY
        -: 1071:void __construct_backward_with_exception_guarantees(_Alloc& __a, _Ptr __begin1, _Ptr __end1, _Ptr& __end2) {
        -: 1072:    static_assert(__is_cpp17_move_insertable<_Alloc>::value,
        -: 1073:        "The specified type does not meet the requirements of Cpp17MoveInsertable");
        -: 1074:    typedef allocator_traits<_Alloc> _Traits;
        -: 1075:    while (__end1 != __begin1) {
        -: 1076:        _Traits::construct(__a, _VSTD::__to_address(__end2 - 1),
        -: 1077:#ifdef _LIBCPP_NO_EXCEPTIONS
        -: 1078:            _VSTD::move(*--__end1)
        -: 1079:#else
        -: 1080:            _VSTD::move_if_noexcept(*--__end1)
        -: 1081:#endif
        -: 1082:        );
        -: 1083:        --__end2;
        -: 1084:    }
        -: 1085:}
        -: 1086:
        -: 1087:template <class _Alloc, class _Tp, class = typename enable_if<
        -: 1088:    (__is_default_allocator<_Alloc>::value || !__has_construct<_Alloc, _Tp*, _Tp>::value) &&
        -: 1089:    is_trivially_move_constructible<_Tp>::value
        -: 1090:>::type>
        -: 1091:_LIBCPP_INLINE_VISIBILITY
        -: 1092:void __construct_backward_with_exception_guarantees(_Alloc&, _Tp* __begin1, _Tp* __end1, _Tp*& __end2) {
        -: 1093:    ptrdiff_t _Np = __end1 - __begin1;
        -: 1094:    __end2 -= _Np;
        -: 1095:    if (_Np > 0)
        -: 1096:        _VSTD::memcpy(__end2, __begin1, _Np * sizeof(_Tp));
        -: 1097:}
        -: 1098:
        -: 1099:template <class _OutputIterator, class _Tp>
        -: 1100:class _LIBCPP_TEMPLATE_VIS raw_storage_iterator
        -: 1101:    : public iterator<output_iterator_tag,
        -: 1102:                      _Tp,                                         // purposefully not C++03
        -: 1103:                      ptrdiff_t,                                   // purposefully not C++03
        -: 1104:                      _Tp*,                                        // purposefully not C++03
        -: 1105:                      raw_storage_iterator<_OutputIterator, _Tp>&> // purposefully not C++03
        -: 1106:{
        -: 1107:private:
        -: 1108:    _OutputIterator __x_;
        -: 1109:public:
        -: 1110:    _LIBCPP_INLINE_VISIBILITY explicit raw_storage_iterator(_OutputIterator __x) : __x_(__x) {}
        -: 1111:    _LIBCPP_INLINE_VISIBILITY raw_storage_iterator& operator*() {return *this;}
        -: 1112:    _LIBCPP_INLINE_VISIBILITY raw_storage_iterator& operator=(const _Tp& __element)
        -: 1113:        {::new ((void*)_VSTD::addressof(*__x_)) _Tp(__element); return *this;}
        -: 1114:#if _LIBCPP_STD_VER >= 14
        -: 1115:    _LIBCPP_INLINE_VISIBILITY raw_storage_iterator& operator=(_Tp&& __element)
        -: 1116:        {::new ((void*)_VSTD::addressof(*__x_)) _Tp(_VSTD::move(__element)); return *this;}
        -: 1117:#endif
        -: 1118:    _LIBCPP_INLINE_VISIBILITY raw_storage_iterator& operator++() {++__x_; return *this;}
        -: 1119:    _LIBCPP_INLINE_VISIBILITY raw_storage_iterator  operator++(int)
        -: 1120:        {raw_storage_iterator __t(*this); ++__x_; return __t;}
        -: 1121:#if _LIBCPP_STD_VER >= 14
        -: 1122:    _LIBCPP_INLINE_VISIBILITY _OutputIterator base() const { return __x_; }
        -: 1123:#endif
        -: 1124:};
        -: 1125:
        -: 1126:template <class _Tp>
        -: 1127:_LIBCPP_NODISCARD_EXT _LIBCPP_NO_CFI
        -: 1128:pair<_Tp*, ptrdiff_t>
        -: 1129:get_temporary_buffer(ptrdiff_t __n) _NOEXCEPT
        -: 1130:{
        -: 1131:    pair<_Tp*, ptrdiff_t> __r(0, 0);
        -: 1132:    const ptrdiff_t __m = (~ptrdiff_t(0) ^
        -: 1133:                           ptrdiff_t(ptrdiff_t(1) << (sizeof(ptrdiff_t) * __CHAR_BIT__ - 1)))
        -: 1134:                           / sizeof(_Tp);
        -: 1135:    if (__n > __m)
        -: 1136:        __n = __m;
        -: 1137:    while (__n > 0)
        -: 1138:    {
        -: 1139:#if !defined(_LIBCPP_HAS_NO_ALIGNED_ALLOCATION)
        -: 1140:    if (__is_overaligned_for_new(_LIBCPP_ALIGNOF(_Tp)))
        -: 1141:        {
        -: 1142:            align_val_t __al =
        -: 1143:                align_val_t(alignment_of<_Tp>::value);
        -: 1144:            __r.first = static_cast<_Tp*>(::operator new(
        -: 1145:                __n * sizeof(_Tp), __al, nothrow));
        -: 1146:        } else {
        -: 1147:            __r.first = static_cast<_Tp*>(::operator new(
        -: 1148:                __n * sizeof(_Tp), nothrow));
        -: 1149:        }
        -: 1150:#else
        -: 1151:    if (__is_overaligned_for_new(_LIBCPP_ALIGNOF(_Tp)))
        -: 1152:        {
        -: 1153:            // Since aligned operator new is unavailable, return an empty
        -: 1154:            // buffer rather than one with invalid alignment.
        -: 1155:            return __r;
        -: 1156:        }
        -: 1157:
        -: 1158:        __r.first = static_cast<_Tp*>(::operator new(__n * sizeof(_Tp), nothrow));
        -: 1159:#endif
        -: 1160:
        -: 1161:        if (__r.first)
        -: 1162:        {
        -: 1163:            __r.second = __n;
        -: 1164:            break;
        -: 1165:        }
        -: 1166:        __n /= 2;
        -: 1167:    }
        -: 1168:    return __r;
        -: 1169:}
        -: 1170:
        -: 1171:template <class _Tp>
        -: 1172:inline _LIBCPP_INLINE_VISIBILITY
        -: 1173:void return_temporary_buffer(_Tp* __p) _NOEXCEPT
        -: 1174:{
        -: 1175:  _VSTD::__libcpp_deallocate_unsized((void*)__p, _LIBCPP_ALIGNOF(_Tp));
        -: 1176:}
        -: 1177:
        -: 1178:#if _LIBCPP_STD_VER <= 14 || defined(_LIBCPP_ENABLE_CXX17_REMOVED_AUTO_PTR)
        -: 1179:template <class _Tp>
        -: 1180:struct _LIBCPP_DEPRECATED_IN_CXX11 auto_ptr_ref
        -: 1181:{
        -: 1182:    _Tp* __ptr_;
        -: 1183:};
        -: 1184:
        -: 1185:template<class _Tp>
        -: 1186:class _LIBCPP_TEMPLATE_VIS _LIBCPP_DEPRECATED_IN_CXX11 auto_ptr
        -: 1187:{
        -: 1188:private:
        -: 1189:    _Tp* __ptr_;
        -: 1190:public:
        -: 1191:    typedef _Tp element_type;
        -: 1192:
        -: 1193:    _LIBCPP_INLINE_VISIBILITY explicit auto_ptr(_Tp* __p = 0) _NOEXCEPT : __ptr_(__p) {}
        -: 1194:    _LIBCPP_INLINE_VISIBILITY auto_ptr(auto_ptr& __p) _NOEXCEPT : __ptr_(__p.release()) {}
        -: 1195:    template<class _Up> _LIBCPP_INLINE_VISIBILITY auto_ptr(auto_ptr<_Up>& __p) _NOEXCEPT
        -: 1196:        : __ptr_(__p.release()) {}
        -: 1197:    _LIBCPP_INLINE_VISIBILITY auto_ptr& operator=(auto_ptr& __p) _NOEXCEPT
        -: 1198:        {reset(__p.release()); return *this;}
        -: 1199:    template<class _Up> _LIBCPP_INLINE_VISIBILITY auto_ptr& operator=(auto_ptr<_Up>& __p) _NOEXCEPT
        -: 1200:        {reset(__p.release()); return *this;}
        -: 1201:    _LIBCPP_INLINE_VISIBILITY auto_ptr& operator=(auto_ptr_ref<_Tp> __p) _NOEXCEPT
        -: 1202:        {reset(__p.__ptr_); return *this;}
        -: 1203:    _LIBCPP_INLINE_VISIBILITY ~auto_ptr() _NOEXCEPT {delete __ptr_;}
        -: 1204:
        -: 1205:    _LIBCPP_INLINE_VISIBILITY _Tp& operator*() const _NOEXCEPT
        -: 1206:        {return *__ptr_;}
        -: 1207:    _LIBCPP_INLINE_VISIBILITY _Tp* operator->() const _NOEXCEPT {return __ptr_;}
        -: 1208:    _LIBCPP_INLINE_VISIBILITY _Tp* get() const _NOEXCEPT {return __ptr_;}
        -: 1209:    _LIBCPP_INLINE_VISIBILITY _Tp* release() _NOEXCEPT
        -: 1210:    {
        -: 1211:        _Tp* __t = __ptr_;
        -: 1212:        __ptr_ = nullptr;
        -: 1213:        return __t;
        -: 1214:    }
        -: 1215:    _LIBCPP_INLINE_VISIBILITY void reset(_Tp* __p = 0) _NOEXCEPT
        -: 1216:    {
        -: 1217:        if (__ptr_ != __p)
        -: 1218:            delete __ptr_;
        -: 1219:        __ptr_ = __p;
        -: 1220:    }
        -: 1221:
        -: 1222:    _LIBCPP_INLINE_VISIBILITY auto_ptr(auto_ptr_ref<_Tp> __p) _NOEXCEPT : __ptr_(__p.__ptr_) {}
        -: 1223:    template<class _Up> _LIBCPP_INLINE_VISIBILITY operator auto_ptr_ref<_Up>() _NOEXCEPT
        -: 1224:        {auto_ptr_ref<_Up> __t; __t.__ptr_ = release(); return __t;}
        -: 1225:    template<class _Up> _LIBCPP_INLINE_VISIBILITY operator auto_ptr<_Up>() _NOEXCEPT
        -: 1226:        {return auto_ptr<_Up>(release());}
        -: 1227:};
        -: 1228:
        -: 1229:template <>
        -: 1230:class _LIBCPP_TEMPLATE_VIS _LIBCPP_DEPRECATED_IN_CXX11 auto_ptr<void>
        -: 1231:{
        -: 1232:public:
        -: 1233:    typedef void element_type;
        -: 1234:};
        -: 1235:#endif
        -: 1236:
        -: 1237:// Tag used to default initialize one or both of the pair's elements.
        -: 1238:struct __default_init_tag {};
        -: 1239:struct __value_init_tag {};
        -: 1240:
        -: 1241:template <class _Tp, int _Idx,
        -: 1242:          bool _CanBeEmptyBase =
        -: 1243:              is_empty<_Tp>::value && !__libcpp_is_final<_Tp>::value>
        -: 1244:struct __compressed_pair_elem {
        -: 1245:  typedef _Tp _ParamT;
        -: 1246:  typedef _Tp& reference;
        -: 1247:  typedef const _Tp& const_reference;
        -: 1248:
        -: 1249:  _LIBCPP_INLINE_VISIBILITY _LIBCPP_CONSTEXPR
function _ZNSt3__122__compressed_pair_elemINS_12basic_stringIcNS_11char_traitsIcEENS_9allocatorIcEEE5__repELi0ELb0EEC2ENS_18__default_init_tagE called 11 returned 100% blocks executed 100%
       11: 1250:  __compressed_pair_elem(__default_init_tag) {}
       11: 1250-block  0
        -: 1251:  _LIBCPP_INLINE_VISIBILITY _LIBCPP_CONSTEXPR
        -: 1252:  __compressed_pair_elem(__value_init_tag) : __value_() {}
        -: 1253:
        -: 1254:  template <class _Up, class = typename enable_if<
        -: 1255:      !is_same<__compressed_pair_elem, typename decay<_Up>::type>::value
        -: 1256:  >::type>
        -: 1257:  _LIBCPP_INLINE_VISIBILITY
        -: 1258:  _LIBCPP_CONSTEXPR explicit
function _ZNSt3__122__compressed_pair_elemIP7__sFILELi0ELb0EEC2IRS2_vEEOT_ called 0 returned 0% blocks executed 0%
function _ZNSt3__122__compressed_pair_elemIPFiP7__sFILEELi1ELb0EEC2IS4_vEEOT_ called 0 returned 0% blocks executed 0%
function _ZNSt3__122__compressed_pair_elemIPNS_12basic_stringIcNS_11char_traitsIcEENS_9allocatorIcEEEELi0ELb0EEC2IS7_vEEOT_ called 70 returned 100% blocks executed 100%
       70: 1259:  __compressed_pair_elem(_Up&& __u)
       70: 1260:      : __value_(_VSTD::forward<_Up>(__u))
        -: 1261:    {
       70: 1262:    }
    $$$$$: 1262-block  0
    $$$$$: 1262-block  1
       70: 1262-block  2
        -: 1263:
        -: 1264:
        -: 1265:#ifndef _LIBCPP_CXX03_LANG
        -: 1266:  template <class... _Args, size_t... _Indexes>
        -: 1267:  _LIBCPP_INLINE_VISIBILITY _LIBCPP_CONSTEXPR_AFTER_CXX14
        -: 1268:  __compressed_pair_elem(piecewise_construct_t, tuple<_Args...> __args,
        -: 1269:                         __tuple_indices<_Indexes...>)
        -: 1270:      : __value_(_VSTD::forward<_Args>(_VSTD::get<_Indexes>(__args))...) {}
        -: 1271:#endif
        -: 1272:
        -: 1273:
function _ZNSt3__122__compressed_pair_elemIPNS_18basic_stringstreamIcNS_11char_traitsIcEENS_9allocatorIcEEEELi0ELb0EE5__getEv called 148 returned 100% blocks executed 100%
function _ZNSt3__122__compressed_pair_elemIPNS_12basic_stringIcNS_11char_traitsIcEENS_9allocatorIcEEEELi0ELb0EE5__getEv called 140 returned 100% blocks executed 100%
function _ZNSt3__122__compressed_pair_elemIP7__sFILELi0ELb0EE5__getEv called 0 returned 0% blocks executed 0%
function _ZNSt3__122__compressed_pair_elemIPFiP7__sFILEELi1ELb0EE5__getEv called 0 returned 0% blocks executed 0%
function _ZNSt3__122__compressed_pair_elemINS_12basic_stringIcNS_11char_traitsIcEENS_9allocatorIcEEE5__repELi0ELb0EE5__getEv called 2 returned 100% blocks executed 100%
      290: 1274:  _LIBCPP_INLINE_VISIBILITY reference __get() _NOEXCEPT { return __value_; }
      148: 1274-block  0
      140: 1274-block  1
    $$$$$: 1274-block  2
    $$$$$: 1274-block  3
        2: 1274-block  4
        -: 1275:  _LIBCPP_INLINE_VISIBILITY
function _ZNKSt3__122__compressed_pair_elemIPNS_12basic_stringIcNS_11char_traitsIcEENS_9allocatorIcEEEELi0ELb0EE5__getEv called 0 returned 0% blocks executed 0%
function _ZNKSt3__122__compressed_pair_elemINS_12basic_stringIcNS_11char_traitsIcEENS_9allocatorIcEEE5__repELi0ELb0EE5__getEv called 627 returned 100% blocks executed 100%
function _ZNKSt3__122__compressed_pair_elemIPNS_18basic_stringstreamIcNS_11char_traitsIcEENS_9allocatorIcEEEELi0ELb0EE5__getEv called 21 returned 100% blocks executed 100%
      648: 1276:  const_reference __get() const _NOEXCEPT { return __value_; }
    $$$$$: 1276-block  0
      627: 1276-block  1
       21: 1276-block  2
        -: 1277:
        -: 1278:private:
        -: 1279:  _Tp __value_;
        -: 1280:};
        -: 1281:
        -: 1282:template <class _Tp, int _Idx>
        -: 1283:struct __compressed_pair_elem<_Tp, _Idx, true> : private _Tp {
        -: 1284:  typedef _Tp _ParamT;
        -: 1285:  typedef _Tp& reference;
        -: 1286:  typedef const _Tp& const_reference;
        -: 1287:  typedef _Tp __value_type;
        -: 1288:
        -: 1289:  _LIBCPP_INLINE_VISIBILITY _LIBCPP_CONSTEXPR __compressed_pair_elem() = default;
        -: 1290:  _LIBCPP_INLINE_VISIBILITY _LIBCPP_CONSTEXPR
function _ZNSt3__122__compressed_pair_elemINS_9allocatorIcEELi1ELb1EEC2ENS_18__default_init_tagE called 10 returned 100% blocks executed 100%
function _ZNSt3__122__compressed_pair_elemINS_14default_deleteINS_12basic_stringIcNS_11char_traitsIcEENS_9allocatorIcEEEEEELi1ELb1EEC2ENS_18__default_init_tagE called 70 returned 100% blocks executed 100%
       80: 1291:  __compressed_pair_elem(__default_init_tag) {}
       10: 1291-block  0
       70: 1291-block  1
        -: 1292:  _LIBCPP_INLINE_VISIBILITY _LIBCPP_CONSTEXPR
        -: 1293:  __compressed_pair_elem(__value_init_tag) : __value_type() {}
        -: 1294:
        -: 1295:  template <class _Up, class = typename enable_if<
        -: 1296:        !is_same<__compressed_pair_elem, typename decay<_Up>::type>::value
        -: 1297:  >::type>
        -: 1298:  _LIBCPP_INLINE_VISIBILITY
        -: 1299:  _LIBCPP_CONSTEXPR explicit
function _ZNSt3__122__compressed_pair_elemINS_9allocatorIcEELi1ELb1EEC2IRKS2_vEEOT_ called 1 returned 100% blocks executed 100%
        1: 1300:  __compressed_pair_elem(_Up&& __u)
        1: 1301:      : __value_type(_VSTD::forward<_Up>(__u))
        2: 1302:  {}
        1: 1302-block  0
        1: 1302-block  1
        -: 1303:
        -: 1304:#ifndef _LIBCPP_CXX03_LANG
        -: 1305:  template <class... _Args, size_t... _Indexes>
        -: 1306:  _LIBCPP_INLINE_VISIBILITY _LIBCPP_CONSTEXPR_AFTER_CXX14
        -: 1307:  __compressed_pair_elem(piecewise_construct_t, tuple<_Args...> __args,
        -: 1308:                         __tuple_indices<_Indexes...>)
        -: 1309:      : __value_type(_VSTD::forward<_Args>(_VSTD::get<_Indexes>(__args))...) {}
        -: 1310:#endif
        -: 1311:
function _ZNSt3__122__compressed_pair_elemINS_14default_deleteINS_18basic_stringstreamIcNS_11char_traitsIcEENS_9allocatorIcEEEEEELi1ELb1EE5__getEv called 74 returned 100% blocks executed 100%
function _ZNSt3__122__compressed_pair_elemINS_14default_deleteINS_12basic_stringIcNS_11char_traitsIcEENS_9allocatorIcEEEEEELi1ELb1EE5__getEv called 0 returned 0% blocks executed 0%
function _ZNSt3__122__compressed_pair_elemINS_9allocatorIcEELi1ELb1EE5__getEv called 1 returned 100% blocks executed 100%
       75: 1312:  _LIBCPP_INLINE_VISIBILITY reference __get() _NOEXCEPT { return *this; }
       74: 1312-block  0
    $$$$$: 1312-block  1
        1: 1312-block  2
        -: 1313:  _LIBCPP_INLINE_VISIBILITY
function _ZNKSt3__122__compressed_pair_elemINS_9allocatorIcEELi1ELb1EE5__getEv called 0 returned 0% blocks executed 0%
    #####: 1314:  const_reference __get() const _NOEXCEPT { return *this; }
    $$$$$: 1314-block  0
        -: 1315:};
        -: 1316:
        -: 1317:template <class _T1, class _T2>
        -: 1318:class __compressed_pair : private __compressed_pair_elem<_T1, 0>,
        -: 1319:                          private __compressed_pair_elem<_T2, 1> {
        -: 1320:public:
        -: 1321:  // NOTE: This static assert should never fire because __compressed_pair
        -: 1322:  // is *almost never* used in a scenario where it's possible for T1 == T2.
        -: 1323:  // (The exception is std::function where it is possible that the function
        -: 1324:  //  object and the allocator have the same type).
        -: 1325:  static_assert((!is_same<_T1, _T2>::value),
        -: 1326:    "__compressed_pair cannot be instantiated when T1 and T2 are the same type; "
        -: 1327:    "The current implementation is NOT ABI-compatible with the previous "
        -: 1328:    "implementation for this configuration");
        -: 1329:
        -: 1330:    typedef _LIBCPP_NODEBUG_TYPE __compressed_pair_elem<_T1, 0> _Base1;
        -: 1331:    typedef _LIBCPP_NODEBUG_TYPE __compressed_pair_elem<_T2, 1> _Base2;
        -: 1332:
        -: 1333:    template <bool _Dummy = true,
        -: 1334:      class = typename enable_if<
        -: 1335:          __dependent_type<is_default_constructible<_T1>, _Dummy>::value &&
        -: 1336:          __dependent_type<is_default_constructible<_T2>, _Dummy>::value
        -: 1337:      >::type
        -: 1338:  >
        -: 1339:  _LIBCPP_INLINE_VISIBILITY
        -: 1340:  _LIBCPP_CONSTEXPR __compressed_pair() : _Base1(__value_init_tag()), _Base2(__value_init_tag()) {}
        -: 1341:
        -: 1342:  template <class _U1, class _U2>
        -: 1343:  _LIBCPP_INLINE_VISIBILITY _LIBCPP_CONSTEXPR
function _ZNSt3__117__compressed_pairIP7__sFILEPFiS2_EEC1IRS2_S4_EEOT_OT0_ called 0 returned 0% blocks executed 0%
function _ZNSt3__117__compressed_pairIP7__sFILEPFiS2_EEC2IRS2_S4_EEOT_OT0_ called 0 returned 0% blocks executed 0%
function _ZNSt3__117__compressed_pairINS_12basic_stringIcNS_11char_traitsIcEENS_9allocatorIcEEE5__repES5_EC1INS_18__default_init_tagESA_EEOT_OT0_ called 10 returned 100% blocks executed 100%
function _ZNSt3__117__compressed_pairINS_12basic_stringIcNS_11char_traitsIcEENS_9allocatorIcEEE5__repES5_EC2INS_18__default_init_tagESA_EEOT_OT0_ called 10 returned 100% blocks executed 100%
function _ZNSt3__117__compressed_pairINS_12basic_stringIcNS_11char_traitsIcEENS_9allocatorIcEEE5__repES5_EC1INS_18__default_init_tagERKS5_EEOT_OT0_ called 1 returned 100% blocks executed 100%
function _ZNSt3__117__compressed_pairINS_12basic_stringIcNS_11char_traitsIcEENS_9allocatorIcEEE5__repES5_EC2INS_18__default_init_tagERKS5_EEOT_OT0_ called 1 returned 100% blocks executed 100%
function _ZNSt3__117__compressed_pairIPNS_12basic_stringIcNS_11char_traitsIcEENS_9allocatorIcEEEENS_14default_deleteIS6_EEEC1IS7_NS_18__default_init_tagEEEOT_OT0_ called 70 returned 100% blocks executed 100%
function _ZNSt3__117__compressed_pairIPNS_12basic_stringIcNS_11char_traitsIcEENS_9allocatorIcEEEENS_14default_deleteIS6_EEEC2IS7_NS_18__default_init_tagEEEOT_OT0_ called 70 returned 100% blocks executed 100%
      162: 1344:  __compressed_pair(_U1&& __t1, _U2&& __t2)
      162: 1345:      : _Base1(_VSTD::forward<_U1>(__t1)), _Base2(_VSTD::forward<_U2>(__t2)) {}
    $$$$$: 1345-block  0
    $$$$$: 1345-block  1
       10: 1345-block  2
       10: 1345-block  3
        1: 1345-block  4
        1: 1345-block  5
       70: 1345-block  6
       70: 1345-block  7
        -: 1346:
        -: 1347:#ifndef _LIBCPP_CXX03_LANG
        -: 1348:  template <class... _Args1, class... _Args2>
        -: 1349:  _LIBCPP_INLINE_VISIBILITY _LIBCPP_CONSTEXPR_AFTER_CXX14
        -: 1350:  __compressed_pair(piecewise_construct_t __pc, tuple<_Args1...> __first_args,
        -: 1351:                    tuple<_Args2...> __second_args)
        -: 1352:      : _Base1(__pc, _VSTD::move(__first_args),
        -: 1353:               typename __make_tuple_indices<sizeof...(_Args1)>::type()),
        -: 1354:        _Base2(__pc, _VSTD::move(__second_args),
        -: 1355:               typename __make_tuple_indices<sizeof...(_Args2)>::type()) {}
        -: 1356:#endif
        -: 1357:
        -: 1358:  _LIBCPP_INLINE_VISIBILITY
function _ZNSt3__117__compressed_pairIPNS_18basic_stringstreamIcNS_11char_traitsIcEENS_9allocatorIcEEEENS_14default_deleteIS6_EEE5firstEv called 148 returned 100% blocks executed 100%
function _ZNSt3__117__compressed_pairIPNS_12basic_stringIcNS_11char_traitsIcEENS_9allocatorIcEEEENS_14default_deleteIS6_EEE5firstEv called 140 returned 100% blocks executed 100%
function _ZNSt3__117__compressed_pairIP7__sFILEPFiS2_EE5firstEv called 0 returned 0% blocks executed 0%
function _ZNSt3__117__compressed_pairINS_12basic_stringIcNS_11char_traitsIcEENS_9allocatorIcEEE5__repES5_E5firstEv called 2 returned 100% blocks executed 100%
      290: 1359:  typename _Base1::reference first() _NOEXCEPT {
      290: 1360:    return static_cast<_Base1&>(*this).__get();
      148: 1360-block  0
      140: 1360-block  1
    $$$$$: 1360-block  2
        2: 1360-block  3
        -: 1361:  }
        -: 1362:
        -: 1363:  _LIBCPP_INLINE_VISIBILITY
function _ZNKSt3__117__compressed_pairIPNS_12basic_stringIcNS_11char_traitsIcEENS_9allocatorIcEEEENS_14default_deleteIS6_EEE5firstEv called 0 returned 0% blocks executed 0%
function _ZNKSt3__117__compressed_pairINS_12basic_stringIcNS_11char_traitsIcEENS_9allocatorIcEEE5__repES5_E5firstEv called 627 returned 100% blocks executed 100%
function _ZNKSt3__117__compressed_pairIPNS_18basic_stringstreamIcNS_11char_traitsIcEENS_9allocatorIcEEEENS_14default_deleteIS6_EEE5firstEv called 21 returned 100% blocks executed 100%
      648: 1364:  typename _Base1::const_reference first() const _NOEXCEPT {
      648: 1365:    return static_cast<_Base1 const&>(*this).__get();
    $$$$$: 1365-block  0
      627: 1365-block  1
       21: 1365-block  2
        -: 1366:  }
        -: 1367:
        -: 1368:  _LIBCPP_INLINE_VISIBILITY
[...]
        -: 3870:    if (__r.__cntrl_)
        -: 3871:        __r.__ptr_ = __ptr_;
        -: 3872:    return __r;
        -: 3873:}
        -: 3874:
        -: 3875:#if _LIBCPP_STD_VER > 14
        -: 3876:template <class _Tp = void> struct owner_less;
        -: 3877:#else
        -: 3878:template <class _Tp> struct owner_less;
        -: 3879:#endif
        -: 3880:
        -: 3881:template <class _Tp>
        -: 3882:struct _LIBCPP_TEMPLATE_VIS owner_less<shared_ptr<_Tp> >
        -: 3883:    : binary_function<shared_ptr<_Tp>, shared_ptr<_Tp>, bool>
        -: 3884:{
        -: 3885:    typedef bool result_type;
        -: 3886:    _LIBCPP_INLINE_VISIBILITY
        -: 3887:    bool operator()(shared_ptr<_Tp> const& __x, shared_ptr<_Tp> const& __y) const _NOEXCEPT
        -: 3888:        {return __x.owner_before(__y);}
        -: 3889:    _LIBCPP_INLINE_VISIBILITY
        -: 3890:    bool operator()(shared_ptr<_Tp> const& __x,   weak_ptr<_Tp> const& __y) const _NOEXCEPT
        -: 3891:        {return __x.owner_before(__y);}
        -: 3892:    _LIBCPP_INLINE_VISIBILITY
        -: 3893:    bool operator()(  weak_ptr<_Tp> const& __x, shared_ptr<_Tp> const& __y) const _NOEXCEPT
        -: 3894:        {return __x.owner_before(__y);}
        -: 3895:};
        -: 3896:
        -: 3897:template <class _Tp>
        -: 3898:struct _LIBCPP_TEMPLATE_VIS owner_less<weak_ptr<_Tp> >
        -: 3899:    : binary_function<weak_ptr<_Tp>, weak_ptr<_Tp>, bool>
        -: 3900:{
        -: 3901:    typedef bool result_type;
        -: 3902:    _LIBCPP_INLINE_VISIBILITY
        -: 3903:    bool operator()(  weak_ptr<_Tp> const& __x,   weak_ptr<_Tp> const& __y) const _NOEXCEPT
        -: 3904:        {return __x.owner_before(__y);}
        -: 3905:    _LIBCPP_INLINE_VISIBILITY
        -: 3906:    bool operator()(shared_ptr<_Tp> const& __x,   weak_ptr<_Tp> const& __y) const _NOEXCEPT
        -: 3907:        {return __x.owner_before(__y);}
        -: 3908:    _LIBCPP_INLINE_VISIBILITY
        -: 3909:    bool operator()(  weak_ptr<_Tp> const& __x, shared_ptr<_Tp> const& __y) const _NOEXCEPT
        -: 3910:        {return __x.owner_before(__y);}
        -: 3911:};
        -: 3912:
        -: 3913:#if _LIBCPP_STD_VER > 14
        -: 3914:template <>
        -: 3915:struct _LIBCPP_TEMPLATE_VIS owner_less<void>
        -: 3916:{
        -: 3917:    template <class _Tp, class _Up>
        -: 3918:    _LIBCPP_INLINE_VISIBILITY
        -: 3919:    bool operator()( shared_ptr<_Tp> const& __x, shared_ptr<_Up> const& __y) const _NOEXCEPT
        -: 3920:        {return __x.owner_before(__y);}
        -: 3921:    template <class _Tp, class _Up>
        -: 3922:    _LIBCPP_INLINE_VISIBILITY
        -: 3923:    bool operator()( shared_ptr<_Tp> const& __x,   weak_ptr<_Up> const& __y) const _NOEXCEPT
        -: 3924:        {return __x.owner_before(__y);}
        -: 3925:    template <class _Tp, class _Up>
        -: 3926:    _LIBCPP_INLINE_VISIBILITY
        -: 3927:    bool operator()(   weak_ptr<_Tp> const& __x, shared_ptr<_Up> const& __y) const _NOEXCEPT
        -: 3928:        {return __x.owner_before(__y);}
        -: 3929:    template <class _Tp, class _Up>
        -: 3930:    _LIBCPP_INLINE_VISIBILITY
        -: 3931:    bool operator()(   weak_ptr<_Tp> const& __x,   weak_ptr<_Up> const& __y) const _NOEXCEPT
        -: 3932:        {return __x.owner_before(__y);}
        -: 3933:    typedef void is_transparent;
        -: 3934:};
        -: 3935:#endif
        -: 3936:
        -: 3937:template<class _Tp>
        -: 3938:class _LIBCPP_TEMPLATE_VIS enable_shared_from_this
        -: 3939:{
        -: 3940:    mutable weak_ptr<_Tp> __weak_this_;
        -: 3941:protected:
        -: 3942:    _LIBCPP_INLINE_VISIBILITY _LIBCPP_CONSTEXPR
        -: 3943:    enable_shared_from_this() _NOEXCEPT {}
        -: 3944:    _LIBCPP_INLINE_VISIBILITY
        -: 3945:    enable_shared_from_this(enable_shared_from_this const&) _NOEXCEPT {}
        -: 3946:    _LIBCPP_INLINE_VISIBILITY
        -: 3947:    enable_shared_from_this& operator=(enable_shared_from_this const&) _NOEXCEPT
        -: 3948:        {return *this;}
        -: 3949:    _LIBCPP_INLINE_VISIBILITY
        -: 3950:    ~enable_shared_from_this() {}
        -: 3951:public:
        -: 3952:    _LIBCPP_INLINE_VISIBILITY
        -: 3953:    shared_ptr<_Tp> shared_from_this()
        -: 3954:        {return shared_ptr<_Tp>(__weak_this_);}
        -: 3955:    _LIBCPP_INLINE_VISIBILITY
        -: 3956:    shared_ptr<_Tp const> shared_from_this() const
        -: 3957:        {return shared_ptr<const _Tp>(__weak_this_);}
        -: 3958:
        -: 3959:#if _LIBCPP_STD_VER > 14
        -: 3960:    _LIBCPP_INLINE_VISIBILITY
        -: 3961:    weak_ptr<_Tp> weak_from_this() _NOEXCEPT
        -: 3962:       { return __weak_this_; }
        -: 3963:
        -: 3964:    _LIBCPP_INLINE_VISIBILITY
        -: 3965:    weak_ptr<const _Tp> weak_from_this() const _NOEXCEPT
        -: 3966:        { return __weak_this_; }
        -: 3967:#endif // _LIBCPP_STD_VER > 14
        -: 3968:
        -: 3969:    template <class _Up> friend class shared_ptr;
        -: 3970:};
        -: 3971:
        -: 3972:template <class _Tp>
        -: 3973:struct _LIBCPP_TEMPLATE_VIS hash<shared_ptr<_Tp> >
        -: 3974:{
        -: 3975:    typedef shared_ptr<_Tp>      argument_type;
        -: 3976:    typedef size_t               result_type;
        -: 3977:
        -: 3978:    _LIBCPP_INLINE_VISIBILITY
        -: 3979:    result_type operator()(const argument_type& __ptr) const _NOEXCEPT
        -: 3980:    {
        -: 3981:        return hash<typename shared_ptr<_Tp>::element_type*>()(__ptr.get());
        -: 3982:    }
        -: 3983:};
        -: 3984:
        -: 3985:template<class _CharT, class _Traits, class _Yp>
        -: 3986:inline _LIBCPP_INLINE_VISIBILITY
        -: 3987:basic_ostream<_CharT, _Traits>&
        -: 3988:operator<<(basic_ostream<_CharT, _Traits>& __os, shared_ptr<_Yp> const& __p);
        -: 3989:
        -: 3990:
        -: 3991:#if !defined(_LIBCPP_HAS_NO_ATOMIC_HEADER)
        -: 3992:
        -: 3993:class _LIBCPP_TYPE_VIS __sp_mut
        -: 3994:{
        -: 3995:    void* __lx;
        -: 3996:public:
        -: 3997:    void lock() _NOEXCEPT;
        -: 3998:    void unlock() _NOEXCEPT;
        -: 3999:
        -: 4000:private:
        -: 4001:    _LIBCPP_CONSTEXPR __sp_mut(void*) _NOEXCEPT;
        -: 4002:    __sp_mut(const __sp_mut&);
        -: 4003:    __sp_mut& operator=(const __sp_mut&);
        -: 4004:
        -: 4005:    friend _LIBCPP_FUNC_VIS __sp_mut& __get_sp_mut(const void*);
        -: 4006:};
        -: 4007:
        -: 4008:_LIBCPP_FUNC_VIS _LIBCPP_AVAILABILITY_ATOMIC_SHARED_PTR
        -: 4009:__sp_mut& __get_sp_mut(const void*);
        -: 4010:
        -: 4011:template <class _Tp>
        -: 4012:inline _LIBCPP_INLINE_VISIBILITY
        -: 4013:bool
        -: 4014:atomic_is_lock_free(const shared_ptr<_Tp>*)
        -: 4015:{
        -: 4016:    return false;
        -: 4017:}
        -: 4018:
        -: 4019:template <class _Tp>
        -: 4020:_LIBCPP_AVAILABILITY_ATOMIC_SHARED_PTR
        -: 4021:shared_ptr<_Tp>
        -: 4022:atomic_load(const shared_ptr<_Tp>* __p)
        -: 4023:{
        -: 4024:    __sp_mut& __m = __get_sp_mut(__p);
        -: 4025:    __m.lock();
        -: 4026:    shared_ptr<_Tp> __q = *__p;
        -: 4027:    __m.unlock();
        -: 4028:    return __q;
        -: 4029:}
        -: 4030:
        -: 4031:template <class _Tp>
        -: 4032:inline _LIBCPP_INLINE_VISIBILITY
        -: 4033:_LIBCPP_AVAILABILITY_ATOMIC_SHARED_PTR
        -: 4034:shared_ptr<_Tp>
        -: 4035:atomic_load_explicit(const shared_ptr<_Tp>* __p, memory_order)
        -: 4036:{
        -: 4037:    return atomic_load(__p);
        -: 4038:}
        -: 4039:
        -: 4040:template <class _Tp>
        -: 4041:_LIBCPP_AVAILABILITY_ATOMIC_SHARED_PTR
        -: 4042:void
        -: 4043:atomic_store(shared_ptr<_Tp>* __p, shared_ptr<_Tp> __r)
        -: 4044:{
        -: 4045:    __sp_mut& __m = __get_sp_mut(__p);
        -: 4046:    __m.lock();
        -: 4047:    __p->swap(__r);
        -: 4048:    __m.unlock();
        -: 4049:}
        -: 4050:
        -: 4051:template <class _Tp>
        -: 4052:inline _LIBCPP_INLINE_VISIBILITY
        -: 4053:_LIBCPP_AVAILABILITY_ATOMIC_SHARED_PTR
        -: 4054:void
        -: 4055:atomic_store_explicit(shared_ptr<_Tp>* __p, shared_ptr<_Tp> __r, memory_order)
        -: 4056:{
        -: 4057:    atomic_store(__p, __r);
        -: 4058:}
        -: 4059:
        -: 4060:template <class _Tp>
        -: 4061:_LIBCPP_AVAILABILITY_ATOMIC_SHARED_PTR
        -: 4062:shared_ptr<_Tp>
        -: 4063:atomic_exchange(shared_ptr<_Tp>* __p, shared_ptr<_Tp> __r)
        -: 4064:{
        -: 4065:    __sp_mut& __m = __get_sp_mut(__p);
        -: 4066:    __m.lock();
        -: 4067:    __p->swap(__r);
        -: 4068:    __m.unlock();
        -: 4069:    return __r;
        -: 4070:}
        -: 4071:
        -: 4072:template <class _Tp>
        -: 4073:inline _LIBCPP_INLINE_VISIBILITY
        -: 4074:_LIBCPP_AVAILABILITY_ATOMIC_SHARED_PTR
        -: 4075:shared_ptr<_Tp>
        -: 4076:atomic_exchange_explicit(shared_ptr<_Tp>* __p, shared_ptr<_Tp> __r, memory_order)
        -: 4077:{
        -: 4078:    return atomic_exchange(__p, __r);
        -: 4079:}
        -: 4080:
        -: 4081:template <class _Tp>
        -: 4082:_LIBCPP_AVAILABILITY_ATOMIC_SHARED_PTR
        -: 4083:bool
        -: 4084:atomic_compare_exchange_strong(shared_ptr<_Tp>* __p, shared_ptr<_Tp>* __v, shared_ptr<_Tp> __w)
        -: 4085:{
        -: 4086:    shared_ptr<_Tp> __temp;
        -: 4087:    __sp_mut& __m = __get_sp_mut(__p);
        -: 4088:    __m.lock();
        -: 4089:    if (__p->__owner_equivalent(*__v))
        -: 4090:    {
        -: 4091:        _VSTD::swap(__temp, *__p);
        -: 4092:        *__p = __w;
        -: 4093:        __m.unlock();
        -: 4094:        return true;
        -: 4095:    }
        -: 4096:    _VSTD::swap(__temp, *__v);
        -: 4097:    *__v = *__p;
        -: 4098:    __m.unlock();
        -: 4099:    return false;
        -: 4100:}
        -: 4101:
        -: 4102:template <class _Tp>
        -: 4103:inline _LIBCPP_INLINE_VISIBILITY
        -: 4104:_LIBCPP_AVAILABILITY_ATOMIC_SHARED_PTR
        -: 4105:bool
        -: 4106:atomic_compare_exchange_weak(shared_ptr<_Tp>* __p, shared_ptr<_Tp>* __v, shared_ptr<_Tp> __w)
        -: 4107:{
        -: 4108:    return atomic_compare_exchange_strong(__p, __v, __w);
        -: 4109:}
        -: 4110:
        -: 4111:template <class _Tp>
        -: 4112:inline _LIBCPP_INLINE_VISIBILITY
        -: 4113:_LIBCPP_AVAILABILITY_ATOMIC_SHARED_PTR
        -: 4114:bool
        -: 4115:atomic_compare_exchange_strong_explicit(shared_ptr<_Tp>* __p, shared_ptr<_Tp>* __v,
        -: 4116:                                        shared_ptr<_Tp> __w, memory_order, memory_order)
        -: 4117:{
        -: 4118:    return atomic_compare_exchange_strong(__p, __v, __w);
        -: 4119:}
        -: 4120:
        -: 4121:template <class _Tp>
        -: 4122:inline _LIBCPP_INLINE_VISIBILITY
        -: 4123:_LIBCPP_AVAILABILITY_ATOMIC_SHARED_PTR
        -: 4124:bool
        -: 4125:atomic_compare_exchange_weak_explicit(shared_ptr<_Tp>* __p, shared_ptr<_Tp>* __v,
        -: 4126:                                      shared_ptr<_Tp> __w, memory_order, memory_order)
        -: 4127:{
        -: 4128:    return atomic_compare_exchange_weak(__p, __v, __w);
        -: 4129:}
        -: 4130:
        -: 4131:#endif  // !defined(_LIBCPP_HAS_NO_ATOMIC_HEADER)
        -: 4132:
        -: 4133://enum class
        -: 4134:#if defined(_LIBCPP_ABI_POINTER_SAFETY_ENUM_TYPE)
        -: 4135:# ifndef _LIBCPP_CXX03_LANG
        -: 4136:enum class pointer_safety : unsigned char {
        -: 4137:  relaxed,
        -: 4138:  preferred,
        -: 4139:  strict
        -: 4140:};
        -: 4141:# endif
        -: 4142:#else
        -: 4143:struct _LIBCPP_TYPE_VIS pointer_safety
        -: 4144:{
        -: 4145:    enum __lx
        -: 4146:    {
        -: 4147:        relaxed,
        -: 4148:        preferred,
        -: 4149:        strict
        -: 4150:    };
        -: 4151:
        -: 4152:    __lx __v_;
        -: 4153:
        -: 4154:    _LIBCPP_INLINE_VISIBILITY
        -: 4155:    pointer_safety() : __v_() {}
        -: 4156:
        -: 4157:    _LIBCPP_INLINE_VISIBILITY
        -: 4158:    pointer_safety(__lx __v) : __v_(__v) {}
        -: 4159:    _LIBCPP_INLINE_VISIBILITY
        -: 4160:    operator int() const {return __v_;}
        -: 4161:};
        -: 4162:#endif
        -: 4163:
        -: 4164:#if !defined(_LIBCPP_ABI_POINTER_SAFETY_ENUM_TYPE) && \
        -: 4165:    defined(_LIBCPP_BUILDING_LIBRARY)
        -: 4166:_LIBCPP_FUNC_VIS pointer_safety get_pointer_safety() _NOEXCEPT;
        -: 4167:#else
        -: 4168:// This function is only offered in C++03 under ABI v1.
        -: 4169:# if !defined(_LIBCPP_ABI_POINTER_SAFETY_ENUM_TYPE) || !defined(_LIBCPP_CXX03_LANG)
        -: 4170:inline _LIBCPP_INLINE_VISIBILITY
        -: 4171:pointer_safety get_pointer_safety() _NOEXCEPT {
        -: 4172:  return pointer_safety::relaxed;
        -: 4173:}
        -: 4174:# endif
        -: 4175:#endif
        -: 4176:
        -: 4177:
        -: 4178:_LIBCPP_FUNC_VIS void declare_reachable(void* __p);
        -: 4179:_LIBCPP_FUNC_VIS void declare_no_pointers(char* __p, size_t __n);
        -: 4180:_LIBCPP_FUNC_VIS void undeclare_no_pointers(char* __p, size_t __n);
        -: 4181:_LIBCPP_FUNC_VIS void* __undeclare_reachable(void* __p);
        -: 4182:
        -: 4183:template <class _Tp>
        -: 4184:inline _LIBCPP_INLINE_VISIBILITY
        -: 4185:_Tp*
        -: 4186:undeclare_reachable(_Tp* __p)
        -: 4187:{
        -: 4188:    return static_cast<_Tp*>(__undeclare_reachable(__p));
        -: 4189:}
        -: 4190:
        -: 4191:_LIBCPP_FUNC_VIS void* align(size_t __align, size_t __sz, void*& __ptr, size_t& __space);
        -: 4192:
        -: 4193:// --- Helper for container swap --
        -: 4194:template <typename _Alloc>
        -: 4195:_LIBCPP_INLINE_VISIBILITY
        -: 4196:void __swap_allocator(_Alloc & __a1, _Alloc & __a2, true_type)
        -: 4197:#if _LIBCPP_STD_VER >= 14
        -: 4198:    _NOEXCEPT
        -: 4199:#else
        -: 4200:    _NOEXCEPT_(__is_nothrow_swappable<_Alloc>::value)
        -: 4201:#endif
        -: 4202:{
        -: 4203:    using _VSTD::swap;
        -: 4204:    swap(__a1, __a2);
        -: 4205:}
        -: 4206:
        -: 4207:template <typename _Alloc>
        -: 4208:inline _LIBCPP_INLINE_VISIBILITY
        -: 4209:void __swap_allocator(_Alloc &, _Alloc &, false_type) _NOEXCEPT {}
        -: 4210:
        -: 4211:template <typename _Alloc>
        -: 4212:inline _LIBCPP_INLINE_VISIBILITY
        -: 4213:void __swap_allocator(_Alloc & __a1, _Alloc & __a2)
        -: 4214:#if _LIBCPP_STD_VER >= 14
        -: 4215:    _NOEXCEPT
        -: 4216:#else
        -: 4217:    _NOEXCEPT_(__is_nothrow_swappable<_Alloc>::value)
        -: 4218:#endif
        -: 4219:{
        -: 4220:    _VSTD::__swap_allocator(__a1, __a2,
        -: 4221:      integral_constant<bool, _VSTD::allocator_traits<_Alloc>::propagate_on_container_swap::value>());
        -: 4222:}
        -: 4223:
        -: 4224:template <typename _Alloc, typename _Traits=allocator_traits<_Alloc> >
        -: 4225:struct __noexcept_move_assign_container : public integral_constant<bool,
        -: 4226:    _Traits::propagate_on_container_move_assignment::value
        -: 4227:#if _LIBCPP_STD_VER > 14
        -: 4228:        || _Traits::is_always_equal::value
        -: 4229:#else
        -: 4230:        && is_nothrow_move_assignable<_Alloc>::value
        -: 4231:#endif
        -: 4232:    > {};
        -: 4233:
        -: 4234:
        -: 4235:template <class _Tp, class _Alloc>
        -: 4236:struct __temp_value {
        -: 4237:    typedef allocator_traits<_Alloc> _Traits;
        -: 4238:
        -: 4239:    typename aligned_storage<sizeof(_Tp), _LIBCPP_ALIGNOF(_Tp)>::type __v;
        -: 4240:    _Alloc &__a;
        -: 4241:
        -: 4242:    _Tp *__addr() { return reinterpret_cast<_Tp *>(addressof(__v)); }
        -: 4243:    _Tp &   get() { return *__addr(); }
        -: 4244:
        -: 4245:    template<class... _Args>
        -: 4246:    _LIBCPP_NO_CFI
        -: 4247:    __temp_value(_Alloc &__alloc, _Args&& ... __args) : __a(__alloc) {
        -: 4248:      _Traits::construct(__a, reinterpret_cast<_Tp*>(addressof(__v)),
        -: 4249:                         _VSTD::forward<_Args>(__args)...);
        -: 4250:    }
        -: 4251:
        -: 4252:    ~__temp_value() { _Traits::destroy(__a, __addr()); }
        -: 4253:    };
        -: 4254:
        -: 4255:template<typename _Alloc, typename = void, typename = void>
        -: 4256:struct __is_allocator : false_type {};
        -: 4257:
        -: 4258:template<typename _Alloc>
        -: 4259:struct __is_allocator<_Alloc,
        -: 4260:       typename __void_t<typename _Alloc::value_type>::type,
        -: 4261:       typename __void_t<decltype(_VSTD::declval<_Alloc&>().allocate(size_t(0)))>::type
        -: 4262:     >
        -: 4263:   : true_type {};
        -: 4264:
        -: 4265:// __builtin_new_allocator -- A non-templated helper for allocating and
        -: 4266:// deallocating memory using __builtin_operator_new and
        -: 4267:// __builtin_operator_delete. It should be used in preference to
        -: 4268:// `std::allocator<T>` to avoid additional instantiations.
        -: 4269:struct __builtin_new_allocator {
        -: 4270:  struct __builtin_new_deleter {
        -: 4271:    typedef void* pointer_type;
        -: 4272:
        -: 4273:    _LIBCPP_CONSTEXPR explicit __builtin_new_deleter(size_t __size, size_t __align)
        -: 4274:        : __size_(__size), __align_(__align) {}
        -: 4275:
        -: 4276:    void operator()(void* p) const _NOEXCEPT {
        -: 4277:        _VSTD::__libcpp_deallocate(p, __size_, __align_);
        -: 4278:    }
        -: 4279:
        -: 4280:   private:
        -: 4281:    size_t __size_;
        -: 4282:    size_t __align_;
        -: 4283:  };
        -: 4284:
        -: 4285:  typedef unique_ptr<void, __builtin_new_deleter> __holder_t;
        -: 4286:
        -: 4287:  static __holder_t __allocate_bytes(size_t __s, size_t __align) {
        -: 4288:      return __holder_t(_VSTD::__libcpp_allocate(__s, __align),
        -: 4289:                     __builtin_new_deleter(__s, __align));
        -: 4290:  }
        -: 4291:
        -: 4292:  static void __deallocate_bytes(void* __p, size_t __s,
        -: 4293:                                 size_t __align) _NOEXCEPT {
        -: 4294:      _VSTD::__libcpp_deallocate(__p, __s, __align);
        -: 4295:  }
        -: 4296:
        -: 4297:  template <class _Tp>
        -: 4298:  _LIBCPP_NODEBUG _LIBCPP_ALWAYS_INLINE
        -: 4299:  static __holder_t __allocate_type(size_t __n) {
        -: 4300:      return __allocate_bytes(__n * sizeof(_Tp), _LIBCPP_ALIGNOF(_Tp));
        -: 4301:  }
        -: 4302:
        -: 4303:  template <class _Tp>
        -: 4304:  _LIBCPP_NODEBUG _LIBCPP_ALWAYS_INLINE
        -: 4305:  static void __deallocate_type(void* __p, size_t __n) _NOEXCEPT {
        -: 4306:      __deallocate_bytes(__p, __n * sizeof(_Tp), _LIBCPP_ALIGNOF(_Tp));
        -: 4307:  }
        -: 4308:};
        -: 4309:
        -: 4310:
        -: 4311:_LIBCPP_END_NAMESPACE_STD
        -: 4312:
        -: 4313:_LIBCPP_POP_MACROS
        -: 4314:
        -: 4315:#if defined(_LIBCPP_HAS_PARALLEL_ALGORITHMS) && _LIBCPP_STD_VER >= 17
        -: 4316:#   include <__pstl_memory>
        -: 4317:#endif
        -: 4318:
        -: 4319:#endif  // _LIBCPP_MEMORY
