        -:    0:Source:/Library/Developer/CommandLineTools/SDKs/MacOSX12.1.sdk/usr/include/c++/v1/type_traits
        -:    0:Graph:/Users/maxbazarov/Documents/Software_testing/ctest/cmake-build-default/tests/CMakeFiles/ctest-tests.dir/main.cpp.gcno
        -:    0:Data:/Users/maxbazarov/Documents/Software_testing/ctest/cmake-build-default/tests/CMakeFiles/ctest-tests.dir/main.cpp.gcda
        -:    0:Runs:1
        -:    0:Programs:1
        -:    1:// -*- C++ -*-
        -:    2://===------------------------ type_traits ---------------------------------===//
        -:    3://
        -:    4:// Part of the LLVM Project, under the Apache License v2.0 with LLVM Exceptions.
        -:    5:// See https://llvm.org/LICENSE.txt for license information.
        -:    6:// SPDX-License-Identifier: Apache-2.0 WITH LLVM-exception
        -:    7://
        -:    8://===----------------------------------------------------------------------===//
        -:    9:
        -:   10:#ifndef _LIBCPP_TYPE_TRAITS
        -:   11:#define _LIBCPP_TYPE_TRAITS
        -:   12:
        -:   13:/*
        -:   14:    type_traits synopsis
        -:   15:
        -:   16:namespace std
        -:   17:{
        -:   18:
        -:   19:    // helper class:
        -:   20:    template <class T, T v> struct integral_constant;
        -:   21:    typedef integral_constant<bool, true>  true_type;   // C++11
        -:   22:    typedef integral_constant<bool, false> false_type;  // C++11
        -:   23:
        -:   24:    template <bool B>                                   // C++14
        -:   25:    using bool_constant = integral_constant<bool, B>;   // C++14
        -:   26:    typedef bool_constant<true> true_type;              // C++14
        -:   27:    typedef bool_constant<false> false_type;            // C++14
        -:   28:
        -:   29:    // helper traits
        -:   30:    template <bool, class T = void> struct enable_if;
        -:   31:    template <bool, class T, class F> struct conditional;
        -:   32:
        -:   33:    // Primary classification traits:
        -:   34:    template <class T> struct is_void;
        -:   35:    template <class T> struct is_null_pointer;  // C++14
        -:   36:    template <class T> struct is_integral;
        -:   37:    template <class T> struct is_floating_point;
        -:   38:    template <class T> struct is_array;
        -:   39:    template <class T> struct is_pointer;
        -:   40:    template <class T> struct is_lvalue_reference;
        -:   41:    template <class T> struct is_rvalue_reference;
        -:   42:    template <class T> struct is_member_object_pointer;
        -:   43:    template <class T> struct is_member_function_pointer;
        -:   44:    template <class T> struct is_enum;
        -:   45:    template <class T> struct is_union;
        -:   46:    template <class T> struct is_class;
        -:   47:    template <class T> struct is_function;
        -:   48:
        -:   49:    // Secondary classification traits:
        -:   50:    template <class T> struct is_reference;
        -:   51:    template <class T> struct is_arithmetic;
        -:   52:    template <class T> struct is_fundamental;
        -:   53:    template <class T> struct is_member_pointer;
        -:   54:    template <class T> struct is_scoped_enum; // C++2b
        -:   55:    template <class T> struct is_scalar;
        -:   56:    template <class T> struct is_object;
        -:   57:    template <class T> struct is_compound;
        -:   58:
        -:   59:    // Const-volatile properties and transformations:
        -:   60:    template <class T> struct is_const;
        -:   61:    template <class T> struct is_volatile;
        -:   62:    template <class T> struct remove_const;
        -:   63:    template <class T> struct remove_volatile;
        -:   64:    template <class T> struct remove_cv;
        -:   65:    template <class T> struct add_const;
        -:   66:    template <class T> struct add_volatile;
        -:   67:    template <class T> struct add_cv;
        -:   68:
        -:   69:    // Reference transformations:
        -:   70:    template <class T> struct remove_reference;
        -:   71:    template <class T> struct add_lvalue_reference;
        -:   72:    template <class T> struct add_rvalue_reference;
        -:   73:
        -:   74:    // Pointer transformations:
        -:   75:    template <class T> struct remove_pointer;
        -:   76:    template <class T> struct add_pointer;
        -:   77:
        -:   78:    template<class T> struct type_identity;                     // C++20
        -:   79:    template<class T>
        -:   80:      using type_identity_t = typename type_identity<T>::type;  // C++20
        -:   81:
        -:   82:    // Integral properties:
        -:   83:    template <class T> struct is_signed;
        -:   84:    template <class T> struct is_unsigned;
        -:   85:    template <class T> struct make_signed;
        -:   86:    template <class T> struct make_unsigned;
        -:   87:
        -:   88:    // Array properties and transformations:
        -:   89:    template <class T> struct rank;
        -:   90:    template <class T, unsigned I = 0> struct extent;
        -:   91:    template <class T> struct remove_extent;
        -:   92:    template <class T> struct remove_all_extents;
        -:   93:
        -:   94:    template <class T> struct is_bounded_array;                 // C++20
        -:   95:    template <class T> struct is_unbounded_array;               // C++20
        -:   96:
        -:   97:    // Member introspection:
        -:   98:    template <class T> struct is_pod;
        -:   99:    template <class T> struct is_trivial;
        -:  100:    template <class T> struct is_trivially_copyable;
        -:  101:    template <class T> struct is_standard_layout;
        -:  102:    template <class T> struct is_literal_type;
        -:  103:    template <class T> struct is_empty;
        -:  104:    template <class T> struct is_polymorphic;
        -:  105:    template <class T> struct is_abstract;
        -:  106:    template <class T> struct is_final; // C++14
        -:  107:    template <class T> struct is_aggregate; // C++17
        -:  108:
        -:  109:    template <class T, class... Args> struct is_constructible;
        -:  110:    template <class T>                struct is_default_constructible;
        -:  111:    template <class T>                struct is_copy_constructible;
        -:  112:    template <class T>                struct is_move_constructible;
        -:  113:    template <class T, class U>       struct is_assignable;
        -:  114:    template <class T>                struct is_copy_assignable;
        -:  115:    template <class T>                struct is_move_assignable;
        -:  116:    template <class T, class U>       struct is_swappable_with;       // C++17
        -:  117:    template <class T>                struct is_swappable;            // C++17
        -:  118:    template <class T>                struct is_destructible;
        -:  119:
        -:  120:    template <class T, class... Args> struct is_trivially_constructible;
        -:  121:    template <class T>                struct is_trivially_default_constructible;
        -:  122:    template <class T>                struct is_trivially_copy_constructible;
        -:  123:    template <class T>                struct is_trivially_move_constructible;
        -:  124:    template <class T, class U>       struct is_trivially_assignable;
        -:  125:    template <class T>                struct is_trivially_copy_assignable;
        -:  126:    template <class T>                struct is_trivially_move_assignable;
        -:  127:    template <class T>                struct is_trivially_destructible;
        -:  128:
        -:  129:    template <class T, class... Args> struct is_nothrow_constructible;
        -:  130:    template <class T>                struct is_nothrow_default_constructible;
        -:  131:    template <class T>                struct is_nothrow_copy_constructible;
        -:  132:    template <class T>                struct is_nothrow_move_constructible;
        -:  133:    template <class T, class U>       struct is_nothrow_assignable;
        -:  134:    template <class T>                struct is_nothrow_copy_assignable;
        -:  135:    template <class T>                struct is_nothrow_move_assignable;
        -:  136:    template <class T, class U>       struct is_nothrow_swappable_with; // C++17
        -:  137:    template <class T>                struct is_nothrow_swappable;      // C++17
        -:  138:    template <class T>                struct is_nothrow_destructible;
        -:  139:
        -:  140:    template <class T> struct has_virtual_destructor;
        -:  141:
        -:  142:    template<class T> struct has_unique_object_representations;         // C++17
        -:  143:
        -:  144:    // Relationships between types:
        -:  145:    template <class T, class U> struct is_same;
        -:  146:    template <class Base, class Derived> struct is_base_of;
        -:  147:
        -:  148:    template <class From, class To> struct is_convertible;
        -:  149:    template <typename From, typename To> struct is_nothrow_convertible;                  // C++20
        -:  150:    template <typename From, typename To> inline constexpr bool is_nothrow_convertible_v; // C++20
        -:  151:
        -:  152:    template <class Fn, class... ArgTypes> struct is_invocable;
        -:  153:    template <class R, class Fn, class... ArgTypes> struct is_invocable_r;
        -:  154:
        -:  155:    template <class Fn, class... ArgTypes> struct is_nothrow_invocable;
        -:  156:    template <class R, class Fn, class... ArgTypes> struct is_nothrow_invocable_r;
        -:  157:
        -:  158:    // Alignment properties and transformations:
        -:  159:    template <class T> struct alignment_of;
        -:  160:    template <size_t Len, size_t Align = most_stringent_alignment_requirement>
        -:  161:        struct aligned_storage;
        -:  162:    template <size_t Len, class... Types> struct aligned_union;
        -:  163:    template <class T> struct remove_cvref; // C++20
        -:  164:
        -:  165:    template <class T> struct decay;
        -:  166:    template <class... T> struct common_type;
        -:  167:    template <class T> struct underlying_type;
        -:  168:    template <class> class result_of; // undefined
        -:  169:    template <class Fn, class... ArgTypes> class result_of<Fn(ArgTypes...)>;
        -:  170:    template <class Fn, class... ArgTypes> struct invoke_result;  // C++17
        -:  171:
        -:  172:    // const-volatile modifications:
        -:  173:    template <class T>
        -:  174:      using remove_const_t    = typename remove_const<T>::type;  // C++14
        -:  175:    template <class T>
        -:  176:      using remove_volatile_t = typename remove_volatile<T>::type;  // C++14
        -:  177:    template <class T>
        -:  178:      using remove_cv_t       = typename remove_cv<T>::type;  // C++14
        -:  179:    template <class T>
        -:  180:      using add_const_t       = typename add_const<T>::type;  // C++14
        -:  181:    template <class T>
        -:  182:      using add_volatile_t    = typename add_volatile<T>::type;  // C++14
        -:  183:    template <class T>
        -:  184:      using add_cv_t          = typename add_cv<T>::type;  // C++14
        -:  185:
        -:  186:    // reference modifications:
        -:  187:    template <class T>
        -:  188:      using remove_reference_t     = typename remove_reference<T>::type;  // C++14
        -:  189:    template <class T>
        -:  190:      using add_lvalue_reference_t = typename add_lvalue_reference<T>::type;  // C++14
        -:  191:    template <class T>
        -:  192:      using add_rvalue_reference_t = typename add_rvalue_reference<T>::type;  // C++14
        -:  193:
        -:  194:    // sign modifications:
        -:  195:    template <class T>
        -:  196:      using make_signed_t   = typename make_signed<T>::type;  // C++14
        -:  197:    template <class T>
        -:  198:      using make_unsigned_t = typename make_unsigned<T>::type;  // C++14
        -:  199:
        -:  200:    // array modifications:
        -:  201:    template <class T>
        -:  202:      using remove_extent_t      = typename remove_extent<T>::type;  // C++14
        -:  203:    template <class T>
        -:  204:      using remove_all_extents_t = typename remove_all_extents<T>::type;  // C++14
        -:  205:
        -:  206:    template <class T>
        -:  207:      inline constexpr bool is_bounded_array_v
        -:  208:        = is_bounded_array<T>::value;                                     // C++20
        -:  209:      inline constexpr bool is_unbounded_array_v
        -:  210:        = is_unbounded_array<T>::value;                                   // C++20
        -:  211:
        -:  212:    // pointer modifications:
        -:  213:    template <class T>
        -:  214:      using remove_pointer_t = typename remove_pointer<T>::type;  // C++14
        -:  215:    template <class T>
        -:  216:      using add_pointer_t    = typename add_pointer<T>::type;  // C++14
        -:  217:
        -:  218:    // other transformations:
        -:  219:    template <size_t Len, std::size_t Align=default-alignment>
        -:  220:      using aligned_storage_t = typename aligned_storage<Len,Align>::type;  // C++14
        -:  221:    template <std::size_t Len, class... Types>
        -:  222:      using aligned_union_t   = typename aligned_union<Len,Types...>::type;  // C++14
        -:  223:    template <class T>
        -:  224:      using remove_cvref_t    = typename remove_cvref<T>::type;  // C++20
        -:  225:    template <class T>
        -:  226:      using decay_t           = typename decay<T>::type;  // C++14
        -:  227:    template <bool b, class T=void>
        -:  228:      using enable_if_t       = typename enable_if<b,T>::type;  // C++14
        -:  229:    template <bool b, class T, class F>
        -:  230:      using conditional_t     = typename conditional<b,T,F>::type;  // C++14
        -:  231:    template <class... T>
        -:  232:      using common_type_t     = typename common_type<T...>::type;  // C++14
        -:  233:    template <class T>
        -:  234:      using underlying_type_t = typename underlying_type<T>::type;  // C++14
        -:  235:    template <class T>
        -:  236:      using result_of_t       = typename result_of<T>::type;  // C++14
        -:  237:    template <class Fn, class... ArgTypes>
        -:  238:      using invoke_result_t   = typename invoke_result<Fn, ArgTypes...>::type;  // C++17
        -:  239:
        -:  240:    template <class...>
        -:  241:      using void_t = void;   // C++17
        -:  242:
        -:  243:      // See C++14 20.10.4.1, primary type categories
        -:  244:      template <class T> inline constexpr bool is_void_v
        -:  245:        = is_void<T>::value;                                             // C++17
        -:  246:      template <class T> inline constexpr bool is_null_pointer_v
        -:  247:        = is_null_pointer<T>::value;                                     // C++17
        -:  248:      template <class T> inline constexpr bool is_integral_v
        -:  249:        = is_integral<T>::value;                                         // C++17
        -:  250:      template <class T> inline constexpr bool is_floating_point_v
        -:  251:        = is_floating_point<T>::value;                                   // C++17
        -:  252:      template <class T> inline constexpr bool is_array_v
        -:  253:        = is_array<T>::value;                                            // C++17
        -:  254:      template <class T> inline constexpr bool is_pointer_v
        -:  255:        = is_pointer<T>::value;                                          // C++17
        -:  256:      template <class T> inline constexpr bool is_lvalue_reference_v
        -:  257:        = is_lvalue_reference<T>::value;                                 // C++17
        -:  258:      template <class T> inline constexpr bool is_rvalue_reference_v
        -:  259:        = is_rvalue_reference<T>::value;                                 // C++17
        -:  260:      template <class T> inline constexpr bool is_member_object_pointer_v
        -:  261:        = is_member_object_pointer<T>::value;                            // C++17
        -:  262:      template <class T> inline constexpr bool is_member_function_pointer_v
        -:  263:        = is_member_function_pointer<T>::value;                          // C++17
        -:  264:      template <class T> inline constexpr bool is_enum_v
        -:  265:        = is_enum<T>::value;                                             // C++17
        -:  266:      template <class T> inline constexpr bool is_union_v
        -:  267:        = is_union<T>::value;                                            // C++17
        -:  268:      template <class T> inline constexpr bool is_class_v
        -:  269:        = is_class<T>::value;                                            // C++17
        -:  270:      template <class T> inline constexpr bool is_function_v
        -:  271:        = is_function<T>::value;                                         // C++17
        -:  272:
        -:  273:      // See C++14 20.10.4.2, composite type categories
        -:  274:      template <class T> inline constexpr bool is_reference_v
        -:  275:        = is_reference<T>::value;                                        // C++17
        -:  276:      template <class T> inline constexpr bool is_arithmetic_v
        -:  277:        = is_arithmetic<T>::value;                                       // C++17
        -:  278:      template <class T> inline constexpr bool is_fundamental_v
        -:  279:        = is_fundamental<T>::value;                                      // C++17
        -:  280:      template <class T> inline constexpr bool is_object_v
        -:  281:        = is_object<T>::value;                                           // C++17
        -:  282:      template <class T> inline constexpr bool is_scalar_v
        -:  283:        = is_scalar<T>::value;                                           // C++17
        -:  284:      template <class T> inline constexpr bool is_compound_v
        -:  285:        = is_compound<T>::value;                                         // C++17
        -:  286:      template <class T> inline constexpr bool is_member_pointer_v
        -:  287:        = is_member_pointer<T>::value;                                   // C++17
        -:  288:      template <class T> inline constexpr bool is_scoped_enum_v
        -:  289:        = is_scoped_enum<T>::value;                                      // C++2b
        -:  290:
        -:  291:      // See C++14 20.10.4.3, type properties
        -:  292:      template <class T> inline constexpr bool is_const_v
        -:  293:        = is_const<T>::value;                                            // C++17
        -:  294:      template <class T> inline constexpr bool is_volatile_v
        -:  295:        = is_volatile<T>::value;                                         // C++17
        -:  296:      template <class T> inline constexpr bool is_trivial_v
        -:  297:        = is_trivial<T>::value;                                          // C++17
        -:  298:      template <class T> inline constexpr bool is_trivially_copyable_v
        -:  299:        = is_trivially_copyable<T>::value;                               // C++17
        -:  300:      template <class T> inline constexpr bool is_standard_layout_v
        -:  301:        = is_standard_layout<T>::value;                                  // C++17
        -:  302:      template <class T> inline constexpr bool is_pod_v
        -:  303:        = is_pod<T>::value;                                              // C++17
        -:  304:      template <class T> inline constexpr bool is_literal_type_v
        -:  305:        = is_literal_type<T>::value;                                     // C++17
        -:  306:      template <class T> inline constexpr bool is_empty_v
        -:  307:        = is_empty<T>::value;                                            // C++17
        -:  308:      template <class T> inline constexpr bool is_polymorphic_v
        -:  309:        = is_polymorphic<T>::value;                                      // C++17
        -:  310:      template <class T> inline constexpr bool is_abstract_v
        -:  311:        = is_abstract<T>::value;                                         // C++17
        -:  312:      template <class T> inline constexpr bool is_final_v
        -:  313:        = is_final<T>::value;                                            // C++17
        -:  314:      template <class T> inline constexpr bool is_aggregate_v
        -:  315:        = is_aggregate<T>::value;                                        // C++17
        -:  316:      template <class T> inline constexpr bool is_signed_v
        -:  317:        = is_signed<T>::value;                                           // C++17
        -:  318:      template <class T> inline constexpr bool is_unsigned_v
        -:  319:        = is_unsigned<T>::value;                                         // C++17
        -:  320:      template <class T, class... Args> inline constexpr bool is_constructible_v
        -:  321:        = is_constructible<T, Args...>::value;                           // C++17
        -:  322:      template <class T> inline constexpr bool is_default_constructible_v
        -:  323:        = is_default_constructible<T>::value;                            // C++17
        -:  324:      template <class T> inline constexpr bool is_copy_constructible_v
        -:  325:        = is_copy_constructible<T>::value;                               // C++17
        -:  326:      template <class T> inline constexpr bool is_move_constructible_v
        -:  327:        = is_move_constructible<T>::value;                               // C++17
        -:  328:      template <class T, class U> inline constexpr bool is_assignable_v
        -:  329:        = is_assignable<T, U>::value;                                    // C++17
        -:  330:      template <class T> inline constexpr bool is_copy_assignable_v
        -:  331:        = is_copy_assignable<T>::value;                                  // C++17
        -:  332:      template <class T> inline constexpr bool is_move_assignable_v
        -:  333:        = is_move_assignable<T>::value;                                  // C++17
        -:  334:      template <class T, class U> inline constexpr bool is_swappable_with_v
        -:  335:        = is_swappable_with<T, U>::value;                                // C++17
        -:  336:      template <class T> inline constexpr bool is_swappable_v
        -:  337:        = is_swappable<T>::value;                                        // C++17
        -:  338:      template <class T> inline constexpr bool is_destructible_v
        -:  339:        = is_destructible<T>::value;                                     // C++17
        -:  340:      template <class T, class... Args> inline constexpr bool is_trivially_constructible_v
        -:  341:        = is_trivially_constructible<T, Args...>::value;                 // C++17
        -:  342:      template <class T> inline constexpr bool is_trivially_default_constructible_v
        -:  343:        = is_trivially_default_constructible<T>::value;                  // C++17
        -:  344:      template <class T> inline constexpr bool is_trivially_copy_constructible_v
        -:  345:        = is_trivially_copy_constructible<T>::value;                     // C++17
        -:  346:      template <class T> inline constexpr bool is_trivially_move_constructible_v
        -:  347:        = is_trivially_move_constructible<T>::value;                     // C++17
        -:  348:      template <class T, class U> inline constexpr bool is_trivially_assignable_v
        -:  349:        = is_trivially_assignable<T, U>::value;                          // C++17
        -:  350:      template <class T> inline constexpr bool is_trivially_copy_assignable_v
        -:  351:        = is_trivially_copy_assignable<T>::value;                        // C++17
        -:  352:      template <class T> inline constexpr bool is_trivially_move_assignable_v
        -:  353:        = is_trivially_move_assignable<T>::value;                        // C++17
        -:  354:      template <class T> inline constexpr bool is_trivially_destructible_v
        -:  355:        = is_trivially_destructible<T>::value;                           // C++17
        -:  356:      template <class T, class... Args> inline constexpr bool is_nothrow_constructible_v
        -:  357:        = is_nothrow_constructible<T, Args...>::value;                   // C++17
        -:  358:      template <class T> inline constexpr bool is_nothrow_default_constructible_v
        -:  359:        = is_nothrow_default_constructible<T>::value;                    // C++17
        -:  360:      template <class T> inline constexpr bool is_nothrow_copy_constructible_v
        -:  361:        = is_nothrow_copy_constructible<T>::value;                       // C++17
        -:  362:      template <class T> inline constexpr bool is_nothrow_move_constructible_v
        -:  363:        = is_nothrow_move_constructible<T>::value;                       // C++17
        -:  364:      template <class T, class U> inline constexpr bool is_nothrow_assignable_v
        -:  365:        = is_nothrow_assignable<T, U>::value;                            // C++17
        -:  366:      template <class T> inline constexpr bool is_nothrow_copy_assignable_v
        -:  367:        = is_nothrow_copy_assignable<T>::value;                          // C++17
        -:  368:      template <class T> inline constexpr bool is_nothrow_move_assignable_v
        -:  369:        = is_nothrow_move_assignable<T>::value;                          // C++17
        -:  370:      template <class T, class U> inline constexpr bool is_nothrow_swappable_with_v
        -:  371:        = is_nothrow_swappable_with<T, U>::value;                       // C++17
        -:  372:      template <class T> inline constexpr bool is_nothrow_swappable_v
        -:  373:        = is_nothrow_swappable<T>::value;                               // C++17
        -:  374:      template <class T> inline constexpr bool is_nothrow_destructible_v
        -:  375:        = is_nothrow_destructible<T>::value;                             // C++17
        -:  376:      template <class T> inline constexpr bool has_virtual_destructor_v
        -:  377:        = has_virtual_destructor<T>::value;                              // C++17
        -:  378:      template<class T> inline constexpr bool has_unique_object_representations_v // C++17
        -:  379:        = has_unique_object_representations<T>::value;
        -:  380:
        -:  381:      // See C++14 20.10.5, type property queries
        -:  382:      template <class T> inline constexpr size_t alignment_of_v
        -:  383:        = alignment_of<T>::value;                                        // C++17
        -:  384:      template <class T> inline constexpr size_t rank_v
        -:  385:        = rank<T>::value;                                                // C++17
        -:  386:      template <class T, unsigned I = 0> inline constexpr size_t extent_v
        -:  387:        = extent<T, I>::value;                                           // C++17
        -:  388:
        -:  389:      // See C++14 20.10.6, type relations
        -:  390:      template <class T, class U> inline constexpr bool is_same_v
        -:  391:        = is_same<T, U>::value;                                          // C++17
        -:  392:      template <class Base, class Derived> inline constexpr bool is_base_of_v
        -:  393:        = is_base_of<Base, Derived>::value;                              // C++17
        -:  394:      template <class From, class To> inline constexpr bool is_convertible_v
        -:  395:        = is_convertible<From, To>::value;                               // C++17
        -:  396:      template <class Fn, class... ArgTypes> inline constexpr bool is_invocable_v
        -:  397:        = is_invocable<Fn, ArgTypes...>::value;                          // C++17
        -:  398:      template <class R, class Fn, class... ArgTypes> inline constexpr bool is_invocable_r_v
        -:  399:        = is_invocable_r<R, Fn, ArgTypes...>::value;                     // C++17
        -:  400:      template <class Fn, class... ArgTypes> inline constexpr bool is_nothrow_invocable_v
        -:  401:        = is_nothrow_invocable<Fn, ArgTypes...>::value;                  // C++17
        -:  402:      template <class R, class Fn, class... ArgTypes> inline constexpr bool is_nothrow_invocable_r_v
        -:  403:        = is_nothrow_invocable_r<R, Fn, ArgTypes...>::value;             // C++17
        -:  404:
        -:  405:      // [meta.logical], logical operator traits:
        -:  406:      template<class... B> struct conjunction;                           // C++17
        -:  407:      template<class... B>
        -:  408:        inline constexpr bool conjunction_v = conjunction<B...>::value;  // C++17
        -:  409:      template<class... B> struct disjunction;                           // C++17
        -:  410:      template<class... B>
        -:  411:        inline constexpr bool disjunction_v = disjunction<B...>::value;  // C++17
        -:  412:      template<class B> struct negation;                                 // C++17
        -:  413:      template<class B>
        -:  414:        inline constexpr bool negation_v = negation<B>::value;           // C++17
        -:  415:
        -:  416:}
        -:  417:
        -:  418:*/
        -:  419:#include <__config>
        -:  420:#include <cstddef>
        -:  421:#include <version>
        -:  422:
        -:  423:#if !defined(_LIBCPP_HAS_NO_PRAGMA_SYSTEM_HEADER)
        -:  424:#pragma GCC system_header
        -:  425:#endif
        -:  426:
        -:  427:_LIBCPP_BEGIN_NAMESPACE_STD
        -:  428:
        -:  429:template <class _T1, class _T2> struct _LIBCPP_TEMPLATE_VIS pair;
        -:  430:template <class _Tp> class _LIBCPP_TEMPLATE_VIS reference_wrapper;
        -:  431:template <class _Tp> struct _LIBCPP_TEMPLATE_VIS hash;
        -:  432:
        -:  433:template <class _Tp, _Tp __v>
        -:  434:struct _LIBCPP_TEMPLATE_VIS integral_constant
        -:  435:{
        -:  436:  static _LIBCPP_CONSTEXPR const _Tp      value = __v;
        -:  437:  typedef _Tp               value_type;
        -:  438:  typedef integral_constant type;
        -:  439:  _LIBCPP_INLINE_VISIBILITY
        -:  440:  _LIBCPP_CONSTEXPR operator value_type() const _NOEXCEPT {return value;}
        -:  441:#if _LIBCPP_STD_VER > 11
        -:  442:  _LIBCPP_INLINE_VISIBILITY
        -:  443:  constexpr value_type operator ()() const _NOEXCEPT {return value;}
        -:  444:#endif
        -:  445:};
        -:  446:
        -:  447:template <class _Tp, _Tp __v>
        -:  448:_LIBCPP_CONSTEXPR const _Tp integral_constant<_Tp, __v>::value;
        -:  449:
        -:  450:#if _LIBCPP_STD_VER > 14
        -:  451:template <bool __b>
        -:  452:using bool_constant = integral_constant<bool, __b>;
        -:  453:#define _LIBCPP_BOOL_CONSTANT(__b) bool_constant<(__b)>
        -:  454:#else
        -:  455:#define _LIBCPP_BOOL_CONSTANT(__b) integral_constant<bool,(__b)>
        -:  456:#endif
        -:  457:
        -:  458:typedef _LIBCPP_BOOL_CONSTANT(true)  true_type;
        -:  459:typedef _LIBCPP_BOOL_CONSTANT(false) false_type;
        -:  460:
        -:  461:template <bool _Val>
        -:  462:using _BoolConstant _LIBCPP_NODEBUG_TYPE = integral_constant<bool, _Val>;
        -:  463:
        -:  464:template <bool> struct _MetaBase;
        -:  465:template <>
        -:  466:struct _MetaBase<true> {
        -:  467:  template <class _Tp, class _Up>
        -:  468:  using _SelectImpl _LIBCPP_NODEBUG_TYPE = _Tp;
        -:  469:  template <template <class...> class _FirstFn, template <class...> class, class ..._Args>
        -:  470:  using _SelectApplyImpl _LIBCPP_NODEBUG_TYPE = _FirstFn<_Args...>;
        -:  471:  template <class _First, class...>
        -:  472:  using _FirstImpl _LIBCPP_NODEBUG_TYPE = _First;
        -:  473:  template <class, class _Second, class...>
        -:  474:  using _SecondImpl _LIBCPP_NODEBUG_TYPE = _Second;
        -:  475:  template <class _Tp = void>
        -:  476:  using _EnableIfImpl _LIBCPP_NODEBUG_TYPE = _Tp;
        -:  477:  template <class _Result, class _First, class ..._Rest>
        -:  478:  using _OrImpl _LIBCPP_NODEBUG_TYPE = typename _MetaBase<_First::value != true && sizeof...(_Rest) != 0>::template _OrImpl<_First, _Rest...>;
        -:  479:  template <class _Result, class _First, class ..._Rest>
        -:  480:  using _AndImpl _LIBCPP_NODEBUG_TYPE = typename _MetaBase<_First::value == true && sizeof...(_Rest) != 0>::template _AndImpl<_First, _Rest...>;
        -:  481:};
        -:  482:
        -:  483:template <>
        -:  484:struct _MetaBase<false> {
        -:  485:  template <class _Tp, class _Up>
        -:  486:  using _SelectImpl _LIBCPP_NODEBUG_TYPE = _Up;
        -:  487:  template <template <class...> class, template <class...> class _SecondFn, class ..._Args>
        -:  488:  using _SelectApplyImpl _LIBCPP_NODEBUG_TYPE = _SecondFn<_Args...>;
        -:  489:  template <class _Result, class ...>
        -:  490:  using _OrImpl _LIBCPP_NODEBUG_TYPE = _Result;
        -:  491:  template <class _Result, class ...>
        -:  492:  using _AndImpl _LIBCPP_NODEBUG_TYPE = _Result;
        -:  493:};
        -:  494:template <bool _Cond, class _Ret = void>
        -:  495:using _EnableIf _LIBCPP_NODEBUG_TYPE = typename _MetaBase<_Cond>::template _EnableIfImpl<_Ret>;
        -:  496:template <bool _Cond, class _IfRes, class _ElseRes>
        -:  497:using _If _LIBCPP_NODEBUG_TYPE = typename _MetaBase<_Cond>::template _SelectImpl<_IfRes, _ElseRes>;
        -:  498:template <class ..._Rest>
        -:  499:using _Or _LIBCPP_NODEBUG_TYPE = typename _MetaBase< sizeof...(_Rest) != 0 >::template _OrImpl<false_type, _Rest...>;
        -:  500:template <class ..._Rest>
        -:  501:using _And _LIBCPP_NODEBUG_TYPE = typename _MetaBase< sizeof...(_Rest) != 0 >::template _AndImpl<true_type, _Rest...>;
        -:  502:template <class _Pred>
        -:  503:struct _Not : _BoolConstant<!_Pred::value> {};
        -:  504:template <class ..._Args>
        -:  505:using _FirstType _LIBCPP_NODEBUG_TYPE = typename _MetaBase<(sizeof...(_Args) >= 1)>::template _FirstImpl<_Args...>;
        -:  506:template <class ..._Args>
        -:  507:using _SecondType _LIBCPP_NODEBUG_TYPE = typename _MetaBase<(sizeof...(_Args) >= 2)>::template _SecondImpl<_Args...>;
        -:  508:
        -:  509:template <template <class...> class _Func, class ..._Args>
        -:  510:struct _Lazy : _Func<_Args...> {};
        -:  511:
        -:  512:// Member detector base
        -:  513:
        -:  514:template <template <class...> class _Templ, class ..._Args, class = _Templ<_Args...> >
        -:  515:true_type __sfinae_test_impl(int);
        -:  516:template <template <class...> class, class ...>
        -:  517:false_type __sfinae_test_impl(...);
        -:  518:
        -:  519:template <template <class ...> class _Templ, class ..._Args>
        -:  520:using _IsValidExpansion _LIBCPP_NODEBUG_TYPE = decltype(__sfinae_test_impl<_Templ, _Args...>(0));
        -:  521:
        -:  522:template <class>
        -:  523:struct __void_t { typedef void type; };
        -:  524:
        -:  525:template <class _Tp>
        -:  526:struct __identity { typedef _Tp type; };
        -:  527:
        -:  528:template <class _Tp, bool>
        -:  529:struct _LIBCPP_TEMPLATE_VIS __dependent_type : public _Tp {};
        -:  530:
        -:  531:
        -:  532:template <bool _Bp, class _If, class _Then>
        -:  533:    struct _LIBCPP_TEMPLATE_VIS conditional {typedef _If type;};
        -:  534:template <class _If, class _Then>
        -:  535:    struct _LIBCPP_TEMPLATE_VIS conditional<false, _If, _Then> {typedef _Then type;};
        -:  536:
        -:  537:#if _LIBCPP_STD_VER > 11
        -:  538:template <bool _Bp, class _If, class _Then> using conditional_t = typename conditional<_Bp, _If, _Then>::type;
        -:  539:#endif
        -:  540:
        -:  541:template <bool, class _Tp = void> struct _LIBCPP_TEMPLATE_VIS enable_if {};
        -:  542:template <class _Tp> struct _LIBCPP_TEMPLATE_VIS enable_if<true, _Tp> {typedef _Tp type;};
        -:  543:
        -:  544:#if _LIBCPP_STD_VER > 11
        -:  545:template <bool _Bp, class _Tp = void> using enable_if_t = typename enable_if<_Bp, _Tp>::type;
        -:  546:#endif
        -:  547:
        -:  548:// is_same
        -:  549:
        -:  550:#if __has_keyword(__is_same)
        -:  551:
        -:  552:template <class _Tp, class _Up>
        -:  553:struct _LIBCPP_TEMPLATE_VIS is_same : _BoolConstant<__is_same(_Tp, _Up)> { };
        -:  554:
        -:  555:#if _LIBCPP_STD_VER > 14 && !defined(_LIBCPP_HAS_NO_VARIABLE_TEMPLATES)
        -:  556:template <class _Tp, class _Up>
        -:  557:_LIBCPP_INLINE_VAR _LIBCPP_CONSTEXPR bool is_same_v = __is_same(_Tp, _Up);
        -:  558:#endif
        -:  559:
        -:  560:#else
        -:  561:
        -:  562:template <class _Tp, class _Up> struct _LIBCPP_TEMPLATE_VIS is_same           : public false_type {};
        -:  563:template <class _Tp>            struct _LIBCPP_TEMPLATE_VIS is_same<_Tp, _Tp> : public true_type {};
        -:  564:
        -:  565:#if _LIBCPP_STD_VER > 14 && !defined(_LIBCPP_HAS_NO_VARIABLE_TEMPLATES)
        -:  566:template <class _Tp, class _Up>
        -:  567:_LIBCPP_INLINE_VAR _LIBCPP_CONSTEXPR bool is_same_v
        -:  568:    = is_same<_Tp, _Up>::value;
        -:  569:#endif
        -:  570:
        -:  571:#endif // __is_same
        -:  572:
        -:  573:template <class _Tp, class _Up>
        -:  574:using _IsSame = _BoolConstant<
        -:  575:#ifdef __clang__
        -:  576:    __is_same(_Tp, _Up)
        -:  577:#else
        -:  578:    _VSTD::is_same<_Tp, _Up>::value
        -:  579:#endif
        -:  580:>;
        -:  581:
        -:  582:template <class _Tp, class _Up>
        -:  583:using _IsNotSame = _BoolConstant<
        -:  584:#ifdef __clang__
        -:  585:    !__is_same(_Tp, _Up)
        -:  586:#else
        -:  587:    !_VSTD::is_same<_Tp, _Up>::value
        -:  588:#endif
        -:  589:>;
        -:  590:
        -:  591:
        -:  592:template <class _Tp>
        -:  593:using __test_for_primary_template = _EnableIf<
        -:  594:    _IsSame<_Tp, typename _Tp::__primary_template>::value
        -:  595:  >;
        -:  596:template <class _Tp>
        -:  597:using __is_primary_template = _IsValidExpansion<
        -:  598:    __test_for_primary_template, _Tp
        -:  599:  >;
        -:  600:
        -:  601:struct __two {char __lx[2];};
        -:  602:
        -:  603:// helper class:
        -:  604:
        -:  605:// is_const
        -:  606:
        -:  607:#if __has_keyword(__is_const)
        -:  608:
        -:  609:template <class _Tp>
        -:  610:struct _LIBCPP_TEMPLATE_VIS is_const : _BoolConstant<__is_const(_Tp)> { };
        -:  611:
        -:  612:#if _LIBCPP_STD_VER > 14 && !defined(_LIBCPP_HAS_NO_VARIABLE_TEMPLATES)
        -:  613:template <class _Tp>
        -:  614:_LIBCPP_INLINE_VAR _LIBCPP_CONSTEXPR bool is_const_v = __is_const(_Tp);
        -:  615:#endif
        -:  616:
        -:  617:#else
        -:  618:
        -:  619:template <class _Tp> struct _LIBCPP_TEMPLATE_VIS is_const            : public false_type {};
        -:  620:template <class _Tp> struct _LIBCPP_TEMPLATE_VIS is_const<_Tp const> : public true_type {};
        -:  621:
        -:  622:#if _LIBCPP_STD_VER > 14 && !defined(_LIBCPP_HAS_NO_VARIABLE_TEMPLATES)
        -:  623:template <class _Tp>
        -:  624:_LIBCPP_INLINE_VAR _LIBCPP_CONSTEXPR bool is_const_v
        -:  625:    = is_const<_Tp>::value;
        -:  626:#endif
        -:  627:
        -:  628:#endif // __has_keyword(__is_const)
        -:  629:
        -:  630:// is_volatile
        -:  631:
        -:  632:#if __has_keyword(__is_volatile)
        -:  633:
        -:  634:template <class _Tp>
        -:  635:struct _LIBCPP_TEMPLATE_VIS is_volatile : _BoolConstant<__is_volatile(_Tp)> { };
        -:  636:
        -:  637:#if _LIBCPP_STD_VER > 14 && !defined(_LIBCPP_HAS_NO_VARIABLE_TEMPLATES)
        -:  638:template <class _Tp>
        -:  639:_LIBCPP_INLINE_VAR _LIBCPP_CONSTEXPR bool is_volatile_v = __is_volatile(_Tp);
        -:  640:#endif
        -:  641:
        -:  642:#else
        -:  643:
        -:  644:template <class _Tp> struct _LIBCPP_TEMPLATE_VIS is_volatile               : public false_type {};
        -:  645:template <class _Tp> struct _LIBCPP_TEMPLATE_VIS is_volatile<_Tp volatile> : public true_type {};
        -:  646:
        -:  647:#if _LIBCPP_STD_VER > 14 && !defined(_LIBCPP_HAS_NO_VARIABLE_TEMPLATES)
        -:  648:template <class _Tp>
        -:  649:_LIBCPP_INLINE_VAR _LIBCPP_CONSTEXPR bool is_volatile_v
        -:  650:    = is_volatile<_Tp>::value;
        -:  651:#endif
        -:  652:
        -:  653:#endif // __has_keyword(__is_volatile)
        -:  654:
        -:  655:// remove_const
        -:  656:
        -:  657:#if __has_keyword(__remove_const)
        -:  658:
        -:  659:template <class _Tp>
        -:  660:struct _LIBCPP_TEMPLATE_VIS remove_const {typedef __remove_const(_Tp) type;};
        -:  661:
        -:  662:#if _LIBCPP_STD_VER > 11
        -:  663:template <class _Tp> using remove_const_t = __remove_const(_Tp);
        -:  664:#endif
        -:  665:
        -:  666:#else
        -:  667:
        -:  668:template <class _Tp> struct _LIBCPP_TEMPLATE_VIS remove_const            {typedef _Tp type;};
        -:  669:template <class _Tp> struct _LIBCPP_TEMPLATE_VIS remove_const<const _Tp> {typedef _Tp type;};
        -:  670:#if _LIBCPP_STD_VER > 11
        -:  671:template <class _Tp> using remove_const_t = typename remove_const<_Tp>::type;
        -:  672:#endif
        -:  673:
        -:  674:#endif // __has_keyword(__remove_const)
        -:  675:
        -:  676:// remove_volatile
        -:  677:
        -:  678:#if __has_keyword(__remove_volatile)
        -:  679:
        -:  680:template <class _Tp>
        -:  681:struct _LIBCPP_TEMPLATE_VIS remove_volatile {typedef __remove_volatile(_Tp) type;};
        -:  682:
        -:  683:#if _LIBCPP_STD_VER > 11
        -:  684:template <class _Tp> using remove_volatile_t = __remove_volatile(_Tp);
        -:  685:#endif
        -:  686:
        -:  687:#else
        -:  688:
        -:  689:template <class _Tp> struct _LIBCPP_TEMPLATE_VIS remove_volatile               {typedef _Tp type;};
        -:  690:template <class _Tp> struct _LIBCPP_TEMPLATE_VIS remove_volatile<volatile _Tp> {typedef _Tp type;};
        -:  691:#if _LIBCPP_STD_VER > 11
        -:  692:template <class _Tp> using remove_volatile_t = typename remove_volatile<_Tp>::type;
        -:  693:#endif
        -:  694:
        -:  695:#endif // __has_keyword(__remove_volatile)
        -:  696:
        -:  697:// remove_cv
        -:  698:
        -:  699:#if __has_keyword(__remove_cv)
        -:  700:
        -:  701:template <class _Tp>
        -:  702:struct _LIBCPP_TEMPLATE_VIS remove_cv {typedef __remove_cv(_Tp) type;};
        -:  703:
        -:  704:#if _LIBCPP_STD_VER > 11
        -:  705:template <class _Tp> using remove_cv_t = __remove_cv(_Tp);
        -:  706:#endif
        -:  707:
        -:  708:#else
        -:  709:
        -:  710:template <class _Tp> struct _LIBCPP_TEMPLATE_VIS remove_cv
        -:  711:{typedef typename remove_volatile<typename remove_const<_Tp>::type>::type type;};
        -:  712:#if _LIBCPP_STD_VER > 11
        -:  713:template <class _Tp> using remove_cv_t = typename remove_cv<_Tp>::type;
        -:  714:#endif
        -:  715:
        -:  716:#endif // __has_keyword(__remove_cv)
        -:  717:
        -:  718:// is_void
        -:  719:
        -:  720:#if __has_keyword(__is_void)
        -:  721:
        -:  722:template <class _Tp>
        -:  723:struct _LIBCPP_TEMPLATE_VIS is_void : _BoolConstant<__is_void(_Tp)> { };
        -:  724:
        -:  725:#if _LIBCPP_STD_VER > 14 && !defined(_LIBCPP_HAS_NO_VARIABLE_TEMPLATES)
        -:  726:template <class _Tp>
        -:  727:_LIBCPP_INLINE_VAR _LIBCPP_CONSTEXPR bool is_void_v = __is_void(_Tp);
        -:  728:#endif
        -:  729:
        -:  730:#else
        -:  731:
        -:  732:template <class _Tp> struct _LIBCPP_TEMPLATE_VIS is_void
        -:  733:    : public is_same<typename remove_cv<_Tp>::type, void> {};
        -:  734:
        -:  735:#if _LIBCPP_STD_VER > 14 && !defined(_LIBCPP_HAS_NO_VARIABLE_TEMPLATES)
        -:  736:template <class _Tp>
        -:  737:_LIBCPP_INLINE_VAR _LIBCPP_CONSTEXPR bool is_void_v
        -:  738:    = is_void<_Tp>::value;
        -:  739:#endif
        -:  740:
        -:  741:#endif // __has_keyword(__is_void)
        -:  742:
        -:  743:// __is_nullptr_t
        -:  744:
        -:  745:template <class _Tp> struct __is_nullptr_t_impl       : public false_type {};
        -:  746:template <>          struct __is_nullptr_t_impl<nullptr_t> : public true_type {};
        -:  747:
        -:  748:template <class _Tp> struct _LIBCPP_TEMPLATE_VIS __is_nullptr_t
        -:  749:    : public __is_nullptr_t_impl<typename remove_cv<_Tp>::type> {};
        -:  750:
        -:  751:#if _LIBCPP_STD_VER > 11
        -:  752:template <class _Tp> struct _LIBCPP_TEMPLATE_VIS is_null_pointer
        -:  753:    : public __is_nullptr_t_impl<typename remove_cv<_Tp>::type> {};
        -:  754:
        -:  755:#if _LIBCPP_STD_VER > 14 && !defined(_LIBCPP_HAS_NO_VARIABLE_TEMPLATES)
        -:  756:template <class _Tp>
        -:  757:_LIBCPP_INLINE_VAR _LIBCPP_CONSTEXPR bool is_null_pointer_v
        -:  758:    = is_null_pointer<_Tp>::value;
        -:  759:#endif
        -:  760:#endif // _LIBCPP_STD_VER > 11
        -:  761:
        -:  762:// is_integral
        -:  763:
        -:  764:#if __has_keyword(__is_integral)
        -:  765:
        -:  766:template <class _Tp>
        -:  767:struct _LIBCPP_TEMPLATE_VIS is_integral : _BoolConstant<__is_integral(_Tp)> { };
        -:  768:
        -:  769:#if _LIBCPP_STD_VER > 14
        -:  770:template <class _Tp>
        -:  771:_LIBCPP_INLINE_VAR _LIBCPP_CONSTEXPR bool is_integral_v = __is_integral(_Tp);
        -:  772:#endif
        -:  773:
        -:  774:#else
        -:  775:
        -:  776:template <class _Tp> struct _LIBCPP_TEMPLATE_VIS is_integral
        -:  777:    : public _BoolConstant<__libcpp_is_integral<typename remove_cv<_Tp>::type>::value> {};
        -:  778:
        -:  779:#if _LIBCPP_STD_VER > 14 && !defined(_LIBCPP_HAS_NO_VARIABLE_TEMPLATES)
        -:  780:template <class _Tp>
        -:  781:_LIBCPP_INLINE_VAR _LIBCPP_CONSTEXPR bool is_integral_v
        -:  782:    = is_integral<_Tp>::value;
        -:  783:#endif
        -:  784:
        -:  785:#endif // __has_keyword(__is_integral)
        -:  786:
        -:  787:// is_floating_point
        -:  788:
        -:  789:template <class _Tp> struct __libcpp_is_floating_point              : public false_type {};
        -:  790:template <>          struct __libcpp_is_floating_point<float>       : public true_type {};
        -:  791:template <>          struct __libcpp_is_floating_point<double>      : public true_type {};
        -:  792:template <>          struct __libcpp_is_floating_point<long double> : public true_type {};
        -:  793:
        -:  794:template <class _Tp> struct _LIBCPP_TEMPLATE_VIS is_floating_point
        -:  795:    : public __libcpp_is_floating_point<typename remove_cv<_Tp>::type> {};
        -:  796:
        -:  797:#if _LIBCPP_STD_VER > 14 && !defined(_LIBCPP_HAS_NO_VARIABLE_TEMPLATES)
        -:  798:template <class _Tp>
        -:  799:_LIBCPP_INLINE_VAR _LIBCPP_CONSTEXPR bool is_floating_point_v
        -:  800:    = is_floating_point<_Tp>::value;
        -:  801:#endif
        -:  802:
        -:  803:// is_array
        -:  804:
        -:  805:#if __has_keyword(__is_array)
        -:  806:
        -:  807:template <class _Tp>
        -:  808:struct _LIBCPP_TEMPLATE_VIS is_array : _BoolConstant<__is_array(_Tp)> { };
        -:  809:
        -:  810:#if _LIBCPP_STD_VER > 14 && !defined(_LIBCPP_HAS_NO_VARIABLE_TEMPLATES)
        -:  811:template <class _Tp>
        -:  812:_LIBCPP_INLINE_VAR _LIBCPP_CONSTEXPR bool is_array_v = __is_array(_Tp);
        -:  813:#endif
        -:  814:
        -:  815:#else
        -:  816:
        -:  817:template <class _Tp> struct _LIBCPP_TEMPLATE_VIS is_array
        -:  818:    : public false_type {};
        -:  819:template <class _Tp> struct _LIBCPP_TEMPLATE_VIS is_array<_Tp[]>
        -:  820:    : public true_type {};
        -:  821:template <class _Tp, size_t _Np> struct _LIBCPP_TEMPLATE_VIS is_array<_Tp[_Np]>
        -:  822:    : public true_type {};
        -:  823:
        -:  824:#if _LIBCPP_STD_VER > 14 && !defined(_LIBCPP_HAS_NO_VARIABLE_TEMPLATES)
        -:  825:template <class _Tp>
        -:  826:_LIBCPP_INLINE_VAR _LIBCPP_CONSTEXPR bool is_array_v
        -:  827:    = is_array<_Tp>::value;
        -:  828:#endif
        -:  829:
        -:  830:#endif // __has_keyword(__is_array)
        -:  831:
        -:  832:// is_pointer
        -:  833:
        -:  834:// In clang 10.0.0 and earlier __is_pointer didn't work with Objective-C types.
        -:  835:#if __has_keyword(__is_pointer) && _LIBCPP_CLANG_VER > 1000
        -:  836:
        -:  837:template<class _Tp>
        -:  838:struct _LIBCPP_TEMPLATE_VIS is_pointer : _BoolConstant<__is_pointer(_Tp)> { };
        -:  839:
        -:  840:#if _LIBCPP_STD_VER > 14 && !defined(_LIBCPP_HAS_NO_VARIABLE_TEMPLATES)
        -:  841:template <class _Tp>
        -:  842:_LIBCPP_INLINE_VAR _LIBCPP_CONSTEXPR bool is_pointer_v = __is_pointer(_Tp);
        -:  843:#endif
        -:  844:
        -:  845:#else // __has_keyword(__is_pointer)
        -:  846:
        -:  847:template <class _Tp> struct __libcpp_is_pointer       : public false_type {};
        -:  848:template <class _Tp> struct __libcpp_is_pointer<_Tp*> : public true_type {};
        -:  849:
        -:  850:template <class _Tp> struct __libcpp_remove_objc_qualifiers { typedef _Tp type; };
        -:  851:#if defined(_LIBCPP_HAS_OBJC_ARC)
        -:  852:template <class _Tp> struct __libcpp_remove_objc_qualifiers<_Tp __strong> { typedef _Tp type; };
        -:  853:template <class _Tp> struct __libcpp_remove_objc_qualifiers<_Tp __weak> { typedef _Tp type; };
        -:  854:template <class _Tp> struct __libcpp_remove_objc_qualifiers<_Tp __autoreleasing> { typedef _Tp type; };
        -:  855:template <class _Tp> struct __libcpp_remove_objc_qualifiers<_Tp __unsafe_unretained> { typedef _Tp type; };
        -:  856:#endif
        -:  857:
        -:  858:template <class _Tp> struct _LIBCPP_TEMPLATE_VIS is_pointer
        -:  859:    : public __libcpp_is_pointer<typename __libcpp_remove_objc_qualifiers<typename remove_cv<_Tp>::type>::type> {};
        -:  860:
        -:  861:#if _LIBCPP_STD_VER > 14 && !defined(_LIBCPP_HAS_NO_VARIABLE_TEMPLATES)
        -:  862:template <class _Tp>
        -:  863:_LIBCPP_INLINE_VAR _LIBCPP_CONSTEXPR bool is_pointer_v
        -:  864:    = is_pointer<_Tp>::value;
        -:  865:#endif
        -:  866:
        -:  867:#endif // __has_keyword(__is_pointer)
        -:  868:
        -:  869:// is_reference
        -:  870:
        -:  871:#if __has_keyword(__is_lvalue_reference) && \
        -:  872:    __has_keyword(__is_rvalue_reference) && \
        -:  873:    __has_keyword(__is_reference)
        -:  874:
        -:  875:template<class _Tp>
        -:  876:struct _LIBCPP_TEMPLATE_VIS is_lvalue_reference : _BoolConstant<__is_lvalue_reference(_Tp)> { };
        -:  877:
        -:  878:template<class _Tp>
        -:  879:struct _LIBCPP_TEMPLATE_VIS is_rvalue_reference : _BoolConstant<__is_rvalue_reference(_Tp)> { };
        -:  880:
        -:  881:template<class _Tp>
        -:  882:struct _LIBCPP_TEMPLATE_VIS is_reference : _BoolConstant<__is_reference(_Tp)> { };
        -:  883:
        -:  884:#if _LIBCPP_STD_VER > 14 && !defined(_LIBCPP_HAS_NO_VARIABLE_TEMPLATES)
        -:  885:template <class _Tp>
        -:  886:_LIBCPP_INLINE_VAR _LIBCPP_CONSTEXPR bool is_reference_v = __is_reference(_Tp);
        -:  887:
        -:  888:template <class _Tp>
        -:  889:_LIBCPP_INLINE_VAR _LIBCPP_CONSTEXPR bool is_lvalue_reference_v = __is_lvalue_reference(_Tp);
        -:  890:
        -:  891:template <class _Tp>
        -:  892:_LIBCPP_INLINE_VAR _LIBCPP_CONSTEXPR bool is_rvalue_reference_v = __is_rvalue_reference(_Tp);
        -:  893:#endif
        -:  894:
        -:  895:#else // __has_keyword(__is_lvalue_reference) && etc...
        -:  896:
        -:  897:template <class _Tp> struct _LIBCPP_TEMPLATE_VIS is_lvalue_reference       : public false_type {};
        -:  898:template <class _Tp> struct _LIBCPP_TEMPLATE_VIS is_lvalue_reference<_Tp&> : public true_type {};
        -:  899:
        -:  900:template <class _Tp> struct _LIBCPP_TEMPLATE_VIS is_rvalue_reference        : public false_type {};
        -:  901:template <class _Tp> struct _LIBCPP_TEMPLATE_VIS is_rvalue_reference<_Tp&&> : public true_type {};
        -:  902:
        -:  903:template <class _Tp> struct _LIBCPP_TEMPLATE_VIS is_reference        : public false_type {};
        -:  904:template <class _Tp> struct _LIBCPP_TEMPLATE_VIS is_reference<_Tp&>  : public true_type {};
        -:  905:template <class _Tp> struct _LIBCPP_TEMPLATE_VIS is_reference<_Tp&&> : public true_type {};
        -:  906:
        -:  907:#if _LIBCPP_STD_VER > 14 && !defined(_LIBCPP_HAS_NO_VARIABLE_TEMPLATES)
        -:  908:template <class _Tp>
        -:  909:_LIBCPP_INLINE_VAR _LIBCPP_CONSTEXPR bool is_reference_v
        -:  910:    = is_reference<_Tp>::value;
        -:  911:
        -:  912:template <class _Tp>
        -:  913:_LIBCPP_INLINE_VAR _LIBCPP_CONSTEXPR bool is_lvalue_reference_v
        -:  914:    = is_lvalue_reference<_Tp>::value;
        -:  915:
        -:  916:template <class _Tp>
        -:  917:_LIBCPP_INLINE_VAR _LIBCPP_CONSTEXPR bool is_rvalue_reference_v
        -:  918:    = is_rvalue_reference<_Tp>::value;
        -:  919:#endif
        -:  920:
        -:  921:#endif // __has_keyword(__is_lvalue_reference) && etc...
        -:  922:
        -:  923:// is_union
        -:  924:
        -:  925:#if __has_feature(is_union) || defined(_LIBCPP_COMPILER_GCC)
        -:  926:
        -:  927:template <class _Tp> struct _LIBCPP_TEMPLATE_VIS is_union
        -:  928:    : public integral_constant<bool, __is_union(_Tp)> {};
        -:  929:
        -:  930:#else
        -:  931:
        -:  932:template <class _Tp> struct __libcpp_union : public false_type {};
        -:  933:template <class _Tp> struct _LIBCPP_TEMPLATE_VIS is_union
        -:  934:    : public __libcpp_union<typename remove_cv<_Tp>::type> {};
        -:  935:
        -:  936:#endif
        -:  937:
        -:  938:#if _LIBCPP_STD_VER > 14 && !defined(_LIBCPP_HAS_NO_VARIABLE_TEMPLATES)
        -:  939:template <class _Tp>
        -:  940:_LIBCPP_INLINE_VAR _LIBCPP_CONSTEXPR bool is_union_v
        -:  941:    = is_union<_Tp>::value;
        -:  942:#endif
        -:  943:
        -:  944:// is_class
        -:  945:
        -:  946:#if __has_feature(is_class) || defined(_LIBCPP_COMPILER_GCC)
        -:  947:
        -:  948:template <class _Tp> struct _LIBCPP_TEMPLATE_VIS is_class
        -:  949:    : public integral_constant<bool, __is_class(_Tp)> {};
        -:  950:
        -:  951:#else
        -:  952:
        -:  953:namespace __is_class_imp
        -:  954:{
        -:  955:template <class _Tp> char  __test(int _Tp::*);
        -:  956:template <class _Tp> __two __test(...);
        -:  957:}
        -:  958:
        -:  959:template <class _Tp> struct _LIBCPP_TEMPLATE_VIS is_class
        -:  960:    : public integral_constant<bool, sizeof(__is_class_imp::__test<_Tp>(0)) == 1 && !is_union<_Tp>::value> {};
        -:  961:
        -:  962:#endif
        -:  963:
        -:  964:#if _LIBCPP_STD_VER > 14 && !defined(_LIBCPP_HAS_NO_VARIABLE_TEMPLATES)
        -:  965:template <class _Tp>
        -:  966:_LIBCPP_INLINE_VAR _LIBCPP_CONSTEXPR bool is_class_v
        -:  967:    = is_class<_Tp>::value;
        -:  968:#endif
        -:  969:
        -:  970:// is_function
        -:  971:
        -:  972:template <class _Tp> struct _LIBCPP_TEMPLATE_VIS is_function
        -:  973:    : public _BoolConstant<
        -:  974:#ifdef __clang__
        -:  975:    __is_function(_Tp)
        -:  976:#else
        -:  977: !(is_reference<_Tp>::value || is_const<const _Tp>::value)
        -:  978:#endif
        -:  979:    > {};
        -:  980:
        -:  981:
        -:  982:#if _LIBCPP_STD_VER > 14 && !defined(_LIBCPP_HAS_NO_VARIABLE_TEMPLATES)
        -:  983:template <class _Tp>
        -:  984:_LIBCPP_INLINE_VAR _LIBCPP_CONSTEXPR bool is_function_v
        -:  985:    = is_function<_Tp>::value;
        -:  986:#endif
        -:  987:
        -:  988:template <class _Tp> struct __libcpp_is_member_pointer {
        -:  989:  enum {
        -:  990:    __is_member = false,
        -:  991:    __is_func = false,
        -:  992:    __is_obj = false
        -:  993:  };
        -:  994:};
        -:  995:template <class _Tp, class _Up> struct __libcpp_is_member_pointer<_Tp _Up::*> {
        -:  996:  enum {
        -:  997:    __is_member = true,
        -:  998:    __is_func = is_function<_Tp>::value,
        -:  999:    __is_obj = !__is_func,
        -: 1000:  };
        -: 1001:};
        -: 1002:
        -: 1003:#if __has_keyword(__is_member_function_pointer)
        -: 1004:
        -: 1005:template<class _Tp>
        -: 1006:struct _LIBCPP_TEMPLATE_VIS is_member_function_pointer
        -: 1007:    : _BoolConstant<__is_member_function_pointer(_Tp)> { };
        -: 1008:
        -: 1009:#if _LIBCPP_STD_VER > 14 && !defined(_LIBCPP_HAS_NO_VARIABLE_TEMPLATES)
        -: 1010:template <class _Tp>
        -: 1011:_LIBCPP_INLINE_VAR _LIBCPP_CONSTEXPR bool is_member_function_pointer_v
        -: 1012:    = __is_member_function_pointer(_Tp);
        -: 1013:#endif
        -: 1014:
        -: 1015:#else // __has_keyword(__is_member_function_pointer)
        -: 1016:
        -: 1017:template <class _Tp> struct _LIBCPP_TEMPLATE_VIS is_member_function_pointer
        -: 1018:    : public _BoolConstant< __libcpp_is_member_pointer<typename remove_cv<_Tp>::type>::__is_func > {};
        -: 1019:
        -: 1020:#if _LIBCPP_STD_VER > 14 && !defined(_LIBCPP_HAS_NO_VARIABLE_TEMPLATES)
        -: 1021:template <class _Tp>
        -: 1022:_LIBCPP_INLINE_VAR _LIBCPP_CONSTEXPR bool is_member_function_pointer_v
        -: 1023:    = is_member_function_pointer<_Tp>::value;
        -: 1024:#endif
        -: 1025:
        -: 1026:#endif // __has_keyword(__is_member_function_pointer)
        -: 1027:
        -: 1028:// is_member_pointer
        -: 1029:
        -: 1030:#if __has_keyword(__is_member_pointer)
        -: 1031:
        -: 1032:template<class _Tp>
        -: 1033:struct _LIBCPP_TEMPLATE_VIS is_member_pointer : _BoolConstant<__is_member_pointer(_Tp)> { };
        -: 1034:
        -: 1035:#if _LIBCPP_STD_VER > 14 && !defined(_LIBCPP_HAS_NO_VARIABLE_TEMPLATES)
        -: 1036:template <class _Tp>
        -: 1037:_LIBCPP_INLINE_VAR _LIBCPP_CONSTEXPR bool is_member_pointer_v = __is_member_pointer(_Tp);
        -: 1038:#endif
        -: 1039:
        -: 1040:#else // __has_keyword(__is_member_pointer)
        -: 1041:
        -: 1042:template <class _Tp> struct _LIBCPP_TEMPLATE_VIS is_member_pointer
        -: 1043: : public _BoolConstant< __libcpp_is_member_pointer<typename remove_cv<_Tp>::type>::__is_member > {};
        -: 1044:
        -: 1045:#if _LIBCPP_STD_VER > 14 && !defined(_LIBCPP_HAS_NO_VARIABLE_TEMPLATES)
        -: 1046:template <class _Tp>
        -: 1047:_LIBCPP_INLINE_VAR _LIBCPP_CONSTEXPR bool is_member_pointer_v
        -: 1048:    = is_member_pointer<_Tp>::value;
        -: 1049:#endif
        -: 1050:
        -: 1051:#endif // __has_keyword(__is_member_pointer)
        -: 1052:
        -: 1053:// is_member_object_pointer
        -: 1054:
        -: 1055:#if __has_keyword(__is_member_object_pointer)
        -: 1056:
        -: 1057:template<class _Tp>
        -: 1058:struct _LIBCPP_TEMPLATE_VIS is_member_object_pointer
        -: 1059:    : _BoolConstant<__is_member_object_pointer(_Tp)> { };
        -: 1060:
        -: 1061:#if _LIBCPP_STD_VER > 14 && !defined(_LIBCPP_HAS_NO_VARIABLE_TEMPLATES)
        -: 1062:template <class _Tp>
        -: 1063:_LIBCPP_INLINE_VAR _LIBCPP_CONSTEXPR bool is_member_object_pointer_v
        -: 1064:    = __is_member_object_pointer(_Tp);
        -: 1065:#endif
        -: 1066:
        -: 1067:#else // __has_keyword(__is_member_object_pointer)
        -: 1068:
        -: 1069:template <class _Tp> struct _LIBCPP_TEMPLATE_VIS is_member_object_pointer
        -: 1070:    : public _BoolConstant< __libcpp_is_member_pointer<typename remove_cv<_Tp>::type>::__is_obj >  {};
        -: 1071:
        -: 1072:#if _LIBCPP_STD_VER > 14 && !defined(_LIBCPP_HAS_NO_VARIABLE_TEMPLATES)
        -: 1073:template <class _Tp>
        -: 1074:_LIBCPP_INLINE_VAR _LIBCPP_CONSTEXPR bool is_member_object_pointer_v
        -: 1075:    = is_member_object_pointer<_Tp>::value;
        -: 1076:#endif
        -: 1077:
        -: 1078:#endif // __has_keyword(__is_member_object_pointer)
        -: 1079:
        -: 1080:// is_enum
        -: 1081:
        -: 1082:#if __has_feature(is_enum) || defined(_LIBCPP_COMPILER_GCC)
        -: 1083:
        -: 1084:template <class _Tp> struct _LIBCPP_TEMPLATE_VIS is_enum
        -: 1085:    : public integral_constant<bool, __is_enum(_Tp)> {};
        -: 1086:
        -: 1087:#if _LIBCPP_STD_VER > 14 && !defined(_LIBCPP_HAS_NO_VARIABLE_TEMPLATES)
        -: 1088:template <class _Tp>
        -: 1089:_LIBCPP_INLINE_VAR _LIBCPP_CONSTEXPR bool is_enum_v = __is_enum(_Tp);
        -: 1090:#endif
        -: 1091:
        -: 1092:#else
        -: 1093:
        -: 1094:template <class _Tp> struct _LIBCPP_TEMPLATE_VIS is_enum
        -: 1095:    : public integral_constant<bool, !is_void<_Tp>::value             &&
        -: 1096:                                     !is_integral<_Tp>::value         &&
        -: 1097:                                     !is_floating_point<_Tp>::value   &&
        -: 1098:                                     !is_array<_Tp>::value            &&
        -: 1099:                                     !is_pointer<_Tp>::value          &&
        -: 1100:                                     !is_reference<_Tp>::value        &&
        -: 1101:                                     !is_member_pointer<_Tp>::value   &&
        -: 1102:                                     !is_union<_Tp>::value            &&
        -: 1103:                                     !is_class<_Tp>::value            &&
        -: 1104:                                     !is_function<_Tp>::value         > {};
        -: 1105:
        -: 1106:#if _LIBCPP_STD_VER > 14 && !defined(_LIBCPP_HAS_NO_VARIABLE_TEMPLATES)
        -: 1107:template <class _Tp>
        -: 1108:_LIBCPP_INLINE_VAR _LIBCPP_CONSTEXPR bool is_enum_v
        -: 1109:    = is_enum<_Tp>::value;
        -: 1110:#endif
        -: 1111:
        -: 1112:#endif // __has_feature(is_enum) || defined(_LIBCPP_COMPILER_GCC)
        -: 1113:
        -: 1114:// is_arithmetic
        -: 1115:
        -: 1116:
        -: 1117:template <class _Tp> struct _LIBCPP_TEMPLATE_VIS is_arithmetic
        -: 1118:    : public integral_constant<bool, is_integral<_Tp>::value      ||
        -: 1119:                                     is_floating_point<_Tp>::value> {};
        -: 1120:
        -: 1121:#if _LIBCPP_STD_VER > 14 && !defined(_LIBCPP_HAS_NO_VARIABLE_TEMPLATES)
        -: 1122:template <class _Tp>
        -: 1123:_LIBCPP_INLINE_VAR _LIBCPP_CONSTEXPR bool is_arithmetic_v
        -: 1124:    = is_arithmetic<_Tp>::value;
        -: 1125:#endif
        -: 1126:
        -: 1127:// is_fundamental
        -: 1128:
        -: 1129:// In clang 9 and lower, this builtin did not work for nullptr_t. Additionally, in C++03 mode,
        -: 1130:// nullptr isn't defined by the compiler so, this builtin won't work.
        -: 1131:#if __has_keyword(__is_fundamental) && _LIBCPP_CLANG_VER > 900 && !defined(_LIBCPP_CXX03_LANG)
        -: 1132:
        -: 1133:template<class _Tp>
        -: 1134:struct _LIBCPP_TEMPLATE_VIS is_fundamental : _BoolConstant<__is_fundamental(_Tp)> { };
        -: 1135:
        -: 1136:#if _LIBCPP_STD_VER > 14 && !defined(_LIBCPP_HAS_NO_VARIABLE_TEMPLATES)
        -: 1137:template <class _Tp>
        -: 1138:_LIBCPP_INLINE_VAR _LIBCPP_CONSTEXPR bool is_fundamental_v = __is_fundamental(_Tp);
        -: 1139:#endif
        -: 1140:
        -: 1141:#else // __has_keyword(__is_fundamental)
        -: 1142:
        -: 1143:template <class _Tp> struct _LIBCPP_TEMPLATE_VIS is_fundamental
        -: 1144:    : public integral_constant<bool, is_void<_Tp>::value        ||
        -: 1145:                                     __is_nullptr_t<_Tp>::value ||
        -: 1146:                                     is_arithmetic<_Tp>::value> {};
        -: 1147:
        -: 1148:#if _LIBCPP_STD_VER > 14 && !defined(_LIBCPP_HAS_NO_VARIABLE_TEMPLATES)
        -: 1149:template <class _Tp>
        -: 1150:_LIBCPP_INLINE_VAR _LIBCPP_CONSTEXPR bool is_fundamental_v
        -: 1151:    = is_fundamental<_Tp>::value;
        -: 1152:#endif
        -: 1153:
        -: 1154:#endif // __has_keyword(__is_fundamental)
        -: 1155:
        -: 1156:// is_scalar
        -: 1157:
        -: 1158:// >= 11 because in C++03 nullptr isn't actually nullptr
        -: 1159:#if __has_keyword(__is_scalar) && !defined(_LIBCPP_CXX03_LANG)
        -: 1160:
        -: 1161:template<class _Tp>
        -: 1162:struct _LIBCPP_TEMPLATE_VIS is_scalar : _BoolConstant<__is_scalar(_Tp)> { };
        -: 1163:
        -: 1164:#if _LIBCPP_STD_VER > 14 && !defined(_LIBCPP_HAS_NO_VARIABLE_TEMPLATES)
        -: 1165:template <class _Tp>
        -: 1166:_LIBCPP_INLINE_VAR _LIBCPP_CONSTEXPR bool is_scalar_v = __is_scalar(_Tp);
        -: 1167:#endif
        -: 1168:
        -: 1169:#else // __has_keyword(__is_scalar)
        -: 1170:
        -: 1171:template <class _Tp> struct __is_block : false_type {};
        -: 1172:#if defined(_LIBCPP_HAS_EXTENSION_BLOCKS)
        -: 1173:template <class _Rp, class ..._Args> struct __is_block<_Rp (^)(_Args...)> : true_type {};
        -: 1174:#endif
        -: 1175:
        -: 1176:template <class _Tp> struct _LIBCPP_TEMPLATE_VIS is_scalar
        -: 1177:    : public integral_constant<bool, is_arithmetic<_Tp>::value     ||
        -: 1178:                                     is_member_pointer<_Tp>::value ||
        -: 1179:                                     is_pointer<_Tp>::value        ||
        -: 1180:                                     __is_nullptr_t<_Tp>::value    ||
        -: 1181:                                     __is_block<_Tp>::value        ||
        -: 1182:                                     is_enum<_Tp>::value           > {};
        -: 1183:
        -: 1184:template <> struct _LIBCPP_TEMPLATE_VIS is_scalar<nullptr_t> : public true_type {};
        -: 1185:
        -: 1186:#if _LIBCPP_STD_VER > 14 && !defined(_LIBCPP_HAS_NO_VARIABLE_TEMPLATES)
        -: 1187:template <class _Tp>
        -: 1188:_LIBCPP_INLINE_VAR _LIBCPP_CONSTEXPR bool is_scalar_v
        -: 1189:    = is_scalar<_Tp>::value;
        -: 1190:#endif
        -: 1191:
        -: 1192:#endif // __has_keyword(__is_scalar)
        -: 1193:
        -: 1194:// is_object
        -: 1195:
        -: 1196:#if __has_keyword(__is_object)
        -: 1197:
        -: 1198:template<class _Tp>
        -: 1199:struct _LIBCPP_TEMPLATE_VIS is_object : _BoolConstant<__is_object(_Tp)> { };
        -: 1200:
        -: 1201:#if _LIBCPP_STD_VER > 14 && !defined(_LIBCPP_HAS_NO_VARIABLE_TEMPLATES)
        -: 1202:template <class _Tp>
        -: 1203:_LIBCPP_INLINE_VAR _LIBCPP_CONSTEXPR bool is_object_v = __is_object(_Tp);
        -: 1204:#endif
        -: 1205:
        -: 1206:#else // __has_keyword(__is_object)
        -: 1207:
        -: 1208:template <class _Tp> struct _LIBCPP_TEMPLATE_VIS is_object
        -: 1209:    : public integral_constant<bool, is_scalar<_Tp>::value ||
        -: 1210:                                     is_array<_Tp>::value  ||
        -: 1211:                                     is_union<_Tp>::value  ||
        -: 1212:                                     is_class<_Tp>::value  > {};
        -: 1213:
        -: 1214:#if _LIBCPP_STD_VER > 14 && !defined(_LIBCPP_HAS_NO_VARIABLE_TEMPLATES)
        -: 1215:template <class _Tp>
        -: 1216:_LIBCPP_INLINE_VAR _LIBCPP_CONSTEXPR bool is_object_v
        -: 1217:    = is_object<_Tp>::value;
        -: 1218:#endif
        -: 1219:
        -: 1220:#endif // __has_keyword(__is_object)
        -: 1221:
        -: 1222:// is_compound
        -: 1223:
        -: 1224:// >= 11 because in C++03 nullptr isn't actually nullptr
        -: 1225:#if __has_keyword(__is_compound) && !defined(_LIBCPP_CXX03_LANG)
        -: 1226:
        -: 1227:template<class _Tp>
        -: 1228:struct _LIBCPP_TEMPLATE_VIS is_compound : _BoolConstant<__is_compound(_Tp)> { };
        -: 1229:
        -: 1230:#if _LIBCPP_STD_VER > 14 && !defined(_LIBCPP_HAS_NO_VARIABLE_TEMPLATES)
        -: 1231:template <class _Tp>
        -: 1232:_LIBCPP_INLINE_VAR _LIBCPP_CONSTEXPR bool is_compound_v = __is_compound(_Tp);
        -: 1233:#endif
        -: 1234:
        -: 1235:#else // __has_keyword(__is_compound)
        -: 1236:
        -: 1237:template <class _Tp> struct _LIBCPP_TEMPLATE_VIS is_compound
        -: 1238:    : public integral_constant<bool, !is_fundamental<_Tp>::value> {};
        -: 1239:
        -: 1240:#if _LIBCPP_STD_VER > 14 && !defined(_LIBCPP_HAS_NO_VARIABLE_TEMPLATES)
        -: 1241:template <class _Tp>
        -: 1242:_LIBCPP_INLINE_VAR _LIBCPP_CONSTEXPR bool is_compound_v
        -: 1243:    = is_compound<_Tp>::value;
        -: 1244:#endif
        -: 1245:
        -: 1246:#endif // __has_keyword(__is_compound)
        -: 1247:
        -: 1248:// __is_referenceable  [defns.referenceable]
        -: 1249:
        -: 1250:struct __is_referenceable_impl {
        -: 1251:    template <class _Tp> static _Tp& __test(int);
        -: 1252:    template <class _Tp> static __two __test(...);
        -: 1253:};
        -: 1254:
        -: 1255:template <class _Tp>
        -: 1256:struct __is_referenceable : integral_constant<bool,
        -: 1257:    _IsNotSame<decltype(__is_referenceable_impl::__test<_Tp>(0)), __two>::value> {};
        -: 1258:
        -: 1259:
        -: 1260:// add_const
        -: 1261:
        -: 1262:template <class _Tp> struct _LIBCPP_TEMPLATE_VIS add_const {
        -: 1263:  typedef _LIBCPP_NODEBUG_TYPE const _Tp type;
        -: 1264:};
        -: 1265:
        -: 1266:#if _LIBCPP_STD_VER > 11
        -: 1267:template <class _Tp> using add_const_t = typename add_const<_Tp>::type;
        -: 1268:#endif
        -: 1269:
        -: 1270:// add_volatile
        -: 1271:
        -: 1272:template <class _Tp> struct _LIBCPP_TEMPLATE_VIS add_volatile {
        -: 1273:  typedef _LIBCPP_NODEBUG_TYPE volatile _Tp type;
        -: 1274:};
        -: 1275:
        -: 1276:#if _LIBCPP_STD_VER > 11
        -: 1277:template <class _Tp> using add_volatile_t = typename add_volatile<_Tp>::type;
        -: 1278:#endif
        -: 1279:
        -: 1280:// add_cv
        -: 1281:template <class _Tp> struct _LIBCPP_TEMPLATE_VIS add_cv {
        -: 1282:  typedef _LIBCPP_NODEBUG_TYPE const volatile _Tp type;
        -: 1283:};
        -: 1284:
        -: 1285:#if _LIBCPP_STD_VER > 11
        -: 1286:template <class _Tp> using add_cv_t = typename add_cv<_Tp>::type;
        -: 1287:#endif
        -: 1288:
        -: 1289:// remove_reference
        -: 1290:
        -: 1291:#if __has_keyword(__remove_reference)
        -: 1292:
        -: 1293:template<class _Tp>
        -: 1294:struct _LIBCPP_TEMPLATE_VIS remove_reference { typedef __remove_reference(_Tp) type; };
        -: 1295:
        -: 1296:#else // __has_keyword(__remove_reference)
        -: 1297:
        -: 1298:template <class _Tp> struct _LIBCPP_TEMPLATE_VIS remove_reference        {typedef _LIBCPP_NODEBUG_TYPE _Tp type;};
        -: 1299:template <class _Tp> struct _LIBCPP_TEMPLATE_VIS remove_reference<_Tp&>  {typedef _LIBCPP_NODEBUG_TYPE _Tp type;};
        -: 1300:template <class _Tp> struct _LIBCPP_TEMPLATE_VIS remove_reference<_Tp&&> {typedef _LIBCPP_NODEBUG_TYPE _Tp type;};
        -: 1301:
        -: 1302:#if _LIBCPP_STD_VER > 11
        -: 1303:template <class _Tp> using remove_reference_t = typename remove_reference<_Tp>::type;
        -: 1304:#endif
        -: 1305:
        -: 1306:#endif // __has_keyword(__remove_reference)
        -: 1307:
        -: 1308:// add_lvalue_reference
        -: 1309:
        -: 1310:template <class _Tp, bool = __is_referenceable<_Tp>::value> struct __add_lvalue_reference_impl            { typedef _LIBCPP_NODEBUG_TYPE _Tp  type; };
        -: 1311:template <class _Tp                                       > struct __add_lvalue_reference_impl<_Tp, true> { typedef _LIBCPP_NODEBUG_TYPE _Tp& type; };
        -: 1312:
        -: 1313:template <class _Tp> struct _LIBCPP_TEMPLATE_VIS add_lvalue_reference
        -: 1314:{typedef _LIBCPP_NODEBUG_TYPE typename  __add_lvalue_reference_impl<_Tp>::type type;};
        -: 1315:
        -: 1316:#if _LIBCPP_STD_VER > 11
        -: 1317:template <class _Tp> using add_lvalue_reference_t = typename add_lvalue_reference<_Tp>::type;
        -: 1318:#endif
        -: 1319:
        -: 1320:template <class _Tp, bool = __is_referenceable<_Tp>::value> struct __add_rvalue_reference_impl            { typedef _LIBCPP_NODEBUG_TYPE  _Tp   type; };
        -: 1321:template <class _Tp                                       > struct __add_rvalue_reference_impl<_Tp, true> { typedef _LIBCPP_NODEBUG_TYPE  _Tp&& type; };
        -: 1322:
        -: 1323:template <class _Tp> struct _LIBCPP_TEMPLATE_VIS add_rvalue_reference
        -: 1324:{typedef _LIBCPP_NODEBUG_TYPE  typename __add_rvalue_reference_impl<_Tp>::type type;};
        -: 1325:
        -: 1326:#if _LIBCPP_STD_VER > 11
        -: 1327:template <class _Tp> using add_rvalue_reference_t = typename add_rvalue_reference<_Tp>::type;
        -: 1328:#endif
        -: 1329:
        -: 1330:// Suppress deprecation notice for volatile-qualified return type resulting
        -: 1331:// from volatile-qualified types _Tp.
        -: 1332:_LIBCPP_SUPPRESS_DEPRECATED_PUSH
        -: 1333:template <class _Tp> _Tp&& __declval(int);
        -: 1334:template <class _Tp> _Tp   __declval(long);
        -: 1335:_LIBCPP_SUPPRESS_DEPRECATED_POP
        -: 1336:
        -: 1337:template <class _Tp>
        -: 1338:decltype(_VSTD::__declval<_Tp>(0))
        -: 1339:declval() _NOEXCEPT;
        -: 1340:
        -: 1341:// __uncvref
        -: 1342:
        -: 1343:template <class _Tp>
        -: 1344:struct __uncvref  {
        -: 1345:    typedef _LIBCPP_NODEBUG_TYPE typename remove_cv<typename remove_reference<_Tp>::type>::type type;
        -: 1346:};
        -: 1347:
        -: 1348:template <class _Tp>
        -: 1349:struct __unconstref {
        -: 1350:    typedef _LIBCPP_NODEBUG_TYPE typename remove_const<typename remove_reference<_Tp>::type>::type type;
        -: 1351:};
        -: 1352:
        -: 1353:#ifndef _LIBCPP_CXX03_LANG
        -: 1354:template <class _Tp>
        -: 1355:using __uncvref_t _LIBCPP_NODEBUG_TYPE = typename __uncvref<_Tp>::type;
        -: 1356:#endif
        -: 1357:
        -: 1358:// __is_same_uncvref
        -: 1359:
        -: 1360:template <class _Tp, class _Up>
        -: 1361:struct __is_same_uncvref : _IsSame<typename __uncvref<_Tp>::type,
        -: 1362:                                   typename __uncvref<_Up>::type> {};
        -: 1363:
        -: 1364:#if _LIBCPP_STD_VER > 17
        -: 1365:// remove_cvref - same as __uncvref
        -: 1366:template <class _Tp>
        -: 1367:struct remove_cvref : public __uncvref<_Tp> {};
        -: 1368:
        -: 1369:template <class _Tp> using remove_cvref_t = typename remove_cvref<_Tp>::type;
        -: 1370:#endif
        -: 1371:
        -: 1372:
        -: 1373:struct __any
        -: 1374:{
        -: 1375:    __any(...);
        -: 1376:};
        -: 1377:
        -: 1378:// remove_pointer
        -: 1379:
        -: 1380:template <class _Tp> struct _LIBCPP_TEMPLATE_VIS remove_pointer                      {typedef _LIBCPP_NODEBUG_TYPE _Tp type;};
        -: 1381:template <class _Tp> struct _LIBCPP_TEMPLATE_VIS remove_pointer<_Tp*>                {typedef _LIBCPP_NODEBUG_TYPE _Tp type;};
        -: 1382:template <class _Tp> struct _LIBCPP_TEMPLATE_VIS remove_pointer<_Tp* const>          {typedef _LIBCPP_NODEBUG_TYPE _Tp type;};
        -: 1383:template <class _Tp> struct _LIBCPP_TEMPLATE_VIS remove_pointer<_Tp* volatile>       {typedef _LIBCPP_NODEBUG_TYPE _Tp type;};
        -: 1384:template <class _Tp> struct _LIBCPP_TEMPLATE_VIS remove_pointer<_Tp* const volatile> {typedef _LIBCPP_NODEBUG_TYPE _Tp type;};
        -: 1385:
        -: 1386:#if _LIBCPP_STD_VER > 11
        -: 1387:template <class _Tp> using remove_pointer_t = typename remove_pointer<_Tp>::type;
        -: 1388:#endif
        -: 1389:
        -: 1390:// add_pointer
        -: 1391:
        -: 1392:template <class _Tp,
        -: 1393:        bool = __is_referenceable<_Tp>::value ||
        -: 1394:                _IsSame<typename remove_cv<_Tp>::type, void>::value>
        -: 1395:struct __add_pointer_impl
        -: 1396:    {typedef _LIBCPP_NODEBUG_TYPE typename remove_reference<_Tp>::type* type;};
        -: 1397:template <class _Tp> struct __add_pointer_impl<_Tp, false>
        -: 1398:    {typedef _LIBCPP_NODEBUG_TYPE _Tp type;};
        -: 1399:
        -: 1400:template <class _Tp> struct _LIBCPP_TEMPLATE_VIS add_pointer
        -: 1401:    {typedef _LIBCPP_NODEBUG_TYPE typename __add_pointer_impl<_Tp>::type type;};
        -: 1402:
        -: 1403:#if _LIBCPP_STD_VER > 11
        -: 1404:template <class _Tp> using add_pointer_t = typename add_pointer<_Tp>::type;
        -: 1405:#endif
        -: 1406:
        -: 1407:// type_identity
        -: 1408:#if _LIBCPP_STD_VER > 17
        -: 1409:template<class _Tp> struct type_identity { typedef _Tp type; };
        -: 1410:template<class _Tp> using type_identity_t = typename type_identity<_Tp>::type;
        -: 1411:#endif
        -: 1412:
        -: 1413:// is_signed
        -: 1414:
        -: 1415:// In clang 9 and earlier, this builtin did not work for floating points or enums
        -: 1416:#if __has_keyword(__is_signed) && _LIBCPP_CLANG_VER > 900
        -: 1417:
        -: 1418:template<class _Tp>
[...]
        -: 3866:{
        -: 3867:};
        -: 3868:
        -: 3869:#endif  // C++03
        -: 3870:
        -: 3871:#if _LIBCPP_STD_VER > 11
        -: 3872:template <class _Tp> using result_of_t = typename result_of<_Tp>::type;
        -: 3873:#endif
        -: 3874:
        -: 3875:#if _LIBCPP_STD_VER > 14
        -: 3876:
        -: 3877:// invoke_result
        -: 3878:
        -: 3879:template <class _Fn, class... _Args>
        -: 3880:struct _LIBCPP_TEMPLATE_VIS invoke_result
        -: 3881:    : __invoke_of<_Fn, _Args...>
        -: 3882:{
        -: 3883:};
        -: 3884:
        -: 3885:template <class _Fn, class... _Args>
        -: 3886:using invoke_result_t = typename invoke_result<_Fn, _Args...>::type;
        -: 3887:
        -: 3888:// is_invocable
        -: 3889:
        -: 3890:template <class _Fn, class ..._Args>
        -: 3891:struct _LIBCPP_TEMPLATE_VIS is_invocable
        -: 3892:    : integral_constant<bool, __invokable<_Fn, _Args...>::value> {};
        -: 3893:
        -: 3894:template <class _Ret, class _Fn, class ..._Args>
        -: 3895:struct _LIBCPP_TEMPLATE_VIS is_invocable_r
        -: 3896:    : integral_constant<bool, __invokable_r<_Ret, _Fn, _Args...>::value> {};
        -: 3897:
        -: 3898:template <class _Fn, class ..._Args>
        -: 3899:_LIBCPP_INLINE_VAR constexpr bool is_invocable_v
        -: 3900:    = is_invocable<_Fn, _Args...>::value;
        -: 3901:
        -: 3902:template <class _Ret, class _Fn, class ..._Args>
        -: 3903:_LIBCPP_INLINE_VAR constexpr bool is_invocable_r_v
        -: 3904:    = is_invocable_r<_Ret, _Fn, _Args...>::value;
        -: 3905:
        -: 3906:// is_nothrow_invocable
        -: 3907:
        -: 3908:template <class _Fn, class ..._Args>
        -: 3909:struct _LIBCPP_TEMPLATE_VIS is_nothrow_invocable
        -: 3910:    : integral_constant<bool, __nothrow_invokable<_Fn, _Args...>::value> {};
        -: 3911:
        -: 3912:template <class _Ret, class _Fn, class ..._Args>
        -: 3913:struct _LIBCPP_TEMPLATE_VIS is_nothrow_invocable_r
        -: 3914:    : integral_constant<bool, __nothrow_invokable_r<_Ret, _Fn, _Args...>::value> {};
        -: 3915:
        -: 3916:template <class _Fn, class ..._Args>
        -: 3917:_LIBCPP_INLINE_VAR constexpr bool is_nothrow_invocable_v
        -: 3918:    = is_nothrow_invocable<_Fn, _Args...>::value;
        -: 3919:
        -: 3920:template <class _Ret, class _Fn, class ..._Args>
        -: 3921:_LIBCPP_INLINE_VAR constexpr bool is_nothrow_invocable_r_v
        -: 3922:    = is_nothrow_invocable_r<_Ret, _Fn, _Args...>::value;
        -: 3923:
        -: 3924:#endif // _LIBCPP_STD_VER > 14
        -: 3925:
        -: 3926:template <class _Tp> struct __is_swappable;
        -: 3927:template <class _Tp> struct __is_nothrow_swappable;
        -: 3928:
        -: 3929:// swap, swap_ranges
        -: 3930:
        -: 3931:template <class _ForwardIterator1, class _ForwardIterator2>
        -: 3932:inline _LIBCPP_INLINE_VISIBILITY _LIBCPP_CONSTEXPR_AFTER_CXX17
        -: 3933:_ForwardIterator2
        -: 3934:swap_ranges(_ForwardIterator1 __first1, _ForwardIterator1 __last1, _ForwardIterator2 __first2);
        -: 3935:
        -: 3936:template <class _Tp>
        -: 3937:inline _LIBCPP_INLINE_VISIBILITY
        -: 3938:#ifndef _LIBCPP_CXX03_LANG
        -: 3939:typename enable_if
        -: 3940:<
        -: 3941:    is_move_constructible<_Tp>::value &&
        -: 3942:    is_move_assignable<_Tp>::value
        -: 3943:>::type
        -: 3944:#else
        -: 3945:void
        -: 3946:#endif
        -: 3947:_LIBCPP_CONSTEXPR_AFTER_CXX17
        -: 3948:swap(_Tp& __x, _Tp& __y) _NOEXCEPT_(is_nothrow_move_constructible<_Tp>::value &&
        -: 3949:                                    is_nothrow_move_assignable<_Tp>::value)
        -: 3950:{
        -: 3951:    _Tp __t(_VSTD::move(__x));
        -: 3952:    __x = _VSTD::move(__y);
        -: 3953:    __y = _VSTD::move(__t);
        -: 3954:}
        -: 3955:
        -: 3956:template<class _Tp, size_t _Np>
        -: 3957:inline _LIBCPP_INLINE_VISIBILITY _LIBCPP_CONSTEXPR_AFTER_CXX17
        -: 3958:typename enable_if<
        -: 3959:    __is_swappable<_Tp>::value
        -: 3960:>::type
        -: 3961:swap(_Tp (&__a)[_Np], _Tp (&__b)[_Np]) _NOEXCEPT_(__is_nothrow_swappable<_Tp>::value)
        -: 3962:{
        -: 3963:    _VSTD::swap_ranges(__a, __a + _Np, __b);
        -: 3964:}
        -: 3965:
        -: 3966:template <class _ForwardIterator1, class _ForwardIterator2>
        -: 3967:inline _LIBCPP_INLINE_VISIBILITY _LIBCPP_CONSTEXPR_AFTER_CXX17
        -: 3968:_ForwardIterator2
        -: 3969:swap_ranges(_ForwardIterator1 __first1, _ForwardIterator1 __last1, _ForwardIterator2 __first2)
        -: 3970:{
        -: 3971:    for(; __first1 != __last1; ++__first1, (void) ++__first2)
        -: 3972:        swap(*__first1, *__first2);
        -: 3973:    return __first2;
        -: 3974:}
        -: 3975:
        -: 3976:// iter_swap
        -: 3977:
        -: 3978:template <class _ForwardIterator1, class _ForwardIterator2>
        -: 3979:inline _LIBCPP_INLINE_VISIBILITY _LIBCPP_CONSTEXPR_AFTER_CXX17
        -: 3980:void
        -: 3981:iter_swap(_ForwardIterator1 __a, _ForwardIterator2 __b)
        -: 3982:    //                                  _NOEXCEPT_(_NOEXCEPT_(swap(*__a, *__b)))
        -: 3983:               _NOEXCEPT_(_NOEXCEPT_(swap(*_VSTD::declval<_ForwardIterator1>(),
        -: 3984:                                          *_VSTD::declval<_ForwardIterator2>())))
        -: 3985:{
        -: 3986:    swap(*__a, *__b);
        -: 3987:}
        -: 3988:
        -: 3989:// __swappable
        -: 3990:
        -: 3991:namespace __detail
        -: 3992:{
        -: 3993:// ALL generic swap overloads MUST already have a declaration available at this point.
        -: 3994:
        -: 3995:template <class _Tp, class _Up = _Tp,
        -: 3996:          bool _NotVoid = !is_void<_Tp>::value && !is_void<_Up>::value>
        -: 3997:struct __swappable_with
        -: 3998:{
        -: 3999:    template <class _LHS, class _RHS>
        -: 4000:    static decltype(swap(_VSTD::declval<_LHS>(), _VSTD::declval<_RHS>()))
        -: 4001:    __test_swap(int);
        -: 4002:    template <class, class>
        -: 4003:    static __nat __test_swap(long);
        -: 4004:
        -: 4005:    // Extra parens are needed for the C++03 definition of decltype.
        -: 4006:    typedef decltype((__test_swap<_Tp, _Up>(0))) __swap1;
        -: 4007:    typedef decltype((__test_swap<_Up, _Tp>(0))) __swap2;
        -: 4008:
        -: 4009:    static const bool value = _IsNotSame<__swap1, __nat>::value
        -: 4010:                           && _IsNotSame<__swap2, __nat>::value;
        -: 4011:};
        -: 4012:
        -: 4013:template <class _Tp, class _Up>
        -: 4014:struct __swappable_with<_Tp, _Up,  false> : false_type {};
        -: 4015:
        -: 4016:template <class _Tp, class _Up = _Tp, bool _Swappable = __swappable_with<_Tp, _Up>::value>
        -: 4017:struct __nothrow_swappable_with {
        -: 4018:  static const bool value =
        -: 4019:#ifndef _LIBCPP_HAS_NO_NOEXCEPT
        -: 4020:      noexcept(swap(_VSTD::declval<_Tp>(), _VSTD::declval<_Up>()))
        -: 4021:  &&  noexcept(swap(_VSTD::declval<_Up>(), _VSTD::declval<_Tp>()));
        -: 4022:#else
        -: 4023:      false;
        -: 4024:#endif
        -: 4025:};
        -: 4026:
        -: 4027:template <class _Tp, class _Up>
        -: 4028:struct __nothrow_swappable_with<_Tp, _Up, false> : false_type {};
        -: 4029:
        -: 4030:}  // __detail
        -: 4031:
        -: 4032:template <class _Tp>
        -: 4033:struct __is_swappable
        -: 4034:    : public integral_constant<bool, __detail::__swappable_with<_Tp&>::value>
        -: 4035:{
        -: 4036:};
        -: 4037:
        -: 4038:template <class _Tp>
        -: 4039:struct __is_nothrow_swappable
        -: 4040:    : public integral_constant<bool, __detail::__nothrow_swappable_with<_Tp&>::value>
        -: 4041:{
        -: 4042:};
        -: 4043:
        -: 4044:#if _LIBCPP_STD_VER > 14
        -: 4045:
        -: 4046:template <class _Tp, class _Up>
        -: 4047:struct _LIBCPP_TEMPLATE_VIS is_swappable_with
        -: 4048:    : public integral_constant<bool, __detail::__swappable_with<_Tp, _Up>::value>
        -: 4049:{
        -: 4050:};
        -: 4051:
        -: 4052:template <class _Tp>
        -: 4053:struct _LIBCPP_TEMPLATE_VIS is_swappable
        -: 4054:    : public conditional<
        -: 4055:        __is_referenceable<_Tp>::value,
        -: 4056:        is_swappable_with<
        -: 4057:            typename add_lvalue_reference<_Tp>::type,
        -: 4058:            typename add_lvalue_reference<_Tp>::type>,
        -: 4059:        false_type
        -: 4060:    >::type
        -: 4061:{
        -: 4062:};
        -: 4063:
        -: 4064:template <class _Tp, class _Up>
        -: 4065:struct _LIBCPP_TEMPLATE_VIS is_nothrow_swappable_with
        -: 4066:    : public integral_constant<bool, __detail::__nothrow_swappable_with<_Tp, _Up>::value>
        -: 4067:{
        -: 4068:};
        -: 4069:
        -: 4070:template <class _Tp>
        -: 4071:struct _LIBCPP_TEMPLATE_VIS is_nothrow_swappable
        -: 4072:    : public conditional<
        -: 4073:        __is_referenceable<_Tp>::value,
        -: 4074:        is_nothrow_swappable_with<
        -: 4075:            typename add_lvalue_reference<_Tp>::type,
        -: 4076:            typename add_lvalue_reference<_Tp>::type>,
        -: 4077:        false_type
        -: 4078:    >::type
        -: 4079:{
        -: 4080:};
        -: 4081:
        -: 4082:template <class _Tp, class _Up>
        -: 4083:_LIBCPP_INLINE_VAR constexpr bool is_swappable_with_v
        -: 4084:    = is_swappable_with<_Tp, _Up>::value;
        -: 4085:
        -: 4086:template <class _Tp>
        -: 4087:_LIBCPP_INLINE_VAR constexpr bool is_swappable_v
        -: 4088:    = is_swappable<_Tp>::value;
        -: 4089:
        -: 4090:template <class _Tp, class _Up>
        -: 4091:_LIBCPP_INLINE_VAR constexpr bool is_nothrow_swappable_with_v
        -: 4092:    = is_nothrow_swappable_with<_Tp, _Up>::value;
        -: 4093:
        -: 4094:template <class _Tp>
        -: 4095:_LIBCPP_INLINE_VAR constexpr bool is_nothrow_swappable_v
        -: 4096:    = is_nothrow_swappable<_Tp>::value;
        -: 4097:
        -: 4098:#endif // _LIBCPP_STD_VER > 14
        -: 4099:
        -: 4100:template <class _Tp, bool = is_enum<_Tp>::value> struct __underlying_type_impl;
        -: 4101:
        -: 4102:template <class _Tp>
        -: 4103:struct __underlying_type_impl<_Tp, false> {};
        -: 4104:
        -: 4105:template <class _Tp>
        -: 4106:struct __underlying_type_impl<_Tp, true>
        -: 4107:{
        -: 4108:    typedef __underlying_type(_Tp) type;
        -: 4109:};
        -: 4110:
        -: 4111:template <class _Tp>
        -: 4112:struct underlying_type : __underlying_type_impl<_Tp, is_enum<_Tp>::value> {};
        -: 4113:
        -: 4114:#if _LIBCPP_STD_VER > 11
        -: 4115:template <class _Tp> using underlying_type_t = typename underlying_type<_Tp>::type;
        -: 4116:#endif
        -: 4117:
        -: 4118:template <class _Tp, bool = is_enum<_Tp>::value>
        -: 4119:struct __sfinae_underlying_type
        -: 4120:{
        -: 4121:    typedef typename underlying_type<_Tp>::type type;
        -: 4122:    typedef decltype(((type)1) + 0) __promoted_type;
        -: 4123:};
        -: 4124:
        -: 4125:template <class _Tp>
        -: 4126:struct __sfinae_underlying_type<_Tp, false> {};
        -: 4127:
        -: 4128:inline _LIBCPP_INLINE_VISIBILITY _LIBCPP_CONSTEXPR
        -: 4129:int __convert_to_integral(int __val) { return __val; }
        -: 4130:
        -: 4131:inline _LIBCPP_INLINE_VISIBILITY _LIBCPP_CONSTEXPR
        -: 4132:unsigned __convert_to_integral(unsigned __val) { return __val; }
        -: 4133:
        -: 4134:inline _LIBCPP_INLINE_VISIBILITY _LIBCPP_CONSTEXPR
        -: 4135:long __convert_to_integral(long __val) { return __val; }
        -: 4136:
        -: 4137:inline _LIBCPP_INLINE_VISIBILITY _LIBCPP_CONSTEXPR
        -: 4138:unsigned long __convert_to_integral(unsigned long __val) { return __val; }
        -: 4139:
        -: 4140:inline _LIBCPP_INLINE_VISIBILITY _LIBCPP_CONSTEXPR
        -: 4141:long long __convert_to_integral(long long __val) { return __val; }
        -: 4142:
        -: 4143:inline _LIBCPP_INLINE_VISIBILITY _LIBCPP_CONSTEXPR
        -: 4144:unsigned long long __convert_to_integral(unsigned long long __val) {return __val; }
        -: 4145:
        -: 4146:template<typename _Fp>
        -: 4147:inline _LIBCPP_INLINE_VISIBILITY _LIBCPP_CONSTEXPR
        -: 4148:typename enable_if<is_floating_point<_Fp>::value, long long>::type
        -: 4149: __convert_to_integral(_Fp __val) { return __val; }
        -: 4150:
        -: 4151:#ifndef _LIBCPP_HAS_NO_INT128
        -: 4152:inline _LIBCPP_INLINE_VISIBILITY _LIBCPP_CONSTEXPR
        -: 4153:__int128_t __convert_to_integral(__int128_t __val) { return __val; }
        -: 4154:
        -: 4155:inline _LIBCPP_INLINE_VISIBILITY _LIBCPP_CONSTEXPR
        -: 4156:__uint128_t __convert_to_integral(__uint128_t __val) { return __val; }
        -: 4157:#endif
        -: 4158:
        -: 4159:template <class _Tp>
        -: 4160:inline _LIBCPP_INLINE_VISIBILITY _LIBCPP_CONSTEXPR
        -: 4161:typename __sfinae_underlying_type<_Tp>::__promoted_type
        -: 4162:__convert_to_integral(_Tp __val) { return __val; }
        -: 4163:
        -: 4164:#ifndef _LIBCPP_CXX03_LANG
        -: 4165:
        -: 4166:template <class _Tp>
        -: 4167:struct __has_operator_addressof_member_imp
        -: 4168:{
        -: 4169:    template <class _Up>
        -: 4170:        static auto __test(int)
        -: 4171:            -> typename __select_2nd<decltype(_VSTD::declval<_Up>().operator&()), true_type>::type;
        -: 4172:    template <class>
        -: 4173:        static auto __test(long) -> false_type;
        -: 4174:
        -: 4175:    static const bool value = decltype(__test<_Tp>(0))::value;
        -: 4176:};
        -: 4177:
        -: 4178:template <class _Tp>
        -: 4179:struct __has_operator_addressof_free_imp
        -: 4180:{
        -: 4181:    template <class _Up>
        -: 4182:        static auto __test(int)
        -: 4183:            -> typename __select_2nd<decltype(operator&(_VSTD::declval<_Up>())), true_type>::type;
        -: 4184:    template <class>
        -: 4185:        static auto __test(long) -> false_type;
        -: 4186:
        -: 4187:    static const bool value = decltype(__test<_Tp>(0))::value;
        -: 4188:};
        -: 4189:
        -: 4190:template <class _Tp>
        -: 4191:struct __has_operator_addressof
        -: 4192:    : public integral_constant<bool, __has_operator_addressof_member_imp<_Tp>::value
        -: 4193:                                  || __has_operator_addressof_free_imp<_Tp>::value>
        -: 4194:{};
        -: 4195:
        -: 4196:#endif  // _LIBCPP_CXX03_LANG
        -: 4197:
        -: 4198:// is_scoped_enum [meta.unary.prop]
        -: 4199:
        -: 4200:#if _LIBCPP_STD_VER > 20
        -: 4201:template <class _Tp, bool = is_enum_v<_Tp> >
        -: 4202:struct __is_scoped_enum_helper : false_type {};
        -: 4203:
        -: 4204:template <class _Tp>
        -: 4205:struct __is_scoped_enum_helper<_Tp, true>
        -: 4206:    : public bool_constant<!is_convertible_v<_Tp, underlying_type_t<_Tp> > > {};
        -: 4207:
        -: 4208:template <class _Tp>
        -: 4209:struct _LIBCPP_TEMPLATE_VIS is_scoped_enum
        -: 4210:    : public __is_scoped_enum_helper<_Tp> {};
        -: 4211:
        -: 4212:template <class _Tp>
        -: 4213:_LIBCPP_INLINE_VAR _LIBCPP_CONSTEXPR bool is_scoped_enum_v =
        -: 4214:    is_scoped_enum<_Tp>::value;
        -: 4215:#endif
        -: 4216:
        -: 4217:#if _LIBCPP_STD_VER > 14
        -: 4218:
        -: 4219:template <class... _Args>
        -: 4220:struct conjunction : _And<_Args...> {};
        -: 4221:template<class... _Args>
        -: 4222:_LIBCPP_INLINE_VAR constexpr bool conjunction_v
        -: 4223:    = conjunction<_Args...>::value;
        -: 4224:
        -: 4225:template <class... _Args>
        -: 4226:struct disjunction : _Or<_Args...> {};
        -: 4227:template<class... _Args>
        -: 4228:_LIBCPP_INLINE_VAR constexpr bool disjunction_v
        -: 4229:    = disjunction<_Args...>::value;
        -: 4230:
        -: 4231:template <class _Tp>
        -: 4232:struct negation : _Not<_Tp> {};
        -: 4233:template<class _Tp>
        -: 4234:_LIBCPP_INLINE_VAR constexpr bool negation_v
        -: 4235:    = negation<_Tp>::value;
        -: 4236:#endif  // _LIBCPP_STD_VER > 14
        -: 4237:
        -: 4238:// These traits are used in __tree and __hash_table
        -: 4239:struct __extract_key_fail_tag {};
        -: 4240:struct __extract_key_self_tag {};
        -: 4241:struct __extract_key_first_tag {};
        -: 4242:
        -: 4243:template <class _ValTy, class _Key,
        -: 4244:          class _RawValTy = typename __unconstref<_ValTy>::type>
        -: 4245:struct __can_extract_key
        -: 4246:    : conditional<_IsSame<_RawValTy, _Key>::value, __extract_key_self_tag,
        -: 4247:                  __extract_key_fail_tag>::type {};
        -: 4248:
        -: 4249:template <class _Pair, class _Key, class _First, class _Second>
        -: 4250:struct __can_extract_key<_Pair, _Key, pair<_First, _Second> >
        -: 4251:    : conditional<_IsSame<typename remove_const<_First>::type, _Key>::value,
        -: 4252:                  __extract_key_first_tag, __extract_key_fail_tag>::type {};
        -: 4253:
        -: 4254:// __can_extract_map_key uses true_type/false_type instead of the tags.
        -: 4255:// It returns true if _Key != _ContainerValueTy (the container is a map not a set)
        -: 4256:// and _ValTy == _Key.
        -: 4257:template <class _ValTy, class _Key, class _ContainerValueTy,
        -: 4258:          class _RawValTy = typename __unconstref<_ValTy>::type>
        -: 4259:struct __can_extract_map_key
        -: 4260:    : integral_constant<bool, _IsSame<_RawValTy, _Key>::value> {};
        -: 4261:
        -: 4262:// This specialization returns __extract_key_fail_tag for non-map containers
        -: 4263:// because _Key == _ContainerValueTy
        -: 4264:template <class _ValTy, class _Key, class _RawValTy>
        -: 4265:struct __can_extract_map_key<_ValTy, _Key, _Key, _RawValTy>
        -: 4266:    : false_type {};
        -: 4267:
        -: 4268:#ifndef _LIBCPP_HAS_NO_BUILTIN_IS_CONSTANT_EVALUATED
        -: 4269:#if _LIBCPP_STD_VER > 17
        -: 4270:_LIBCPP_INLINE_VISIBILITY
        -: 4271:inline constexpr bool is_constant_evaluated() noexcept {
        -: 4272:  return __builtin_is_constant_evaluated();
        -: 4273:}
        -: 4274:#endif
        -: 4275:
        -: 4276:inline _LIBCPP_CONSTEXPR
        -: 4277:bool __libcpp_is_constant_evaluated() _NOEXCEPT { return __builtin_is_constant_evaluated(); }
        -: 4278:#else
        -: 4279:inline _LIBCPP_CONSTEXPR
        -: 4280:bool __libcpp_is_constant_evaluated() _NOEXCEPT { return false; }
        -: 4281:#endif
        -: 4282:
        -: 4283:template <class _CharT>
        -: 4284:using _IsCharLikeType = _And<is_standard_layout<_CharT>, is_trivial<_CharT> >;
        -: 4285:
        -: 4286:_LIBCPP_END_NAMESPACE_STD
        -: 4287:
        -: 4288:#if _LIBCPP_STD_VER > 14
        -: 4289:// std::byte
        -: 4290:namespace std  // purposefully not versioned
        -: 4291:{
        -: 4292:
        -: 4293:
        -: 4294:}
        -: 4295:#endif
        -: 4296:
        -: 4297:#endif  // _LIBCPP_TYPE_TRAITS
