        -:    0:Source:/Library/Developer/CommandLineTools/SDKs/MacOSX12.1.sdk/usr/include/c++/v1/string
        -:    0:Graph:/Users/maxbazarov/Documents/Software_testing/ctest/cmake-build-default/tests/CMakeFiles/ctest-tests.dir/main.cpp.gcno
        -:    0:Data:/Users/maxbazarov/Documents/Software_testing/ctest/cmake-build-default/tests/CMakeFiles/ctest-tests.dir/main.cpp.gcda
        -:    0:Runs:1
        -:    0:Programs:1
        -:    1:// -*- C++ -*-
        -:    2://===--------------------------- string -----------------------------------===//
        -:    3://
        -:    4:// Part of the LLVM Project, under the Apache License v2.0 with LLVM Exceptions.
        -:    5:// See https://llvm.org/LICENSE.txt for license information.
        -:    6:// SPDX-License-Identifier: Apache-2.0 WITH LLVM-exception
        -:    7://
        -:    8://===----------------------------------------------------------------------===//
        -:    9:
        -:   10:#ifndef _LIBCPP_STRING
        -:   11:#define _LIBCPP_STRING
        -:   12:
        -:   13:/*
        -:   14:    string synopsis
        -:   15:
        -:   16:namespace std
        -:   17:{
        -:   18:
        -:   19:template <class stateT>
        -:   20:class fpos
        -:   21:{
        -:   22:private:
        -:   23:    stateT st;
        -:   24:public:
        -:   25:    fpos(streamoff = streamoff());
        -:   26:
        -:   27:    operator streamoff() const;
        -:   28:
        -:   29:    stateT state() const;
        -:   30:    void state(stateT);
        -:   31:
        -:   32:    fpos& operator+=(streamoff);
        -:   33:    fpos  operator+ (streamoff) const;
        -:   34:    fpos& operator-=(streamoff);
        -:   35:    fpos  operator- (streamoff) const;
        -:   36:};
        -:   37:
        -:   38:template <class stateT> streamoff operator-(const fpos<stateT>& x, const fpos<stateT>& y);
        -:   39:
        -:   40:template <class stateT> bool operator==(const fpos<stateT>& x, const fpos<stateT>& y);
        -:   41:template <class stateT> bool operator!=(const fpos<stateT>& x, const fpos<stateT>& y);
        -:   42:
        -:   43:template <class charT>
        -:   44:struct char_traits
        -:   45:{
        -:   46:    typedef charT     char_type;
        -:   47:    typedef ...       int_type;
        -:   48:    typedef streamoff off_type;
        -:   49:    typedef streampos pos_type;
        -:   50:    typedef mbstate_t state_type;
        -:   51:
        -:   52:    static void assign(char_type& c1, const char_type& c2) noexcept;
        -:   53:    static constexpr bool eq(char_type c1, char_type c2) noexcept;
        -:   54:    static constexpr bool lt(char_type c1, char_type c2) noexcept;
        -:   55:
        -:   56:    static int              compare(const char_type* s1, const char_type* s2, size_t n);
        -:   57:    static size_t           length(const char_type* s);
        -:   58:    static const char_type* find(const char_type* s, size_t n, const char_type& a);
        -:   59:    static char_type*       move(char_type* s1, const char_type* s2, size_t n);
        -:   60:    static char_type*       copy(char_type* s1, const char_type* s2, size_t n);
        -:   61:    static char_type*       assign(char_type* s, size_t n, char_type a);
        -:   62:
        -:   63:    static constexpr int_type  not_eof(int_type c) noexcept;
        -:   64:    static constexpr char_type to_char_type(int_type c) noexcept;
        -:   65:    static constexpr int_type  to_int_type(char_type c) noexcept;
        -:   66:    static constexpr bool      eq_int_type(int_type c1, int_type c2) noexcept;
        -:   67:    static constexpr int_type  eof() noexcept;
        -:   68:};
        -:   69:
        -:   70:template <> struct char_traits<char>;
        -:   71:template <> struct char_traits<wchar_t>;
        -:   72:
        -:   73:template<class charT, class traits = char_traits<charT>, class Allocator = allocator<charT> >
        -:   74:class basic_string
        -:   75:{
        -:   76:public:
        -:   77:// types:
        -:   78:    typedef traits traits_type;
        -:   79:    typedef typename traits_type::char_type value_type;
        -:   80:    typedef Allocator allocator_type;
        -:   81:    typedef typename allocator_type::size_type size_type;
        -:   82:    typedef typename allocator_type::difference_type difference_type;
        -:   83:    typedef typename allocator_type::reference reference;
        -:   84:    typedef typename allocator_type::const_reference const_reference;
        -:   85:    typedef typename allocator_type::pointer pointer;
        -:   86:    typedef typename allocator_type::const_pointer const_pointer;
        -:   87:    typedef implementation-defined iterator;
        -:   88:    typedef implementation-defined const_iterator;
        -:   89:    typedef std::reverse_iterator<iterator> reverse_iterator;
        -:   90:    typedef std::reverse_iterator<const_iterator> const_reverse_iterator;
        -:   91:
        -:   92:    static const size_type npos = -1;
        -:   93:
        -:   94:    basic_string()
        -:   95:        noexcept(is_nothrow_default_constructible<allocator_type>::value);
        -:   96:    explicit basic_string(const allocator_type& a);
        -:   97:    basic_string(const basic_string& str);
        -:   98:    basic_string(basic_string&& str)
        -:   99:        noexcept(is_nothrow_move_constructible<allocator_type>::value);
        -:  100:    basic_string(const basic_string& str, size_type pos,
        -:  101:                 const allocator_type& a = allocator_type());
        -:  102:    basic_string(const basic_string& str, size_type pos, size_type n,
        -:  103:                 const Allocator& a = Allocator());
        -:  104:    template<class T>
        -:  105:        basic_string(const T& t, size_type pos, size_type n, const Allocator& a = Allocator()); // C++17
        -:  106:    template <class T>
        -:  107:        explicit basic_string(const T& t, const Allocator& a = Allocator()); // C++17
        -:  108:    basic_string(const value_type* s, const allocator_type& a = allocator_type());
        -:  109:    basic_string(const value_type* s, size_type n, const allocator_type& a = allocator_type());
        -:  110:    basic_string(size_type n, value_type c, const allocator_type& a = allocator_type());
        -:  111:    template<class InputIterator>
        -:  112:        basic_string(InputIterator begin, InputIterator end,
        -:  113:                     const allocator_type& a = allocator_type());
        -:  114:    basic_string(initializer_list<value_type>, const Allocator& = Allocator());
        -:  115:    basic_string(const basic_string&, const Allocator&);
        -:  116:    basic_string(basic_string&&, const Allocator&);
        -:  117:
        -:  118:    ~basic_string();
        -:  119:
        -:  120:    operator basic_string_view<charT, traits>() const noexcept;
        -:  121:
        -:  122:    basic_string& operator=(const basic_string& str);
        -:  123:    template <class T>
        -:  124:        basic_string& operator=(const T& t); // C++17
        -:  125:    basic_string& operator=(basic_string&& str)
        -:  126:        noexcept(
        -:  127:             allocator_type::propagate_on_container_move_assignment::value ||
        -:  128:             allocator_type::is_always_equal::value ); // C++17
        -:  129:    basic_string& operator=(const value_type* s);
        -:  130:    basic_string& operator=(value_type c);
        -:  131:    basic_string& operator=(initializer_list<value_type>);
        -:  132:
        -:  133:    iterator       begin() noexcept;
        -:  134:    const_iterator begin() const noexcept;
        -:  135:    iterator       end() noexcept;
        -:  136:    const_iterator end() const noexcept;
        -:  137:
        -:  138:    reverse_iterator       rbegin() noexcept;
        -:  139:    const_reverse_iterator rbegin() const noexcept;
        -:  140:    reverse_iterator       rend() noexcept;
        -:  141:    const_reverse_iterator rend() const noexcept;
        -:  142:
        -:  143:    const_iterator         cbegin() const noexcept;
        -:  144:    const_iterator         cend() const noexcept;
        -:  145:    const_reverse_iterator crbegin() const noexcept;
        -:  146:    const_reverse_iterator crend() const noexcept;
        -:  147:
        -:  148:    size_type size() const noexcept;
        -:  149:    size_type length() const noexcept;
        -:  150:    size_type max_size() const noexcept;
        -:  151:    size_type capacity() const noexcept;
        -:  152:
        -:  153:    void resize(size_type n, value_type c);
        -:  154:    void resize(size_type n);
        -:  155:
        -:  156:    void reserve(size_type res_arg);
        -:  157:    void reserve(); // deprecated in C++20
        -:  158:    void shrink_to_fit();
        -:  159:    void clear() noexcept;
        -:  160:    bool empty() const noexcept;
        -:  161:
        -:  162:    const_reference operator[](size_type pos) const;
        -:  163:    reference       operator[](size_type pos);
        -:  164:
        -:  165:    const_reference at(size_type n) const;
        -:  166:    reference       at(size_type n);
        -:  167:
        -:  168:    basic_string& operator+=(const basic_string& str);
        -:  169:    template <class T>
        -:  170:        basic_string& operator+=(const T& t);              // C++17
        -:  171:    basic_string& operator+=(const value_type* s);
        -:  172:    basic_string& operator+=(value_type c);
        -:  173:    basic_string& operator+=(initializer_list<value_type>);
        -:  174:
        -:  175:    basic_string& append(const basic_string& str);
        -:  176:    template <class T>
        -:  177:        basic_string& append(const T& t);                 // C++17
        -:  178:    basic_string& append(const basic_string& str, size_type pos, size_type n=npos); //C++14
        -:  179:    template <class T>
        -:  180:        basic_string& append(const T& t, size_type pos, size_type n=npos); // C++17
        -:  181:    basic_string& append(const value_type* s, size_type n);
        -:  182:    basic_string& append(const value_type* s);
        -:  183:    basic_string& append(size_type n, value_type c);
        -:  184:    template<class InputIterator>
        -:  185:        basic_string& append(InputIterator first, InputIterator last);
        -:  186:    basic_string& append(initializer_list<value_type>);
        -:  187:
        -:  188:    void push_back(value_type c);
        -:  189:    void pop_back();
        -:  190:    reference       front();
        -:  191:    const_reference front() const;
        -:  192:    reference       back();
        -:  193:    const_reference back() const;
        -:  194:
        -:  195:    basic_string& assign(const basic_string& str);
        -:  196:    template <class T>
        -:  197:        basic_string& assign(const T& t);  // C++17
        -:  198:    basic_string& assign(basic_string&& str);
        -:  199:    basic_string& assign(const basic_string& str, size_type pos, size_type n=npos); // C++14
        -:  200:    template <class T>
        -:  201:        basic_string& assign(const T& t, size_type pos, size_type n=npos); // C++17
        -:  202:    basic_string& assign(const value_type* s, size_type n);
        -:  203:    basic_string& assign(const value_type* s);
        -:  204:    basic_string& assign(size_type n, value_type c);
        -:  205:    template<class InputIterator>
        -:  206:        basic_string& assign(InputIterator first, InputIterator last);
        -:  207:    basic_string& assign(initializer_list<value_type>);
        -:  208:
        -:  209:    basic_string& insert(size_type pos1, const basic_string& str);
        -:  210:    template <class T>
        -:  211:        basic_string& insert(size_type pos1, const T& t);
        -:  212:    basic_string& insert(size_type pos1, const basic_string& str,
        -:  213:                         size_type pos2, size_type n);
        -:  214:    template <class T>
        -:  215:        basic_string& insert(size_type pos1, const T& t, size_type pos2, size_type n); // C++17
        -:  216:    basic_string& insert(size_type pos, const value_type* s, size_type n=npos); //C++14
        -:  217:    basic_string& insert(size_type pos, const value_type* s);
        -:  218:    basic_string& insert(size_type pos, size_type n, value_type c);
        -:  219:    iterator      insert(const_iterator p, value_type c);
        -:  220:    iterator      insert(const_iterator p, size_type n, value_type c);
        -:  221:    template<class InputIterator>
        -:  222:        iterator insert(const_iterator p, InputIterator first, InputIterator last);
        -:  223:    iterator      insert(const_iterator p, initializer_list<value_type>);
        -:  224:
        -:  225:    basic_string& erase(size_type pos = 0, size_type n = npos);
        -:  226:    iterator      erase(const_iterator position);
        -:  227:    iterator      erase(const_iterator first, const_iterator last);
        -:  228:
        -:  229:    basic_string& replace(size_type pos1, size_type n1, const basic_string& str);
        -:  230:    template <class T>
        -:  231:    basic_string& replace(size_type pos1, size_type n1, const T& t);  // C++17
        -:  232:    basic_string& replace(size_type pos1, size_type n1, const basic_string& str,
        -:  233:                          size_type pos2, size_type n2=npos); // C++14
        -:  234:    template <class T>
        -:  235:        basic_string& replace(size_type pos1, size_type n1, const T& t,
        -:  236:                              size_type pos2, size_type n); // C++17
        -:  237:    basic_string& replace(size_type pos, size_type n1, const value_type* s, size_type n2);
        -:  238:    basic_string& replace(size_type pos, size_type n1, const value_type* s);
        -:  239:    basic_string& replace(size_type pos, size_type n1, size_type n2, value_type c);
        -:  240:    basic_string& replace(const_iterator i1, const_iterator i2, const basic_string& str);
        -:  241:    template <class T>
        -:  242:        basic_string& replace(const_iterator i1, const_iterator i2, const T& t);  // C++17
        -:  243:    basic_string& replace(const_iterator i1, const_iterator i2, const value_type* s, size_type n);
        -:  244:    basic_string& replace(const_iterator i1, const_iterator i2, const value_type* s);
        -:  245:    basic_string& replace(const_iterator i1, const_iterator i2, size_type n, value_type c);
        -:  246:    template<class InputIterator>
        -:  247:        basic_string& replace(const_iterator i1, const_iterator i2, InputIterator j1, InputIterator j2);
        -:  248:    basic_string& replace(const_iterator i1, const_iterator i2, initializer_list<value_type>);
        -:  249:
        -:  250:    size_type copy(value_type* s, size_type n, size_type pos = 0) const;
        -:  251:    basic_string substr(size_type pos = 0, size_type n = npos) const;
        -:  252:
        -:  253:    void swap(basic_string& str)
        -:  254:        noexcept(allocator_traits<allocator_type>::propagate_on_container_swap::value ||
        -:  255:                 allocator_traits<allocator_type>::is_always_equal::value);  // C++17
        -:  256:
        -:  257:    const value_type* c_str() const noexcept;
        -:  258:    const value_type* data() const noexcept;
        -:  259:          value_type* data()       noexcept;   // C++17
        -:  260:
        -:  261:    allocator_type get_allocator() const noexcept;
        -:  262:
        -:  263:    size_type find(const basic_string& str, size_type pos = 0) const noexcept;
        -:  264:    template <class T>
        -:  265:        size_type find(const T& t, size_type pos = 0) const;  // C++17
        -:  266:    size_type find(const value_type* s, size_type pos, size_type n) const noexcept;
        -:  267:    size_type find(const value_type* s, size_type pos = 0) const noexcept;
        -:  268:    size_type find(value_type c, size_type pos = 0) const noexcept;
        -:  269:
        -:  270:    size_type rfind(const basic_string& str, size_type pos = npos) const noexcept;
        -:  271:    template <class T>
        -:  272:        size_type rfind(const T& t, size_type pos = npos) const;  // C++17
        -:  273:    size_type rfind(const value_type* s, size_type pos, size_type n) const noexcept;
        -:  274:    size_type rfind(const value_type* s, size_type pos = npos) const noexcept;
        -:  275:    size_type rfind(value_type c, size_type pos = npos) const noexcept;
        -:  276:
        -:  277:    size_type find_first_of(const basic_string& str, size_type pos = 0) const noexcept;
        -:  278:    template <class T>
        -:  279:        size_type find_first_of(const T& t, size_type pos = 0) const; // C++17
        -:  280:    size_type find_first_of(const value_type* s, size_type pos, size_type n) const noexcept;
        -:  281:    size_type find_first_of(const value_type* s, size_type pos = 0) const noexcept;
        -:  282:    size_type find_first_of(value_type c, size_type pos = 0) const noexcept;
        -:  283:
        -:  284:    size_type find_last_of(const basic_string& str, size_type pos = npos) const noexcept;
        -:  285:    template <class T>
        -:  286:        size_type find_last_of(const T& t, size_type pos = npos) const noexcept;  // C++17
        -:  287:    size_type find_last_of(const value_type* s, size_type pos, size_type n) const noexcept;
        -:  288:    size_type find_last_of(const value_type* s, size_type pos = npos) const noexcept;
        -:  289:    size_type find_last_of(value_type c, size_type pos = npos) const noexcept;
        -:  290:
        -:  291:    size_type find_first_not_of(const basic_string& str, size_type pos = 0) const noexcept;
        -:  292:    template <class T>
        -:  293:        size_type find_first_not_of(const T& t, size_type pos = 0) const; // C++17
        -:  294:    size_type find_first_not_of(const value_type* s, size_type pos, size_type n) const noexcept;
        -:  295:    size_type find_first_not_of(const value_type* s, size_type pos = 0) const noexcept;
        -:  296:    size_type find_first_not_of(value_type c, size_type pos = 0) const noexcept;
        -:  297:
        -:  298:    size_type find_last_not_of(const basic_string& str, size_type pos = npos) const noexcept;
        -:  299:    template <class T>
        -:  300:        size_type find_last_not_of(const T& t, size_type pos = npos) const; // C++17
        -:  301:    size_type find_last_not_of(const value_type* s, size_type pos, size_type n) const noexcept;
        -:  302:    size_type find_last_not_of(const value_type* s, size_type pos = npos) const noexcept;
        -:  303:    size_type find_last_not_of(value_type c, size_type pos = npos) const noexcept;
        -:  304:
        -:  305:    int compare(const basic_string& str) const noexcept;
        -:  306:    template <class T>
        -:  307:        int compare(const T& t) const noexcept;  // C++17
        -:  308:    int compare(size_type pos1, size_type n1, const basic_string& str) const;
        -:  309:    template <class T>
        -:  310:        int compare(size_type pos1, size_type n1, const T& t) const;  // C++17
        -:  311:    int compare(size_type pos1, size_type n1, const basic_string& str,
        -:  312:                size_type pos2, size_type n2=npos) const; // C++14
        -:  313:    template <class T>
        -:  314:        int compare(size_type pos1, size_type n1, const T& t,
        -:  315:                    size_type pos2, size_type n2=npos) const; // C++17
        -:  316:    int compare(const value_type* s) const noexcept;
        -:  317:    int compare(size_type pos1, size_type n1, const value_type* s) const;
        -:  318:    int compare(size_type pos1, size_type n1, const value_type* s, size_type n2) const;
        -:  319:
        -:  320:    bool starts_with(basic_string_view<charT, traits> sv) const noexcept; // C++20
        -:  321:    bool starts_with(charT c) const noexcept;                             // C++20
        -:  322:    bool starts_with(const charT* s) const;                               // C++20
        -:  323:    bool ends_with(basic_string_view<charT, traits> sv) const noexcept;   // C++20
        -:  324:    bool ends_with(charT c) const noexcept;                               // C++20
        -:  325:    bool ends_with(const charT* s) const;                                 // C++20
        -:  326:
        -:  327:    constexpr bool contains(basic_string_view<charT, traits> sv) const noexcept; // C++2b
        -:  328:    constexpr bool contains(charT c) const noexcept;                             // C++2b
        -:  329:    constexpr bool contains(const charT* s) const;                               // C++2b
        -:  330:
        -:  331:    bool __invariants() const;
        -:  332:};
        -:  333:
        -:  334:template<class InputIterator,
        -:  335:         class Allocator = allocator<typename iterator_traits<InputIterator>::value_type>>
        -:  336:basic_string(InputIterator, InputIterator, Allocator = Allocator())
        -:  337:   -> basic_string<typename iterator_traits<InputIterator>::value_type,
        -:  338:                  char_traits<typename iterator_traits<InputIterator>::value_type>,
        -:  339:                  Allocator>;   // C++17
        -:  340:
        -:  341:template<class charT, class traits, class Allocator>
        -:  342:basic_string<charT, traits, Allocator>
        -:  343:operator+(const basic_string<charT, traits, Allocator>& lhs,
        -:  344:          const basic_string<charT, traits, Allocator>& rhs);
        -:  345:
        -:  346:template<class charT, class traits, class Allocator>
        -:  347:basic_string<charT, traits, Allocator>
        -:  348:operator+(const charT* lhs , const basic_string<charT,traits,Allocator>&rhs);
        -:  349:
        -:  350:template<class charT, class traits, class Allocator>
        -:  351:basic_string<charT, traits, Allocator>
        -:  352:operator+(charT lhs, const basic_string<charT,traits,Allocator>& rhs);
        -:  353:
        -:  354:template<class charT, class traits, class Allocator>
        -:  355:basic_string<charT, traits, Allocator>
        -:  356:operator+(const basic_string<charT, traits, Allocator>& lhs, const charT* rhs);
        -:  357:
        -:  358:template<class charT, class traits, class Allocator>
        -:  359:basic_string<charT, traits, Allocator>
        -:  360:operator+(const basic_string<charT, traits, Allocator>& lhs, charT rhs);
        -:  361:
        -:  362:template<class charT, class traits, class Allocator>
        -:  363:bool operator==(const basic_string<charT, traits, Allocator>& lhs,
        -:  364:                const basic_string<charT, traits, Allocator>& rhs) noexcept;
        -:  365:
        -:  366:template<class charT, class traits, class Allocator>
        -:  367:bool operator==(const charT* lhs, const basic_string<charT, traits, Allocator>& rhs) noexcept;
        -:  368:
        -:  369:template<class charT, class traits, class Allocator>
        -:  370:bool operator==(const basic_string<charT,traits,Allocator>& lhs, const charT* rhs) noexcept;
        -:  371:
        -:  372:template<class charT, class traits, class Allocator>
        -:  373:bool operator!=(const basic_string<charT,traits,Allocator>& lhs,
        -:  374:                const basic_string<charT, traits, Allocator>& rhs) noexcept;
        -:  375:
        -:  376:template<class charT, class traits, class Allocator>
        -:  377:bool operator!=(const charT* lhs, const basic_string<charT, traits, Allocator>& rhs) noexcept;
        -:  378:
        -:  379:template<class charT, class traits, class Allocator>
        -:  380:bool operator!=(const basic_string<charT, traits, Allocator>& lhs, const charT* rhs) noexcept;
        -:  381:
        -:  382:template<class charT, class traits, class Allocator>
        -:  383:bool operator< (const basic_string<charT, traits, Allocator>& lhs,
        -:  384:                const basic_string<charT, traits, Allocator>& rhs) noexcept;
        -:  385:
        -:  386:template<class charT, class traits, class Allocator>
        -:  387:bool operator< (const basic_string<charT, traits, Allocator>& lhs, const charT* rhs) noexcept;
        -:  388:
        -:  389:template<class charT, class traits, class Allocator>
        -:  390:bool operator< (const charT* lhs, const basic_string<charT, traits, Allocator>& rhs) noexcept;
        -:  391:
        -:  392:template<class charT, class traits, class Allocator>
        -:  393:bool operator> (const basic_string<charT, traits, Allocator>& lhs,
        -:  394:                const basic_string<charT, traits, Allocator>& rhs) noexcept;
        -:  395:
        -:  396:template<class charT, class traits, class Allocator>
        -:  397:bool operator> (const basic_string<charT, traits, Allocator>& lhs, const charT* rhs) noexcept;
        -:  398:
        -:  399:template<class charT, class traits, class Allocator>
        -:  400:bool operator> (const charT* lhs, const basic_string<charT, traits, Allocator>& rhs) noexcept;
        -:  401:
        -:  402:template<class charT, class traits, class Allocator>
        -:  403:bool operator<=(const basic_string<charT, traits, Allocator>& lhs,
        -:  404:                const basic_string<charT, traits, Allocator>& rhs) noexcept;
        -:  405:
        -:  406:template<class charT, class traits, class Allocator>
        -:  407:bool operator<=(const basic_string<charT, traits, Allocator>& lhs, const charT* rhs) noexcept;
        -:  408:
        -:  409:template<class charT, class traits, class Allocator>
        -:  410:bool operator<=(const charT* lhs, const basic_string<charT, traits, Allocator>& rhs) noexcept;
        -:  411:
        -:  412:template<class charT, class traits, class Allocator>
        -:  413:bool operator>=(const basic_string<charT, traits, Allocator>& lhs,
        -:  414:                const basic_string<charT, traits, Allocator>& rhs) noexcept;
        -:  415:
        -:  416:template<class charT, class traits, class Allocator>
        -:  417:bool operator>=(const basic_string<charT, traits, Allocator>& lhs, const charT* rhs) noexcept;
        -:  418:
        -:  419:template<class charT, class traits, class Allocator>
        -:  420:bool operator>=(const charT* lhs, const basic_string<charT, traits, Allocator>& rhs) noexcept;
        -:  421:
        -:  422:template<class charT, class traits, class Allocator>
        -:  423:void swap(basic_string<charT, traits, Allocator>& lhs,
        -:  424:          basic_string<charT, traits, Allocator>& rhs)
        -:  425:            noexcept(noexcept(lhs.swap(rhs)));
        -:  426:
        -:  427:template<class charT, class traits, class Allocator>
        -:  428:basic_istream<charT, traits>&
        -:  429:operator>>(basic_istream<charT, traits>& is, basic_string<charT, traits, Allocator>& str);
        -:  430:
        -:  431:template<class charT, class traits, class Allocator>
        -:  432:basic_ostream<charT, traits>&
        -:  433:operator<<(basic_ostream<charT, traits>& os, const basic_string<charT, traits, Allocator>& str);
        -:  434:
        -:  435:template<class charT, class traits, class Allocator>
        -:  436:basic_istream<charT, traits>&
        -:  437:getline(basic_istream<charT, traits>& is, basic_string<charT, traits, Allocator>& str,
        -:  438:        charT delim);
        -:  439:
        -:  440:template<class charT, class traits, class Allocator>
        -:  441:basic_istream<charT, traits>&
        -:  442:getline(basic_istream<charT, traits>& is, basic_string<charT, traits, Allocator>& str);
        -:  443:
        -:  444:template<class charT, class traits, class Allocator, class U>
        -:  445:typename basic_string<charT, traits, Allocator>::size_type
        -:  446:erase(basic_string<charT, traits, Allocator>& c, const U& value);    // C++20
        -:  447:template<class charT, class traits, class Allocator, class Predicate>
        -:  448:typename basic_string<charT, traits, Allocator>::size_type
        -:  449:erase_if(basic_string<charT, traits, Allocator>& c, Predicate pred); // C++20
        -:  450:
        -:  451:typedef basic_string<char>    string;
        -:  452:typedef basic_string<wchar_t> wstring;
        -:  453:typedef basic_string<char16_t> u16string;
        -:  454:typedef basic_string<char32_t> u32string;
        -:  455:
        -:  456:int                stoi  (const string& str, size_t* idx = nullptr, int base = 10);
        -:  457:long               stol  (const string& str, size_t* idx = nullptr, int base = 10);
        -:  458:unsigned long      stoul (const string& str, size_t* idx = nullptr, int base = 10);
        -:  459:long long          stoll (const string& str, size_t* idx = nullptr, int base = 10);
        -:  460:unsigned long long stoull(const string& str, size_t* idx = nullptr, int base = 10);
        -:  461:
        -:  462:float       stof (const string& str, size_t* idx = nullptr);
        -:  463:double      stod (const string& str, size_t* idx = nullptr);
        -:  464:long double stold(const string& str, size_t* idx = nullptr);
        -:  465:
        -:  466:string to_string(int val);
        -:  467:string to_string(unsigned val);
        -:  468:string to_string(long val);
        -:  469:string to_string(unsigned long val);
        -:  470:string to_string(long long val);
        -:  471:string to_string(unsigned long long val);
        -:  472:string to_string(float val);
        -:  473:string to_string(double val);
        -:  474:string to_string(long double val);
        -:  475:
        -:  476:int                stoi  (const wstring& str, size_t* idx = nullptr, int base = 10);
        -:  477:long               stol  (const wstring& str, size_t* idx = nullptr, int base = 10);
        -:  478:unsigned long      stoul (const wstring& str, size_t* idx = nullptr, int base = 10);
        -:  479:long long          stoll (const wstring& str, size_t* idx = nullptr, int base = 10);
        -:  480:unsigned long long stoull(const wstring& str, size_t* idx = nullptr, int base = 10);
        -:  481:
        -:  482:float       stof (const wstring& str, size_t* idx = nullptr);
        -:  483:double      stod (const wstring& str, size_t* idx = nullptr);
        -:  484:long double stold(const wstring& str, size_t* idx = nullptr);
        -:  485:
        -:  486:wstring to_wstring(int val);
        -:  487:wstring to_wstring(unsigned val);
        -:  488:wstring to_wstring(long val);
        -:  489:wstring to_wstring(unsigned long val);
        -:  490:wstring to_wstring(long long val);
        -:  491:wstring to_wstring(unsigned long long val);
        -:  492:wstring to_wstring(float val);
        -:  493:wstring to_wstring(double val);
        -:  494:wstring to_wstring(long double val);
        -:  495:
        -:  496:template <> struct hash<string>;
        -:  497:template <> struct hash<u16string>;
        -:  498:template <> struct hash<u32string>;
        -:  499:template <> struct hash<wstring>;
        -:  500:
        -:  501:basic_string<char>     operator "" s( const char *str,     size_t len ); // C++14
        -:  502:basic_string<wchar_t>  operator "" s( const wchar_t *str,  size_t len ); // C++14
        -:  503:basic_string<char16_t> operator "" s( const char16_t *str, size_t len ); // C++14
        -:  504:basic_string<char32_t> operator "" s( const char32_t *str, size_t len ); // C++14
        -:  505:
        -:  506:}  // std
        -:  507:
        -:  508:*/
        -:  509:
        -:  510:#include <__config>
        -:  511:#include <string_view>
        -:  512:#include <iosfwd>
        -:  513:#include <cstring>
        -:  514:#include <cstdio>  // For EOF.
        -:  515:#include <cwchar>
        -:  516:#include <algorithm>
        -:  517:#include <iterator>
        -:  518:#include <utility>
        -:  519:#include <memory>
        -:  520:#include <stdexcept>
        -:  521:#include <type_traits>
        -:  522:#include <initializer_list>
        -:  523:#include <__functional_base>
        -:  524:#include <version>
        -:  525:#ifndef _LIBCPP_HAS_NO_UNICODE_CHARS
        -:  526:#include <cstdint>
        -:  527:#endif
        -:  528:
        -:  529:#include <__debug>
        -:  530:
        -:  531:#if !defined(_LIBCPP_HAS_NO_PRAGMA_SYSTEM_HEADER)
        -:  532:#pragma GCC system_header
        -:  533:#endif
        -:  534:
        -:  535:_LIBCPP_PUSH_MACROS
        -:  536:#include <__undef_macros>
        -:  537:
        -:  538:
        -:  539:_LIBCPP_BEGIN_NAMESPACE_STD
        -:  540:
        -:  541:// fpos
        -:  542:
        -:  543:template <class _StateT>
        -:  544:class _LIBCPP_TEMPLATE_VIS fpos
        -:  545:{
        -:  546:private:
        -:  547:    _StateT __st_;
        -:  548:    streamoff __off_;
        -:  549:public:
function _ZNSt3__14fposI11__mbstate_tEC1Ex called 0 returned 0% blocks executed 0%
function _ZNSt3__14fposI11__mbstate_tEC2Ex called 0 returned 0% blocks executed 0%
    #####:  550:    _LIBCPP_INLINE_VISIBILITY fpos(streamoff __off = streamoff()) : __st_(), __off_(__off) {}
    $$$$$:  550-block  0
    $$$$$:  550-block  1
        -:  551:
function _ZNKSt3__14fposI11__mbstate_tEcvxEv called 0 returned 0% blocks executed 0%
    #####:  552:    _LIBCPP_INLINE_VISIBILITY operator streamoff() const {return __off_;}
    $$$$$:  552-block  0
        -:  553:
function _ZNKSt3__14fposI11__mbstate_tE5stateEv called 0 returned 0% blocks executed 0%
    #####:  554:    _LIBCPP_INLINE_VISIBILITY _StateT state() const {return __st_;}
    $$$$$:  554-block  0
function _ZNSt3__14fposI11__mbstate_tE5stateES1_ called 0 returned 0% blocks executed 0%
    #####:  555:    _LIBCPP_INLINE_VISIBILITY void state(_StateT __st) {__st_ = __st;}
    $$$$$:  555-block  0
        -:  556:
        -:  557:    _LIBCPP_INLINE_VISIBILITY fpos& operator+=(streamoff __off) {__off_ += __off; return *this;}
        -:  558:    _LIBCPP_INLINE_VISIBILITY fpos  operator+ (streamoff __off) const {fpos __t(*this); __t += __off; return __t;}
        -:  559:    _LIBCPP_INLINE_VISIBILITY fpos& operator-=(streamoff __off) {__off_ -= __off; return *this;}
        -:  560:    _LIBCPP_INLINE_VISIBILITY fpos  operator- (streamoff __off) const {fpos __t(*this); __t -= __off; return __t;}
        -:  561:};
        -:  562:
        -:  563:template <class _StateT>
        -:  564:inline _LIBCPP_INLINE_VISIBILITY
        -:  565:streamoff operator-(const fpos<_StateT>& __x, const fpos<_StateT>& __y)
        -:  566:    {return streamoff(__x) - streamoff(__y);}
        -:  567:
        -:  568:template <class _StateT>
        -:  569:inline _LIBCPP_INLINE_VISIBILITY
        -:  570:bool operator==(const fpos<_StateT>& __x, const fpos<_StateT>& __y)
        -:  571:    {return streamoff(__x) == streamoff(__y);}
        -:  572:
        -:  573:template <class _StateT>
        -:  574:inline _LIBCPP_INLINE_VISIBILITY
        -:  575:bool operator!=(const fpos<_StateT>& __x, const fpos<_StateT>& __y)
        -:  576:    {return streamoff(__x) != streamoff(__y);}
        -:  577:
        -:  578:// basic_string
        -:  579:
        -:  580:template<class _CharT, class _Traits, class _Allocator>
        -:  581:basic_string<_CharT, _Traits, _Allocator>
        -:  582:operator+(const basic_string<_CharT, _Traits, _Allocator>& __x,
        -:  583:          const basic_string<_CharT, _Traits, _Allocator>& __y);
        -:  584:
        -:  585:template<class _CharT, class _Traits, class _Allocator>
        -:  586:basic_string<_CharT, _Traits, _Allocator>
        -:  587:operator+(const _CharT* __x, const basic_string<_CharT,_Traits,_Allocator>& __y);
        -:  588:
        -:  589:template<class _CharT, class _Traits, class _Allocator>
        -:  590:basic_string<_CharT, _Traits, _Allocator>
        -:  591:operator+(_CharT __x, const basic_string<_CharT,_Traits,_Allocator>& __y);
        -:  592:
        -:  593:template<class _CharT, class _Traits, class _Allocator>
        -:  594:inline _LIBCPP_INLINE_VISIBILITY
        -:  595:basic_string<_CharT, _Traits, _Allocator>
        -:  596:operator+(const basic_string<_CharT, _Traits, _Allocator>& __x, const _CharT* __y);
        -:  597:
        -:  598:template<class _CharT, class _Traits, class _Allocator>
        -:  599:basic_string<_CharT, _Traits, _Allocator>
        -:  600:operator+(const basic_string<_CharT, _Traits, _Allocator>& __x, _CharT __y);
        -:  601:
        -:  602:_LIBCPP_EXTERN_TEMPLATE(_LIBCPP_FUNC_VIS string operator+<char, char_traits<char>, allocator<char> >(char const*, string const&))
        -:  603:
        -:  604:template <bool>
        -:  605:class _LIBCPP_TEMPLATE_VIS __basic_string_common
        -:  606:{
        -:  607:protected:
        -:  608:    _LIBCPP_NORETURN void __throw_length_error() const;
        -:  609:    _LIBCPP_NORETURN void __throw_out_of_range() const;
        -:  610:};
        -:  611:
        -:  612:template <bool __b>
        -:  613:void
        -:  614:__basic_string_common<__b>::__throw_length_error() const
        -:  615:{
        -:  616:    _VSTD::__throw_length_error("basic_string");
        -:  617:}
        -:  618:
        -:  619:template <bool __b>
        -:  620:void
        -:  621:__basic_string_common<__b>::__throw_out_of_range() const
        -:  622:{
        -:  623:    _VSTD::__throw_out_of_range("basic_string");
        -:  624:}
        -:  625:
        -:  626:_LIBCPP_EXTERN_TEMPLATE(class _LIBCPP_EXTERN_TEMPLATE_TYPE_VIS __basic_string_common<true>)
        -:  627:
        -:  628:#ifdef _LIBCPP_NO_EXCEPTIONS
        -:  629:template <class _Iter>
        -:  630:struct __libcpp_string_gets_noexcept_iterator_impl : public true_type {};
        -:  631:#elif defined(_LIBCPP_HAS_NO_NOEXCEPT)
        -:  632:template <class _Iter>
        -:  633:struct __libcpp_string_gets_noexcept_iterator_impl : public false_type {};
        -:  634:#else
        -:  635:template <class _Iter, bool = __is_cpp17_forward_iterator<_Iter>::value>
        -:  636:struct __libcpp_string_gets_noexcept_iterator_impl : public _LIBCPP_BOOL_CONSTANT((
        -:  637:    noexcept(++(declval<_Iter&>())) &&
        -:  638:    is_nothrow_assignable<_Iter&, _Iter>::value &&
        -:  639:    noexcept(declval<_Iter>() == declval<_Iter>()) &&
        -:  640:    noexcept(*declval<_Iter>())
        -:  641:)) {};
        -:  642:
        -:  643:template <class _Iter>
        -:  644:struct __libcpp_string_gets_noexcept_iterator_impl<_Iter, false> : public false_type {};
        -:  645:#endif
        -:  646:
        -:  647:
        -:  648:template <class _Iter>
        -:  649:struct __libcpp_string_gets_noexcept_iterator
        -:  650:    : public _LIBCPP_BOOL_CONSTANT(__libcpp_is_trivial_iterator<_Iter>::value || __libcpp_string_gets_noexcept_iterator_impl<_Iter>::value) {};
        -:  651:
        -:  652:template <class _CharT, class _Traits, class _Tp>
        -:  653:struct __can_be_converted_to_string_view : public _BoolConstant<
        -:  654:      is_convertible<const _Tp&, basic_string_view<_CharT, _Traits> >::value &&
        -:  655:     !is_convertible<const _Tp&, const _CharT*>::value
        -:  656:    > {};
        -:  657:
        -:  658:#ifdef _LIBCPP_ABI_ALTERNATE_STRING_LAYOUT
        -:  659:
        -:  660:template <class _CharT, size_t = sizeof(_CharT)>
        -:  661:struct __padding
        -:  662:{
        -:  663:    unsigned char __xx[sizeof(_CharT)-1];
        -:  664:};
        -:  665:
        -:  666:template <class _CharT>
        -:  667:struct __padding<_CharT, 1>
        -:  668:{
        -:  669:};
        -:  670:
        -:  671:#endif  // _LIBCPP_ABI_ALTERNATE_STRING_LAYOUT
        -:  672:
        -:  673:#ifndef _LIBCPP_NO_HAS_CHAR8_T
        -:  674:typedef basic_string<char8_t> u8string;
        -:  675:#endif
        -:  676:
        -:  677:#ifndef _LIBCPP_HAS_NO_UNICODE_CHARS
        -:  678:typedef basic_string<char16_t> u16string;
        -:  679:typedef basic_string<char32_t> u32string;
        -:  680:#endif  // _LIBCPP_HAS_NO_UNICODE_CHARS
        -:  681:
        -:  682:template<class _CharT, class _Traits, class _Allocator>
        -:  683:class
        -:  684:    _LIBCPP_TEMPLATE_VIS
        -:  685:#ifndef _LIBCPP_NO_HAS_CHAR8_T
        -:  686:    _LIBCPP_PREFERRED_NAME(u8string)
        -:  687:#endif
        -:  688:#ifndef _LIBCPP_HAS_NO_UNICODE_CHARS
        -:  689:    _LIBCPP_PREFERRED_NAME(u16string)
        -:  690:    _LIBCPP_PREFERRED_NAME(u32string)
        -:  691:#endif
        -:  692:    basic_string
        -:  693:    : private __basic_string_common<true>
        -:  694:{
        -:  695:public:
        -:  696:    typedef basic_string                                 __self;
        -:  697:    typedef basic_string_view<_CharT, _Traits>           __self_view;
        -:  698:    typedef _Traits                                      traits_type;
        -:  699:    typedef _CharT                                       value_type;
        -:  700:    typedef _Allocator                                   allocator_type;
        -:  701:    typedef allocator_traits<allocator_type>             __alloc_traits;
        -:  702:    typedef typename __alloc_traits::size_type           size_type;
        -:  703:    typedef typename __alloc_traits::difference_type     difference_type;
        -:  704:    typedef value_type&                                  reference;
        -:  705:    typedef const value_type&                            const_reference;
        -:  706:    typedef typename __alloc_traits::pointer             pointer;
        -:  707:    typedef typename __alloc_traits::const_pointer       const_pointer;
        -:  708:
        -:  709:    static_assert((!is_array<value_type>::value), "Character type of basic_string must not be an array");
        -:  710:    static_assert(( is_standard_layout<value_type>::value), "Character type of basic_string must be standard-layout");
        -:  711:    static_assert(( is_trivial<value_type>::value), "Character type of basic_string must be trivial");
        -:  712:    static_assert(( is_same<_CharT, typename traits_type::char_type>::value),
        -:  713:                  "traits_type::char_type must be the same type as CharT");
        -:  714:    static_assert(( is_same<typename allocator_type::value_type, value_type>::value),
        -:  715:                  "Allocator::value_type must be same type as value_type");
        -:  716:
        -:  717:    typedef __wrap_iter<pointer>                         iterator;
        -:  718:    typedef __wrap_iter<const_pointer>                   const_iterator;
        -:  719:    typedef _VSTD::reverse_iterator<iterator>             reverse_iterator;
        -:  720:    typedef _VSTD::reverse_iterator<const_iterator>       const_reverse_iterator;
        -:  721:
        -:  722:private:
        -:  723:
        -:  724:#ifdef _LIBCPP_ABI_ALTERNATE_STRING_LAYOUT
        -:  725:
        -:  726:    struct __long
        -:  727:    {
        -:  728:        pointer   __data_;
        -:  729:        size_type __size_;
        -:  730:        size_type __cap_;
        -:  731:    };
        -:  732:
        -:  733:#ifdef _LIBCPP_BIG_ENDIAN
        -:  734:    static const size_type __short_mask = 0x01;
        -:  735:    static const size_type __long_mask  = 0x1ul;
        -:  736:#else  // _LIBCPP_BIG_ENDIAN
        -:  737:    static const size_type __short_mask = 0x80;
        -:  738:    static const size_type __long_mask  = ~(size_type(~0) >> 1);
        -:  739:#endif  // _LIBCPP_BIG_ENDIAN
        -:  740:
        -:  741:    enum {__min_cap = (sizeof(__long) - 1)/sizeof(value_type) > 2 ?
        -:  742:                      (sizeof(__long) - 1)/sizeof(value_type) : 2};
        -:  743:
        -:  744:    struct __short
        -:  745:    {
        -:  746:        value_type __data_[__min_cap];
        -:  747:        struct
        -:  748:            : __padding<value_type>
        -:  749:        {
        -:  750:            unsigned char __size_;
        -:  751:        };
        -:  752:    };
        -:  753:
        -:  754:#else
        -:  755:
        -:  756:    struct __long
        -:  757:    {
        -:  758:        size_type __cap_;
        -:  759:        size_type __size_;
        -:  760:        pointer   __data_;
        -:  761:    };
        -:  762:
        -:  763:#ifdef _LIBCPP_BIG_ENDIAN
        -:  764:    static const size_type __short_mask = 0x80;
        -:  765:    static const size_type __long_mask  = ~(size_type(~0) >> 1);
        -:  766:#else  // _LIBCPP_BIG_ENDIAN
        -:  767:    static const size_type __short_mask = 0x01;
        -:  768:    static const size_type __long_mask  = 0x1ul;
        -:  769:#endif  // _LIBCPP_BIG_ENDIAN
        -:  770:
        -:  771:    enum {__min_cap = (sizeof(__long) - 1)/sizeof(value_type) > 2 ?
        -:  772:                      (sizeof(__long) - 1)/sizeof(value_type) : 2};
        -:  773:
        -:  774:    struct __short
        -:  775:    {
        -:  776:        union
        -:  777:        {
        -:  778:            unsigned char __size_;
        -:  779:            value_type __lx;
        -:  780:        };
        -:  781:        value_type __data_[__min_cap];
        -:  782:    };
        -:  783:
        -:  784:#endif  // _LIBCPP_ABI_ALTERNATE_STRING_LAYOUT
        -:  785:
        -:  786:    union __ulx{__long __lx; __short __lxx;};
        -:  787:
        -:  788:    enum {__n_words = sizeof(__ulx) / sizeof(size_type)};
        -:  789:
        -:  790:    struct __raw
        -:  791:    {
        -:  792:        size_type __words[__n_words];
        -:  793:    };
        -:  794:
        -:  795:    struct __rep
        -:  796:    {
        -:  797:        union
        -:  798:        {
        -:  799:            __long  __l;
        -:  800:            __short __s;
        -:  801:            __raw   __r;
        -:  802:        };
        -:  803:    };
        -:  804:
        -:  805:    __compressed_pair<__rep, allocator_type> __r_;
        -:  806:
        -:  807:public:
        -:  808:    _LIBCPP_FUNC_VIS
        -:  809:    static const size_type npos = -1;
        -:  810:
        -:  811:    _LIBCPP_INLINE_VISIBILITY basic_string()
        -:  812:        _NOEXCEPT_(is_nothrow_default_constructible<allocator_type>::value);
        -:  813:
        -:  814:    _LIBCPP_INLINE_VISIBILITY explicit basic_string(const allocator_type& __a)
        -:  815:#if _LIBCPP_STD_VER <= 14
        -:  816:        _NOEXCEPT_(is_nothrow_copy_constructible<allocator_type>::value);
        -:  817:#else
        -:  818:        _NOEXCEPT;
        -:  819:#endif
        -:  820:
        -:  821:    basic_string(const basic_string& __str);
        -:  822:    basic_string(const basic_string& __str, const allocator_type& __a);
        -:  823:
        -:  824:#ifndef _LIBCPP_CXX03_LANG
        -:  825:    _LIBCPP_INLINE_VISIBILITY
        -:  826:    basic_string(basic_string&& __str)
        -:  827:#if _LIBCPP_STD_VER <= 14
        -:  828:        _NOEXCEPT_(is_nothrow_move_constructible<allocator_type>::value);
        -:  829:#else
        -:  830:        _NOEXCEPT;
        -:  831:#endif
        -:  832:
        -:  833:    _LIBCPP_INLINE_VISIBILITY
        -:  834:    basic_string(basic_string&& __str, const allocator_type& __a);
        -:  835:#endif  // _LIBCPP_CXX03_LANG
        -:  836:
        -:  837:    template <class = _EnableIf<__is_allocator<_Allocator>::value, nullptr_t> >
        -:  838:    _LIBCPP_INLINE_VISIBILITY
function _ZNSt3__112basic_stringIcNS_11char_traitsIcEENS_9allocatorIcEEEC1IDnEEPKc called 9 returned 100% blocks executed 100%
function _ZNSt3__112basic_stringIcNS_11char_traitsIcEENS_9allocatorIcEEEC2IDnEEPKc called 9 returned 100% blocks executed 100%
       18:  839:    basic_string(const _CharT* __s) : __r_(__default_init_tag(), __default_init_tag()) {
        -:  840:      _LIBCPP_ASSERT(__s != nullptr, "basic_string(const char*) detected nullptr");
        9:  841:      __init(__s, traits_type::length(__s));
        -:  842:#   if _LIBCPP_DEBUG_LEVEL == 2
        -:  843:      __get_db()->__insert_c(this);
        -:  844:#   endif
       18:  845:    }
        9:  845-block  0
        9:  845-block  1
        -:  846:
        -:  847:    template <class = _EnableIf<__is_allocator<_Allocator>::value, nullptr_t> >
        -:  848:        _LIBCPP_INLINE_VISIBILITY
        -:  849:        basic_string(const _CharT* __s, const _Allocator& __a);
        -:  850:
        -:  851:    _LIBCPP_INLINE_VISIBILITY
        -:  852:    basic_string(const _CharT* __s, size_type __n);
        -:  853:    _LIBCPP_INLINE_VISIBILITY
        -:  854:    basic_string(const _CharT* __s, size_type __n, const _Allocator& __a);
        -:  855:    _LIBCPP_INLINE_VISIBILITY
        -:  856:    basic_string(size_type __n, _CharT __c);
        -:  857:
        -:  858:    template <class = _EnableIf<__is_allocator<_Allocator>::value, nullptr_t> >
        -:  859:        _LIBCPP_INLINE_VISIBILITY
        -:  860:        basic_string(size_type __n, _CharT __c, const _Allocator& __a);
        -:  861:
        -:  862:    basic_string(const basic_string& __str, size_type __pos, size_type __n,
        -:  863:                 const _Allocator& __a = _Allocator());
        -:  864:    _LIBCPP_INLINE_VISIBILITY
        -:  865:    basic_string(const basic_string& __str, size_type __pos,
        -:  866:                 const _Allocator& __a = _Allocator());
        -:  867:
        -:  868:    template<class _Tp, class = _EnableIf<__can_be_converted_to_string_view<_CharT, _Traits, _Tp>::value && !__is_same_uncvref<_Tp, basic_string>::value> >
        -:  869:        _LIBCPP_METHOD_TEMPLATE_IMPLICIT_INSTANTIATION_VIS
        -:  870:        basic_string(const _Tp& __t, size_type __pos, size_type __n,
        -:  871:                     const allocator_type& __a = allocator_type());
        -:  872:
        -:  873:    template<class _Tp, class = _EnableIf<__can_be_converted_to_string_view<_CharT, _Traits, _Tp>::value &&
        -:  874:                                          !__is_same_uncvref<_Tp, basic_string>::value> >
        -:  875:        _LIBCPP_METHOD_TEMPLATE_IMPLICIT_INSTANTIATION_VIS
        -:  876:        explicit basic_string(const _Tp& __t);
        -:  877:
        -:  878:    template<class _Tp, class = _EnableIf<__can_be_converted_to_string_view<_CharT, _Traits, _Tp>::value && !__is_same_uncvref<_Tp, basic_string>::value> >
        -:  879:        _LIBCPP_METHOD_TEMPLATE_IMPLICIT_INSTANTIATION_VIS
        -:  880:        explicit basic_string(const _Tp& __t, const allocator_type& __a);
        -:  881:
        -:  882:    template<class _InputIterator, class = _EnableIf<__is_cpp17_input_iterator<_InputIterator>::value> >
        -:  883:        _LIBCPP_INLINE_VISIBILITY
        -:  884:        basic_string(_InputIterator __first, _InputIterator __last);
        -:  885:    template<class _InputIterator, class = _EnableIf<__is_cpp17_input_iterator<_InputIterator>::value> >
        -:  886:        _LIBCPP_INLINE_VISIBILITY
        -:  887:        basic_string(_InputIterator __first, _InputIterator __last, const allocator_type& __a);
        -:  888:#ifndef _LIBCPP_CXX03_LANG
        -:  889:    _LIBCPP_INLINE_VISIBILITY
        -:  890:    basic_string(initializer_list<_CharT> __il);
        -:  891:    _LIBCPP_INLINE_VISIBILITY
        -:  892:    basic_string(initializer_list<_CharT> __il, const _Allocator& __a);
        -:  893:#endif  // _LIBCPP_CXX03_LANG
        -:  894:
        -:  895:    inline ~basic_string();
        -:  896:
        -:  897:    _LIBCPP_INLINE_VISIBILITY
        -:  898:    operator __self_view() const _NOEXCEPT { return __self_view(data(), size()); }
        -:  899:
        -:  900:    basic_string& operator=(const basic_string& __str);
        -:  901:
        -:  902:    template <class _Tp, class = _EnableIf<__can_be_converted_to_string_view<_CharT, _Traits, _Tp>::value && !__is_same_uncvref<_Tp, basic_string>::value> >
        -:  903:    basic_string& operator=(const _Tp& __t)
        -:  904:        {__self_view __sv = __t; return assign(__sv);}
        -:  905:
        -:  906:#ifndef _LIBCPP_CXX03_LANG
        -:  907:    _LIBCPP_INLINE_VISIBILITY
        -:  908:    basic_string& operator=(basic_string&& __str)
        -:  909:        _NOEXCEPT_((__noexcept_move_assign_container<_Allocator, __alloc_traits>::value));
        -:  910:     _LIBCPP_INLINE_VISIBILITY
        -:  911:    basic_string& operator=(initializer_list<value_type> __il) {return assign(__il.begin(), __il.size());}
        -:  912:#endif
        -:  913:    _LIBCPP_INLINE_VISIBILITY basic_string& operator=(const value_type* __s) {return assign(__s);}
        -:  914:    basic_string& operator=(value_type __c);
        -:  915:
        -:  916:#if _LIBCPP_DEBUG_LEVEL == 2
        -:  917:    _LIBCPP_INLINE_VISIBILITY
        -:  918:    iterator begin() _NOEXCEPT
        -:  919:        {return iterator(this, __get_pointer());}
        -:  920:    _LIBCPP_INLINE_VISIBILITY
        -:  921:    const_iterator begin() const _NOEXCEPT
        -:  922:        {return const_iterator(this, __get_pointer());}
        -:  923:    _LIBCPP_INLINE_VISIBILITY
        -:  924:    iterator end() _NOEXCEPT
        -:  925:        {return iterator(this, __get_pointer() + size());}
        -:  926:    _LIBCPP_INLINE_VISIBILITY
        -:  927:    const_iterator end() const _NOEXCEPT
        -:  928:        {return const_iterator(this, __get_pointer() + size());}
        -:  929:#else
        -:  930:    _LIBCPP_INLINE_VISIBILITY
        -:  931:    iterator begin() _NOEXCEPT
        -:  932:        {return iterator(__get_pointer());}
        -:  933:    _LIBCPP_INLINE_VISIBILITY
        -:  934:    const_iterator begin() const _NOEXCEPT
        -:  935:        {return const_iterator(__get_pointer());}
        -:  936:    _LIBCPP_INLINE_VISIBILITY
        -:  937:    iterator end() _NOEXCEPT
        -:  938:        {return iterator(__get_pointer() + size());}
        -:  939:    _LIBCPP_INLINE_VISIBILITY
        -:  940:    const_iterator end() const _NOEXCEPT
        -:  941:        {return const_iterator(__get_pointer() + size());}
        -:  942:#endif  // _LIBCPP_DEBUG_LEVEL == 2
        -:  943:    _LIBCPP_INLINE_VISIBILITY
        -:  944:    reverse_iterator rbegin() _NOEXCEPT
        -:  945:        {return reverse_iterator(end());}
        -:  946:    _LIBCPP_INLINE_VISIBILITY
        -:  947:    const_reverse_iterator rbegin() const _NOEXCEPT
        -:  948:        {return const_reverse_iterator(end());}
        -:  949:    _LIBCPP_INLINE_VISIBILITY
        -:  950:    reverse_iterator rend() _NOEXCEPT
        -:  951:        {return reverse_iterator(begin());}
        -:  952:    _LIBCPP_INLINE_VISIBILITY
        -:  953:    const_reverse_iterator rend() const _NOEXCEPT
        -:  954:        {return const_reverse_iterator(begin());}
        -:  955:
        -:  956:    _LIBCPP_INLINE_VISIBILITY
        -:  957:    const_iterator cbegin() const _NOEXCEPT
        -:  958:        {return begin();}
        -:  959:    _LIBCPP_INLINE_VISIBILITY
        -:  960:    const_iterator cend() const _NOEXCEPT
        -:  961:        {return end();}
        -:  962:    _LIBCPP_INLINE_VISIBILITY
        -:  963:    const_reverse_iterator crbegin() const _NOEXCEPT
        -:  964:        {return rbegin();}
        -:  965:    _LIBCPP_INLINE_VISIBILITY
        -:  966:    const_reverse_iterator crend() const _NOEXCEPT
        -:  967:        {return rend();}
        -:  968:
function _ZNKSt3__112basic_stringIcNS_11char_traitsIcEENS_9allocatorIcEEE4sizeEv called 89 returned 100% blocks executed 100%
       89:  969:    _LIBCPP_INLINE_VISIBILITY size_type size() const _NOEXCEPT
       89:  970:        {return __is_long() ? __get_long_size() : __get_short_size();}
       89:  970-block  0
branch  0 taken 15
branch  1 taken 74
       15:  970-block  1
       74:  970-block  2
       89:  970-block  3
        -:  971:    _LIBCPP_INLINE_VISIBILITY size_type length() const _NOEXCEPT {return size();}
        -:  972:    _LIBCPP_INLINE_VISIBILITY size_type max_size() const _NOEXCEPT;
function _ZNKSt3__112basic_stringIcNS_11char_traitsIcEENS_9allocatorIcEEE8capacityEv called 86 returned 100% blocks executed 100%
       86:  973:    _LIBCPP_INLINE_VISIBILITY size_type capacity() const _NOEXCEPT
       86:  974:        {return (__is_long() ? __get_long_cap()
       86:  974-block  0
branch  0 taken 12
branch  1 taken 74
       12:  974-block  1
       74:  974-block  2
       86:  974-block  3
       86:  974-block  4
       86:  975:                             : static_cast<size_type>(__min_cap)) - 1;}
        -:  976:
        -:  977:    void resize(size_type __n, value_type __c);
function _ZNSt3__112basic_stringIcNS_11char_traitsIcEENS_9allocatorIcEEE6resizeEm called 86 returned 100% blocks executed 100%
       86:  978:    _LIBCPP_INLINE_VISIBILITY void resize(size_type __n) {resize(__n, value_type());}
       86:  978-block  0
        -:  979:
        -:  980:    void reserve(size_type __requested_capacity);
        -:  981:    _LIBCPP_INLINE_VISIBILITY void __resize_default_init(size_type __n);
        -:  982:
        -:  983:    _LIBCPP_DEPRECATED_IN_CXX20 _LIBCPP_INLINE_VISIBILITY
        -:  984:    void reserve() _NOEXCEPT {shrink_to_fit();}
        -:  985:    _LIBCPP_INLINE_VISIBILITY
        -:  986:    void shrink_to_fit() _NOEXCEPT;
        -:  987:    _LIBCPP_INLINE_VISIBILITY
        -:  988:    void clear() _NOEXCEPT;
        -:  989:    _LIBCPP_NODISCARD_AFTER_CXX17 _LIBCPP_INLINE_VISIBILITY
        -:  990:    bool empty() const _NOEXCEPT {return size() == 0;}
        -:  991:
        -:  992:    _LIBCPP_INLINE_VISIBILITY const_reference operator[](size_type __pos) const _NOEXCEPT;
        -:  993:    _LIBCPP_INLINE_VISIBILITY reference       operator[](size_type __pos)       _NOEXCEPT;
        -:  994:
        -:  995:    const_reference at(size_type __n) const;
        -:  996:    reference       at(size_type __n);
        -:  997:
        -:  998:    _LIBCPP_INLINE_VISIBILITY basic_string& operator+=(const basic_string& __str) {return append(__str);}
        -:  999:
        -: 1000:    template <class _Tp>
        -: 1001:    _LIBCPP_METHOD_TEMPLATE_IMPLICIT_INSTANTIATION_VIS
        -: 1002:    _EnableIf
        -: 1003:        <
        -: 1004:            __can_be_converted_to_string_view<_CharT, _Traits, _Tp>::value
        -: 1005:            && !__is_same_uncvref<_Tp, basic_string >::value,
        -: 1006:            basic_string&
        -: 1007:        >
        -: 1008:                                            operator+=(const _Tp& __t)            {__self_view __sv = __t; return append(__sv);}
        -: 1009:    _LIBCPP_INLINE_VISIBILITY basic_string& operator+=(const value_type* __s)     {return append(__s);}
        -: 1010:    _LIBCPP_INLINE_VISIBILITY basic_string& operator+=(value_type __c)            {push_back(__c); return *this;}
        -: 1011:#ifndef _LIBCPP_CXX03_LANG
        -: 1012:    _LIBCPP_INLINE_VISIBILITY basic_string& operator+=(initializer_list<value_type> __il) {return append(__il);}
        -: 1013:#endif  // _LIBCPP_CXX03_LANG
        -: 1014:
        -: 1015:    _LIBCPP_INLINE_VISIBILITY
        -: 1016:    basic_string& append(const basic_string& __str);
        -: 1017:
        -: 1018:    template <class _Tp>
        -: 1019:    _LIBCPP_METHOD_TEMPLATE_IMPLICIT_INSTANTIATION_VIS
        -: 1020:    _EnableIf<
        -: 1021:            __can_be_converted_to_string_view<_CharT, _Traits, _Tp>::value
        -: 1022:            && !__is_same_uncvref<_Tp, basic_string>::value,
        -: 1023:            basic_string&
        -: 1024:        >
        -: 1025:                  append(const _Tp& __t) { __self_view __sv = __t; return append(__sv.data(), __sv.size()); }
        -: 1026:    basic_string& append(const basic_string& __str, size_type __pos, size_type __n=npos);
        -: 1027:
        -: 1028:    template <class _Tp>
        -: 1029:    _LIBCPP_METHOD_TEMPLATE_IMPLICIT_INSTANTIATION_VIS
        -: 1030:    _EnableIf
        -: 1031:        <
        -: 1032:            __can_be_converted_to_string_view<_CharT, _Traits, _Tp>::value
        -: 1033:            && !__is_same_uncvref<_Tp, basic_string>::value,
        -: 1034:            basic_string&
        -: 1035:        >
        -: 1036:                  append(const _Tp& __t, size_type __pos, size_type __n=npos);
        -: 1037:    basic_string& append(const value_type* __s, size_type __n);
        -: 1038:    basic_string& append(const value_type* __s);
        -: 1039:    basic_string& append(size_type __n, value_type __c);
        -: 1040:
        -: 1041:    _LIBCPP_INLINE_VISIBILITY
        -: 1042:    void __append_default_init(size_type __n);
        -: 1043:
        -: 1044:    template <class _ForwardIterator>
        -: 1045:    _LIBCPP_METHOD_TEMPLATE_IMPLICIT_INSTANTIATION_VIS
        -: 1046:    basic_string& __append_forward_unsafe(_ForwardIterator, _ForwardIterator);
        -: 1047:    template<class _InputIterator>
        -: 1048:    _LIBCPP_METHOD_TEMPLATE_IMPLICIT_INSTANTIATION_VIS
        -: 1049:    _EnableIf
        -: 1050:        <
        -: 1051:            __is_exactly_cpp17_input_iterator<_InputIterator>::value
        -: 1052:                || !__libcpp_string_gets_noexcept_iterator<_InputIterator>::value,
        -: 1053:            basic_string&
        -: 1054:        >
        -: 1055:    _LIBCPP_INLINE_VISIBILITY
        -: 1056:    append(_InputIterator __first, _InputIterator __last) {
        -: 1057:      const basic_string __temp (__first, __last, __alloc());
        -: 1058:      append(__temp.data(), __temp.size());
        -: 1059:      return *this;
        -: 1060:    }
        -: 1061:    template<class _ForwardIterator>
        -: 1062:    _LIBCPP_METHOD_TEMPLATE_IMPLICIT_INSTANTIATION_VIS
        -: 1063:    _EnableIf
        -: 1064:        <
        -: 1065:            __is_cpp17_forward_iterator<_ForwardIterator>::value
        -: 1066:                && __libcpp_string_gets_noexcept_iterator<_ForwardIterator>::value,
        -: 1067:            basic_string&
        -: 1068:        >
        -: 1069:    _LIBCPP_INLINE_VISIBILITY
        -: 1070:    append(_ForwardIterator __first, _ForwardIterator __last) {
        -: 1071:      return __append_forward_unsafe(__first, __last);
        -: 1072:    }
        -: 1073:
        -: 1074:#ifndef _LIBCPP_CXX03_LANG
        -: 1075:    _LIBCPP_INLINE_VISIBILITY
        -: 1076:    basic_string& append(initializer_list<value_type> __il) {return append(__il.begin(), __il.size());}
        -: 1077:#endif  // _LIBCPP_CXX03_LANG
        -: 1078:
        -: 1079:    void push_back(value_type __c);
        -: 1080:    _LIBCPP_INLINE_VISIBILITY
        -: 1081:    void pop_back();
        -: 1082:    _LIBCPP_INLINE_VISIBILITY reference       front() _NOEXCEPT;
        -: 1083:    _LIBCPP_INLINE_VISIBILITY const_reference front() const _NOEXCEPT;
        -: 1084:    _LIBCPP_INLINE_VISIBILITY reference       back() _NOEXCEPT;
        -: 1085:    _LIBCPP_INLINE_VISIBILITY const_reference back() const _NOEXCEPT;
        -: 1086:
        -: 1087:    template <class _Tp>
        -: 1088:    _LIBCPP_METHOD_TEMPLATE_IMPLICIT_INSTANTIATION_VIS
        -: 1089:    _EnableIf
        -: 1090:        <
        -: 1091:            __can_be_converted_to_string_view<_CharT, _Traits, _Tp>::value,
        -: 1092:            basic_string&
        -: 1093:        >
        -: 1094:                 assign(const _Tp & __t) { __self_view __sv = __t; return assign(__sv.data(), __sv.size()); }
        -: 1095:    _LIBCPP_INLINE_VISIBILITY
        -: 1096:    basic_string& assign(const basic_string& __str) { return *this = __str; }
        -: 1097:#ifndef _LIBCPP_CXX03_LANG
        -: 1098:    _LIBCPP_INLINE_VISIBILITY
        -: 1099:    basic_string& assign(basic_string&& __str)
        -: 1100:        _NOEXCEPT_((__noexcept_move_assign_container<_Allocator, __alloc_traits>::value))
        -: 1101:        {*this = _VSTD::move(__str); return *this;}
        -: 1102:#endif
        -: 1103:    basic_string& assign(const basic_string& __str, size_type __pos, size_type __n=npos);
        -: 1104:    template <class _Tp>
        -: 1105:    _LIBCPP_METHOD_TEMPLATE_IMPLICIT_INSTANTIATION_VIS
        -: 1106:    _EnableIf
        -: 1107:        <
        -: 1108:            __can_be_converted_to_string_view<_CharT, _Traits, _Tp>::value
        -: 1109:            && !__is_same_uncvref<_Tp, basic_string>::value,
        -: 1110:            basic_string&
        -: 1111:        >
        -: 1112:                  assign(const _Tp & __t, size_type __pos, size_type __n=npos);
        -: 1113:    basic_string& assign(const value_type* __s, size_type __n);
        -: 1114:    basic_string& assign(const value_type* __s);
        -: 1115:    basic_string& assign(size_type __n, value_type __c);
        -: 1116:    template<class _InputIterator>
        -: 1117:    _LIBCPP_METHOD_TEMPLATE_IMPLICIT_INSTANTIATION_VIS
        -: 1118:    _EnableIf
        -: 1119:        <
        -: 1120:           __is_exactly_cpp17_input_iterator<_InputIterator>::value
        -: 1121:                || !__libcpp_string_gets_noexcept_iterator<_InputIterator>::value,
        -: 1122:            basic_string&
        -: 1123:        >
        -: 1124:        assign(_InputIterator __first, _InputIterator __last);
        -: 1125:    template<class _ForwardIterator>
        -: 1126:    _LIBCPP_METHOD_TEMPLATE_IMPLICIT_INSTANTIATION_VIS
        -: 1127:    _EnableIf
        -: 1128:        <
        -: 1129:            __is_cpp17_forward_iterator<_ForwardIterator>::value
        -: 1130:                 && __libcpp_string_gets_noexcept_iterator<_ForwardIterator>::value,
        -: 1131:            basic_string&
        -: 1132:        >
        -: 1133:        assign(_ForwardIterator __first, _ForwardIterator __last);
        -: 1134:#ifndef _LIBCPP_CXX03_LANG
        -: 1135:    _LIBCPP_INLINE_VISIBILITY
        -: 1136:    basic_string& assign(initializer_list<value_type> __il) {return assign(__il.begin(), __il.size());}
        -: 1137:#endif  // _LIBCPP_CXX03_LANG
        -: 1138:
        -: 1139:    _LIBCPP_INLINE_VISIBILITY
        -: 1140:    basic_string& insert(size_type __pos1, const basic_string& __str);
        -: 1141:
        -: 1142:    template <class _Tp>
        -: 1143:    _LIBCPP_METHOD_TEMPLATE_IMPLICIT_INSTANTIATION_VIS
        -: 1144:    _EnableIf
        -: 1145:        <
        -: 1146:            __can_be_converted_to_string_view<_CharT, _Traits, _Tp>::value,
        -: 1147:            basic_string&
        -: 1148:        >
        -: 1149:                 insert(size_type __pos1, const _Tp& __t)
        -: 1150:    { __self_view __sv = __t; return insert(__pos1, __sv.data(), __sv.size()); }
        -: 1151:
        -: 1152:    template <class _Tp>
        -: 1153:    _LIBCPP_METHOD_TEMPLATE_IMPLICIT_INSTANTIATION_VIS
        -: 1154:    _EnableIf
        -: 1155:        <
        -: 1156:            __can_be_converted_to_string_view<_CharT, _Traits, _Tp>::value && !__is_same_uncvref<_Tp, basic_string>::value,
        -: 1157:            basic_string&
        -: 1158:        >
        -: 1159:                  insert(size_type __pos1, const _Tp& __t, size_type __pos2, size_type __n=npos);
        -: 1160:    basic_string& insert(size_type __pos1, const basic_string& __str, size_type __pos2, size_type __n=npos);
        -: 1161:    basic_string& insert(size_type __pos, const value_type* __s, size_type __n);
        -: 1162:    basic_string& insert(size_type __pos, const value_type* __s);
        -: 1163:    basic_string& insert(size_type __pos, size_type __n, value_type __c);
        -: 1164:    iterator      insert(const_iterator __pos, value_type __c);
        -: 1165:    _LIBCPP_INLINE_VISIBILITY
        -: 1166:    iterator      insert(const_iterator __pos, size_type __n, value_type __c);
        -: 1167:    template<class _InputIterator>
        -: 1168:    _LIBCPP_METHOD_TEMPLATE_IMPLICIT_INSTANTIATION_VIS
        -: 1169:    _EnableIf
        -: 1170:        <
        -: 1171:           __is_exactly_cpp17_input_iterator<_InputIterator>::value
        -: 1172:                || !__libcpp_string_gets_noexcept_iterator<_InputIterator>::value,
        -: 1173:            iterator
        -: 1174:        >
        -: 1175:        insert(const_iterator __pos, _InputIterator __first, _InputIterator __last);
        -: 1176:    template<class _ForwardIterator>
        -: 1177:    _LIBCPP_METHOD_TEMPLATE_IMPLICIT_INSTANTIATION_VIS
        -: 1178:    _EnableIf
        -: 1179:        <
        -: 1180:            __is_cpp17_forward_iterator<_ForwardIterator>::value
        -: 1181:                 && __libcpp_string_gets_noexcept_iterator<_ForwardIterator>::value,
        -: 1182:            iterator
        -: 1183:        >
        -: 1184:        insert(const_iterator __pos, _ForwardIterator __first, _ForwardIterator __last);
        -: 1185:#ifndef _LIBCPP_CXX03_LANG
        -: 1186:    _LIBCPP_INLINE_VISIBILITY
        -: 1187:    iterator insert(const_iterator __pos, initializer_list<value_type> __il)
        -: 1188:                    {return insert(__pos, __il.begin(), __il.end());}
        -: 1189:#endif  // _LIBCPP_CXX03_LANG
        -: 1190:
        -: 1191:    basic_string& erase(size_type __pos = 0, size_type __n = npos);
        -: 1192:    _LIBCPP_INLINE_VISIBILITY
        -: 1193:    iterator      erase(const_iterator __pos);
        -: 1194:    _LIBCPP_INLINE_VISIBILITY
        -: 1195:    iterator      erase(const_iterator __first, const_iterator __last);
        -: 1196:
        -: 1197:    _LIBCPP_INLINE_VISIBILITY
        -: 1198:    basic_string& replace(size_type __pos1, size_type __n1, const basic_string& __str);
        -: 1199:
        -: 1200:    template <class _Tp>
        -: 1201:    _LIBCPP_METHOD_TEMPLATE_IMPLICIT_INSTANTIATION_VIS
        -: 1202:    _EnableIf
        -: 1203:        <
        -: 1204:            __can_be_converted_to_string_view<_CharT, _Traits, _Tp>::value,
        -: 1205:            basic_string&
        -: 1206:        >
        -: 1207:                  replace(size_type __pos1, size_type __n1, const _Tp& __t) { __self_view __sv = __t; return replace(__pos1, __n1, __sv.data(), __sv.size()); }
        -: 1208:    basic_string& replace(size_type __pos1, size_type __n1, const basic_string& __str, size_type __pos2, size_type __n2=npos);
        -: 1209:    template <class _Tp>
        -: 1210:    _LIBCPP_METHOD_TEMPLATE_IMPLICIT_INSTANTIATION_VIS
        -: 1211:    _EnableIf
        -: 1212:        <
        -: 1213:            __can_be_converted_to_string_view<_CharT, _Traits, _Tp>::value  && !__is_same_uncvref<_Tp, basic_string>::value,
        -: 1214:            basic_string&
        -: 1215:        >
        -: 1216:                  replace(size_type __pos1, size_type __n1, const _Tp& __t, size_type __pos2, size_type __n2=npos);
        -: 1217:    basic_string& replace(size_type __pos, size_type __n1, const value_type* __s, size_type __n2);
        -: 1218:    basic_string& replace(size_type __pos, size_type __n1, const value_type* __s);
        -: 1219:    basic_string& replace(size_type __pos, size_type __n1, size_type __n2, value_type __c);
        -: 1220:    _LIBCPP_INLINE_VISIBILITY
        -: 1221:    basic_string& replace(const_iterator __i1, const_iterator __i2, const basic_string& __str);
        -: 1222:
        -: 1223:    template <class _Tp>
        -: 1224:    _LIBCPP_METHOD_TEMPLATE_IMPLICIT_INSTANTIATION_VIS
        -: 1225:    _EnableIf
        -: 1226:        <
        -: 1227:            __can_be_converted_to_string_view<_CharT, _Traits, _Tp>::value,
        -: 1228:            basic_string&
        -: 1229:        >
        -: 1230:                  replace(const_iterator __i1, const_iterator __i2, const _Tp& __t) { __self_view __sv = __t; return replace(__i1 - begin(), __i2 - __i1, __sv); }
        -: 1231:
        -: 1232:    _LIBCPP_INLINE_VISIBILITY
        -: 1233:    basic_string& replace(const_iterator __i1, const_iterator __i2, const value_type* __s, size_type __n);
        -: 1234:    _LIBCPP_INLINE_VISIBILITY
        -: 1235:    basic_string& replace(const_iterator __i1, const_iterator __i2, const value_type* __s);
        -: 1236:    _LIBCPP_INLINE_VISIBILITY
        -: 1237:    basic_string& replace(const_iterator __i1, const_iterator __i2, size_type __n, value_type __c);
        -: 1238:    template<class _InputIterator>
        -: 1239:    _LIBCPP_METHOD_TEMPLATE_IMPLICIT_INSTANTIATION_VIS
        -: 1240:    _EnableIf
        -: 1241:        <
        -: 1242:            __is_cpp17_input_iterator<_InputIterator>::value,
        -: 1243:            basic_string&
        -: 1244:        >
        -: 1245:        replace(const_iterator __i1, const_iterator __i2, _InputIterator __j1, _InputIterator __j2);
        -: 1246:#ifndef _LIBCPP_CXX03_LANG
        -: 1247:    _LIBCPP_INLINE_VISIBILITY
        -: 1248:    basic_string& replace(const_iterator __i1, const_iterator __i2, initializer_list<value_type> __il)
        -: 1249:        {return replace(__i1, __i2, __il.begin(), __il.end());}
        -: 1250:#endif  // _LIBCPP_CXX03_LANG
        -: 1251:
        -: 1252:    size_type copy(value_type* __s, size_type __n, size_type __pos = 0) const;
        -: 1253:    _LIBCPP_INLINE_VISIBILITY
        -: 1254:    basic_string substr(size_type __pos = 0, size_type __n = npos) const;
        -: 1255:
        -: 1256:    _LIBCPP_INLINE_VISIBILITY
        -: 1257:    void swap(basic_string& __str)
        -: 1258:#if _LIBCPP_STD_VER >= 14
        -: 1259:        _NOEXCEPT;
        -: 1260:#else
        -: 1261:        _NOEXCEPT_(!__alloc_traits::propagate_on_container_swap::value ||
        -: 1262:                    __is_nothrow_swappable<allocator_type>::value);
        -: 1263:#endif
        -: 1264:
        -: 1265:    _LIBCPP_INLINE_VISIBILITY
function _ZNKSt3__112basic_stringIcNS_11char_traitsIcEENS_9allocatorIcEEE5c_strEv called 0 returned 0% blocks executed 0%
    #####: 1266:    const value_type* c_str() const _NOEXCEPT {return data();}
    $$$$$: 1266-block  0
        -: 1267:    _LIBCPP_INLINE_VISIBILITY
function _ZNKSt3__112basic_stringIcNS_11char_traitsIcEENS_9allocatorIcEEE4dataEv called 175 returned 100% blocks executed 100%
      175: 1268:    const value_type* data() const _NOEXCEPT  {return _VSTD::__to_address(__get_pointer());}
      175: 1268-block  0
        -: 1269:#if _LIBCPP_STD_VER > 14 || defined(_LIBCPP_BUILDING_LIBRARY)
        -: 1270:    _LIBCPP_INLINE_VISIBILITY
        -: 1271:    value_type* data()             _NOEXCEPT  {return _VSTD::__to_address(__get_pointer());}
        -: 1272:#endif
        -: 1273:
        -: 1274:    _LIBCPP_INLINE_VISIBILITY
function _ZNKSt3__112basic_stringIcNS_11char_traitsIcEENS_9allocatorIcEEE13get_allocatorEv called 0 returned 0% blocks executed 0%
    #####: 1275:    allocator_type get_allocator() const _NOEXCEPT {return __alloc();}
    $$$$$: 1275-block  0
        -: 1276:
        -: 1277:    _LIBCPP_INLINE_VISIBILITY
        -: 1278:    size_type find(const basic_string& __str, size_type __pos = 0) const _NOEXCEPT;
        -: 1279:
        -: 1280:    template <class _Tp>
        -: 1281:    _LIBCPP_METHOD_TEMPLATE_IMPLICIT_INSTANTIATION_VIS
        -: 1282:    _EnableIf
        -: 1283:        <
        -: 1284:            __can_be_converted_to_string_view<_CharT, _Traits, _Tp>::value,
        -: 1285:            size_type
        -: 1286:        >
        -: 1287:              find(const _Tp& __t, size_type __pos = 0) const;
        -: 1288:    size_type find(const value_type* __s, size_type __pos, size_type __n) const _NOEXCEPT;
        -: 1289:    _LIBCPP_INLINE_VISIBILITY
        -: 1290:    size_type find(const value_type* __s, size_type __pos = 0) const _NOEXCEPT;
        -: 1291:    size_type find(value_type __c, size_type __pos = 0) const _NOEXCEPT;
        -: 1292:
        -: 1293:    _LIBCPP_INLINE_VISIBILITY
        -: 1294:    size_type rfind(const basic_string& __str, size_type __pos = npos) const _NOEXCEPT;
        -: 1295:
        -: 1296:    template <class _Tp>
        -: 1297:    _LIBCPP_METHOD_TEMPLATE_IMPLICIT_INSTANTIATION_VIS
        -: 1298:    _EnableIf
        -: 1299:        <
        -: 1300:            __can_be_converted_to_string_view<_CharT, _Traits, _Tp>::value,
        -: 1301:            size_type
        -: 1302:        >
        -: 1303:              rfind(const _Tp& __t, size_type __pos = npos) const;
        -: 1304:    size_type rfind(const value_type* __s, size_type __pos, size_type __n) const _NOEXCEPT;
        -: 1305:    _LIBCPP_INLINE_VISIBILITY
        -: 1306:    size_type rfind(const value_type* __s, size_type __pos = npos) const _NOEXCEPT;
        -: 1307:    size_type rfind(value_type __c, size_type __pos = npos) const _NOEXCEPT;
        -: 1308:
        -: 1309:    _LIBCPP_INLINE_VISIBILITY
        -: 1310:    size_type find_first_of(const basic_string& __str, size_type __pos = 0) const _NOEXCEPT;
        -: 1311:
        -: 1312:    template <class _Tp>
        -: 1313:    _LIBCPP_METHOD_TEMPLATE_IMPLICIT_INSTANTIATION_VIS
        -: 1314:    _EnableIf
        -: 1315:        <
        -: 1316:            __can_be_converted_to_string_view<_CharT, _Traits, _Tp>::value,
        -: 1317:            size_type
        -: 1318:        >
        -: 1319:              find_first_of(const _Tp& __t, size_type __pos = 0) const;
        -: 1320:    size_type find_first_of(const value_type* __s, size_type __pos, size_type __n) const _NOEXCEPT;
        -: 1321:    _LIBCPP_INLINE_VISIBILITY
        -: 1322:    size_type find_first_of(const value_type* __s, size_type __pos = 0) const _NOEXCEPT;
        -: 1323:    _LIBCPP_INLINE_VISIBILITY
        -: 1324:    size_type find_first_of(value_type __c, size_type __pos = 0) const _NOEXCEPT;
        -: 1325:
        -: 1326:    _LIBCPP_INLINE_VISIBILITY
        -: 1327:    size_type find_last_of(const basic_string& __str, size_type __pos = npos) const _NOEXCEPT;
        -: 1328:
        -: 1329:    template <class _Tp>
        -: 1330:    _LIBCPP_METHOD_TEMPLATE_IMPLICIT_INSTANTIATION_VIS
        -: 1331:    _EnableIf
        -: 1332:        <
        -: 1333:            __can_be_converted_to_string_view<_CharT, _Traits, _Tp>::value,
        -: 1334:            size_type
        -: 1335:        >
        -: 1336:              find_last_of(const _Tp& __t, size_type __pos = npos) const;
        -: 1337:    size_type find_last_of(const value_type* __s, size_type __pos, size_type __n) const _NOEXCEPT;
        -: 1338:    _LIBCPP_INLINE_VISIBILITY
[...]
        -: 4187:           const _CharT* __rhs) _NOEXCEPT
        -: 4188:{
        -: 4189:    return !(__rhs < __lhs);
        -: 4190:}
        -: 4191:
        -: 4192:template<class _CharT, class _Traits, class _Allocator>
        -: 4193:inline _LIBCPP_INLINE_VISIBILITY
        -: 4194:bool
        -: 4195:operator<=(const _CharT* __lhs,
        -: 4196:           const basic_string<_CharT, _Traits, _Allocator>& __rhs) _NOEXCEPT
        -: 4197:{
        -: 4198:    return !(__rhs < __lhs);
        -: 4199:}
        -: 4200:
        -: 4201:// operator>=
        -: 4202:
        -: 4203:template<class _CharT, class _Traits, class _Allocator>
        -: 4204:inline _LIBCPP_INLINE_VISIBILITY
        -: 4205:bool
        -: 4206:operator>=(const basic_string<_CharT, _Traits, _Allocator>& __lhs,
        -: 4207:           const basic_string<_CharT, _Traits, _Allocator>& __rhs) _NOEXCEPT
        -: 4208:{
        -: 4209:    return !(__lhs < __rhs);
        -: 4210:}
        -: 4211:
        -: 4212:template<class _CharT, class _Traits, class _Allocator>
        -: 4213:inline _LIBCPP_INLINE_VISIBILITY
        -: 4214:bool
        -: 4215:operator>=(const basic_string<_CharT, _Traits, _Allocator>& __lhs,
        -: 4216:           const _CharT* __rhs) _NOEXCEPT
        -: 4217:{
        -: 4218:    return !(__lhs < __rhs);
        -: 4219:}
        -: 4220:
        -: 4221:template<class _CharT, class _Traits, class _Allocator>
        -: 4222:inline _LIBCPP_INLINE_VISIBILITY
        -: 4223:bool
        -: 4224:operator>=(const _CharT* __lhs,
        -: 4225:           const basic_string<_CharT, _Traits, _Allocator>& __rhs) _NOEXCEPT
        -: 4226:{
        -: 4227:    return !(__lhs < __rhs);
        -: 4228:}
        -: 4229:
        -: 4230:// operator +
        -: 4231:
        -: 4232:template<class _CharT, class _Traits, class _Allocator>
        -: 4233:basic_string<_CharT, _Traits, _Allocator>
        -: 4234:operator+(const basic_string<_CharT, _Traits, _Allocator>& __lhs,
        -: 4235:          const basic_string<_CharT, _Traits, _Allocator>& __rhs)
        -: 4236:{
        -: 4237:    basic_string<_CharT, _Traits, _Allocator> __r(__lhs.get_allocator());
        -: 4238:    typename basic_string<_CharT, _Traits, _Allocator>::size_type __lhs_sz = __lhs.size();
        -: 4239:    typename basic_string<_CharT, _Traits, _Allocator>::size_type __rhs_sz = __rhs.size();
        -: 4240:    __r.__init(__lhs.data(), __lhs_sz, __lhs_sz + __rhs_sz);
        -: 4241:    __r.append(__rhs.data(), __rhs_sz);
        -: 4242:    return __r;
        -: 4243:}
        -: 4244:
        -: 4245:template<class _CharT, class _Traits, class _Allocator>
        -: 4246:basic_string<_CharT, _Traits, _Allocator>
        -: 4247:operator+(const _CharT* __lhs , const basic_string<_CharT,_Traits,_Allocator>& __rhs)
        -: 4248:{
        -: 4249:    basic_string<_CharT, _Traits, _Allocator> __r(__rhs.get_allocator());
        -: 4250:    typename basic_string<_CharT, _Traits, _Allocator>::size_type __lhs_sz = _Traits::length(__lhs);
        -: 4251:    typename basic_string<_CharT, _Traits, _Allocator>::size_type __rhs_sz = __rhs.size();
        -: 4252:    __r.__init(__lhs, __lhs_sz, __lhs_sz + __rhs_sz);
        -: 4253:    __r.append(__rhs.data(), __rhs_sz);
        -: 4254:    return __r;
        -: 4255:}
        -: 4256:
        -: 4257:template<class _CharT, class _Traits, class _Allocator>
        -: 4258:basic_string<_CharT, _Traits, _Allocator>
        -: 4259:operator+(_CharT __lhs, const basic_string<_CharT,_Traits,_Allocator>& __rhs)
        -: 4260:{
        -: 4261:    basic_string<_CharT, _Traits, _Allocator> __r(__rhs.get_allocator());
        -: 4262:    typename basic_string<_CharT, _Traits, _Allocator>::size_type __rhs_sz = __rhs.size();
        -: 4263:    __r.__init(&__lhs, 1, 1 + __rhs_sz);
        -: 4264:    __r.append(__rhs.data(), __rhs_sz);
        -: 4265:    return __r;
        -: 4266:}
        -: 4267:
        -: 4268:template<class _CharT, class _Traits, class _Allocator>
        -: 4269:inline
        -: 4270:basic_string<_CharT, _Traits, _Allocator>
        -: 4271:operator+(const basic_string<_CharT, _Traits, _Allocator>& __lhs, const _CharT* __rhs)
        -: 4272:{
        -: 4273:    basic_string<_CharT, _Traits, _Allocator> __r(__lhs.get_allocator());
        -: 4274:    typename basic_string<_CharT, _Traits, _Allocator>::size_type __lhs_sz = __lhs.size();
        -: 4275:    typename basic_string<_CharT, _Traits, _Allocator>::size_type __rhs_sz = _Traits::length(__rhs);
        -: 4276:    __r.__init(__lhs.data(), __lhs_sz, __lhs_sz + __rhs_sz);
        -: 4277:    __r.append(__rhs, __rhs_sz);
        -: 4278:    return __r;
        -: 4279:}
        -: 4280:
        -: 4281:template<class _CharT, class _Traits, class _Allocator>
        -: 4282:basic_string<_CharT, _Traits, _Allocator>
        -: 4283:operator+(const basic_string<_CharT, _Traits, _Allocator>& __lhs, _CharT __rhs)
        -: 4284:{
        -: 4285:    basic_string<_CharT, _Traits, _Allocator> __r(__lhs.get_allocator());
        -: 4286:    typename basic_string<_CharT, _Traits, _Allocator>::size_type __lhs_sz = __lhs.size();
        -: 4287:    __r.__init(__lhs.data(), __lhs_sz, __lhs_sz + 1);
        -: 4288:    __r.push_back(__rhs);
        -: 4289:    return __r;
        -: 4290:}
        -: 4291:
        -: 4292:#ifndef _LIBCPP_CXX03_LANG
        -: 4293:
        -: 4294:template<class _CharT, class _Traits, class _Allocator>
        -: 4295:inline _LIBCPP_INLINE_VISIBILITY
        -: 4296:basic_string<_CharT, _Traits, _Allocator>
        -: 4297:operator+(basic_string<_CharT, _Traits, _Allocator>&& __lhs, const basic_string<_CharT, _Traits, _Allocator>& __rhs)
        -: 4298:{
        -: 4299:    return _VSTD::move(__lhs.append(__rhs));
        -: 4300:}
        -: 4301:
        -: 4302:template<class _CharT, class _Traits, class _Allocator>
        -: 4303:inline _LIBCPP_INLINE_VISIBILITY
        -: 4304:basic_string<_CharT, _Traits, _Allocator>
        -: 4305:operator+(const basic_string<_CharT, _Traits, _Allocator>& __lhs, basic_string<_CharT, _Traits, _Allocator>&& __rhs)
        -: 4306:{
        -: 4307:    return _VSTD::move(__rhs.insert(0, __lhs));
        -: 4308:}
        -: 4309:
        -: 4310:template<class _CharT, class _Traits, class _Allocator>
        -: 4311:inline _LIBCPP_INLINE_VISIBILITY
        -: 4312:basic_string<_CharT, _Traits, _Allocator>
        -: 4313:operator+(basic_string<_CharT, _Traits, _Allocator>&& __lhs, basic_string<_CharT, _Traits, _Allocator>&& __rhs)
        -: 4314:{
        -: 4315:    return _VSTD::move(__lhs.append(__rhs));
        -: 4316:}
        -: 4317:
        -: 4318:template<class _CharT, class _Traits, class _Allocator>
        -: 4319:inline _LIBCPP_INLINE_VISIBILITY
        -: 4320:basic_string<_CharT, _Traits, _Allocator>
        -: 4321:operator+(const _CharT* __lhs , basic_string<_CharT,_Traits,_Allocator>&& __rhs)
        -: 4322:{
        -: 4323:    return _VSTD::move(__rhs.insert(0, __lhs));
        -: 4324:}
        -: 4325:
        -: 4326:template<class _CharT, class _Traits, class _Allocator>
        -: 4327:inline _LIBCPP_INLINE_VISIBILITY
        -: 4328:basic_string<_CharT, _Traits, _Allocator>
        -: 4329:operator+(_CharT __lhs, basic_string<_CharT,_Traits,_Allocator>&& __rhs)
        -: 4330:{
        -: 4331:    __rhs.insert(__rhs.begin(), __lhs);
        -: 4332:    return _VSTD::move(__rhs);
        -: 4333:}
        -: 4334:
        -: 4335:template<class _CharT, class _Traits, class _Allocator>
        -: 4336:inline _LIBCPP_INLINE_VISIBILITY
        -: 4337:basic_string<_CharT, _Traits, _Allocator>
        -: 4338:operator+(basic_string<_CharT, _Traits, _Allocator>&& __lhs, const _CharT* __rhs)
        -: 4339:{
        -: 4340:    return _VSTD::move(__lhs.append(__rhs));
        -: 4341:}
        -: 4342:
        -: 4343:template<class _CharT, class _Traits, class _Allocator>
        -: 4344:inline _LIBCPP_INLINE_VISIBILITY
        -: 4345:basic_string<_CharT, _Traits, _Allocator>
        -: 4346:operator+(basic_string<_CharT, _Traits, _Allocator>&& __lhs, _CharT __rhs)
        -: 4347:{
        -: 4348:    __lhs.push_back(__rhs);
        -: 4349:    return _VSTD::move(__lhs);
        -: 4350:}
        -: 4351:
        -: 4352:#endif  // _LIBCPP_CXX03_LANG
        -: 4353:
        -: 4354:// swap
        -: 4355:
        -: 4356:template<class _CharT, class _Traits, class _Allocator>
        -: 4357:inline _LIBCPP_INLINE_VISIBILITY
        -: 4358:void
        -: 4359:swap(basic_string<_CharT, _Traits, _Allocator>& __lhs,
        -: 4360:     basic_string<_CharT, _Traits, _Allocator>& __rhs)
        -: 4361:     _NOEXCEPT_(_NOEXCEPT_(__lhs.swap(__rhs)))
        -: 4362:{
        -: 4363:    __lhs.swap(__rhs);
        -: 4364:}
        -: 4365:
        -: 4366:_LIBCPP_FUNC_VIS int                stoi  (const string& __str, size_t* __idx = nullptr, int __base = 10);
        -: 4367:_LIBCPP_FUNC_VIS long               stol  (const string& __str, size_t* __idx = nullptr, int __base = 10);
        -: 4368:_LIBCPP_FUNC_VIS unsigned long      stoul (const string& __str, size_t* __idx = nullptr, int __base = 10);
        -: 4369:_LIBCPP_FUNC_VIS long long          stoll (const string& __str, size_t* __idx = nullptr, int __base = 10);
        -: 4370:_LIBCPP_FUNC_VIS unsigned long long stoull(const string& __str, size_t* __idx = nullptr, int __base = 10);
        -: 4371:
        -: 4372:_LIBCPP_FUNC_VIS float       stof (const string& __str, size_t* __idx = nullptr);
        -: 4373:_LIBCPP_FUNC_VIS double      stod (const string& __str, size_t* __idx = nullptr);
        -: 4374:_LIBCPP_FUNC_VIS long double stold(const string& __str, size_t* __idx = nullptr);
        -: 4375:
        -: 4376:_LIBCPP_FUNC_VIS string to_string(int __val);
        -: 4377:_LIBCPP_FUNC_VIS string to_string(unsigned __val);
        -: 4378:_LIBCPP_FUNC_VIS string to_string(long __val);
        -: 4379:_LIBCPP_FUNC_VIS string to_string(unsigned long __val);
        -: 4380:_LIBCPP_FUNC_VIS string to_string(long long __val);
        -: 4381:_LIBCPP_FUNC_VIS string to_string(unsigned long long __val);
        -: 4382:_LIBCPP_FUNC_VIS string to_string(float __val);
        -: 4383:_LIBCPP_FUNC_VIS string to_string(double __val);
        -: 4384:_LIBCPP_FUNC_VIS string to_string(long double __val);
        -: 4385:
        -: 4386:_LIBCPP_FUNC_VIS int                stoi  (const wstring& __str, size_t* __idx = nullptr, int __base = 10);
        -: 4387:_LIBCPP_FUNC_VIS long               stol  (const wstring& __str, size_t* __idx = nullptr, int __base = 10);
        -: 4388:_LIBCPP_FUNC_VIS unsigned long      stoul (const wstring& __str, size_t* __idx = nullptr, int __base = 10);
        -: 4389:_LIBCPP_FUNC_VIS long long          stoll (const wstring& __str, size_t* __idx = nullptr, int __base = 10);
        -: 4390:_LIBCPP_FUNC_VIS unsigned long long stoull(const wstring& __str, size_t* __idx = nullptr, int __base = 10);
        -: 4391:
        -: 4392:_LIBCPP_FUNC_VIS float       stof (const wstring& __str, size_t* __idx = nullptr);
        -: 4393:_LIBCPP_FUNC_VIS double      stod (const wstring& __str, size_t* __idx = nullptr);
        -: 4394:_LIBCPP_FUNC_VIS long double stold(const wstring& __str, size_t* __idx = nullptr);
        -: 4395:
        -: 4396:_LIBCPP_FUNC_VIS wstring to_wstring(int __val);
        -: 4397:_LIBCPP_FUNC_VIS wstring to_wstring(unsigned __val);
        -: 4398:_LIBCPP_FUNC_VIS wstring to_wstring(long __val);
        -: 4399:_LIBCPP_FUNC_VIS wstring to_wstring(unsigned long __val);
        -: 4400:_LIBCPP_FUNC_VIS wstring to_wstring(long long __val);
        -: 4401:_LIBCPP_FUNC_VIS wstring to_wstring(unsigned long long __val);
        -: 4402:_LIBCPP_FUNC_VIS wstring to_wstring(float __val);
        -: 4403:_LIBCPP_FUNC_VIS wstring to_wstring(double __val);
        -: 4404:_LIBCPP_FUNC_VIS wstring to_wstring(long double __val);
        -: 4405:
        -: 4406:template<class _CharT, class _Traits, class _Allocator>
        -: 4407:_LIBCPP_FUNC_VIS
        -: 4408:const typename basic_string<_CharT, _Traits, _Allocator>::size_type
        -: 4409:               basic_string<_CharT, _Traits, _Allocator>::npos;
        -: 4410:
        -: 4411:template <class _CharT, class _Allocator>
        -: 4412:struct _LIBCPP_TEMPLATE_VIS
        -: 4413:    hash<basic_string<_CharT, char_traits<_CharT>, _Allocator> >
        -: 4414:    : public unary_function<
        -: 4415:          basic_string<_CharT, char_traits<_CharT>, _Allocator>, size_t>
        -: 4416:{
        -: 4417:    size_t
        -: 4418:    operator()(const basic_string<_CharT, char_traits<_CharT>, _Allocator>& __val) const _NOEXCEPT
        -: 4419:    { return __do_string_hash(__val.data(), __val.data() + __val.size()); }
        -: 4420:};
        -: 4421:
        -: 4422:
        -: 4423:template<class _CharT, class _Traits, class _Allocator>
        -: 4424:basic_ostream<_CharT, _Traits>&
        -: 4425:operator<<(basic_ostream<_CharT, _Traits>& __os,
        -: 4426:           const basic_string<_CharT, _Traits, _Allocator>& __str);
        -: 4427:
        -: 4428:template<class _CharT, class _Traits, class _Allocator>
        -: 4429:basic_istream<_CharT, _Traits>&
        -: 4430:operator>>(basic_istream<_CharT, _Traits>& __is,
        -: 4431:           basic_string<_CharT, _Traits, _Allocator>& __str);
        -: 4432:
        -: 4433:template<class _CharT, class _Traits, class _Allocator>
        -: 4434:basic_istream<_CharT, _Traits>&
        -: 4435:getline(basic_istream<_CharT, _Traits>& __is,
        -: 4436:        basic_string<_CharT, _Traits, _Allocator>& __str, _CharT __dlm);
        -: 4437:
        -: 4438:template<class _CharT, class _Traits, class _Allocator>
        -: 4439:inline _LIBCPP_INLINE_VISIBILITY
        -: 4440:basic_istream<_CharT, _Traits>&
        -: 4441:getline(basic_istream<_CharT, _Traits>& __is,
        -: 4442:        basic_string<_CharT, _Traits, _Allocator>& __str);
        -: 4443:
        -: 4444:#ifndef _LIBCPP_CXX03_LANG
        -: 4445:
        -: 4446:template<class _CharT, class _Traits, class _Allocator>
        -: 4447:inline _LIBCPP_INLINE_VISIBILITY
        -: 4448:basic_istream<_CharT, _Traits>&
        -: 4449:getline(basic_istream<_CharT, _Traits>&& __is,
        -: 4450:        basic_string<_CharT, _Traits, _Allocator>& __str, _CharT __dlm);
        -: 4451:
        -: 4452:template<class _CharT, class _Traits, class _Allocator>
        -: 4453:inline _LIBCPP_INLINE_VISIBILITY
        -: 4454:basic_istream<_CharT, _Traits>&
        -: 4455:getline(basic_istream<_CharT, _Traits>&& __is,
        -: 4456:        basic_string<_CharT, _Traits, _Allocator>& __str);
        -: 4457:
        -: 4458:#endif  // _LIBCPP_CXX03_LANG
        -: 4459:
        -: 4460:#if _LIBCPP_STD_VER > 17
        -: 4461:template <class _CharT, class _Traits, class _Allocator, class _Up>
        -: 4462:inline _LIBCPP_INLINE_VISIBILITY
        -: 4463:    typename basic_string<_CharT, _Traits, _Allocator>::size_type
        -: 4464:    erase(basic_string<_CharT, _Traits, _Allocator>& __str, const _Up& __v) {
        -: 4465:  auto __old_size = __str.size();
        -: 4466:  __str.erase(_VSTD::remove(__str.begin(), __str.end(), __v), __str.end());
        -: 4467:  return __old_size - __str.size();
        -: 4468:}
        -: 4469:
        -: 4470:template <class _CharT, class _Traits, class _Allocator, class _Predicate>
        -: 4471:inline _LIBCPP_INLINE_VISIBILITY
        -: 4472:    typename basic_string<_CharT, _Traits, _Allocator>::size_type
        -: 4473:    erase_if(basic_string<_CharT, _Traits, _Allocator>& __str,
        -: 4474:             _Predicate __pred) {
        -: 4475:  auto __old_size = __str.size();
        -: 4476:  __str.erase(_VSTD::remove_if(__str.begin(), __str.end(), __pred),
        -: 4477:              __str.end());
        -: 4478:  return __old_size - __str.size();
        -: 4479:}
        -: 4480:#endif
        -: 4481:
        -: 4482:#if _LIBCPP_DEBUG_LEVEL == 2
        -: 4483:
        -: 4484:template<class _CharT, class _Traits, class _Allocator>
        -: 4485:bool
        -: 4486:basic_string<_CharT, _Traits, _Allocator>::__dereferenceable(const const_iterator* __i) const
        -: 4487:{
        -: 4488:    return this->data() <= _VSTD::__to_address(__i->base()) &&
        -: 4489:           _VSTD::__to_address(__i->base()) < this->data() + this->size();
        -: 4490:}
        -: 4491:
        -: 4492:template<class _CharT, class _Traits, class _Allocator>
        -: 4493:bool
        -: 4494:basic_string<_CharT, _Traits, _Allocator>::__decrementable(const const_iterator* __i) const
        -: 4495:{
        -: 4496:    return this->data() < _VSTD::__to_address(__i->base()) &&
        -: 4497:           _VSTD::__to_address(__i->base()) <= this->data() + this->size();
        -: 4498:}
        -: 4499:
        -: 4500:template<class _CharT, class _Traits, class _Allocator>
        -: 4501:bool
        -: 4502:basic_string<_CharT, _Traits, _Allocator>::__addable(const const_iterator* __i, ptrdiff_t __n) const
        -: 4503:{
        -: 4504:    const value_type* __p = _VSTD::__to_address(__i->base()) + __n;
        -: 4505:    return this->data() <= __p && __p <= this->data() + this->size();
        -: 4506:}
        -: 4507:
        -: 4508:template<class _CharT, class _Traits, class _Allocator>
        -: 4509:bool
        -: 4510:basic_string<_CharT, _Traits, _Allocator>::__subscriptable(const const_iterator* __i, ptrdiff_t __n) const
        -: 4511:{
        -: 4512:    const value_type* __p = _VSTD::__to_address(__i->base()) + __n;
        -: 4513:    return this->data() <= __p && __p < this->data() + this->size();
        -: 4514:}
        -: 4515:
        -: 4516:#endif  // _LIBCPP_DEBUG_LEVEL == 2
        -: 4517:
        -: 4518:#if _LIBCPP_STD_VER > 11
        -: 4519:// Literal suffixes for basic_string [basic.string.literals]
        -: 4520:inline namespace literals
        -: 4521:{
        -: 4522:  inline namespace string_literals
        -: 4523:  {
        -: 4524:    inline _LIBCPP_INLINE_VISIBILITY
        -: 4525:    basic_string<char> operator "" s( const char *__str, size_t __len )
        -: 4526:    {
        -: 4527:        return basic_string<char> (__str, __len);
        -: 4528:    }
        -: 4529:
        -: 4530:    inline _LIBCPP_INLINE_VISIBILITY
        -: 4531:    basic_string<wchar_t> operator "" s( const wchar_t *__str, size_t __len )
        -: 4532:    {
        -: 4533:        return basic_string<wchar_t> (__str, __len);
        -: 4534:    }
        -: 4535:
        -: 4536:#ifndef _LIBCPP_NO_HAS_CHAR8_T
        -: 4537:    inline _LIBCPP_INLINE_VISIBILITY
        -: 4538:    basic_string<char8_t> operator "" s(const char8_t *__str, size_t __len) _NOEXCEPT
        -: 4539:    {
        -: 4540:        return basic_string<char8_t> (__str, __len);
        -: 4541:    }
        -: 4542:#endif
        -: 4543:
        -: 4544:    inline _LIBCPP_INLINE_VISIBILITY
        -: 4545:    basic_string<char16_t> operator "" s( const char16_t *__str, size_t __len )
        -: 4546:    {
        -: 4547:        return basic_string<char16_t> (__str, __len);
        -: 4548:    }
        -: 4549:
        -: 4550:    inline _LIBCPP_INLINE_VISIBILITY
        -: 4551:    basic_string<char32_t> operator "" s( const char32_t *__str, size_t __len )
        -: 4552:    {
        -: 4553:        return basic_string<char32_t> (__str, __len);
        -: 4554:    }
        -: 4555:  }
        -: 4556:}
        -: 4557:#endif
        -: 4558:
        -: 4559:_LIBCPP_END_NAMESPACE_STD
        -: 4560:
        -: 4561:_LIBCPP_POP_MACROS
        -: 4562:
        -: 4563:#endif  // _LIBCPP_STRING
